time;08:07:56
 81594.80;26.01;0
 91667.56;16.48;1
 91669.30;16.48;2
 91666.53;16.48;3
 91664.78;16.49;4
 91665.12;16.49;5
 91664.41;16.50;6
 91664.77;16.50;7
 91666.14;16.51;8
 91666.84;16.51;9
 91666.47;16.52;10
 91666.46;16.53;11
 91666.09;16.54;12
 91665.41;16.54;13
 91666.08;16.55;14
 91666.44;16.55;15
 91664.33;16.56;16
 91664.69;16.56;17
 91664.00;16.56;18
 91666.05;16.57;19
 91666.39;16.58;20
 91666.03;16.59;21
 91666.38;16.59;22
 91667.05;16.60;23
 91667.75;16.60;24
 91667.75;16.60;25
 91666.69;16.60;26
 91666.67;16.61;27
 91667.38;16.62;28
 91668.76;16.62;29
 91669.78;16.63;30
 91667.36;16.63;31
 91666.65;16.63;32
 91667.00;16.64;33
 91666.31;16.64;34
 91663.86;16.64;35
 91663.17;16.65;36
 91663.52;16.65;37
 91663.84;16.65;38
 91663.83;16.66;39
 91663.14;16.67;40
 91662.41;16.68;41
 91664.14;16.70;42
 91663.45;16.70;43
 91663.09;16.71;44
 91663.77;16.71;45
 91665.13;16.72;46
 91663.06;16.73;47
 91664.80;16.73;48
 91665.81;16.74;49
 91665.10;16.74;50
 91664.42;16.75;51
 91666.47;16.75;52
 91665.79;16.76;53
 91666.09;16.77;54
 91666.45;16.77;55
 91665.77;16.78;56
 91666.44;16.78;57
 91667.12;16.79;58
 91667.80;16.79;59
 91666.77;16.80;60
 91665.02;16.80;61
 91666.41;16.80;62
 91665.36;16.81;63
 91666.04;16.81;64
 91666.73;16.82;65
 91667.09;16.82;66
 91666.38;16.82;67
 91663.59;16.82;68
 91665.34;16.83;69
 91665.69;16.83;70
 91664.97;16.83;71
 91668.09;16.84;72
 91667.06;16.84;73
 91664.61;16.84;74
 91666.34;16.84;75
 91667.05;16.85;76
 91664.94;16.85;77
 91665.64;16.86;78
 91666.66;16.87;79
 91665.62;16.87;80
 91664.56;16.87;81
 91662.48;16.88;82
 91661.77;16.88;83
 91662.47;16.89;84
 91664.21;16.89;85
 91663.15;16.89;86
 91663.84;16.90;87
 91662.09;16.90;88
 91662.44;16.91;89
 91662.80;16.91;90
 91663.47;16.91;91
 91661.39;16.92;92
 91661.71;16.92;93
 91662.06;16.92;94
 91663.09;16.93;95
 91662.05;16.93;96
 91661.02;16.94;97
 91663.07;16.94;98
 91663.77;16.95;99
 91662.70;16.95;100
 91661.31;16.95;101
 91660.63;16.95;102
 91661.30;16.96;103
 91665.81;16.96;104
 91666.52;16.97;105
 91665.45;16.97;106
 91664.41;16.97;107
 91663.72;16.98;108
 91661.62;16.98;109
 91662.32;16.99;110
 91660.22;16.99;111
 91660.56;16.99;112
 91659.53;17.00;113
 91661.59;17.00;114
 91662.29;17.01;115
 91660.19;17.01;116
 91661.92;17.01;117
 91661.20;17.02;118
 91660.17;17.02;119
 91660.88;17.03;120
 91661.20;17.03;121
 91661.89;17.03;122
 91662.25;17.04;123
 91662.25;17.04;124
 91662.56;17.04;125
 91661.18;17.04;126
 91661.53;17.04;127
 91663.27;17.04;128
 91661.88;17.04;129
 91662.23;17.05;130
 91662.23;17.05;131
 91661.16;17.05;132
 91660.47;17.05;133
 91661.15;17.06;134
 91661.50;17.06;135
 91660.45;17.06;136
 91659.42;17.07;137
 91660.44;17.07;138
 91660.08;17.08;139
 91661.12;17.08;140
 91660.78;17.08;141
 91662.48;17.09;142
 91661.80;17.09;143
 91662.47;17.10;144
 91661.44;17.10;145
 91660.75;17.10;146
 91661.42;17.11;147
 91661.77;17.11;148
 91662.44;17.12;149
 91660.37;17.12;150
 91661.39;17.13;151
 91660.34;17.13;152
 91661.72;17.14;153
 91661.01;17.15;154
 91661.36;17.15;155
 91661.34;17.16;156
 91659.94;17.17;157
 91661.31;17.18;158
 91661.66;17.18;159
 91661.66;17.18;160
 91660.27;17.18;161
 91660.94;17.19;162
 91660.58;17.19;163
 91660.92;17.20;164
 91664.05;17.20;165
 91662.31;17.20;166
 91661.62;17.20;167
 91662.65;17.21;168
 91660.22;17.21;169
 91661.25;17.22;170
 91661.91;17.22;171
 91662.27;17.23;172
 91661.58;17.23;173
 91660.86;17.24;174
 91661.20;17.24;175
 91660.50;17.24;176
 91659.80;17.25;177
 91660.48;17.25;178
 91659.44;17.26;179
 91659.79;17.26;180
 91660.14;17.26;181
 91660.81;17.27;182
 91662.90;17.27;183
 91660.45;17.27;184
 91660.45;17.27;185
 91660.80;17.28;186
 91659.41;17.28;187
 91660.12;17.27;188
 91659.42;17.27;189
 91659.44;17.26;190
 91660.48;17.25;191
 91661.19;17.25;192
 91662.58;17.25;193
 91661.90;17.23;194
 91659.84;17.23;195
 91662.27;17.23;196
 91661.59;17.22;197
 91662.28;17.22;198
 91660.55;17.21;199
 91659.16;17.21;200
 91660.55;17.21;201
 91660.91;17.21;202
 91660.56;17.20;203
 91660.92;17.20;204
 91660.25;17.19;205
 91660.25;17.19;206
 91658.52;17.19;207
 91659.55;17.19;208
 91660.59;17.18;209
 91660.59;17.18;210
 91659.55;17.19;211
 91659.55;17.19;212
 91660.59;17.18;213
 91660.94;17.19;214
 91659.55;17.19;215
 91660.94;17.19;216
 91659.20;17.18;217
 91657.81;17.18;218
 91657.81;17.18;219
 91659.55;17.19;220
 91659.20;17.18;221
 91659.20;17.18;222
 91659.55;17.19;223
 91659.91;17.19;224
 91659.55;17.19;225
 91659.55;17.19;226
 91659.20;17.18;227
 91658.87;17.19;228
 91657.48;17.19;229
 91657.80;17.19;230
 91658.15;17.20;231
 91658.84;17.20;232
 91658.84;17.20;233
 91657.78;17.20;234
 91657.45;17.20;235
 91657.78;17.20;236
 91657.78;17.20;237
 91660.56;17.20;238
 91660.91;17.21;239
 91659.52;17.21;240
 91657.09;17.21;241
 91657.77;17.21;242
 91659.16;17.21;243
 91657.44;17.21;244
 91657.77;17.21;245
 91657.77;17.21;246
 91657.44;17.21;247
 91656.05;17.21;248
 91657.44;17.21;249
 91659.16;17.21;250
 91659.51;17.22;251
 91658.47;17.22;252
 91661.25;17.22;253
 91659.86;17.22;254
 91659.86;17.22;255
 91659.51;17.22;256
 91658.83;17.21;257
 91660.22;17.21;258
 91659.52;17.21;259
 91660.91;17.21;260
 91660.56;17.20;261
 91659.52;17.21;262
 91659.88;17.21;263
 91658.48;17.21;264
 91660.22;17.21;265
 91658.48;17.21;266
 91657.09;17.21;267
 91657.78;17.20;268
 91657.11;17.20;269
 91658.15;17.20;270
 91661.28;17.20;271
 91660.92;17.20;272
 91660.58;17.19;273
 91660.25;17.19;274
 91659.19;17.19;275
 91658.87;17.19;276
 91658.87;17.19;277
 91659.19;17.19;278
 91661.28;17.20;279
 91659.54;17.20;280
 91659.54;17.20;281
 91659.54;17.20;282
 91659.89;17.20;283
 91659.89;17.20;284
 91660.23;17.20;285
 91659.17;17.20;286
 91658.13;17.21;287
 91659.88;17.21;288
 91658.83;17.21;289
 91660.22;17.21;290
 91660.22;17.21;291
 91660.55;17.21;292
 91662.98;17.22;293
 91661.91;17.22;294
 91662.98;17.22;295
 91662.63;17.22;296
 91662.28;17.22;297
 91661.61;17.21;298
 91660.91;17.21;299
 91661.28;17.20;300
 91660.92;17.20;301
 91659.54;17.20;302
 91660.58;17.19;303
 91660.92;17.20;304
 91661.28;17.20;305
 91660.92;17.20;306
 91661.96;17.19;307
 91659.19;17.19;308
 91659.54;17.20;309
 91659.89;17.20;310
 91659.17;17.20;311
 91660.56;17.20;312
 91659.88;17.21;313
 91659.88;17.21;314
 91659.88;17.21;315
 91661.27;17.21;316
 91659.88;17.21;317
 91660.22;17.21;318
 91660.22;17.21;319
 91661.61;17.21;320
 91661.61;17.21;321
 91660.55;17.21;322
 91660.89;17.22;323
 91662.28;17.22;324
 91662.98;17.22;325
 91662.98;17.22;326
 91662.27;17.23;327
 91662.97;17.23;328
 91661.90;17.23;329
 91662.25;17.24;330
 91660.19;17.23;331
 91658.80;17.23;332
 91661.58;17.23;333
 91659.84;17.23;334
 91659.84;17.23;335
 91659.84;17.23;336
 91661.90;17.23;337
 91662.59;17.24;338
 91662.95;17.24;339
 91659.82;17.24;340
 91661.56;17.24;341
 91660.50;17.24;342
 91661.19;17.25;343
 91662.93;17.25;344
 91663.26;17.25;345
 91662.22;17.26;346
 91662.56;17.26;347
 91663.23;17.26;348
 91662.20;17.27;349
 91660.12;17.27;350
 91660.12;17.27;351
 91660.45;17.27;352
 91660.80;17.28;353
 91662.19;17.28;354
 91660.45;17.27;355
 91660.80;17.28;356
 91663.57;17.28;357
 91662.19;17.28;358
 91663.57;17.28;359
 91663.92;17.28;360
 91662.88;17.28;361
 91662.88;17.28;362
 91661.50;17.28;363
 91662.17;17.29;364
 91661.12;17.29;365
 91662.86;17.29;366
 91662.86;17.29;367
 91662.86;17.29;368
 91661.12;17.29;369
 91661.12;17.29;370
 91661.12;17.29;371
 91661.48;17.29;372
 91662.86;17.29;373
 91662.52;17.29;374
 91660.78;17.29;375
 91661.81;17.28;376
 91662.88;17.28;377
 91662.53;17.28;378
 91661.50;17.28;379
 91661.14;17.28;380
 91661.50;17.28;381
 91661.50;17.28;382
 91660.11;17.28;383
 91661.12;17.29;384
 91661.48;17.29;385
 91661.48;17.29;386
 91661.11;17.30;387
 91662.82;17.30;388
 91662.14;17.31;389
 91662.80;17.31;390
 91662.14;17.32;391
 91662.14;17.32;392
 91662.50;17.32;393
 91661.78;17.32;394
 91661.41;17.33;395
 91662.11;17.34;396
 91660.72;17.34;397
 91661.39;17.34;398
 91661.75;17.34;399
 91661.39;17.34;400
 91662.78;17.34;401
 91663.13;17.34;402
 91662.09;17.35;403
 91661.05;17.35;404
 91662.77;17.35;405
 91662.42;17.36;406
 91663.81;17.36;407
 91663.81;17.36;408
 91664.48;17.36;409
 91663.09;17.36;410
 91663.09;17.36;411
 91664.48;17.36;412
 91663.09;17.36;413
 91663.80;17.37;414
 91661.70;17.37;415
 91665.17;17.38;416
 91663.06;17.38;417
 91663.42;17.39;418
 91663.42;17.39;419
 91661.67;17.38;420
 91662.03;17.39;421
 91663.42;17.39;422
 91665.16;17.39;423
 91663.77;17.39;424
 91664.80;17.39;425
 91663.77;17.39;426
 91663.77;17.39;427
 91663.77;17.39;428
 91662.03;17.39;429
 91661.67;17.38;430
 91662.72;17.38;431
 91662.39;17.38;432
 91664.10;17.38;433
 91663.78;17.38;434
 91663.06;17.38;435
 91661.67;17.38;436
 91662.03;17.39;437
 91660.64;17.39;438
 91659.25;17.39;439
 91659.59;17.39;440
 91659.59;17.39;441
 91662.70;17.39;442
 91661.31;17.39;443
 91661.31;17.39;444
 91662.70;17.39;445
 91661.66;17.39;446
 91660.27;17.39;447
 91658.19;17.40;448
 91660.26;17.40;449
 91661.64;17.40;450
 91661.64;17.40;451
 91663.02;17.41;452
 91663.02;17.41;453
 91661.98;17.42;454
 91661.98;17.42;455
 91661.28;17.41;456
 91661.28;17.41;457
 91662.34;17.41;458
 91660.95;17.41;459
 91660.26;17.40;460
 91660.97;17.40;461
 91660.62;17.40;462
 91660.62;17.40;463
 91659.58;17.40;464
 91658.87;17.40;465
 91662.00;17.41;466
 91662.67;17.41;467
 91661.28;17.41;468
 91660.59;17.42;469
 91661.62;17.41;470
 91663.02;17.41;471
 91662.67;17.41;472
 91662.34;17.41;473
 91662.00;17.41;474
 91663.73;17.41;475
 91663.38;17.41;476
 91662.00;17.41;477
 91660.60;17.41;478
 91662.00;17.41;479
 91663.38;17.41;480
 91660.26;17.40;481
 91658.87;17.40;482
 91660.26;17.40;483
 91660.60;17.41;484
 91659.22;17.41;485
 91662.67;17.41;486
 91660.59;17.42;487
 91660.94;17.42;488
 91661.61;17.42;489
 91664.39;17.42;490
 91664.73;17.43;491
 91663.34;17.43;492
 91661.95;17.43;493
 91662.31;17.43;494
 91662.63;17.43;495
 91661.59;17.43;496
 91659.84;17.44;497
 91660.53;17.45;498
 91659.82;17.45;499
 91661.20;17.45;500
 91660.89;17.45;501
 91661.20;17.45;502
 91659.82;17.45;503
 91659.82;17.45;504
 91661.20;17.45;505
 91660.89;17.45;506
 91659.82;17.45;507
 91661.20;17.45;508
 91660.89;17.45;509
 91661.20;17.45;510
 91661.20;17.45;511
 91662.95;17.45;512
 91662.95;17.45;513
 91663.30;17.46;514
 91661.56;17.45;515
 91662.95;17.45;516
 91661.56;17.45;517
 91662.95;17.45;518
 91664.34;17.45;519
 91662.95;17.45;520
 91661.20;17.45;521
 91659.82;17.45;522
 91661.91;17.46;523
 91659.80;17.46;524
 91661.19;17.46;525
 91659.80;17.46;526
 91660.88;17.46;527
 91661.91;17.46;528
 91660.52;17.46;529
 91660.52;17.46;530
 91660.88;17.46;531
 91662.26;17.46;532
 91662.26;17.46;533
 91662.26;17.46;534
 91660.88;17.46;535
 91662.26;17.46;536
 91661.19;17.46;537
 91660.88;17.46;538
 91661.89;17.47;539
 91661.55;17.46;540
 91662.93;17.46;541
 91661.89;17.47;542
 91658.77;17.46;543
 91659.12;17.47;544
 91660.50;17.47;545
 91662.24;17.47;546
 91660.85;17.47;547
 91661.17;17.47;548
 91660.14;17.47;549
 91659.78;17.47;550
 91659.78;17.47;551
 91662.56;17.47;552
 91662.56;17.47;553
 91661.17;17.47;554
 91661.17;17.47;555
 91661.17;17.47;556
 91662.24;17.47;557
 91661.89;17.47;558
 91662.24;17.47;559
 91663.28;17.47;560
 91662.24;17.47;561
 91662.24;17.47;562
 91661.89;17.47;563
 91662.24;17.47;564
 91660.85;17.47;565
 91660.85;17.47;566
 91660.85;17.47;567
 91662.56;17.47;568
 91661.52;17.47;569
 91663.27;17.48;570
 91661.88;17.48;571
 91662.55;17.48;572
 91661.16;17.48;573
 91662.90;17.48;574
 91662.55;17.48;575
 91662.90;17.48;576
 91661.51;17.48;577
 91661.51;17.48;578
 91662.90;17.48;579
 91661.86;17.49;580
 91661.86;17.49;581
 91661.86;17.49;582
 91662.18;17.49;583
 91659.75;17.49;584
 91661.14;17.49;585
 91662.88;17.49;586
 91662.88;17.49;587
 91662.53;17.49;588
 91663.92;17.49;589
 91663.56;17.49;590
 91663.25;17.49;591
 91662.22;17.48;592
 91662.22;17.48;593
 91661.88;17.48;594
 91663.27;17.48;595
 91661.88;17.48;596
 91663.27;17.48;597
 91663.27;17.48;598
 91662.22;17.48;599
 91663.94;17.48;600
 91662.22;17.48;601
 91663.27;17.48;602
 91663.94;17.48;603
 91665.33;17.48;604
 91667.06;17.48;605
 91664.64;17.49;606
 91664.64;17.49;607
 91664.64;17.49;608
 91664.64;17.49;609
 91663.25;17.49;610
 91661.51;17.48;611
 91661.86;17.49;612
 91663.25;17.49;613
 91661.86;17.49;614
 91663.25;17.49;615
 91664.64;17.49;616
 91664.95;17.49;617
 91662.18;17.49;618
 91661.14;17.49;619
 91661.49;17.49;620
 91661.84;17.50;621
 91661.12;17.50;622
 91661.12;17.50;623
 91661.82;17.51;624
 91662.14;17.51;625
 91662.50;17.51;626
 91662.84;17.51;627
 91663.20;17.52;628
 91663.20;17.52;629
 91662.12;17.52;630
 91664.22;17.52;631
 91663.84;17.53;632
 91664.20;17.53;633
 91663.84;17.53;634
 91662.45;17.53;635
 91662.45;17.53;636
 91665.95;17.53;637
 91665.60;17.52;638
 91663.86;17.52;639
 91665.26;17.52;640
 91664.91;17.52;641
 91665.26;17.52;642
 91665.26;17.52;643
 91665.26;17.52;644
 91663.86;17.52;645
 91663.86;17.52;646
 91665.26;17.52;647
 91662.12;17.52;648
 91662.84;17.51;649
 91663.20;17.52;650
 91663.20;17.52;651
 91663.20;17.52;652
 91662.12;17.52;653
 91662.12;17.52;654
 91662.12;17.52;655
 91663.52;17.52;656
 91663.52;17.52;657
 91663.52;17.52;658
 91664.58;17.52;659
 91662.84;17.51;660
 91661.45;17.51;661
 91662.50;17.51;662
 91662.50;17.51;663
 91663.52;17.52;664
 91663.20;17.52;665
 91662.12;17.52;666
 91662.12;17.52;667
 91662.48;17.52;668
 91662.48;17.52;669
 91661.44;17.52;670
 91659.02;17.53;671
 91660.40;17.53;672
 91660.72;17.53;673
 91661.42;17.53;674
 91662.09;17.54;675
 91661.41;17.54;676
 91663.14;17.55;677
 91664.85;17.55;678
 91663.83;17.54;679
 91663.48;17.54;680
 91663.48;17.54;681
 91663.48;17.54;682
 91663.48;17.54;683
 91662.09;17.54;684
 91662.09;17.54;685
 91661.05;17.54;686
 91661.41;17.54;687
 91663.14;17.55;688
 91661.75;17.55;689
 91663.81;17.55;690
 91665.20;17.55;691
 91665.20;17.55;692
 91662.42;17.55;693
 91663.81;17.55;694
 91664.16;17.55;695
 91663.12;17.56;696
 91663.80;17.56;697
 91662.41;17.56;698
 91662.76;17.56;699
 91663.11;17.57;700
 91663.43;17.57;701
 91662.76;17.56;702
 91662.41;17.56;703
 91665.19;17.56;704
 91664.84;17.56;705
 91664.84;17.56;706
 91664.84;17.56;707
 91663.12;17.56;708
 91661.73;17.56;709
 91661.39;17.55;710
 91661.73;17.56;711
 91663.12;17.56;712
 91664.16;17.55;713
 91664.52;17.56;714
 91661.73;17.56;715
 91661.73;17.56;716
 91661.73;17.56;717
 91660.34;17.56;718
 91663.12;17.56;719
 91661.73;17.56;720
 91663.12;17.56;721
 91661.73;17.56;722
 91661.73;17.56;723
 91662.06;17.56;724
 91662.06;17.56;725
 91661.39;17.55;726
 91661.39;17.55;727
 91664.16;17.55;728
 91664.16;17.55;729
 91662.42;17.55;730
 91663.81;17.55;731
 91663.47;17.55;732
 91663.81;17.55;733
 91663.47;17.55;734
 91663.81;17.55;735
 91662.08;17.55;736
 91663.47;17.55;737
 91662.08;17.55;738
 91662.08;17.55;739
 91663.47;17.55;740
 91662.42;17.55;741
 91662.08;17.55;742
 91663.14;17.55;743
 91661.75;17.55;744
 91661.41;17.54;745
 91661.41;17.54;746
 91661.41;17.54;747
 91661.05;17.54;748
 91661.41;17.54;749
 91663.14;17.55;750
 91663.14;17.55;751
 91663.14;17.55;752
 91663.47;17.55;753
 91660.69;17.55;754
 91661.03;17.55;755
 91661.39;17.55;756
 91661.39;17.55;757
 91662.78;17.55;758
 91661.39;17.55;759
 91661.39;17.55;760
 91661.39;17.55;761
 91659.65;17.55;762
 91661.39;17.55;763
 91661.39;17.55;764
 91662.78;17.55;765
 91662.78;17.55;766
 91663.12;17.56;767
 91661.73;17.56;768
 91663.12;17.56;769
 91662.42;17.55;770
 91661.39;17.55;771
 91661.03;17.55;772
 91662.42;17.55;773
 91662.42;17.55;774
 91662.42;17.55;775
 91662.42;17.55;776
 91661.39;17.55;777
 91661.73;17.56;778
 91663.80;17.56;779
 91665.19;17.56;780
 91665.19;17.56;781
 91664.15;17.56;782
 91664.49;17.57;783
 91663.43;17.57;784
 91664.48;17.58;785
 91666.54;17.58;786
 91665.16;17.58;787
 91665.50;17.58;788
 91663.77;17.58;789
 91665.50;17.58;790
 91664.11;17.58;791
 91663.77;17.58;792
 91663.39;17.59;793
 91663.39;17.59;794
 91662.35;17.59;795
 91663.39;17.59;796
 91664.09;17.59;797
 91665.48;17.59;798
 91665.48;17.59;799
 91662.70;17.59;800
 91661.66;17.60;801
 91661.98;17.60;802
 91663.38;17.60;803
 91663.73;17.60;804
 91663.73;17.60;805
 91663.73;17.60;806
 91665.81;17.61;807
 91665.81;17.61;808
 91665.81;17.61;809
 91664.75;17.61;810
 91664.75;17.61;811
 91663.73;17.60;812
 91661.98;17.60;813
 91662.70;17.59;814
 91665.13;17.59;815
 91663.74;17.59;816
 91663.39;17.59;817
 91663.39;17.59;818
 91663.74;17.59;819
 91664.09;17.59;820
 91663.74;17.59;821
 91662.70;17.59;822
 91661.31;17.59;823
 91663.05;17.60;824
 91661.98;17.60;825
 91661.98;17.60;826
 91663.38;17.60;827
 91662.34;17.60;828
 91663.38;17.60;829
 91663.05;17.60;830
 91664.09;17.59;831
 91662.70;17.59;832
 91664.77;17.60;833
 91663.05;17.60;834
 91663.73;17.60;835
 91664.08;17.60;836
 91663.70;17.61;837
 91663.02;17.62;838
 91660.24;17.62;839
 91660.24;17.62;840
 91662.30;17.62;841
 91662.30;17.62;842
 91664.39;17.63;843
 91661.27;17.62;844
 91662.66;17.62;845
 91662.66;17.62;846
 91661.61;17.63;847
 91663.00;17.63;848
 91664.71;17.63;849
 91663.33;17.63;850
 91663.33;17.63;851
 91663.67;17.63;852
 91665.06;17.63;853
 91665.41;17.63;854
 91664.02;17.63;855
 91664.02;17.63;856
 91662.64;17.63;857
 91663.30;17.64;858
 91662.98;17.64;859
 91661.25;17.63;860
 91662.28;17.63;861
 91663.33;17.63;862
 91664.71;17.63;863
 91663.69;17.62;864
 91664.05;17.62;865
 91663.69;17.62;866
 91663.69;17.62;867
 91664.73;17.62;868
 91664.41;17.62;869
 91664.41;17.62;870
 91666.12;17.62;871
 91664.73;17.62;872
 91664.06;17.61;873
 91664.06;17.61;874
 91663.70;17.61;875
 91665.09;17.61;876
 91664.75;17.61;877
 91665.09;17.61;878
 91664.75;17.61;879
 91665.45;17.61;880
 91665.80;17.62;881
 91664.73;17.62;882
 91663.69;17.62;883
 91662.30;17.62;884
 91662.30;17.62;885
 91662.66;17.62;886
 91662.66;17.62;887
 91665.08;17.62;888
 91665.08;17.62;889
 91663.34;17.62;890
 91663.02;17.62;891
 91662.67;17.61;892
 91662.32;17.61;893
 91662.32;17.61;894
 91664.75;17.61;895
 91663.36;17.61;896
 91665.09;17.61;897
 91665.45;17.61;898
 91663.02;17.62;899
 91666.12;17.62;900
 91664.41;17.62;901
 91665.80;17.62;902
 91665.45;17.61;903
 91664.41;17.62;904
 91664.75;17.61;905
 91664.75;17.61;906
 91664.75;17.61;907
 91664.42;17.61;908
 91664.08;17.60;909
 91664.08;17.60;910
 91664.08;17.60;911
 91664.42;17.61;912
 91666.85;17.60;913
 91665.47;17.60;914
 91665.11;17.60;915
 91663.73;17.60;916
 91663.73;17.60;917
 91664.08;17.60;918
 91664.42;17.61;919
 91666.14;17.61;920
 91664.75;17.61;921
 91665.09;17.61;922
 91665.09;17.61;923
 91663.36;17.61;924
 91661.97;17.61;925
 91663.70;17.61;926
 91663.70;17.61;927
 91662.67;17.61;928
 91662.67;17.61;929
 91664.73;17.62;930
 91664.73;17.62;931
 91665.08;17.62;932
 91664.05;17.62;933
 91665.43;17.62;934
 91666.47;17.62;935
 91665.43;17.62;936
 91665.43;17.62;937
 91665.08;17.62;938
 91665.08;17.62;939
 91664.05;17.62;940
 91664.39;17.63;941
 91665.08;17.62;942
 91665.08;17.62;943
 91663.69;17.62;944
 91663.69;17.62;945
 91664.73;17.62;946
 91665.80;17.62;947
 91666.12;17.62;948
 91666.12;17.62;949
 91663.69;17.62;950
 91664.05;17.62;951
 91664.39;17.63;952
 91665.78;17.63;953
 91665.78;17.63;954
 91664.71;17.63;955
 91663.67;17.63;956
 91665.06;17.63;957
 91664.02;17.63;958
 91664.02;17.63;959
 91662.98;17.64;960
 91664.70;17.64;961
 91663.66;17.64;962
 91662.27;17.64;963
 91664.01;17.64;964
 91665.74;17.65;965
 91665.39;17.64;966
 91664.01;17.64;967
 91665.74;17.65;968
 91664.67;17.65;969
 91664.67;17.65;970
 91664.35;17.65;971
 91663.29;17.65;972
 91663.29;17.65;973
 91665.03;17.65;974
 91666.06;17.65;975
 91665.03;17.65;976
 91664.67;17.65;977
 91664.67;17.65;978
 91666.06;17.65;979
 91664.67;17.65;980
 91664.67;17.65;981
 91665.74;17.65;982
 91664.35;17.65;983
 91664.01;17.64;984
 91665.39;17.64;985
 91664.01;17.64;986
 91665.39;17.64;987
 91664.35;17.65;988
 91665.74;17.65;989
 91666.78;17.64;990
 91666.78;17.64;991
 91666.78;17.64;992
 91666.44;17.64;993
 91665.05;17.64;994
 91665.05;17.64;995
 91665.05;17.64;996
 91665.05;17.64;997
 91665.39;17.64;998
 91667.13;17.65;999
 91663.64;17.65;1000
 91663.98;17.65;1001
 91663.98;17.65;1002
 91665.38;17.65;1003
 91665.38;17.65;1004
 91663.64;17.65;1005
 91663.29;17.65;1006
 91663.29;17.65;1007
 91664.67;17.65;1008
 91665.03;17.65;1009
 91663.64;17.65;1010
 91665.38;17.65;1011
 91665.36;17.66;1012
 91665.68;17.67;1013
 91665.68;17.67;1014
 91665.36;17.66;1015
 91666.75;17.66;1016
 91666.75;17.66;1017
 91665.68;17.67;1018
 91665.68;17.67;1019
 91666.03;17.67;1020
 91665.68;17.67;1021
 91665.68;17.67;1022
 91666.03;17.67;1023
 91666.73;17.67;1024
 91665.34;17.67;1025
 91664.98;17.67;1026
 91664.98;17.67;1027
 91664.98;17.67;1028
 91664.98;17.67;1029
 91665.34;17.67;1030
 91665.34;17.67;1031
 91665.34;17.67;1032
 91664.98;17.67;1033
 91665.34;17.67;1034
 91666.73;17.67;1035
 91665.34;17.67;1036
 91667.77;17.67;1037
 91665.34;17.67;1038
 91663.95;17.67;1039
 91663.60;17.67;1040
 91664.64;17.67;1041
 91664.64;17.67;1042
 91664.30;17.67;1043
 91663.97;17.66;1044
 91663.62;17.66;1045
 91664.66;17.66;1046
 91665.73;17.66;1047
 91667.11;17.66;1048
 91666.77;17.65;1049
 91666.77;17.65;1050
 91667.11;17.66;1051
 91665.38;17.65;1052
 91665.03;17.65;1053
 91664.67;17.65;1054
 91666.06;17.65;1055
 91666.42;17.65;1056
 91666.06;17.65;1057
 91666.06;17.65;1058
 91666.06;17.65;1059
 91667.45;17.65;1060
 91667.80;17.65;1061
 91668.16;17.65;1062
 91668.16;17.65;1063
 91667.44;17.66;1064
 91666.40;17.66;1065
 91666.05;17.66;1066
 91667.44;17.66;1067
 91669.53;17.66;1068
 91667.79;17.66;1069
 91669.17;17.66;1070
 91667.44;17.66;1071
 91667.44;17.66;1072
 91667.44;17.66;1073
 91664.34;17.66;1074
 91665.73;17.66;1075
 91666.77;17.65;1076
 91666.77;17.65;1077
 91666.77;17.65;1078
 91666.42;17.65;1079
 91667.45;17.65;1080
 91666.06;17.65;1081
 91664.67;17.65;1082
 91665.74;17.65;1083
 91665.39;17.64;1084
 91666.44;17.64;1085
 91664.01;17.64;1086
 91665.05;17.64;1087
 91666.44;17.64;1088
 91667.83;17.64;1089
 91667.83;17.64;1090
 91666.08;17.64;1091
 91667.83;17.64;1092
 91667.83;17.64;1093
 91668.17;17.64;1094
 91668.52;17.65;1095
 91667.13;17.65;1096
 91669.56;17.64;1097
 91668.86;17.64;1098
 91667.47;17.64;1099
 91667.16;17.64;1100
 91665.41;17.63;1101
 91668.19;17.63;1102
 91667.84;17.63;1103
 91667.48;17.63;1104
 91667.16;17.64;1105
 91666.80;17.63;1106
 91666.45;17.63;1107
 91666.80;17.63;1108
 91665.41;17.63;1109
 91663.67;17.63;1110
 91665.41;17.63;1111
 91665.41;17.63;1112
 91665.77;17.64;1113
 91664.38;17.64;1114
 91664.38;17.64;1115
 91665.05;17.64;1116
 91666.44;17.64;1117
 91667.13;17.65;1118
 91666.78;17.64;1119
 91666.78;17.64;1120
 91665.39;17.64;1121
 91667.83;17.64;1122
 91666.78;17.64;1123
 91666.78;17.64;1124
 91666.44;17.64;1125
 91666.44;17.64;1126
 91664.70;17.64;1127
 91665.05;17.64;1128
 91665.05;17.64;1129
 91664.70;17.64;1130
 91665.05;17.64;1131
 91666.44;17.64;1132
 91666.08;17.64;1133
 91665.05;17.64;1134
 91665.05;17.64;1135
 91663.66;17.64;1136
 91662.27;17.64;1137
 91664.01;17.64;1138
 91664.01;17.64;1139
 91662.62;17.64;1140
 91663.66;17.64;1141
 91664.35;17.65;1142
 91665.74;17.65;1143
 91665.74;17.65;1144
 91665.74;17.65;1145
 91665.74;17.65;1146
 91666.06;17.65;1147
 91666.06;17.65;1148
 91666.06;17.65;1149
 91666.06;17.65;1150
 91666.06;17.65;1151
 91667.13;17.65;1152
 91667.45;17.65;1153
 91667.45;17.65;1154
 91667.45;17.65;1155
 91667.45;17.65;1156
 91668.84;17.65;1157
 91667.13;17.65;1158
 91667.13;17.65;1159
 91665.74;17.65;1160
 91665.05;17.64;1161
 91666.44;17.64;1162
 91666.08;17.64;1163
 91664.70;17.64;1164
 91665.77;17.64;1165
 91664.70;17.64;1166
 91667.83;17.64;1167
 91667.83;17.64;1168
 91667.83;17.64;1169
 91664.70;17.64;1170
 91666.44;17.64;1171
 91665.05;17.64;1172
 91667.83;17.64;1173
 91667.13;17.65;1174
 91667.45;17.65;1175
 91668.84;17.65;1176
 91667.45;17.65;1177
 91668.52;17.65;1178
 91668.17;17.64;1179
 91668.17;17.64;1180
 91668.52;17.65;1181
 91668.17;17.64;1182
 91668.17;17.64;1183
 91666.44;17.64;1184
 91667.83;17.64;1185
 91669.21;17.64;1186
 91669.56;17.64;1187
 91666.78;17.64;1188
 91668.17;17.64;1189
 91668.84;17.65;1190
 91668.17;17.64;1191
 91668.17;17.64;1192
 91666.78;17.64;1193
 91667.83;17.64;1194
 91668.86;17.64;1195
 91667.83;17.64;1196
 91667.47;17.64;1197
 91668.17;17.64;1198
 91668.17;17.64;1199
 91667.83;17.64;1200
 91667.47;17.64;1201
 91668.19;17.63;1202
 91667.84;17.63;1203
 91669.23;17.63;1204
 91667.84;17.63;1205
 91667.48;17.63;1206
 91667.17;17.63;1207
 91667.17;17.63;1208
 91668.56;17.63;1209
 91668.56;17.63;1210
 91668.56;17.63;1211
 91667.17;17.63;1212
 91668.56;17.63;1213
 91668.56;17.63;1214
 91669.95;17.63;1215
 91668.88;17.63;1216
 91668.56;17.63;1217
 91667.17;17.63;1218
 91665.43;17.62;1219
 91666.82;17.62;1220
 91667.48;17.63;1221
 91667.48;17.63;1222
 91667.84;17.63;1223
 91667.84;17.63;1224
 91667.84;17.63;1225
 91668.19;17.63;1226
 91667.47;17.64;1227
 91667.16;17.64;1228
 91668.54;17.64;1229
 91667.83;17.64;1230
 91668.17;17.64;1231
 91666.78;17.64;1232
 91666.78;17.64;1233
 91667.13;17.65;1234
 91665.39;17.64;1235
 91665.05;17.64;1236
 91667.83;17.64;1237
 91668.86;17.64;1238
 91667.47;17.64;1239
 91668.86;17.64;1240
 91667.47;17.64;1241
 91669.21;17.64;1242
 91668.17;17.64;1243
 91667.83;17.64;1244
 91667.47;17.64;1245
 91667.84;17.63;1246
 91667.84;17.63;1247
 91666.80;17.63;1248
 91668.19;17.63;1249
 91668.19;17.63;1250
 91668.19;17.63;1251
 91668.19;17.63;1252
 91667.16;17.64;1253
 91667.16;17.64;1254
 91667.47;17.64;1255
 91667.83;17.64;1256
 91667.83;17.64;1257
 91669.21;17.64;1258
 91669.21;17.64;1259
 91669.21;17.64;1260
 91669.21;17.64;1261
 91670.60;17.64;1262
 91670.95;17.64;1263
 91670.95;17.64;1264
 91668.86;17.64;1265
 91669.93;17.64;1266
 91669.93;17.64;1267
 91668.54;17.64;1268
 91668.54;17.64;1269
 91669.58;17.63;1270
 91668.54;17.64;1271
 91667.83;17.64;1272
 91669.21;17.64;1273
 91668.17;17.64;1274
 91669.91;17.65;1275
 91668.84;17.65;1276
 91669.56;17.64;1277
 91668.17;17.64;1278
 91668.84;17.65;1279
 91668.52;17.65;1280
 91670.23;17.65;1281
 91668.84;17.65;1282
 91668.84;17.65;1283
 91668.84;17.65;1284
 91668.84;17.65;1285
 91668.84;17.65;1286
 91668.52;17.65;1287
 91669.56;17.64;1288
 91667.83;17.64;1289
 91666.08;17.64;1290
 91666.44;17.64;1291
 91667.83;17.64;1292
 91668.86;17.64;1293
 91667.47;17.64;1294
 91670.25;17.64;1295
 91668.86;17.64;1296
 91669.21;17.64;1297
 91666.78;17.64;1298
 91668.17;17.64;1299
 91667.13;17.65;1300
 91665.39;17.64;1301
 91667.13;17.65;1302
 91665.74;17.65;1303
 91667.13;17.65;1304
 91665.74;17.65;1305
 91667.13;17.65;1306
 91666.06;17.65;1307
 91664.67;17.65;1308
 91665.03;17.65;1309
 91666.06;17.65;1310
 91664.67;17.65;1311
 91666.42;17.65;1312
 91666.42;17.65;1313
 91666.42;17.65;1314
 91667.80;17.65;1315
 91666.42;17.65;1316
 91668.16;17.65;1317
 91667.11;17.66;1318
 91667.11;17.66;1319
 91665.73;17.66;1320
 91668.83;17.66;1321
 91668.83;17.66;1322
 91668.50;17.66;1323
 91669.89;17.66;1324
 91668.50;17.66;1325
 91668.16;17.65;1326
 91668.16;17.65;1327
 91667.80;17.65;1328
 91666.06;17.65;1329
 91668.52;17.65;1330
 91668.84;17.65;1331
 91667.45;17.65;1332
 91667.45;17.65;1333
 91668.84;17.65;1334
 91668.17;17.64;1335
 91667.83;17.64;1336
 91667.83;17.64;1337
 91667.83;17.64;1338
 91667.83;17.64;1339
 91668.54;17.64;1340
 91667.16;17.64;1341
 91667.16;17.64;1342
 91668.54;17.64;1343
 91670.97;17.63;1344
 91670.97;17.63;1345
 91669.23;17.63;1346
 91669.58;17.63;1347
 91667.84;17.63;1348
 91669.23;17.63;1349
 91669.58;17.63;1350
 91670.97;17.63;1351
 91669.58;17.63;1352
 91669.58;17.63;1353
 91669.58;17.63;1354
 91669.58;17.63;1355
 91669.58;17.63;1356
 91669.58;17.63;1357
 91667.84;17.63;1358
 91669.23;17.63;1359
 91669.23;17.63;1360
 91668.88;17.63;1361
 91668.56;17.63;1362
 91668.56;17.63;1363
 91668.56;17.63;1364
 91667.17;17.63;1365
 91668.56;17.63;1366
 91668.88;17.63;1367
 91669.23;17.63;1368
 91666.45;17.63;1369
 91667.84;17.63;1370
 91668.19;17.63;1371
 91668.54;17.64;1372
 91665.41;17.63;1373
 91667.47;17.64;1374
 91668.86;17.64;1375
 91668.86;17.64;1376
 91668.17;17.64;1377
 91667.13;17.65;1378
 91667.13;17.65;1379
 91667.45;17.65;1380
 91667.45;17.65;1381
 91668.52;17.65;1382
 91668.52;17.65;1383
 91666.77;17.65;1384
 91668.16;17.65;1385
 91667.11;17.66;1386
 91666.05;17.66;1387
 91667.79;17.66;1388
 91669.17;17.66;1389
 91672.30;17.66;1390
 91669.84;17.67;1391
 91669.84;17.67;1392
 91668.81;17.67;1393
 91669.16;17.67;1394
 91668.44;17.68;1395
 91666.73;17.67;1396
 91669.14;17.68;1397
 91667.75;17.68;1398
 91668.80;17.68;1399
 91668.80;17.68;1400
 91668.80;17.68;1401
 91669.14;17.68;1402
 91666.36;17.68;1403
 91666.36;17.68;1404
 91668.10;17.68;1405
 91667.03;17.68;1406
 91667.38;17.69;1407
 91669.12;17.69;1408
 91668.77;17.69;1409
 91668.42;17.68;1410
 91668.10;17.68;1411
 91666.36;17.68;1412
 91667.75;17.68;1413
 91668.80;17.68;1414
 91667.41;17.68;1415
 91668.44;17.68;1416
 91668.12;17.67;1417
 91669.83;17.68;1418
 91669.51;17.67;1419
 91670.89;17.67;1420
 91668.44;17.68;1421
 91668.80;17.68;1422
 91668.80;17.68;1423
 91669.83;17.68;1424
 91669.83;17.68;1425
 91669.83;17.68;1426
 91672.61;17.68;1427
 91669.51;17.67;1428
 91668.12;17.67;1429
 91667.77;17.67;1430
 91667.77;17.67;1431
 91668.81;17.67;1432
 91668.14;17.66;1433
 91669.17;17.66;1434
 91667.11;17.66;1435
 91667.11;17.66;1436
 91667.11;17.66;1437
 91668.50;17.66;1438
 91668.16;17.65;1439
 91667.80;17.65;1440
 91666.06;17.65;1441
 91667.45;17.65;1442
 91667.45;17.65;1443
 91666.06;17.65;1444
 91667.80;17.65;1445
 91668.83;17.66;1446
 91667.79;17.66;1447
 91667.79;17.66;1448
 91667.79;17.66;1449
 91667.07;17.67;1450
 91666.38;17.67;1451
 91667.05;17.68;1452
 91668.44;17.68;1453
 91668.44;17.68;1454
 91668.44;17.68;1455
 91668.44;17.68;1456
 91669.83;17.68;1457
 91669.83;17.68;1458
 91668.80;17.68;1459
 91668.80;17.68;1460
 91668.80;17.68;1461
 91668.80;17.68;1462
 91669.14;17.68;1463
 91667.41;17.68;1464
 91668.80;17.68;1465
 91669.48;17.68;1466
 91669.81;17.68;1467
 91669.12;17.69;1468
 91668.77;17.69;1469
 91669.12;17.69;1470
 91667.73;17.69;1471
 91669.47;17.69;1472
 91668.41;17.69;1473
 91665.98;17.70;1474
 91668.75;17.70;1475
 91669.11;17.70;1476
 91668.41;17.69;1477
 91668.08;17.69;1478
 91669.47;17.69;1479
 91669.12;17.69;1480
 91668.77;17.69;1481
 91668.42;17.68;1482
 91668.42;17.68;1483
 91668.10;17.68;1484
 91666.36;17.68;1485
 91667.75;17.68;1486
 91667.75;17.68;1487
 91668.80;17.68;1488
 91669.83;17.68;1489
 91668.44;17.68;1490
 91668.44;17.68;1491
 91668.80;17.68;1492
 91669.83;17.68;1493
 91670.18;17.68;1494
 91669.83;17.68;1495
 91669.51;17.67;1496
 91669.51;17.67;1497
 91668.12;17.67;1498
 91668.44;17.68;1499
 91668.12;17.67;1500
 91667.05;17.68;1501
 91669.83;17.68;1502
 91669.83;17.68;1503
 91669.83;17.68;1504
 91668.44;17.68;1505
 91668.44;17.68;1506
 91667.05;17.68;1507
 91668.44;17.68;1508
 91668.44;17.68;1509
 91668.44;17.68;1510
 91669.14;17.68;1511
 91669.14;17.68;1512
 91668.80;17.68;1513
 91667.41;17.68;1514
 91668.44;17.68;1515
 91666.73;17.67;1516
 91668.12;17.67;1517
 91668.44;17.68;1518
 91665.66;17.68;1519
 91665.34;17.67;1520
 91666.38;17.67;1521
 91666.38;17.67;1522
 91664.64;17.67;1523
 91666.38;17.67;1524
 91667.77;17.67;1525
 91667.42;17.67;1526
 91668.46;17.67;1527
 91668.46;17.67;1528
 91668.14;17.66;1529
 91669.17;17.66;1530
 91670.56;17.66;1531
 91668.83;17.66;1532
 91666.40;17.66;1533
 91668.14;17.66;1534
 91667.42;17.67;1535
 91668.81;17.67;1536
 91670.20;17.67;1537
 91667.77;17.67;1538
 91667.42;17.67;1539
 91667.07;17.67;1540
 91666.75;17.66;1541
 91666.75;17.66;1542
 91666.75;17.66;1543
 91666.75;17.66;1544
 91668.14;17.66;1545
 91668.14;17.66;1546
 91668.14;17.66;1547
 91666.75;17.66;1548
 91668.14;17.66;1549
 91668.14;17.66;1550
 91667.79;17.66;1551
 91668.83;17.66;1552
 91667.44;17.66;1553
 91668.83;17.66;1554
 91668.50;17.66;1555
 91667.44;17.66;1556
 91667.79;17.66;1557
 91668.83;17.66;1558
 91667.44;17.66;1559
 91666.05;17.66;1560
 91666.40;17.66;1561
 91664.66;17.66;1562
 91666.40;17.66;1563
 91667.44;17.66;1564
 91667.11;17.66;1565
 91669.89;17.66;1566
 91669.55;17.65;1567
 91668.16;17.65;1568
 91668.16;17.65;1569
 91666.77;17.65;1570
 91667.11;17.66;1571
 91667.44;17.66;1572
 91668.16;17.65;1573
 91668.16;17.65;1574
 91668.16;17.65;1575
 91667.80;17.65;1576
 91669.55;17.65;1577
 91666.06;17.65;1578
 91666.78;17.64;1579
 91666.78;17.64;1580
 91666.78;17.64;1581
 91668.17;17.64;1582
 91668.17;17.64;1583
 91669.21;17.64;1584
 91668.86;17.64;1585
 91668.86;17.64;1586
 91667.16;17.64;1587
 91667.16;17.64;1588
 91667.16;17.64;1589
 91667.16;17.64;1590
 91668.86;17.64;1591
 91667.47;17.64;1592
 91668.86;17.64;1593
 91666.08;17.64;1594
 91667.83;17.64;1595
 91667.47;17.64;1596
 91668.86;17.64;1597
 91667.47;17.64;1598
 91667.83;17.64;1599
 91667.83;17.64;1600
 91667.47;17.64;1601
 91667.47;17.64;1602
 91668.86;17.64;1603
 91669.21;17.64;1604
 91669.21;17.64;1605
 91669.21;17.64;1606
 91669.21;17.64;1607
 91667.16;17.64;1608
 91668.54;17.64;1609
 91668.19;17.63;1610
 91668.54;17.64;1611
 91668.86;17.64;1612
 91669.56;17.64;1613
 91669.56;17.64;1614
 91669.56;17.64;1615
 91668.17;17.64;1616
 91669.91;17.65;1617
 91669.91;17.65;1618
 91668.52;17.65;1619
 91669.91;17.65;1620
 91669.91;17.65;1621
 91668.17;17.64;1622
 91669.21;17.64;1623
 91668.86;17.64;1624
 91668.54;17.64;1625
 91669.58;17.63;1626
 91669.23;17.63;1627
 91668.19;17.63;1628
 91666.45;17.63;1629
 91667.48;17.63;1630
 91667.48;17.63;1631
 91667.48;17.63;1632
 91668.88;17.63;1633
 91666.10;17.63;1634
 91667.17;17.63;1635
 91667.48;17.63;1636
 91667.48;17.63;1637
 91669.23;17.63;1638
 91669.58;17.63;1639
 91670.97;17.63;1640
 91670.62;17.63;1641
 91670.62;17.63;1642
 91670.62;17.63;1643
 91669.58;17.63;1644
 91669.58;17.63;1645
 91669.58;17.63;1646
 91667.84;17.63;1647
 91667.84;17.63;1648
 91667.84;17.63;1649
 91668.88;17.63;1650
 91670.62;17.63;1651
 91669.93;17.64;1652
 91669.93;17.64;1653
 91670.97;17.63;1654
 91669.93;17.64;1655
 91668.54;17.64;1656
 91670.25;17.64;1657
 91668.86;17.64;1658
 91670.60;17.64;1659
 91673.03;17.64;1660
 91670.60;17.64;1661
 91671.98;17.64;1662
 91670.95;17.64;1663
 91670.95;17.64;1664
 91669.56;17.64;1665
 91669.56;17.64;1666
 91668.17;17.64;1667
 91669.56;17.64;1668
 91670.95;17.64;1669
 91670.60;17.64;1670
 91667.83;17.64;1671
 91669.21;17.64;1672
 91669.21;17.64;1673
 91672.34;17.64;1674
 91668.86;17.64;1675
 91670.25;17.64;1676
 91669.21;17.64;1677
 91667.47;17.64;1678
 91668.86;17.64;1679
 91668.19;17.63;1680
 91666.80;17.63;1681
 91667.84;17.63;1682
 91667.48;17.63;1683
 91670.27;17.63;1684
 91669.95;17.63;1685
 91670.27;17.63;1686
 91671.66;17.63;1687
 91672.36;17.63;1688
 91672.36;17.63;1689
 91671.31;17.64;1690
 91671.98;17.64;1691
 91672.34;17.64;1692
 91672.69;17.65;1693
 91670.95;17.64;1694
 91671.30;17.65;1695
 91671.62;17.65;1696
 91671.62;17.65;1697
 91671.30;17.65;1698
 91671.30;17.65;1699
 91673.02;17.65;1700
 91671.30;17.65;1701
 91671.30;17.65;1702
 91671.98;17.64;1703
 91671.64;17.64;1704
 91671.31;17.64;1705
 91669.58;17.63;1706
 91670.62;17.63;1707
 91670.27;17.63;1708
 91670.27;17.63;1709
 91671.34;17.63;1710
 91669.25;17.62;1711
 91670.98;17.62;1712
 91670.63;17.62;1713
 91670.29;17.62;1714
 91671.35;17.62;1715
 91671.35;17.62;1716
 91668.58;17.62;1717
 91671.00;17.61;1718
 91672.05;17.61;1719
 91671.00;17.61;1720
 91672.39;17.61;1721
 91671.00;17.61;1722
 91670.66;17.61;1723
 91670.66;17.61;1724
 91671.00;17.61;1725
 91671.00;17.61;1726
 91671.67;17.62;1727
 91670.29;17.62;1728
 91672.02;17.62;1729
 91673.77;17.62;1730
 91673.77;17.62;1731
 91672.38;17.62;1732
 91672.38;17.62;1733
 91673.77;17.62;1734
 91672.02;17.62;1735
 91672.02;17.62;1736
 91670.63;17.62;1737
 91670.98;17.62;1738
 91672.38;17.62;1739
 91672.38;17.62;1740
 91672.38;17.62;1741
 91672.38;17.62;1742
 91673.41;17.62;1743
 91672.74;17.62;1744
 91673.78;17.61;1745
 91672.39;17.61;1746
 91672.05;17.61;1747
 91672.05;17.61;1748
 91673.08;17.61;1749
 91672.76;17.61;1750
 91672.76;17.61;1751
 91674.15;17.61;1752
 91674.15;17.61;1753
 91674.47;17.61;1754
 91673.08;17.61;1755
 91672.76;17.61;1756
 91673.08;17.61;1757
 91673.08;17.61;1758
 91671.70;17.61;1759
 91671.70;17.61;1760
 91671.70;17.61;1761
 91670.30;17.61;1762
 91672.05;17.61;1763
 91672.05;17.61;1764
 91672.05;17.61;1765
 91672.39;17.61;1766
 91672.39;17.61;1767
 91672.39;17.61;1768
 91671.00;17.61;1769
 91670.66;17.61;1770
 91673.44;17.61;1771
 91672.05;17.61;1772
 91671.70;17.61;1773
 91672.76;17.61;1774
 91673.08;17.61;1775
 91674.47;17.61;1776
 91675.86;17.61;1777
 91674.15;17.61;1778
 91672.76;17.61;1779
 91674.84;17.60;1780
 91674.84;17.60;1781
 91674.48;17.60;1782
 91674.17;17.60;1783
 91675.20;17.59;1784
 91675.20;17.59;1785
 91673.81;17.59;1786
 91674.48;17.60;1787
 91673.45;17.60;1788
 91674.15;17.61;1789
 91674.15;17.61;1790
 91674.15;17.61;1791
 91671.70;17.61;1792
 91671.70;17.61;1793
 91672.76;17.61;1794
 91672.76;17.61;1795
 91673.44;17.61;1796
 91674.82;17.61;1797
 91673.44;17.61;1798
 91675.17;17.61;1799
 91673.44;17.61;1800
 91674.82;17.61;1801
 91674.82;17.61;1802
 91674.82;17.61;1803
 91674.82;17.61;1804
 91673.44;17.61;1805
 91672.39;17.61;1806
 91672.39;17.61;1807
 91673.78;17.61;1808
 91672.05;17.61;1809
 91672.74;17.62;1810
 91672.39;17.61;1811
 91672.39;17.61;1812
 91673.44;17.61;1813
 91673.08;17.61;1814
 91674.82;17.61;1815
 91673.08;17.61;1816
 91673.44;17.61;1817
 91672.05;17.61;1818
 91672.05;17.61;1819
 91672.05;17.61;1820
 91671.70;17.61;1821
 91672.05;17.61;1822
 91673.08;17.61;1823
 91672.76;17.61;1824
 91672.41;17.60;1825
 91672.41;17.60;1826
 91672.41;17.60;1827
 91674.15;17.61;1828
 91671.38;17.61;1829
 91672.76;17.61;1830
 91672.41;17.60;1831
 91672.06;17.60;1832
 91672.06;17.60;1833
 91672.41;17.60;1834
 91669.98;17.61;1835
 91672.41;17.60;1836
 91671.70;17.61;1837
 91671.70;17.61;1838
 91671.70;17.61;1839
 91673.44;17.61;1840
 91674.82;17.61;1841
 91672.39;17.61;1842
 91672.39;17.61;1843
 91672.39;17.61;1844
 91672.39;17.61;1845
 91673.44;17.61;1846
 91673.44;17.61;1847
 91673.08;17.61;1848
 91670.66;17.61;1849
 91670.66;17.61;1850
 91671.70;17.61;1851
 91672.05;17.61;1852
 91673.78;17.61;1853
 91672.05;17.61;1854
 91671.70;17.61;1855
 91671.70;17.61;1856
 91671.38;17.61;1857
 91669.98;17.61;1858
 91670.30;17.61;1859
 91670.66;17.61;1860
 91671.00;17.61;1861
 91671.00;17.61;1862
 91672.05;17.61;1863
 91672.05;17.61;1864
 91673.44;17.61;1865
 91673.44;17.61;1866
 91672.05;17.61;1867
 91672.05;17.61;1868
 91672.05;17.61;1869
 91670.30;17.61;1870
 91672.05;17.61;1871
 91673.08;17.61;1872
 91673.44;17.61;1873
 91672.76;17.61;1874
 91674.15;17.61;1875
 91675.53;17.61;1876
 91675.19;17.60;1877
 91675.19;17.60;1878
 91675.19;17.60;1879
 91675.19;17.60;1880
 91673.80;17.60;1881
 91674.15;17.61;1882
 91673.80;17.60;1883
 91675.53;17.61;1884
 91672.41;17.60;1885
 91672.76;17.61;1886
 91672.76;17.61;1887
 91672.76;17.61;1888
 91674.15;17.61;1889
 91674.15;17.61;1890
 91672.76;17.61;1891
 91674.15;17.61;1892
 91673.08;17.61;1893
 91673.08;17.61;1894
 91673.08;17.61;1895
 91673.08;17.61;1896
 91672.76;17.61;1897
 91673.08;17.61;1898
 91673.08;17.61;1899
 91672.76;17.61;1900
 91673.80;17.60;1901
 91673.80;17.60;1902
 91674.48;17.60;1903
 91672.77;17.60;1904
 91673.81;17.59;1905
 91673.47;17.59;1906
 91673.81;17.59;1907
 91673.81;17.59;1908
 91673.47;17.59;1909
 91674.19;17.59;1910
 91674.19;17.59;1911
 91673.84;17.58;1912
 91675.22;17.58;1913
 91673.84;17.58;1914
 91672.45;17.58;1915
 91673.12;17.59;1916
 91674.50;17.59;1917
 91674.50;17.59;1918
 91673.12;17.59;1919
 91673.47;17.59;1920
 91673.47;17.59;1921
 91673.47;17.59;1922
 91673.12;17.59;1923
 91671.73;17.59;1924
 91673.47;17.59;1925
 91673.47;17.59;1926
 91673.47;17.59;1927
 91673.47;17.59;1928
 91673.81;17.59;1929
 91673.81;17.59;1930
 91673.47;17.59;1931
 91676.25;17.59;1932
 91675.58;17.59;1933
 91675.22;17.58;1934
 91673.84;17.58;1935
 91674.88;17.58;1936
 91674.88;17.58;1937
 91673.13;17.58;1938
 91674.52;17.58;1939
 91672.81;17.58;1940
 91674.88;17.58;1941
 91673.48;17.58;1942
 91674.52;17.58;1943
 91675.59;17.58;1944
 91674.20;17.58;1945
 91672.81;17.58;1946
 91672.11;17.57;1947
 91672.46;17.57;1948
 91672.46;17.57;1949
 91671.08;17.57;1950
 91672.11;17.57;1951
 91672.11;17.57;1952
 91673.15;17.57;1953
 91671.77;17.57;1954
 91672.46;17.57;1955
 91673.85;17.57;1956
 91673.50;17.57;1957
 91673.15;17.57;1958
 91672.11;17.57;1959
 91673.85;17.57;1960
 91672.46;17.57;1961
 91671.42;17.58;1962
 91670.03;17.58;1963
 91671.42;17.58;1964
 91672.46;17.57;1965
 91674.20;17.58;1966
 91673.50;17.57;1967
 91673.85;17.57;1968
 91672.11;17.57;1969
 91673.50;17.57;1970
 91675.59;17.58;1971
 91675.59;17.58;1972
 91675.59;17.58;1973
 91671.75;17.58;1974
 91673.48;17.58;1975
 91672.80;17.59;1976
 91673.12;17.59;1977
 91670.69;17.59;1978
 91672.08;17.59;1979
 91672.08;17.59;1980
 91673.47;17.59;1981
 91673.12;17.59;1982
 91672.80;17.59;1983
 91672.80;17.59;1984
 91672.45;17.58;1985
 91673.48;17.58;1986
 91673.48;17.58;1987
 91674.52;17.58;1988
 91673.85;17.57;1989
 91674.89;17.57;1990
 91674.89;17.57;1991
 91673.15;17.57;1992
 91674.22;17.57;1993
 91674.22;17.57;1994
 91674.55;17.57;1995
 91674.89;17.57;1996
 91673.85;17.57;1997
 91672.46;17.57;1998
 91672.11;17.57;1999
 91671.08;17.57;2000
 91671.42;17.58;2001
 91672.81;17.58;2002
 91674.52;17.58;2003
 91674.20;17.58;2004
 91673.13;17.58;2005
 91673.13;17.58;2006
 91673.13;17.58;2007
 91674.52;17.58;2008
 91673.13;17.58;2009
 91672.81;17.58;2010
 91671.42;17.58;2011
 91669.69;17.57;2012
 91671.08;17.57;2013
 91672.46;17.57;2014
 91672.81;17.58;2015
 91671.75;17.58;2016
 91674.52;17.58;2017
 91674.52;17.58;2018
 91674.20;17.58;2019
 91672.81;17.58;2020
 91672.81;17.58;2021
 91673.50;17.57;2022
 91674.89;17.57;2023
 91673.50;17.57;2024
 91673.15;17.57;2025
 91673.15;17.57;2026
 91671.44;17.57;2027
 91672.83;17.57;2028
 91675.59;17.58;2029
 91674.20;17.58;2030
 91674.20;17.58;2031
 91674.52;17.58;2032
 91675.22;17.58;2033
 91675.22;17.58;2034
 91674.19;17.59;2035
 91673.12;17.59;2036
 91671.73;17.59;2037
 91672.43;17.59;2038
 91671.39;17.60;2039
 91672.06;17.60;2040
 91671.02;17.60;2041
 91673.44;17.61;2042
 91672.39;17.61;2043
 91673.41;17.62;2044
 91672.02;17.62;2045
 91672.38;17.62;2046
 91672.72;17.63;2047
 91673.05;17.63;2048
 91673.39;17.63;2049
 91672.70;17.64;2050
 91673.03;17.64;2051
 91673.38;17.64;2052
 91673.73;17.64;2053
 91674.40;17.65;2054
 91672.67;17.66;2055
 91672.67;17.66;2056
 91671.95;17.66;2057
 91673.70;17.66;2058
 91672.30;17.66;2059
 91672.98;17.67;2060
 91671.94;17.67;2061
 91672.61;17.68;2062
 91671.57;17.68;2063
 91672.27;17.68;2064
 91673.30;17.69;2065
 91670.52;17.69;2066
 91672.58;17.69;2067
 91672.58;17.69;2068
 91673.62;17.70;2069
 91673.95;17.70;2070
 91674.99;17.71;2071
 91674.27;17.72;2072
 91673.91;17.72;2073
 91673.22;17.73;2074
 91673.22;17.73;2075
 91673.20;17.74;2076
 91675.27;17.74;2077
 91675.96;17.75;2078
 91674.92;17.75;2079
 91672.81;17.76;2080
 91671.77;17.76;2081
 91672.45;17.76;2082
 91673.50;17.77;2083
 91674.17;17.78;2084
 91674.87;17.78;2085
 91676.58;17.78;2086
 91677.28;17.79;2087
 91675.89;17.79;2088
 91675.17;17.79;2089
 91674.13;17.80;2090
 91675.88;17.80;2091
 91674.48;17.80;2092
 91675.88;17.80;2093
 91674.48;17.80;2094
 91674.11;17.81;2095
 91673.75;17.81;2096
 91674.45;17.82;2097
 91672.34;17.82;2098
 91671.64;17.83;2099
 91673.39;17.83;2100
 91673.04;17.83;2101
 91672.69;17.83;2102
 91674.08;17.83;2103
 91674.08;17.83;2104
 91673.73;17.82;2105
 91673.06;17.82;2106
 91674.45;17.82;2107
 91674.45;17.82;2108
 91673.06;17.82;2109
 91673.41;17.82;2110
 91674.80;17.82;2111
 91676.51;17.82;2112
 91676.86;17.83;2113
 91675.47;17.83;2114
 91674.80;17.82;2115
 91676.19;17.82;2116
 91674.45;17.82;2117
 91676.52;17.81;2118
 91676.20;17.81;2119
 91674.81;17.81;2120
 91673.77;17.80;2121
 91673.77;17.80;2122
 91674.11;17.81;2123
 91674.83;17.80;2124
 91676.55;17.80;2125
 91676.22;17.80;2126
 91676.22;17.80;2127
 91674.48;17.80;2128
 91674.48;17.80;2129
 91675.88;17.80;2130
 91674.48;17.80;2131
 91674.48;17.80;2132
 91677.61;17.80;2133
 91677.61;17.80;2134
 91677.27;17.80;2135
 91676.91;17.80;2136
 91675.17;17.79;2137
 91675.17;17.79;2138
 91673.78;17.79;2139
 91673.78;17.79;2140
 91673.11;17.79;2141
 91673.80;17.78;2142
 91675.19;17.78;2143
 91674.17;17.78;2144
 91674.88;17.77;2145
 91675.58;17.77;2146
 91676.62;17.76;2147
 91675.95;17.76;2148
 91675.24;17.75;2149
 91675.96;17.75;2150
 91675.61;17.75;2151
 91674.59;17.74;2152
 91675.62;17.74;2153
 91675.98;17.74;2154
 91675.98;17.74;2155
 91674.94;17.74;2156
 91675.98;17.74;2157
 91675.98;17.74;2158
 91675.98;17.74;2159
 91675.98;17.74;2160
 91675.98;17.74;2161
 91675.98;17.74;2162
 91675.98;17.74;2163
 91676.33;17.74;2164
 91678.04;17.74;2165
 91677.72;17.74;2166
 91679.11;17.74;2167
 91678.76;17.74;2168
 91677.02;17.74;2169
 91675.62;17.74;2170
 91675.62;17.74;2171
 91677.37;17.74;2172
 91677.02;17.74;2173
 91677.02;17.74;2174
 91677.73;17.73;2175
 91677.73;17.73;2176
 91676.00;17.73;2177
 91676.00;17.73;2178
 91677.39;17.73;2179
 91675.30;17.72;2180
 91677.75;17.72;2181
 91679.47;17.72;2182
 91679.14;17.72;2183
 91676.70;17.71;2184
 91677.77;17.71;2185
 91677.42;17.71;2186
 91678.81;17.71;2187
 91678.81;17.71;2188
 91678.81;17.71;2189
 91678.47;17.71;2190
 91679.50;17.70;2191
 91679.85;17.71;2192
 91678.11;17.70;2193
 91677.79;17.70;2194
 91677.79;17.70;2195
 91677.79;17.70;2196
 91676.05;17.70;2197
 91676.05;17.70;2198
 91676.05;17.70;2199
 91676.05;17.70;2200
 91677.44;17.70;2201
 91676.05;17.70;2202
 91676.05;17.70;2203
 91674.31;17.70;2204
 91674.31;17.70;2205
 91675.70;17.70;2206
 91674.66;17.70;2207
 91674.66;17.70;2208
 91674.66;17.70;2209
 91675.70;17.70;2210
 91675.70;17.70;2211
 91675.70;17.70;2212
 91676.74;17.69;2213
 91676.74;17.69;2214
 91676.74;17.69;2215
 91677.09;17.70;2216
 91677.44;17.70;2217
 91677.09;17.70;2218
 91676.74;17.69;2219
 91674.66;17.70;2220
 91674.66;17.70;2221
 91675.70;17.70;2222
 91676.74;17.69;2223
 91676.74;17.69;2224
 91675.03;17.69;2225
 91674.68;17.69;2226
 91677.11;17.69;2227
 91677.11;17.69;2228
 91676.76;17.68;2229
 91676.44;17.68;2230
 91677.48;17.68;2231
 91677.12;17.68;2232
 91676.77;17.68;2233
 91675.39;17.68;2234
 91676.77;17.68;2235
 91677.12;17.68;2236
 91676.77;17.68;2237
 91676.09;17.68;2238
 91677.12;17.68;2239
 91676.77;17.68;2240
 91676.77;17.68;2241
 91677.12;17.68;2242
 91675.39;17.68;2243
 91676.45;17.67;2244
 91675.06;17.67;2245
 91676.45;17.67;2246
 91677.84;17.67;2247
 91678.16;17.68;2248
 91677.84;17.67;2249
 91679.23;17.67;2250
 91677.49;17.67;2251
 91680.27;17.67;2252
 91679.92;17.67;2253
 91678.53;17.67;2254
 91678.53;17.67;2255
 91678.88;17.67;2256
 91678.88;17.67;2257
 91681.66;17.67;2258
 91681.31;17.67;2259
 91679.92;17.67;2260
 91680.27;17.67;2261
 91679.58;17.67;2262
 91677.86;17.66;2263
 91676.47;17.66;2264
 91676.47;17.66;2265
 91677.86;17.66;2266
 91679.25;17.66;2267
 91679.58;17.67;2268
 91678.19;17.67;2269
 91678.19;17.67;2270
 91676.47;17.66;2271
 91678.90;17.66;2272
 91678.90;17.66;2273
 91678.90;17.66;2274
 91678.23;17.66;2275
 91676.84;17.66;2276
 91676.84;17.66;2277
 91676.48;17.65;2278
 91676.14;17.65;2279
 91677.18;17.65;2280
 91678.92;17.65;2281
 91678.92;17.65;2282
 91677.53;17.65;2283
 91678.92;17.65;2284
 91680.66;17.65;2285
 91679.27;17.65;2286
 91676.14;17.65;2287
 91676.14;17.65;2288
 91677.53;17.65;2289
 91677.18;17.65;2290
 91676.86;17.65;2291
 91675.47;17.65;2292
 91677.18;17.65;2293
 91677.18;17.65;2294
 91678.25;17.65;2295
 91677.89;17.64;2296
 91676.51;17.64;2297
 91679.28;17.64;2298
 91678.57;17.65;2299
 91678.57;17.65;2300
 91677.18;17.65;2301
 91676.86;17.65;2302
 91678.25;17.65;2303
 91677.18;17.65;2304
 91678.25;17.65;2305
 91678.57;17.65;2306
 91677.18;17.65;2307
 91678.25;17.65;2308
 91676.51;17.64;2309
 91675.79;17.65;2310
 91677.89;17.64;2311
 91677.89;17.64;2312
 91678.25;17.65;2313
 91677.89;17.64;2314
 91679.28;17.64;2315
 91679.63;17.65;2316
 91679.63;17.65;2317
 91679.28;17.64;2318
 91679.28;17.64;2319
 91679.63;17.65;2320
 91676.86;17.65;2321
 91678.25;17.65;2322
 91679.28;17.64;2323
 91679.28;17.64;2324
 91679.28;17.64;2325
 91677.89;17.64;2326
 91679.63;17.65;2327
 91679.28;17.64;2328
 91679.63;17.65;2329
 91680.67;17.64;2330
 91682.41;17.65;2331
 91681.34;17.65;2332
 91681.70;17.65;2333
 91680.30;17.65;2334
 91680.66;17.65;2335
 91680.30;17.65;2336
 91678.92;17.65;2337
 91679.27;17.65;2338
 91677.88;17.65;2339
 91679.62;17.66;2340
 91679.94;17.66;2341
 91680.29;17.66;2342
 91680.29;17.66;2343
 91681.67;17.66;2344
 91681.33;17.66;2345
 91681.33;17.66;2346
 91679.27;17.65;2347
 91678.92;17.65;2348
 91681.34;17.65;2349
 91681.34;17.65;2350
 91681.02;17.65;2351
 91680.67;17.64;2352
 91680.33;17.64;2353
 91680.33;17.64;2354
 91679.28;17.64;2355
 91680.67;17.64;2356
 91681.72;17.64;2357
 91681.72;17.64;2358
 91682.06;17.64;2359
 91680.67;17.64;2360
 91680.33;17.64;2361
 91681.36;17.64;2362
 91681.36;17.64;2363
 91679.98;17.64;2364
 91681.36;17.64;2365
 91681.72;17.64;2366
 91681.72;17.64;2367
 91680.67;17.64;2368
 91681.02;17.65;2369
 91682.06;17.64;2370
 91680.33;17.64;2371
 91681.72;17.64;2372
 91683.45;17.64;2373
 91682.06;17.64;2374
 91680.67;17.64;2375
 91680.67;17.64;2376
 91682.41;17.65;2377
 91681.02;17.65;2378
 91682.73;17.65;2379
 91681.34;17.65;2380
 91680.66;17.65;2381
 91682.05;17.65;2382
 91679.27;17.65;2383
 91682.05;17.65;2384
 91680.66;17.65;2385
 91680.66;17.65;2386
 91683.09;17.65;2387
 91681.70;17.65;2388
 91681.70;17.65;2389
 91681.34;17.65;2390
 91679.63;17.65;2391
 91681.02;17.65;2392
 91681.02;17.65;2393
 91682.06;17.64;2394
 91680.33;17.64;2395
 91680.33;17.64;2396
 91681.36;17.64;2397
 91680.33;17.64;2398
 91682.06;17.64;2399
 91680.67;17.64;2400
 91680.67;17.64;2401
 91681.02;17.65;2402
 91681.34;17.65;2403
 91681.02;17.65;2404
 91681.02;17.65;2405
 91680.67;17.64;2406
 91679.28;17.64;2407
 91681.02;17.65;2408
 91679.28;17.64;2409
 91679.28;17.64;2410
 91679.63;17.65;2411
 91681.72;17.64;2412
 91681.36;17.64;2413
 91682.43;17.64;2414
 91682.75;17.64;2415
 91683.11;17.64;2416
 91681.72;17.64;2417
 91680.33;17.64;2418
 91679.63;17.65;2419
 91679.28;17.64;2420
 91679.28;17.64;2421
 91678.94;17.64;2422
 91681.02;17.65;2423
 91679.95;17.65;2424
 91681.02;17.65;2425
 91678.25;17.65;2426
 91678.92;17.65;2427
 91680.30;17.65;2428
 91679.95;17.65;2429
 91679.28;17.64;2430
 91680.33;17.64;2431
 91681.36;17.64;2432
 91679.98;17.64;2433
 91681.36;17.64;2434
 91681.36;17.64;2435
 91681.36;17.64;2436
 91681.36;17.64;2437
 91681.04;17.64;2438
 91681.04;17.64;2439
 91682.08;17.63;2440
 91680.69;17.63;2441
 91682.43;17.64;2442
 91681.04;17.64;2443
 91680.69;17.63;2444
 91683.11;17.64;2445
 91681.04;17.64;2446
 91682.08;17.63;2447
 91683.12;17.63;2448
 91682.77;17.63;2449
 91682.45;17.63;2450
 91682.09;17.62;2451
 91682.78;17.62;2452
 91680.73;17.61;2453
 91682.12;17.61;2454
 91682.12;17.61;2455
 91683.50;17.61;2456
 91681.41;17.61;2457
 91681.77;17.61;2458
 91682.12;17.61;2459
 91682.12;17.61;2460
 91680.73;17.61;2461
 91680.73;17.61;2462
 91682.47;17.62;2463
 91682.47;17.62;2464
 91679.69;17.62;2465
 91681.40;17.62;2466
 91681.40;17.62;2467
 91682.09;17.62;2468
 91682.09;17.62;2469
 91683.48;17.62;2470
 91683.84;17.63;2471
 91683.84;17.63;2472
 91682.77;17.63;2473
 91681.38;17.63;2474
 91681.38;17.63;2475
 91680.69;17.63;2476
 91679.30;17.63;2477
 91681.04;17.64;2478
 91682.75;17.64;2479
 91683.45;17.64;2480
 91682.41;17.65;2481
 91683.09;17.65;2482
 91682.05;17.65;2483
 91682.39;17.66;2484
 91681.67;17.66;2485
 91680.29;17.66;2486
 91679.58;17.67;2487
 91681.31;17.67;2488
 91683.05;17.67;2489
 91682.02;17.67;2490
 91682.34;17.68;2491
 91680.25;17.68;2492
 91681.99;17.68;2493
 91679.89;17.69;2494
 91681.62;17.69;2495
 91682.30;17.69;2496
 91680.91;17.69;2497
 91681.26;17.70;2498
 91680.22;17.70;2499
 91680.89;17.70;2500
 91681.24;17.71;2501
 91680.88;17.71;2502
 91682.27;17.71;2503
 91680.55;17.71;2504
 91680.88;17.71;2505
 91682.27;17.71;2506
 91682.61;17.72;2507
 91682.61;17.72;2508
 91684.70;17.72;2509
 91683.98;17.73;2510
 91682.59;17.73;2511
 91684.68;17.73;2512
 91683.62;17.73;2513
 91683.30;17.73;2514
 91683.62;17.73;2515
 91682.58;17.74;2516
 91681.53;17.74;2517
 91681.89;17.74;2518
 91682.56;17.75;2519
 91681.52;17.75;2520
 91681.87;17.75;2521
 91680.80;17.75;2522
 91682.54;17.76;2523
 91681.85;17.76;2524
 91681.50;17.76;2525
 91682.89;17.76;2526
 91683.93;17.76;2527
 91683.93;17.76;2528
 91680.48;17.75;2529
 91681.87;17.75;2530
 91681.87;17.75;2531
 91681.16;17.76;2532
 91680.46;17.76;2533
 91681.48;17.77;2534
 91682.52;17.77;2535
 91680.46;17.76;2536
 91681.50;17.76;2537
 91682.19;17.75;2538
 91682.91;17.75;2539
 91683.60;17.74;2540
 91684.66;17.74;2541
 91685.70;17.74;2542
 91685.36;17.74;2543
 91685.01;17.73;2544
 91686.07;17.73;2545
 91685.72;17.73;2546
 91683.98;17.73;2547
 91683.31;17.72;2548
 91686.09;17.72;2549
 91684.70;17.72;2550
 91685.04;17.71;2551
 91684.72;17.71;2552
 91685.41;17.71;2553
 91686.45;17.70;2554
 91688.55;17.70;2555
 91687.86;17.69;2556
 91687.53;17.69;2557
 91686.14;17.69;2558
 91685.09;17.68;2559
 91686.48;17.68;2560
 91686.48;17.68;2561
 91684.77;17.68;2562
 91684.07;17.68;2563
 91685.11;17.68;2564
 91683.72;17.68;2565
 91682.34;17.68;2566
 91682.34;17.68;2567
 91682.68;17.68;2568
 91683.72;17.68;2569
 91685.11;17.68;2570
 91684.07;17.68;2571
 91684.07;17.68;2572
 91683.03;17.68;2573
 91683.03;17.68;2574
 91684.07;17.68;2575
 91682.68;17.68;2576
 91684.07;17.68;2577
 91684.07;17.68;2578
 91682.68;17.68;2579
 91681.30;17.68;2580
 91681.30;17.68;2581
 91684.07;17.68;2582
 91684.07;17.68;2583
 91682.68;17.68;2584
 91682.34;17.68;2585
 91682.68;17.68;2586
 91682.34;17.68;2587
 91683.40;17.67;2588
 91682.34;17.68;2589
 91683.40;17.67;2590
 91683.40;17.67;2591
 91682.02;17.67;2592
 91682.02;17.67;2593
 91681.66;17.67;2594
 91682.02;17.67;2595
 91682.34;17.68;2596
 91682.34;17.68;2597
 91682.34;17.68;2598
 91682.34;17.68;2599
 91680.62;17.67;2600
 91682.70;17.67;2601
 91680.97;17.67;2602
 91682.03;17.66;2603
 91680.97;17.67;2604
 91680.97;17.67;2605
 91683.74;17.67;2606
 91682.35;17.67;2607
 91680.64;17.66;2608
 91681.67;17.66;2609
 91682.03;17.66;2610
 91681.33;17.66;2611
 91682.39;17.66;2612
 91682.05;17.65;2613
 91682.05;17.65;2614
 91682.39;17.66;2615
 91683.44;17.65;2616
 91683.44;17.65;2617
 91684.82;17.65;2618
 91684.82;17.65;2619
 91683.44;17.65;2620
 91683.78;17.66;2621
 91683.78;17.66;2622
 91683.78;17.66;2623
 91683.09;17.65;2624
 91682.73;17.65;2625
 91682.73;17.65;2626
 91682.41;17.65;2627
 91682.73;17.65;2628
 91682.41;17.65;2629
 91684.84;17.64;2630
 91683.11;17.64;2631
 91683.11;17.64;2632
 91682.75;17.64;2633
 91683.81;17.64;2634
 91683.12;17.63;2635
 91685.55;17.63;2636
 91683.84;17.63;2637
 91684.16;17.63;2638
 91685.23;17.63;2639
 91684.16;17.63;2640
 91685.55;17.63;2641
 91684.51;17.63;2642
 91683.84;17.63;2643
 91682.09;17.62;2644
 91683.48;17.62;2645
 91684.88;17.62;2646
 91684.16;17.63;2647
 91684.16;17.63;2648
 91683.84;17.63;2649
 91682.09;17.62;2650
 91681.75;17.62;2651
 91682.78;17.62;2652
 91682.47;17.62;2653
 91681.08;17.62;2654
 91682.47;17.62;2655
 91682.12;17.61;2656
 91682.12;17.61;2657
 91683.50;17.61;2658
 91681.77;17.61;2659
 91683.16;17.61;2660
 91680.38;17.61;2661
 91680.38;17.61;2662
 91680.38;17.61;2663
 91683.50;17.61;2664
 91683.50;17.61;2665
 91683.50;17.61;2666
 91682.12;17.61;2667
 91682.12;17.61;2668
 91682.12;17.61;2669
 91682.12;17.61;2670
 91681.08;17.62;2671
 91681.40;17.62;2672
 91682.78;17.62;2673
 91683.14;17.62;2674
 91685.91;17.62;2675
 91682.78;17.62;2676
 91683.86;17.62;2677
 91683.50;17.61;2678
 91682.80;17.61;2679
 91684.55;17.61;2680
 91682.80;17.61;2681
 91682.48;17.61;2682
 91682.80;17.61;2683
 91682.80;17.61;2684
 91682.80;17.61;2685
 91682.80;17.61;2686
 91684.19;17.61;2687
 91684.19;17.61;2688
 91684.19;17.61;2689
 91684.19;17.61;2690
 91685.27;17.61;2691
 91685.27;17.61;2692
 91686.30;17.60;2693
 91683.52;17.60;2694
 91686.30;17.60;2695
 91684.91;17.60;2696
 91683.52;17.60;2697
 91683.52;17.60;2698
 91684.91;17.60;2699
 91684.91;17.60;2700
 91684.91;17.60;2701
 91685.60;17.60;2702
 91683.89;17.60;2703
 91682.50;17.60;2704
 91681.11;17.60;2705
 91682.82;17.60;2706
 91685.95;17.60;2707
 91684.56;17.60;2708
 91682.82;17.60;2709
 91683.17;17.60;2710
 91681.43;17.60;2711
 91682.82;17.60;2712
 91683.89;17.60;2713
 91683.54;17.59;2714
 91684.92;17.59;2715
 91684.92;17.59;2716
 91685.28;17.60;2717
 91683.54;17.59;2718
 91683.19;17.59;2719
 91683.19;17.59;2720
 91682.52;17.59;2721
 91684.23;17.59;2722
 91685.62;17.59;2723
 91684.23;17.59;2724
 91685.30;17.59;2725
 91686.69;17.59;2726
 91684.95;17.58;2727
 91684.59;17.58;2728
 91683.92;17.58;2729
 91685.31;17.58;2730
 91683.92;17.58;2731
 91685.64;17.58;2732
 91683.92;17.58;2733
 91683.57;17.57;2734
 91683.57;17.57;2735
 91683.92;17.58;2736
 91682.53;17.58;2737
 91683.92;17.58;2738
 91683.92;17.58;2739
 91685.31;17.58;2740
 91683.57;17.57;2741
 91684.61;17.57;2742
 91684.97;17.57;2743
 91683.92;17.58;2744
 91683.92;17.58;2745
 91682.86;17.58;2746
 91683.20;17.58;2747
 91683.20;17.58;2748
 91683.20;17.58;2749
 91684.25;17.58;2750
 91683.55;17.58;2751
 91684.95;17.58;2752
 91685.30;17.59;2753
 91687.01;17.59;2754
 91687.01;17.59;2755
 91686.69;17.59;2756
 91686.69;17.59;2757
 91686.33;17.58;2758
 91685.64;17.58;2759
 91686.70;17.58;2760
 91684.97;17.57;2761
 91684.97;17.57;2762
 91683.57;17.57;2763
 91683.57;17.57;2764
 91683.57;17.57;2765
 91683.92;17.58;2766
 91685.31;17.58;2767
 91685.64;17.58;2768
 91687.74;17.57;2769
 91687.04;17.57;2770
 91686.00;17.57;2771
 91684.61;17.57;2772
 91684.61;17.57;2773
 91684.61;17.57;2774
 91683.23;17.57;2775
 91684.27;17.57;2776
 91683.57;17.57;2777
 91683.57;17.57;2778
 91684.97;17.57;2779
 91685.31;17.58;2780
 91685.64;17.58;2781
 91685.64;17.58;2782
 91685.98;17.58;2783
 91684.59;17.58;2784
 91683.20;17.58;2785
 91683.20;17.58;2786
 91683.55;17.58;2787
 91684.95;17.58;2788
 91684.95;17.58;2789
 91683.55;17.58;2790
 91685.30;17.59;2791
 91683.91;17.59;2792
 91685.30;17.59;2793
 91684.95;17.58;2794
 91684.59;17.58;2795
 91685.64;17.58;2796
 91684.25;17.58;2797
 91683.92;17.58;2798
 91682.19;17.57;2799
 91684.97;17.57;2800
 91685.66;17.57;2801
 91687.04;17.57;2802
 91685.66;17.57;2803
 91687.04;17.57;2804
 91685.66;17.57;2805
 91686.00;17.57;2806
 91687.39;17.57;2807
 91686.00;17.57;2808
 91686.00;17.57;2809
 91684.61;17.57;2810
 91684.97;17.57;2811
 91684.27;17.57;2812
 91684.97;17.57;2813
 91683.23;17.57;2814
 91684.61;17.57;2815
 91683.23;17.57;2816
 91685.66;17.57;2817
 91684.61;17.57;2818
 91686.00;17.57;2819
 91686.72;17.57;2820
 91685.33;17.57;2821
 91685.66;17.57;2822
 91686.72;17.57;2823
 91685.33;17.57;2824
 91686.72;17.57;2825
 91686.72;17.57;2826
 91686.38;17.56;2827
 91684.98;17.56;2828
 91683.59;17.56;2829
 91686.72;17.57;2830
 91685.33;17.57;2831
 91684.27;17.57;2832
 91683.94;17.57;2833
 91684.98;17.56;2834
 91683.94;17.57;2835
 91683.59;17.56;2836
 91686.38;17.56;2837
 91684.98;17.56;2838
 91684.98;17.56;2839
 91684.98;17.56;2840
 91686.72;17.57;2841
 91687.04;17.57;2842
 91687.04;17.57;2843
 91683.94;17.57;2844
 91684.98;17.56;2845
 91683.59;17.56;2846
 91683.59;17.56;2847
 91683.24;17.56;2848
 91685.67;17.56;2849
 91685.67;17.56;2850
 91683.96;17.56;2851
 91685.00;17.55;2852
 91686.39;17.55;2853
 91685.00;17.55;2854
 91686.39;17.55;2855
 91685.00;17.55;2856
 91685.00;17.55;2857
 91683.96;17.56;2858
 91683.96;17.56;2859
 91683.96;17.56;2860
 91683.96;17.56;2861
 91684.28;17.56;2862
 91684.62;17.56;2863
 91686.02;17.56;2864
 91686.02;17.56;2865
 91684.28;17.56;2866
 91684.28;17.56;2867
 91685.67;17.56;2868
 91685.67;17.56;2869
 91686.02;17.56;2870
 91686.02;17.56;2871
 91686.38;17.56;2872
 91685.67;17.56;2873
 91686.02;17.56;2874
 91686.38;17.56;2875
 91686.72;17.57;2876
 91686.38;17.56;2877
 91686.02;17.56;2878
 91684.62;17.56;2879
 91684.62;17.56;2880
 91686.02;17.56;2881
 91686.02;17.56;2882
 91684.62;17.56;2883
 91684.62;17.56;2884
 91684.62;17.56;2885
 91684.98;17.56;2886
 91684.98;17.56;2887
 91683.59;17.56;2888
 91684.98;17.56;2889
 91685.33;17.57;2890
 91686.38;17.56;2891
 91685.33;17.57;2892
 91686.72;17.57;2893
 91686.38;17.56;2894
 91684.98;17.56;2895
 91684.98;17.56;2896
 91686.02;17.56;2897
 91683.59;17.56;2898
 91683.59;17.56;2899
 91683.59;17.56;2900
 91686.02;17.56;2901
 91686.38;17.56;2902
 91684.62;17.56;2903
 91686.02;17.56;2904
 91686.02;17.56;2905
 91686.02;17.56;2906
 91684.62;17.56;2907
 91685.67;17.56;2908
 91685.67;17.56;2909
 91686.02;17.56;2910
 91684.28;17.56;2911
 91682.89;17.56;2912
 91684.28;17.56;2913
 91682.89;17.56;2914
 91682.89;17.56;2915
 91683.96;17.56;2916
 91685.67;17.56;2917
 91684.28;17.56;2918
 91684.62;17.56;2919
 91687.41;17.56;2920
 91685.67;17.56;2921
 91686.02;17.56;2922
 91685.67;17.56;2923
 91685.67;17.56;2924
 91687.06;17.56;2925
 91687.06;17.56;2926
 91688.45;17.56;2927
 91688.45;17.56;2928
 91688.12;17.56;2929
 91688.12;17.56;2930
 91687.06;17.56;2931
 91687.06;17.56;2932
 91688.12;17.56;2933
 91686.39;17.55;2934
 91689.16;17.55;2935
 91686.73;17.56;2936
 91686.39;17.55;2937
 91687.42;17.55;2938
 91687.08;17.55;2939
 91688.46;17.55;2940
 91685.69;17.55;2941
 91688.81;17.55;2942
 91687.42;17.55;2943
 91685.69;17.55;2944
 91686.03;17.55;2945
 91686.39;17.55;2946
 91687.42;17.55;2947
 91688.81;17.55;2948
 91688.81;17.55;2949
 91688.81;17.55;2950
 91687.08;17.55;2951
 91688.46;17.55;2952
 91687.77;17.55;2953
 91688.12;17.56;2954
 91686.73;17.56;2955
 91686.73;17.56;2956
 91686.73;17.56;2957
 91687.77;17.55;2958
 91690.91;17.56;2959
 91689.52;17.56;2960
 91687.77;17.55;2961
 91689.16;17.55;2962
 91687.77;17.55;2963
 91688.12;17.56;2964
 91686.73;17.56;2965
 91688.45;17.56;2966
 91688.45;17.56;2967
 91685.67;17.56;2968
 91686.73;17.56;2969
 91686.73;17.56;2970
 91688.12;17.56;2971
 91686.39;17.55;2972
 91686.03;17.55;2973
 91687.77;17.55;2974
 91687.77;17.55;2975
 91687.77;17.55;2976
 91686.73;17.56;2977
 91686.02;17.56;2978
 91687.41;17.56;2979
 91687.06;17.56;2980
 91687.41;17.56;2981
 91688.45;17.56;2982
 91690.19;17.56;2983
 91690.19;17.56;2984
 91688.80;17.56;2985
 91689.15;17.56;2986
 91689.50;17.57;2987
 91689.50;17.57;2988
 91689.81;17.57;2989
 91688.11;17.57;2990
 91689.50;17.57;2991
 91688.43;17.57;2992
 91689.50;17.57;2993
 91689.50;17.57;2994
 91688.43;17.57;2995
 91687.04;17.57;2996
 91687.39;17.57;2997
 91687.04;17.57;2998
 91687.04;17.57;2999
 91687.04;17.57;3000
 91686.72;17.57;3001
 91688.11;17.57;3002
 91686.72;17.57;3003
 91688.11;17.57;3004
 91688.43;17.57;3005
 91686.72;17.57;3006
 91689.15;17.56;3007
 91686.02;17.56;3008
 91687.41;17.56;3009
 91687.41;17.56;3010
 91687.06;17.56;3011
 91686.73;17.56;3012
 91687.77;17.55;3013
 91687.42;17.55;3014
 91687.08;17.55;3015
 91688.46;17.55;3016
 91687.08;17.55;3017
 91687.08;17.55;3018
 91688.81;17.55;3019
 91688.81;17.55;3020
 91688.46;17.55;3021
 91690.55;17.55;3022
 91689.16;17.55;3023
 91689.16;17.55;3024
 91690.91;17.56;3025
 91690.91;17.56;3026
 91688.45;17.56;3027
 91688.80;17.56;3028
 91687.41;17.56;3029
 91687.06;17.56;3030
 91688.45;17.56;3031
 91689.84;17.56;3032
 91689.84;17.56;3033
 91688.45;17.56;3034
 91687.06;17.56;3035
 91688.80;17.56;3036
 91688.12;17.56;3037
 91689.52;17.56;3038
 91688.12;17.56;3039
 91689.84;17.56;3040
 91688.12;17.56;3041
 91689.16;17.55;3042
 91687.42;17.55;3043
 91688.46;17.55;3044
 91689.53;17.55;3045
 91688.46;17.55;3046
 91687.08;17.55;3047
 91687.42;17.55;3048
 91687.42;17.55;3049
 91688.81;17.55;3050
 91687.42;17.55;3051
 91687.42;17.55;3052
 91687.08;17.55;3053
 91690.20;17.55;3054
 91691.24;17.55;3055
 91691.24;17.55;3056
 91690.56;17.54;3057
 91690.22;17.54;3058
 91688.83;17.54;3059
 91690.56;17.54;3060
 91689.88;17.54;3061
 91689.88;17.54;3062
 91688.48;17.54;3063
 91689.55;17.54;3064
 91690.22;17.54;3065
 91690.22;17.54;3066
 91690.22;17.54;3067
 91690.56;17.54;3068
 91690.56;17.54;3069
 91690.56;17.54;3070
 91689.18;17.54;3071
 91690.56;17.54;3072
 91690.92;17.55;3073
 91689.85;17.55;3074
 91688.46;17.55;3075
 91688.46;17.55;3076
 91690.20;17.55;3077
 91688.81;17.55;3078
 91690.20;17.55;3079
 91688.46;17.55;3080
 91689.53;17.55;3081
 91690.92;17.55;3082
 91690.56;17.54;3083
 91689.18;17.54;3084
 91687.44;17.54;3085
 91688.83;17.54;3086
 91690.22;17.54;3087
 91689.18;17.54;3088
 91689.53;17.55;3089
 91688.14;17.55;3090
 91689.18;17.54;3091
 91688.83;17.54;3092
 91687.09;17.54;3093
 91689.20;17.53;3094
 91687.45;17.53;3095
 91687.45;17.53;3096
 91687.45;17.53;3097
 91687.11;17.53;3098
 91687.11;17.53;3099
 91687.45;17.53;3100
 91687.45;17.53;3101
 91689.20;17.53;3102
 91688.84;17.53;3103
 91687.45;17.53;3104
 91687.45;17.53;3105
 91688.84;17.53;3106
 91688.50;17.53;3107
 91689.89;17.53;3108
 91691.28;17.53;3109
 91689.56;17.53;3110
 91691.28;17.53;3111
 91689.89;17.53;3112
 91688.84;17.53;3113
 91690.23;17.53;3114
 91690.23;17.53;3115
 91690.23;17.53;3116
 91689.89;17.53;3117
 91690.95;17.53;3118
 91691.28;17.53;3119
 91690.95;17.53;3120
 91689.21;17.52;3121
 91691.28;17.53;3122
 91690.60;17.52;3123
 91689.21;17.52;3124
 91689.91;17.52;3125
 91689.91;17.52;3126
 91690.97;17.52;3127
 91689.91;17.52;3128
 91690.25;17.52;3129
 91691.99;17.52;3130
 91690.25;17.52;3131
 91688.52;17.52;3132
 91687.12;17.52;3133
 91689.91;17.52;3134
 91690.25;17.52;3135
 91688.52;17.52;3136
 91687.84;17.51;3137
 91687.84;17.51;3138
 91690.62;17.51;3139
 91691.66;17.51;3140
 91693.05;17.51;3141
 91689.92;17.51;3142
 91689.59;17.51;3143
 91689.59;17.51;3144
 91689.59;17.51;3145
 91688.53;17.51;3146
 91688.53;17.51;3147
 91689.92;17.51;3148
 91689.92;17.51;3149
 91688.20;17.51;3150
 91689.92;17.51;3151
 91689.92;17.51;3152
 91691.66;17.51;3153
 91691.66;17.51;3154
 91689.92;17.51;3155
 91691.66;17.51;3156
 91691.66;17.51;3157
 91690.27;17.51;3158
 91691.66;17.51;3159
 91689.92;17.51;3160
 91690.27;17.51;3161
 91690.27;17.51;3162
 91688.88;17.51;3163
 91691.66;17.51;3164
 91691.66;17.51;3165
 91691.31;17.51;3166
 91690.27;17.51;3167
 91690.62;17.51;3168
 91690.97;17.52;3169
 91688.52;17.52;3170
 91690.25;17.52;3171
 91687.12;17.52;3172
 91688.19;17.52;3173
 91689.91;17.52;3174
 91688.87;17.52;3175
 91690.60;17.52;3176
 91690.60;17.52;3177
 91689.56;17.53;3178
 91689.89;17.53;3179
 91690.23;17.53;3180
 91690.59;17.53;3181
 91690.59;17.53;3182
 91690.23;17.53;3183
 91690.23;17.53;3184
 91689.20;17.53;3185
 91690.23;17.53;3186
 91690.23;17.53;3187
 91690.23;17.53;3188
 91691.28;17.53;3189
 91691.28;17.53;3190
 91690.95;17.53;3191
 91690.25;17.52;3192
 91689.21;17.52;3193
 91688.87;17.52;3194
 91688.87;17.52;3195
 91689.91;17.52;3196
 91691.64;17.52;3197
 91690.25;17.52;3198
 91690.60;17.52;3199
 91690.95;17.53;3200
 91689.89;17.53;3201
 91689.89;17.53;3202
 91689.56;17.53;3203
 91690.95;17.53;3204
 91691.28;17.53;3205
 91691.28;17.53;3206
 91690.59;17.53;3207
 91689.55;17.54;3208
 91689.20;17.53;3209
 91686.42;17.53;3210
 91690.59;17.53;3211
 91690.59;17.53;3212
 91687.81;17.53;3213
 91689.20;17.53;3214
 91690.23;17.53;3215
 91690.23;17.53;3216
 91691.97;17.53;3217
 91693.02;17.53;3218
 91690.23;17.53;3219
 91691.28;17.53;3220
 91691.28;17.53;3221
 91689.89;17.53;3222
 91690.95;17.53;3223
 91689.56;17.53;3224
 91689.56;17.53;3225
 91689.89;17.53;3226
 91691.28;17.53;3227
 91691.28;17.53;3228
 91690.95;17.53;3229
 91691.99;17.52;3230
 91690.60;17.52;3231
 91690.95;17.53;3232
 91689.56;17.53;3233
 91690.95;17.53;3234
 91689.21;17.52;3235
 91689.21;17.52;3236
 91689.56;17.53;3237
 91689.56;17.53;3238
 91689.56;17.53;3239
 91689.21;17.52;3240
 91689.89;17.53;3241
 91688.50;17.53;3242
 91687.11;17.53;3243
 91689.89;17.53;3244
 91685.72;17.53;3245
 91688.50;17.53;3246
 91687.83;17.52;3247
 91687.83;17.52;3248
 91689.21;17.52;3249
 91689.56;17.53;3250
 91689.56;17.53;3251
 91689.56;17.53;3252
 91690.60;17.52;3253
 91690.60;17.52;3254
 91689.21;17.52;3255
 91690.25;17.52;3256
 91690.25;17.52;3257
 91690.25;17.52;3258
 91690.25;17.52;3259
 91693.03;17.52;3260
 91691.64;17.52;3261
 91692.68;17.52;3262
 91690.97;17.52;3263
 91692.68;17.52;3264
 91693.03;17.52;3265
 91693.03;17.52;3266
 91694.42;17.52;3267
 91694.77;17.52;3268
 91691.64;17.52;3269
 91692.68;17.52;3270
 91690.62;17.51;3271
 91694.45;17.50;3272
 91693.80;17.49;3273
 91691.05;17.47;3274
 91693.52;17.44;3275
 91691.80;17.43;3276
 91690.77;17.42;3277
 91691.48;17.42;3278
 91691.81;17.42;3279
 91693.90;17.43;3280
 91694.57;17.43;3281
 91693.53;17.43;3282
 91692.47;17.45;3283
 91693.50;17.45;3284
 91694.52;17.46;3285
 91695.22;17.47;3286
 91693.83;17.47;3287
 91692.09;17.46;3288
 91692.80;17.47;3289
 91691.41;17.47;3290
 91690.00;17.48;3291
 91688.91;17.49;3292
 91690.28;17.50;3293
 91689.23;17.51;3294
 91689.91;17.52;3295
 91689.89;17.53;3296
 91689.55;17.54;3297
 91689.88;17.54;3298
 91690.22;17.54;3299
 91689.53;17.55;3300
 91689.52;17.56;3301
 91688.11;17.57;3302
 91690.52;17.57;3303
 91690.50;17.58;3304
 91689.45;17.60;3305
 91688.71;17.61;3306
 91688.34;17.62;3307
 91689.05;17.62;3308
 91686.25;17.63;3309
 91687.27;17.64;3310
 91690.03;17.65;3311
 91690.73;17.66;3312
 91693.14;17.66;3313
 91691.03;17.67;3314
 91688.95;17.67;3315
 91689.98;17.68;3316
 91688.59;17.68;3317
 91690.33;17.68;3318
 91691.72;17.68;3319
 91689.27;17.68;3320
 91692.04;17.68;3321
 91692.39;17.69;3322
 91691.34;17.69;3323
 91690.31;17.69;3324
 91690.98;17.70;3325
 91692.38;17.70;3326
 91691.33;17.70;3327
 91692.70;17.71;3328
 91691.30;17.72;3329
 91691.65;17.72;3330
 91691.97;17.72;3331
 91691.65;17.72;3332
 91690.95;17.72;3333
 91688.89;17.71;3334
 91687.15;17.71;3335
 91687.84;17.70;3336
 91689.94;17.70;3337
 91689.94;17.70;3338
 91689.59;17.70;3339
 91689.59;17.70;3340
 91691.33;17.70;3341
 91689.94;17.70;3342
 91689.94;17.70;3343
 91689.59;17.70;3344
 91689.59;17.70;3345
 91689.59;17.70;3346
 91689.59;17.70;3347
 91689.94;17.70;3348
 91688.55;17.70;3349
 91688.20;17.70;3350
 91686.47;17.69;3351
 91687.53;17.69;3352
 91688.92;17.69;3353
 91689.96;17.69;3354
 91688.57;17.69;3355
 91687.53;17.69;3356
 91688.20;17.70;3357
 91686.81;17.70;3358
 91686.81;17.70;3359
 91686.81;17.70;3360
 91687.86;17.69;3361
 91688.92;17.69;3362
 91689.61;17.69;3363
 91689.27;17.68;3364
 91689.62;17.68;3365
 91688.95;17.67;3366
 91690.00;17.67;3367
 91689.30;17.67;3368
 91690.02;17.66;3369
 91689.66;17.66;3370
 91690.73;17.66;3371
 91689.34;17.66;3372
 91689.34;17.66;3373
 91687.95;17.66;3374
 91688.27;17.66;3375
 91688.62;17.66;3376
 91690.36;17.66;3377
 91690.36;17.66;3378
 91691.03;17.67;3379
 91689.65;17.67;3380
 91691.39;17.67;3381
 91688.61;17.67;3382
 91688.26;17.67;3383
 91688.26;17.67;3384
 91686.87;17.67;3385
 91688.61;17.67;3386
 91690.34;17.67;3387
 91690.34;17.67;3388
 91692.08;17.67;3389
 91691.75;17.66;3390
 91691.75;17.66;3391
 91691.05;17.66;3392
 91689.66;17.66;3393
 91691.41;17.66;3394
 91691.75;17.66;3395
 91694.85;17.67;3396
 91693.46;17.67;3397
 91693.14;17.66;3398
 91693.46;17.67;3399
 91694.16;17.67;3400
 91692.08;17.67;3401
 91690.36;17.66;3402
 91691.03;17.67;3403
 91691.39;17.67;3404
 91691.73;17.67;3405
 91690.34;17.67;3406
 91692.06;17.68;3407
 91691.72;17.68;3408
 91692.73;17.69;3409
 91694.80;17.69;3410
 91694.11;17.70;3411
 91693.74;17.71;3412
 91694.44;17.71;3413
 91692.34;17.72;3414
 91694.06;17.73;3415
 91694.73;17.73;3416
 91694.04;17.74;3417
 91694.71;17.74;3418
 91693.30;17.75;3419
 91694.67;17.76;3420
 91695.38;17.77;3421
 91695.36;17.78;3422
 91696.73;17.79;3423
 91695.69;17.79;3424
 91696.71;17.80;3425
 91694.95;17.81;3426
 91695.66;17.81;3427
 91694.59;17.81;3428
 91695.29;17.82;3429
 91697.34;17.82;3430
 91695.96;17.82;3431
 91696.31;17.83;3432
 91694.57;17.82;3433
 91693.53;17.83;3434
 91694.57;17.82;3435
 91694.25;17.82;3436
 91694.25;17.82;3437
 91694.94;17.82;3438
 91695.29;17.82;3439
 91693.90;17.82;3440
 91695.29;17.82;3441
 91693.20;17.81;3442
 91692.88;17.81;3443
 91693.92;17.81;3444
 91694.95;17.81;3445
 91693.56;17.81;3446
 91693.92;17.81;3447
 91695.30;17.81;3448
 91696.34;17.81;3449
 91695.99;17.80;3450
 91696.34;17.81;3451
 91696.70;17.81;3452
 91696.34;17.81;3453
 91696.70;17.81;3454
 91697.05;17.81;3455
 91696.70;17.81;3456
 91695.30;17.81;3457
 91694.27;17.81;3458
 91694.94;17.82;3459
 91693.20;17.81;3460
 91694.59;17.81;3461
 91694.59;17.81;3462
 91693.55;17.82;3463
 91693.20;17.81;3464
 91694.59;17.81;3465
 91693.20;17.81;3466
 91695.98;17.81;3467
 91694.94;17.82;3468
 91694.94;17.82;3469
 91696.33;17.82;3470
 91696.67;17.82;3471
 91694.59;17.81;3472
 91693.20;17.81;3473
 91694.27;17.81;3474
 91692.53;17.81;3475
 91692.88;17.81;3476
 91693.20;17.81;3477
 91694.27;17.81;3478
 91693.20;17.81;3479
 91694.27;17.81;3480
 91694.27;17.81;3481
 91695.66;17.81;3482
 91693.55;17.82;3483
 91695.29;17.82;3484
 91694.25;17.82;3485
 91694.25;17.82;3486
 91693.18;17.82;3487
 91693.88;17.83;3488
 91693.88;17.83;3489
 91693.18;17.82;3490
 91693.18;17.82;3491
 91693.18;17.82;3492
 91693.16;17.83;3493
 91695.60;17.84;3494
 91693.14;17.84;3495
 91693.49;17.85;3496
 91693.49;17.85;3497
 91692.45;17.85;3498
 91693.12;17.85;3499
 91693.48;17.86;3500
 91694.86;17.86;3501
 91696.27;17.85;3502
 91695.60;17.84;3503
 91694.91;17.84;3504
 91694.92;17.83;3505
 91695.64;17.82;3506
 91695.29;17.82;3507
 91694.94;17.82;3508
 91694.27;17.81;3509
 91694.27;17.81;3510
 91692.53;17.81;3511
 91690.79;17.81;3512
 91692.17;17.81;3513
 91693.22;17.80;3514
 91693.22;17.80;3515
 91692.89;17.80;3516
 91693.22;17.80;3517
 91693.22;17.80;3518
 91693.56;17.81;3519
 91694.95;17.81;3520
 91694.95;17.81;3521
 91694.95;17.81;3522
 91694.61;17.80;3523
 91695.33;17.80;3524
 91694.62;17.79;3525
 91695.69;17.79;3526
 91694.98;17.79;3527
 91695.36;17.78;3528
 91694.34;17.77;3529
 91693.98;17.77;3530
 91693.29;17.76;3531
 91691.58;17.76;3532
 91694.01;17.76;3533
 91695.05;17.76;3534
 91697.47;17.75;3535
 91695.06;17.75;3536
 91696.80;17.75;3537
 91698.19;17.75;3538
 91698.19;17.75;3539
 91697.16;17.75;3540
 91694.38;17.75;3541
 91694.02;17.75;3542
 91695.41;17.75;3543
 91696.80;17.75;3544
 91695.77;17.75;3545
 91694.70;17.75;3546
 91695.39;17.76;3547
 91694.35;17.76;3548
 91693.29;17.76;3549
 91695.03;17.77;3550
 91695.38;17.77;3551
 91694.34;17.77;3552
 91694.66;17.77;3553
 91693.27;17.77;3554
 91692.95;17.77;3555
 91693.98;17.77;3556
 91693.29;17.76;3557
 91691.22;17.76;3558
 91693.66;17.76;3559
 91692.98;17.75;3560
 91692.98;17.75;3561
 91693.67;17.75;3562
 91692.28;17.75;3563
 91692.28;17.75;3564
 91693.00;17.74;3565
 91693.69;17.74;3566
 91693.02;17.73;3567
 91692.67;17.73;3568
 91693.36;17.72;3569
 91691.97;17.72;3570
 91691.65;17.72;3571
 91692.69;17.72;3572
 91693.38;17.71;3573
 91690.59;17.71;3574
 91690.59;17.71;3575
 91691.98;17.71;3576
 91693.38;17.71;3577
 91694.08;17.72;3578
 91693.03;17.72;3579
 91691.97;17.72;3580
 91692.32;17.73;3581
 91692.32;17.73;3582
 91693.70;17.73;3583
 91693.70;17.73;3584
 91692.69;17.72;3585
 91693.38;17.71;3586
 91693.05;17.71;3587
 91693.39;17.70;3588
 91693.39;17.70;3589
 91690.62;17.70;3590
 91692.01;17.70;3591
 91690.62;17.70;3592
 91690.97;17.71;3593
 91690.97;17.71;3594
 91691.66;17.71;3595
 91690.28;17.71;3596
 91693.38;17.71;3597
 91693.72;17.72;3598
 91693.72;17.72;3599
 91693.72;17.72;3600
 91694.77;17.71;3601
 91693.05;17.71;3602
 91692.70;17.71;3603
 91692.70;17.71;3604
 91691.31;17.71;3605
 91692.70;17.71;3606
 91692.35;17.71;3607
 91692.01;17.70;3608
 91694.46;17.70;3609
 91694.78;17.70;3610
 91693.74;17.71;3611
 91693.74;17.71;3612
 91695.84;17.70;3613
 91693.07;17.70;3614
 91692.72;17.70;3615
 91693.07;17.70;3616
 91694.11;17.70;3617
 91695.16;17.70;3618
 91693.77;17.70;3619
 91695.50;17.70;3620
 91694.11;17.70;3621
 91694.11;17.70;3622
 91694.11;17.70;3623
 91694.11;17.70;3624
 91694.46;17.70;3625
 91694.46;17.70;3626
 91694.11;17.70;3627
 91695.84;17.70;3628
 91693.07;17.70;3629
 91691.69;17.70;3630
 91693.07;17.70;3631
 91694.78;17.70;3632
 91695.13;17.71;3633
 91696.16;17.71;3634
 91696.16;17.71;3635
 91694.44;17.71;3636
 91692.35;17.71;3637
 91693.07;17.70;3638
 91693.41;17.69;3639
 91692.38;17.70;3640
 91693.74;17.71;3641
 91694.77;17.71;3642
 91694.44;17.71;3643
 91695.11;17.72;3644
