time;10:33:04
 81594.80;26.01;0
 91741.25;15.27;1
 91740.55;15.27;2
 91743.30;15.28;3
 91743.65;15.29;4
 91744.32;15.30;5
 91742.62;15.30;6
 91744.00;15.30;7
 91743.64;15.30;8
 91744.67;15.30;9
 91744.67;15.30;10
 91746.06;15.30;11
 91744.67;15.30;12
 91745.02;15.30;13
 91744.31;15.31;14
 91744.66;15.31;15
 91746.73;15.32;16
 91745.69;15.32;17
 91745.02;15.32;18
 91744.66;15.32;19
 91745.02;15.32;20
 91745.02;15.32;21
 91746.39;15.32;22
 91746.05;15.32;23
 91746.72;15.33;24
 91745.69;15.33;25
 91747.06;15.33;26
 91742.91;15.33;27
 91744.66;15.33;28
 91743.62;15.33;29
 91745.00;15.33;30
 91746.03;15.33;31
 91747.77;15.33;32
 91746.39;15.33;33
 91746.39;15.33;34
 91745.69;15.33;35
 91745.33;15.33;36
 91743.62;15.32;37
 91743.95;15.33;38
 91745.33;15.33;39
 91747.06;15.33;40
 91746.72;15.33;41
 91747.78;15.32;42
 91747.08;15.32;43
 91745.69;15.32;44
 91743.27;15.32;45
 91746.39;15.32;46
 91745.33;15.33;47
 91747.06;15.33;48
 91746.03;15.33;49
 91746.39;15.33;50
 91746.39;15.33;51
 91746.03;15.34;52
 91745.67;15.35;53
 91746.69;15.36;54
 91749.46;15.36;55
 91746.69;15.36;56
 91745.67;15.35;57
 91747.06;15.34;58
 91746.70;15.34;59
 91743.94;15.34;60
 91744.30;15.34;61
 91745.33;15.34;62
 91745.33;15.34;63
 91746.39;15.33;64
 91745.00;15.33;65
 91744.30;15.33;66
 91745.02;15.32;67
 91747.42;15.32;68
 91744.31;15.32;69
 91745.02;15.31;70
 91743.63;15.31;71
 91744.31;15.32;72
 91746.05;15.32;73
 91746.05;15.32;74
 91747.42;15.32;75
 91747.08;15.32;76
 91746.73;15.32;77
 91745.34;15.32;78
 91745.34;15.32;79
 91744.31;15.32;80
 91744.66;15.32;81
 91745.69;15.32;82
 91745.69;15.32;83
 91747.08;15.32;84
 91747.08;15.32;85
 91747.42;15.32;86
 91747.08;15.32;87
 91746.73;15.32;88
 91745.34;15.32;89
 91743.96;15.32;90
 91744.66;15.31;91
 91744.66;15.31;92
 91745.02;15.31;93
 91745.02;15.31;94
 91746.05;15.31;95
 91744.66;15.31;96
 91744.66;15.31;97
 91746.05;15.31;98
 91744.66;15.31;99
 91744.31;15.31;100
 91744.31;15.31;101
 91742.25;15.31;102
 91742.25;15.31;103
 91743.28;15.31;104
 91742.25;15.31;105
 91743.63;15.31;106
 91745.02;15.31;107
 91744.31;15.31;108
 91744.31;15.31;109
 91745.70;15.31;110
 91745.02;15.30;111
 91746.06;15.30;112
 91746.06;15.30;113
 91745.02;15.30;114
 91745.02;15.30;115
 91742.93;15.31;116
 91743.63;15.31;117
 91743.96;15.32;118
 91745.02;15.31;119
 91746.05;15.31;120
 91746.41;15.31;121
 91747.78;15.31;122
 91746.05;15.31;123
 91746.05;15.31;124
 91747.78;15.31;125
 91746.05;15.31;126
 91744.66;15.31;127
 91746.05;15.31;128
 91746.41;15.31;129
 91747.08;15.31;130
 91747.08;15.31;131
 91746.73;15.31;132
 91747.08;15.31;133
 91747.08;15.31;134
 91746.41;15.30;135
 91746.41;15.30;136
 91746.41;15.30;137
 91745.02;15.30;138
 91745.70;15.31;139
 91745.70;15.31;140
 91746.73;15.31;141
 91746.73;15.31;142
 91747.80;15.30;143
 91748.12;15.31;144
 91746.41;15.30;145
 91746.06;15.30;146
 91746.06;15.30;147
 91745.38;15.30;148
 91745.03;15.29;149
 91745.38;15.30;150
 91746.42;15.29;151
 91744.33;15.29;152
 91747.10;15.29;153
 91746.42;15.29;154
 91746.42;15.29;155
 91746.77;15.30;156
 91746.77;15.30;157
 91746.06;15.29;158
 91746.42;15.29;159
 91745.72;15.29;160
 91745.72;15.29;161
 91747.10;15.29;162
 91747.45;15.29;163
 91745.72;15.29;164
 91747.45;15.29;165
 91747.80;15.29;166
 91747.45;15.29;167
 91748.16;15.29;168
 91747.45;15.28;169
 91748.84;15.28;170
 91748.16;15.29;171
 91747.81;15.28;172
 91747.11;15.28;173
 91746.43;15.27;174
 91746.08;15.27;175
 91746.43;15.27;176
 91747.45;15.28;177
 91746.77;15.29;178
 91747.81;15.28;179
 91747.45;15.28;180
 91748.16;15.29;181
 91747.45;15.29;182
 91747.80;15.29;183
 91746.77;15.30;184
 91748.16;15.30;185
 91746.42;15.29;186
 91746.42;15.29;187
 91748.16;15.30;188
 91748.16;15.30;189
 91747.09;15.30;190
 91747.09;15.30;191
 91747.09;15.30;192
 91746.77;15.30;193
 91746.42;15.29;194
 91749.53;15.30;195
 91748.16;15.30;196
 91747.80;15.29;197
 91747.80;15.29;198
 91747.80;15.29;199
 91749.19;15.29;200
 91749.19;15.29;201
 91749.53;15.30;202
 91749.86;15.30;203
 91747.80;15.29;204
 91746.77;15.30;205
 91747.45;15.29;206
 91746.77;15.29;207
 91746.77;15.29;208
 91746.77;15.29;209
 91746.42;15.28;210
 91747.81;15.28;211
 91748.17;15.28;212
 91748.17;15.28;213
 91748.49;15.28;214
 91745.40;15.28;215
 91748.49;15.28;216
 91749.88;15.28;217
 91749.88;15.28;218
 91749.19;15.28;219
 91750.22;15.28;220
 91749.19;15.28;221
 91748.48;15.29;222
 91748.16;15.30;223
 91746.77;15.30;224
 91747.09;15.30;225
 91748.83;15.30;226
 91746.73;15.31;227
 91746.73;15.31;228
 91748.81;15.31;229
 91750.20;15.31;230
 91749.50;15.31;231
 91746.73;15.31;232
 91747.80;15.30;233
 91746.41;15.30;234
 91744.67;15.30;235
 91746.41;15.30;236
 91747.09;15.30;237
 91750.56;15.30;238
 91750.20;15.30;239
 91748.83;15.30;240
 91749.17;15.30;241
 91748.83;15.30;242
 91749.53;15.30;243
 91749.19;15.29;244
 91748.83;15.29;245
 91750.58;15.28;246
 91748.84;15.28;247
 91748.16;15.29;248
 91750.22;15.28;249
 91750.58;15.28;250
 91749.19;15.28;251
 91747.81;15.28;252
 91748.84;15.28;253
 91747.11;15.28;254
 91746.78;15.28;255
 91746.78;15.28;256
 91747.11;15.28;257
 91748.49;15.28;258
 91747.45;15.28;259
 91747.45;15.28;260
 91748.84;15.28;261
 91748.84;15.28;262
 91749.19;15.28;263
 91750.58;15.28;264
 91749.19;15.28;265
 91748.48;15.29;266
 91749.87;15.29;267
 91751.25;15.29;268
 91752.98;15.29;269
 91752.30;15.30;270
 91751.23;15.31;271
 91752.62;15.31;272
 91752.62;15.31;273
 91751.95;15.30;274
 91750.56;15.30;275
 91749.17;15.30;276
 91749.86;15.30;277
 91748.83;15.30;278
 91750.56;15.30;279
 91750.89;15.31;280
 91750.20;15.31;281
 91749.50;15.31;282
 91750.56;15.30;283
 91749.50;15.31;284
 91749.50;15.31;285
 91750.20;15.30;286
 91750.56;15.30;287
 91750.20;15.30;288
 91750.56;15.30;289
 91750.89;15.31;290
 91750.56;15.30;291
 91749.50;15.31;292
 91749.50;15.31;293
 91749.84;15.31;294
 91750.56;15.30;295
 91749.50;15.31;296
 91746.73;15.31;297
 91748.81;15.31;298
 91749.17;15.31;299
 91751.23;15.32;300
 91751.58;15.32;301
 91751.93;15.32;302
 91748.81;15.32;303
 91750.88;15.33;304
 91749.48;15.33;305
 91749.84;15.33;306
 91749.84;15.33;307
 91749.84;15.33;308
 91749.16;15.32;309
 91749.84;15.32;310
 91747.78;15.31;311
 91749.50;15.32;312
 91749.17;15.31;313
 91747.08;15.31;314
 91748.12;15.31;315
 91749.84;15.31;316
 91749.17;15.31;317
 91747.08;15.31;318
 91746.05;15.31;319
 91746.05;15.31;320
 91747.78;15.31;321
 91747.44;15.31;322
 91747.78;15.31;323
 91747.78;15.31;324
 91748.11;15.32;325
 91746.41;15.31;326
 91748.81;15.31;327
 91748.47;15.31;328
 91748.81;15.31;329
 91749.17;15.31;330
 91748.12;15.31;331
 91746.73;15.31;332
 91747.08;15.31;333
 91747.44;15.31;334
 91747.44;15.31;335
 91748.47;15.31;336
 91746.73;15.31;337
 91748.83;15.30;338
 91749.86;15.30;339
 91748.47;15.30;340
 91748.16;15.30;341
 91747.09;15.30;342
 91747.80;15.29;343
 91749.19;15.29;344
 91747.10;15.29;345
 91750.92;15.29;346
 91748.84;15.28;347
 91748.17;15.28;348
 91748.84;15.27;349
 91749.20;15.27;350
 91750.58;15.27;351
 91749.20;15.27;352
 91748.17;15.28;353
 91749.19;15.28;354
 91750.92;15.29;355
 91751.61;15.28;356
 91752.64;15.28;357
 91750.94;15.28;358
 91748.84;15.27;359
 91748.50;15.27;360
 91747.12;15.27;361
 91748.50;15.27;362
 91748.50;15.27;363
 91751.27;15.27;364
 91751.27;15.27;365
 91751.62;15.27;366
 91750.94;15.27;367
 91748.50;15.27;368
 91748.17;15.27;369
 91749.88;15.27;370
 91749.88;15.27;371
 91749.56;15.27;372
 91749.88;15.27;373
 91750.23;15.27;374
 91749.55;15.28;375
 91749.88;15.28;376
 91749.88;15.28;377
 91749.55;15.28;378
 91749.20;15.27;379
 91747.12;15.27;380
 91747.80;15.26;381
 91748.83;15.26;382
 91748.48;15.26;383
 91749.86;15.26;384
 91752.63;15.26;385
 91751.25;15.26;386
 91749.54;15.26;387
 91749.86;15.26;388
 91750.56;15.26;389
 91750.56;15.26;390
 91748.83;15.26;391
 91748.84;15.25;392
 91748.84;15.25;393
 91748.16;15.26;394
 91748.16;15.26;395
 91747.45;15.25;396
 91748.84;15.25;397
 91747.80;15.25;398
 91749.54;15.26;399
 91747.45;15.26;400
 91748.83;15.26;401
 91747.80;15.26;402
 91748.50;15.27;403
 91747.81;15.27;404
 91748.17;15.28;405
 91748.17;15.28;406
 91747.11;15.28;407
 91749.20;15.27;408
 91748.50;15.27;409
 91750.23;15.27;410
 91750.23;15.27;411
 91747.81;15.27;412
 91747.81;15.27;413
 91748.84;15.27;414
 91749.56;15.27;415
 91749.18;15.26;416
 91749.18;15.26;417
 91747.80;15.26;418
 91749.88;15.27;419
 91750.23;15.27;420
 91748.50;15.27;421
 91749.20;15.27;422
 91748.49;15.28;423
 91748.17;15.28;424
 91749.55;15.28;425
 91749.55;15.28;426
 91748.17;15.28;427
 91747.81;15.27;428
 91747.81;15.27;429
 91749.56;15.27;430
 91749.18;15.26;431
 91748.50;15.27;432
 91749.20;15.27;433
 91747.81;15.28;434
 91749.87;15.29;435
 91749.55;15.29;436
 91749.55;15.29;437
 91749.87;15.29;438
 91749.87;15.29;439
 91750.92;15.29;440
 91750.58;15.28;441
 91750.58;15.28;442
 91750.58;15.28;443
 91748.84;15.28;444
 91749.19;15.28;445
 91750.92;15.29;446
 91749.55;15.29;447
 91750.58;15.28;448
 91748.84;15.28;449
 91749.19;15.28;450
 91747.45;15.28;451
 91748.17;15.28;452
 91749.20;15.27;453
 91749.20;15.27;454
 91749.55;15.28;455
 91749.55;15.28;456
 91749.88;15.27;457
 91749.56;15.27;458
 91749.56;15.27;459
 91749.56;15.27;460
 91748.17;15.27;461
 91748.17;15.27;462
 91749.56;15.27;463
 91747.80;15.26;464
 91749.18;15.26;465
 91749.18;15.26;466
 91749.18;15.26;467
 91749.88;15.27;468
 91750.94;15.27;469
 91748.83;15.26;470
 91749.86;15.26;471
 91750.92;15.26;472
 91750.92;15.26;473
 91750.22;15.25;474
 91749.88;15.25;475
 91750.22;15.25;476
 91750.57;15.25;477
 91751.25;15.26;478
 91750.21;15.26;479
 91750.21;15.26;480
 91749.86;15.26;481
 91749.54;15.26;482
 91748.16;15.26;483
 91748.16;15.26;484
 91746.42;15.25;485
 91747.45;15.25;486
 91747.11;15.25;487
 91747.81;15.24;488
 91749.55;15.25;489
 91749.55;15.25;490
 91749.20;15.24;491
 91747.11;15.24;492
 91748.50;15.24;493
 91745.73;15.24;494
 91747.11;15.24;495
 91748.84;15.24;496
 91749.88;15.24;497
 91748.50;15.24;498
 91748.84;15.24;499
 91750.93;15.25;500
 91750.22;15.25;501
 91750.92;15.26;502
 91749.86;15.26;503
 91749.19;15.25;504
 91749.86;15.26;505
 91748.48;15.26;506
 91747.45;15.26;507
 91749.56;15.27;508
 91749.88;15.27;509
 91749.20;15.27;510
 91749.88;15.27;511
 91749.88;15.27;512
 91749.88;15.27;513
 91750.58;15.27;514
 91750.22;15.28;515
 91748.17;15.28;516
 91749.20;15.27;517
 91747.11;15.28;518
 91751.26;15.28;519
 91749.88;15.28;520
 91751.26;15.28;521
 91751.26;15.28;522
 91751.26;15.28;523
 91750.94;15.28;524
 91750.23;15.27;525
 91750.23;15.27;526
 91751.62;15.27;527
 91751.97;15.27;528
 91751.62;15.27;529
 91751.26;15.28;530
 91748.84;15.28;531
 91750.58;15.28;532
 91750.58;15.28;533
 91751.25;15.29;534
 91751.25;15.29;535
 91749.55;15.29;536
 91751.95;15.28;537
 91750.58;15.28;538
 91750.92;15.29;539
 91750.92;15.29;540
 91750.92;15.29;541
 91748.16;15.29;542
 91750.22;15.29;543
 91750.92;15.30;544
 91750.56;15.29;545
 91750.56;15.29;546
 91750.56;15.29;547
 91753.34;15.29;548
 91751.95;15.29;549
 91752.64;15.29;550
 91751.95;15.28;551
 91751.26;15.28;552
 91749.55;15.28;553
 91749.88;15.28;554
 91749.88;15.28;555
 91749.88;15.28;556
 91751.26;15.28;557
 91750.58;15.27;558
 91750.23;15.27;559
 91749.88;15.27;560
 91751.27;15.27;561
 91754.03;15.27;562
 91752.33;15.27;563
 91751.25;15.26;564
 91752.30;15.26;565
 91753.34;15.25;566
 91752.98;15.25;567
 91752.64;15.25;568
 91751.96;15.24;569
 91752.64;15.24;570
 91752.64;15.24;571
 91752.64;15.24;572
 91754.38;15.24;573
 91753.34;15.24;574
 91752.32;15.24;575
 91751.62;15.23;576
 91751.97;15.23;577
 91752.32;15.24;578
 91751.61;15.24;579
 91751.27;15.24;580
 91750.94;15.24;581
 91751.97;15.23;582
 91751.97;15.23;583
 91751.27;15.23;584
 91751.27;15.23;585
 91752.33;15.23;586
 91750.95;15.23;587
 91751.98;15.22;588
 91751.62;15.22;589
 91751.28;15.22;590
 91753.02;15.22;591
 91752.33;15.23;592
 91752.33;15.23;593
 91751.98;15.22;594
 91753.36;15.22;595
 91754.39;15.22;596
 91754.39;15.22;597
 91755.78;15.22;598
 91756.48;15.22;599
 91754.75;15.21;600
 91754.41;15.21;601
 91752.67;15.21;602
 91752.67;15.21;603
 91753.37;15.21;604
 91755.42;15.22;605
 91754.39;15.22;606
 91754.74;15.22;607
 91753.71;15.23;608
 91752.33;15.23;609
 91753.71;15.23;610
 91753.71;15.23;611
 91754.03;15.23;612
 91755.42;15.23;613
 91754.03;15.23;614
 91754.03;15.23;615
 91754.39;15.23;616
 91754.73;15.23;617
 91754.73;15.23;618
 91756.12;15.23;619
 91754.73;15.23;620
 91753.35;15.23;621
 91751.97;15.23;622
 91752.32;15.24;623
 91751.97;15.23;624
 91753.00;15.23;625
 91753.70;15.24;626
 91752.32;15.24;627
 91753.00;15.24;628
 91753.34;15.24;629
 91752.31;15.25;630
 91753.00;15.24;631
 91753.35;15.23;632
 91754.73;15.23;633
 91753.00;15.23;634
 91751.97;15.23;635
 91753.00;15.23;636
 91754.03;15.23;637
 91753.71;15.23;638
 91752.66;15.23;639
 91752.66;15.23;640
 91754.39;15.23;641
 91753.00;15.23;642
 91753.00;15.23;643
 91753.35;15.23;644
 91752.64;15.24;645
 91752.64;15.24;646
 91752.64;15.24;647
 91753.34;15.24;648
 91754.73;15.24;649
 91753.70;15.25;650
 91751.96;15.24;651
 91753.00;15.24;652
 91753.70;15.24;653
 91755.41;15.24;654
 91755.41;15.24;655
 91755.41;15.24;656
 91754.38;15.24;657
 91754.03;15.24;658
 91752.64;15.24;659
 91752.32;15.24;660
 91751.62;15.23;661
 91752.66;15.23;662
 91754.03;15.23;663
 91752.33;15.23;664
 91752.33;15.23;665
 91751.98;15.22;666
 91751.98;15.22;667
 91751.62;15.22;668
 91751.28;15.22;669
 91752.66;15.22;670
 91752.66;15.22;671
 91751.28;15.22;672
 91750.95;15.22;673
 91752.34;15.22;674
 91754.05;15.22;675
 91753.02;15.22;676
 91754.05;15.22;677
 91753.37;15.21;678
 91751.64;15.21;679
 91751.98;15.21;680
 91751.98;15.21;681
 91753.37;15.21;682
 91753.02;15.21;683
 91752.67;15.21;684
 91751.98;15.21;685
 91750.95;15.22;686
 91751.28;15.22;687
 91752.33;15.23;688
 91751.98;15.22;689
 91753.36;15.22;690
 91750.95;15.22;691
 91750.25;15.21;692
 91751.98;15.21;693
 91750.25;15.21;694
 91751.64;15.21;695
 91750.60;15.21;696
 91751.98;15.21;697
 91750.60;15.21;698
 91751.98;15.21;699
 91753.02;15.21;700
 91753.72;15.22;701
 91752.66;15.22;702
 91751.62;15.22;703
 91752.33;15.23;704
 91751.62;15.23;705
 91750.59;15.23;706
 91750.94;15.24;707
 91751.97;15.23;708
 91751.62;15.23;709
 91750.59;15.22;710
 91751.28;15.22;711
 91752.66;15.22;712
 91753.02;15.22;713
 91750.59;15.22;714
 91750.59;15.22;715
 91752.33;15.23;716
 91752.33;15.23;717
 91751.98;15.22;718
 91752.33;15.23;719
 91752.66;15.23;720
 91751.27;15.23;721
 91750.59;15.23;722
 91751.27;15.24;723
 91751.27;15.24;724
 91750.94;15.24;725
 91750.94;15.24;726
 91749.55;15.24;727
 91750.23;15.23;728
 91751.62;15.23;729
 91751.27;15.23;730
 91751.27;15.23;731
 91751.62;15.23;732
 91748.50;15.23;733
 91747.47;15.23;734
 91747.47;15.23;735
 91746.08;15.23;736
 91747.12;15.23;737
 91748.50;15.23;738
 91748.85;15.23;739
 91749.20;15.23;740
 91749.20;15.24;741
 91749.88;15.25;742
 91750.93;15.25;743
 91749.55;15.25;744
 91748.16;15.25;745
 91749.20;15.24;746
 91750.23;15.24;747
 91749.55;15.24;748
 91749.20;15.23;749
 91749.55;15.24;750
 91750.59;15.23;751
 91750.59;15.23;752
 91750.59;15.23;753
 91748.17;15.24;754
 91748.50;15.24;755
 91748.50;15.24;756
 91746.42;15.24;757
 91748.48;15.25;758
 91747.11;15.25;759
 91746.06;15.25;760
 91748.84;15.25;761
 91748.84;15.25;762
 91748.84;15.25;763
 91748.84;15.25;764
 91748.84;15.25;765
 91748.48;15.25;766
 91750.22;15.25;767
 91749.88;15.25;768
 91748.84;15.25;769
 91748.84;15.25;770
 91748.48;15.25;771
 91749.55;15.25;772
 91749.88;15.25;773
 91748.84;15.24;774
 91749.55;15.25;775
 91750.23;15.24;776
 91748.50;15.24;777
 91748.50;15.24;778
 91749.88;15.24;779
 91749.88;15.24;780
 91750.23;15.24;781
 91749.55;15.24;782
 91749.55;15.24;783
 91750.59;15.23;784
 91750.23;15.23;785
 91748.17;15.23;786
 91749.20;15.22;787
 91749.89;15.23;788
 91750.23;15.23;789
 91749.89;15.23;790
 91748.85;15.23;791
 91750.23;15.23;792
 91749.89;15.23;793
 91749.56;15.23;794
 91748.86;15.22;795
 91749.56;15.22;796
 91747.83;15.21;797
 91748.51;15.22;798
 91749.56;15.22;799
 91748.87;15.21;800
 91747.13;15.21;801
 91747.48;15.21;802
 91748.19;15.22;803
 91748.86;15.22;804
 91749.56;15.23;805
 91748.50;15.23;806
 91748.50;15.23;807
 91746.80;15.23;808
 91748.17;15.23;809
 91748.86;15.22;810
 91748.51;15.22;811
 91749.56;15.22;812
 91749.89;15.22;813
 91749.89;15.22;814
 91749.89;15.22;815
 91748.51;15.22;816
 91747.83;15.22;817
 91749.20;15.22;818
 91748.17;15.23;819
 91748.17;15.23;820
 91749.20;15.22;821
 91748.17;15.23;822
 91749.20;15.22;823
 91749.20;15.22;824
 91747.48;15.22;825
 91749.20;15.22;826
 91749.56;15.22;827
 91749.22;15.21;828
 91748.87;15.21;829
 91747.48;15.21;830
 91747.48;15.21;831
 91748.19;15.22;832
 91748.51;15.22;833
 91747.83;15.22;834
 91749.89;15.23;835
 91748.50;15.23;836
 91747.12;15.23;837
 91747.12;15.23;838
 91744.35;15.23;839
 91744.70;15.23;840
 91744.35;15.23;841
 91747.12;15.23;842
 91746.80;15.23;843
 91747.83;15.22;844
 91747.83;15.22;845
 91749.20;15.22;846
 91749.56;15.23;847
 91749.20;15.22;848
 91748.86;15.22;849
 91747.48;15.22;850
 91747.48;15.22;851
 91747.48;15.22;852
 91748.86;15.22;853
 91747.48;15.22;854
 91748.17;15.23;855
 91747.47;15.23;856
 91746.08;15.23;857
 91747.81;15.23;858
 91749.88;15.24;859
 91750.23;15.24;860
 91750.58;15.24;861
 91749.55;15.25;862
 91748.16;15.25;863
 91749.20;15.24;864
 91747.81;15.24;865
 91748.16;15.25;866
 91747.46;15.24;867
 91747.46;15.24;868
 91748.84;15.24;869
 91748.84;15.24;870
 91747.46;15.24;871
 91748.84;15.25;872
 91749.19;15.25;873
 91748.48;15.26;874
 91747.80;15.25;875
 91747.11;15.25;876
 91748.84;15.25;877
 91747.45;15.25;878
 91748.84;15.25;879
 91747.11;15.25;880
 91747.11;15.25;881
 91747.45;15.25;882
 91747.45;15.25;883
 91746.42;15.25;884
 91746.42;15.25;885
 91746.42;15.25;886
 91745.39;15.25;887
 91748.16;15.25;888
 91748.48;15.25;889
 91748.48;15.25;890
 91749.20;15.24;891
 91747.81;15.24;892
 91749.88;15.25;893
 91749.20;15.24;894
 91749.88;15.25;895
 91749.88;15.25;896
 91750.22;15.25;897
 91750.22;15.25;898
 91748.84;15.25;899
 91749.19;15.25;900
 91749.19;15.25;901
 91748.16;15.26;902
 91749.86;15.26;903
 91749.86;15.26;904
 91748.83;15.26;905
 91748.48;15.26;906
 91747.80;15.25;907
 91748.16;15.26;908
 91748.83;15.26;909
 91748.48;15.26;910
 91750.21;15.26;911
 91749.18;15.26;912
 91748.83;15.26;913
 91748.48;15.26;914
 91748.83;15.26;915
 91747.45;15.26;916
 91746.41;15.26;917
 91749.56;15.27;918
 91749.18;15.26;919
 91747.80;15.26;920
 91748.48;15.26;921
 91750.57;15.25;922
 91747.45;15.25;923
 91749.54;15.26;924
 91749.54;15.26;925
 91749.54;15.26;926
 91748.48;15.26;927
 91747.80;15.26;928
 91748.83;15.26;929
 91748.83;15.26;930
 91747.80;15.26;931
 91748.17;15.27;932
 91747.80;15.26;933
 91747.80;15.26;934
 91748.48;15.26;935
 91748.48;15.26;936
 91748.48;15.26;937
 91748.83;15.26;938
 91749.18;15.26;939
 91749.86;15.26;940
 91747.11;15.25;941
 91748.48;15.25;942
 91748.84;15.25;943
 91748.48;15.25;944
 91747.45;15.25;945
 91747.45;15.25;946
 91748.48;15.25;947
 91748.16;15.25;948
 91747.81;15.24;949
 91747.81;15.24;950
 91749.20;15.24;951
 91749.55;15.25;952
 91749.20;15.24;953
 91750.23;15.24;954
 91750.58;15.24;955
 91751.61;15.24;956
 91749.88;15.24;957
 91749.88;15.24;958
 91749.20;15.24;959
 91747.46;15.24;960
 91748.84;15.24;961
 91747.11;15.24;962
 91749.55;15.24;963
 91748.17;15.24;964
 91748.17;15.24;965
 91749.88;15.24;966
 91749.55;15.24;967
 91750.59;15.23;968
 91750.59;15.23;969
 91750.23;15.23;970
 91748.85;15.23;971
 91748.17;15.24;972
 91750.23;15.24;973
 91749.88;15.24;974
 91748.84;15.24;975
 91749.88;15.25;976
 91750.22;15.25;977
 91750.22;15.25;978
 91749.86;15.26;979
 91748.83;15.26;980
 91748.50;15.27;981
 91747.12;15.27;982
 91746.79;15.27;983
 91748.17;15.27;984
 91751.95;15.26;985
 91751.27;15.27;986
 91751.27;15.27;987
 91751.27;15.27;988
 91751.62;15.27;989
 91748.84;15.27;990
 91752.66;15.27;991
 91750.58;15.27;992
 91748.50;15.27;993
 91750.23;15.27;994
 91750.58;15.27;995
 91751.97;15.27;996
 91750.23;15.27;997
 91750.94;15.28;998
 91749.88;15.28;999
 91749.55;15.28;1000
 91749.20;15.27;1001
 91747.47;15.27;1002
 91748.50;15.27;1003
 91748.17;15.27;1004
 91748.50;15.27;1005
 91750.23;15.27;1006
 91751.27;15.27;1007
 91751.95;15.26;1008
 91752.30;15.26;1009
 91749.55;15.25;1010
 91749.55;15.25;1011
 91750.93;15.25;1012
 91748.48;15.25;1013
 91748.84;15.25;1014
 91749.19;15.25;1015
 91749.86;15.26;1016
 91748.48;15.26;1017
 91749.86;15.26;1018
 91749.86;15.26;1019
 91749.54;15.26;1020
 91748.84;15.25;1021
 91748.48;15.25;1022
 91748.48;15.25;1023
 91748.84;15.25;1024
 91748.16;15.26;1025
 91748.83;15.26;1026
 91748.16;15.26;1027
 91749.19;15.25;1028
 91748.84;15.25;1029
 91749.88;15.25;1030
 91749.88;15.25;1031
 91749.88;15.25;1032
 91748.16;15.25;1033
 91750.22;15.25;1034
 91749.55;15.25;1035
 91749.20;15.24;1036
 91749.55;15.25;1037
 91748.48;15.25;1038
 91748.16;15.25;1039
 91747.46;15.24;1040
 91747.11;15.24;1041
 91749.20;15.24;1042
 91748.16;15.25;1043
 91748.84;15.25;1044
 91749.19;15.25;1045
 91748.48;15.25;1046
 91750.57;15.25;1047
 91749.54;15.26;1048
 91748.48;15.26;1049
 91749.86;15.26;1050
 91751.25;15.26;1051
 91750.56;15.26;1052
 91750.21;15.26;1053
 91749.86;15.26;1054
 91746.77;15.26;1055
 91748.48;15.26;1056
 91750.21;15.26;1057
 91751.59;15.26;1058
 91751.59;15.26;1059
 91751.59;15.26;1060
 91750.56;15.26;1061
 91748.50;15.27;1062
 91750.23;15.27;1063
 91749.18;15.26;1064
 91749.18;15.26;1065
 91749.88;15.27;1066
 91750.23;15.27;1067
 91750.23;15.27;1068
 91750.94;15.28;1069
 91750.94;15.28;1070
 91752.31;15.28;1071
 91750.23;15.27;1072
 91750.58;15.27;1073
 91750.58;15.27;1074
 91750.58;15.27;1075
 91749.88;15.28;1076
 91749.88;15.28;1077
 91750.94;15.28;1078
 91750.94;15.28;1079
 91752.66;15.27;1080
 91751.27;15.27;1081
 91751.95;15.26;1082
 91750.56;15.26;1083
 91750.94;15.27;1084
 91751.95;15.26;1085
 91752.63;15.26;1086
 91752.30;15.26;1087
 91752.98;15.25;1088
 91752.64;15.25;1089
 91753.34;15.24;1090
 91752.32;15.24;1091
 91750.23;15.23;1092
 91751.27;15.23;1093
 91750.95;15.23;1094
 91753.02;15.22;1095
 91752.66;15.22;1096
 91752.66;15.22;1097
 91751.98;15.22;1098
 91751.28;15.22;1099
 91751.28;15.22;1100
 91751.28;15.22;1101
 91751.98;15.21;1102
 91753.37;15.21;1103
 91755.10;15.22;1104
 91753.72;15.22;1105
 91752.66;15.22;1106
 91753.02;15.22;1107
 91752.33;15.23;1108
 91751.62;15.23;1109
 91752.64;15.24;1110
 91753.34;15.24;1111
 91754.02;15.25;1112
 91754.02;15.25;1113
 91752.98;15.25;1114
 91750.92;15.26;1115
 91751.25;15.26;1116
 91751.59;15.26;1117
 91751.25;15.26;1118
 91750.92;15.26;1119
 91752.63;15.26;1120
 91751.95;15.26;1121
 91752.33;15.27;1122
 91751.95;15.26;1123
 91752.33;15.27;1124
 91754.39;15.27;1125
 91752.66;15.27;1126
 91752.66;15.27;1127
 91753.00;15.27;1128
 91752.66;15.27;1129
 91753.00;15.27;1130
 91753.35;15.27;1131
 91752.31;15.28;1132
 91750.94;15.28;1133
 91752.31;15.28;1134
 91750.94;15.28;1135
 91752.64;15.28;1136
 91751.97;15.27;1137
 91753.35;15.27;1138
 91752.31;15.28;1139
 91751.26;15.28;1140
 91751.26;15.28;1141
 91749.88;15.28;1142
 91751.95;15.28;1143
 91750.58;15.28;1144
 91751.25;15.29;1145
 91751.60;15.29;1146
 91751.95;15.29;1147
 91751.95;15.29;1148
 91751.25;15.30;1149
 91751.95;15.30;1150
 91753.33;15.30;1151
 91752.98;15.30;1152
 91752.62;15.30;1153
 91750.92;15.30;1154
 91752.30;15.30;1155
 91752.30;15.30;1156
 91752.98;15.30;1157
 91753.66;15.31;1158
 91753.33;15.30;1159
 91754.00;15.31;1160
 91752.97;15.31;1161
 91752.62;15.31;1162
 91752.27;15.31;1163
 91752.98;15.30;1164
 91752.98;15.30;1165
 91751.95;15.30;1166
 91752.62;15.31;1167
 91752.27;15.31;1168
 91754.00;15.31;1169
 91752.27;15.31;1170
 91754.35;15.31;1171
 91753.32;15.31;1172
 91752.61;15.32;1173
 91752.61;15.32;1174
 91753.64;15.32;1175
 91752.61;15.32;1176
 91750.88;15.32;1177
 91750.55;15.31;1178
 91750.88;15.32;1179
 91751.59;15.31;1180
 91752.27;15.31;1181
 91751.95;15.30;1182
 91752.27;15.31;1183
 91751.95;15.30;1184
 91751.95;15.30;1185
 91750.89;15.31;1186
 91753.33;15.30;1187
 91751.95;15.30;1188
 91751.95;15.30;1189
 91751.95;15.30;1190
 91751.95;15.30;1191
 91752.62;15.31;1192
 91752.61;15.32;1193
 91751.93;15.32;1194
 91752.25;15.33;1195
 91752.25;15.33;1196
 91752.25;15.33;1197
 91752.25;15.33;1198
 91752.25;15.33;1199
 91750.88;15.33;1200
 91751.22;15.33;1201
 91752.25;15.34;1202
 91752.95;15.34;1203
 91751.91;15.34;1204
 91750.53;15.34;1205
 91753.62;15.35;1206
 91751.91;15.34;1207
 91751.91;15.34;1208
 91751.56;15.34;1209
 91750.53;15.34;1210
 91750.85;15.35;1211
 91750.85;15.35;1212
 91750.53;15.34;1213
 91752.23;15.35;1214
 91751.55;15.35;1215
 91751.55;15.35;1216
 91751.91;15.35;1217
 91753.29;15.35;1218
 91752.94;15.35;1219
 91752.59;15.35;1220
 91754.68;15.34;1221
 91756.06;15.34;1222
 91755.36;15.34;1223
 91753.62;15.34;1224
 91753.30;15.33;1225
 91753.62;15.34;1226
 91756.40;15.34;1227
 91755.02;15.34;1228
 91753.30;15.33;1229
 91754.34;15.33;1230
 91752.60;15.33;1231
 91753.98;15.33;1232
 91751.93;15.32;1233
 91752.96;15.32;1234
 91751.58;15.32;1235
 91752.61;15.32;1236
 91752.61;15.32;1237
 91752.27;15.32;1238
 91752.61;15.32;1239
 91752.96;15.32;1240
 91752.96;15.32;1241
 91754.34;15.32;1242
 91755.38;15.32;1243
 91755.03;15.32;1244
 91755.03;15.32;1245
 91755.03;15.32;1246
 91754.70;15.31;1247
 91753.64;15.32;1248
 91753.64;15.32;1249
 91753.99;15.32;1250
 91753.99;15.32;1251
 91755.03;15.32;1252
 91754.70;15.31;1253
 91753.64;15.32;1254
 91755.38;15.32;1255
 91755.03;15.32;1256
 91753.64;15.32;1257
 91753.64;15.32;1258
 91752.61;15.32;1259
 91753.64;15.32;1260
 91752.61;15.32;1261
 91753.99;15.32;1262
 91753.99;15.32;1263
 91753.64;15.32;1264
 91753.32;15.31;1265
 91753.64;15.32;1266
 91753.64;15.32;1267
 91753.32;15.31;1268
 91754.35;15.31;1269
 91754.00;15.31;1270
 91755.73;15.31;1271
 91756.09;15.31;1272
 91754.70;15.31;1273
 91753.32;15.31;1274
 91755.03;15.32;1275
 91754.70;15.31;1276
 91751.94;15.31;1277
 91752.61;15.32;1278
 91753.31;15.32;1279
 91754.34;15.32;1280
 91755.38;15.32;1281
 91755.73;15.32;1282
 91756.77;15.32;1283
 91754.34;15.32;1284
 91755.38;15.32;1285
 91753.99;15.32;1286
 91754.70;15.32;1287
 91756.77;15.32;1288
 91757.80;15.32;1289
 91756.41;15.32;1290
 91755.38;15.32;1291
 91755.73;15.32;1292
 91755.38;15.32;1293
 91756.41;15.32;1294
 91756.09;15.31;1295
 91756.41;15.32;1296
 91756.09;15.31;1297
 91755.39;15.31;1298
 91755.03;15.31;1299
 91753.33;15.30;1300
 91754.71;15.30;1301
 91753.33;15.30;1302
 91754.71;15.30;1303
 91754.36;15.30;1304
 91755.74;15.30;1305
 91755.03;15.31;1306
 91755.39;15.31;1307
 91754.35;15.31;1308
 91755.38;15.32;1309
 91757.11;15.32;1310
 91756.08;15.32;1311
 91757.47;15.32;1312
 91755.38;15.32;1313
 91756.41;15.32;1314
 91756.09;15.31;1315
 91757.47;15.31;1316
 91756.41;15.32;1317
 91755.38;15.32;1318
 91757.11;15.32;1319
 91756.08;15.32;1320
 91753.64;15.33;1321
 91754.70;15.32;1322
 91753.99;15.32;1323
 91756.41;15.32;1324
 91754.70;15.31;1325
 91754.70;15.31;1326
 91755.73;15.31;1327
 91755.03;15.32;1328
 91755.03;15.32;1329
 91753.99;15.32;1330
 91755.38;15.32;1331
 91755.03;15.32;1332
 91754.70;15.31;1333
 91753.32;15.31;1334
 91753.32;15.31;1335
 91752.61;15.32;1336
 91753.64;15.33;1337
 91755.38;15.33;1338
 91756.41;15.33;1339
 91754.70;15.32;1340
 91755.38;15.33;1341
 91756.75;15.33;1342
 91757.11;15.33;1343
 91758.14;15.33;1344
 91758.14;15.33;1345
 91757.11;15.33;1346
 91756.08;15.33;1347
 91756.75;15.33;1348
 91757.11;15.33;1349
 91754.69;15.33;1350
 91755.02;15.34;1351
 91755.36;15.34;1352
 91756.75;15.34;1353
 91756.08;15.33;1354
 91754.69;15.33;1355
 91754.34;15.33;1356
 91757.11;15.33;1357
 91755.72;15.33;1358
 91756.75;15.33;1359
 91757.11;15.33;1360
 91755.72;15.33;1361
 91754.69;15.33;1362
 91757.78;15.34;1363
 91755.36;15.34;1364
 91755.72;15.34;1365
 91755.36;15.34;1366
 91756.75;15.34;1367
 91755.72;15.34;1368
 91753.98;15.34;1369
 91755.36;15.34;1370
 91756.75;15.34;1371
 91758.84;15.33;1372
 91757.45;15.33;1373
 91757.78;15.34;1374
 91756.40;15.34;1375
 91755.72;15.33;1376
 91757.11;15.33;1377
 91756.08;15.33;1378
 91755.02;15.34;1379
 91753.98;15.34;1380
 91755.36;15.34;1381
 91757.09;15.34;1382
 91755.72;15.34;1383
 91755.72;15.34;1384
 91755.72;15.34;1385
 91756.73;15.35;1386
 91755.36;15.35;1387
 91752.59;15.35;1388
 91754.33;15.35;1389
 91754.33;15.35;1390
 91756.06;15.35;1391
 91754.67;15.35;1392
 91755.70;15.35;1393
 91756.73;15.35;1394
 91758.83;15.35;1395
 91756.73;15.35;1396
 91756.73;15.35;1397
 91757.77;15.36;1398
 91758.11;15.36;1399
 91756.73;15.36;1400
 91758.81;15.36;1401
 91757.76;15.37;1402
 91758.81;15.36;1403
 91758.47;15.36;1404
 91756.38;15.36;1405
 91757.44;15.35;1406
 91757.44;15.35;1407
 91757.09;15.35;1408
 91756.73;15.35;1409
 91758.12;15.35;1410
 91756.39;15.35;1411
 91755.01;15.35;1412
 91756.06;15.34;1413
 91756.39;15.35;1414
 91756.39;15.35;1415
 91756.73;15.35;1416
 91757.77;15.35;1417
 91757.77;15.35;1418
 91758.83;15.34;1419
 91759.16;15.35;1420
 91759.50;15.36;1421
 91758.11;15.36;1422
 91756.38;15.36;1423
 91757.44;15.35;1424
 91756.73;15.36;1425
 91756.05;15.36;1426
 91756.05;15.36;1427
 91756.05;15.36;1428
 91758.47;15.36;1429
 91758.11;15.36;1430
 91759.50;15.36;1431
 91758.47;15.36;1432
 91758.47;15.36;1433
 91757.44;15.36;1434
 91758.81;15.36;1435
 91759.50;15.36;1436
 91760.88;15.36;1437
 91759.85;15.36;1438
 91759.50;15.36;1439
 91759.16;15.36;1440
 91757.44;15.35;1441
 91758.83;15.35;1442
 91758.83;15.35;1443
 91759.51;15.35;1444
 91759.16;15.35;1445
 91759.51;15.35;1446
 91761.24;15.35;1447
 91761.24;15.35;1448
 91760.55;15.35;1449
 91758.48;15.34;1450
 91759.52;15.34;1451
 91760.22;15.33;1452
 91759.88;15.33;1453
 91758.84;15.33;1454
 91761.26;15.33;1455
 91759.88;15.33;1456
 91760.22;15.33;1457
 91760.22;15.33;1458
 91761.61;15.33;1459
 91761.61;15.33;1460
 91759.52;15.33;1461
 91760.23;15.32;1462
 91758.84;15.32;1463
 91759.88;15.32;1464
 91758.15;15.32;1465
 91758.86;15.31;1466
 91759.53;15.32;1467
 91759.88;15.32;1468
 91760.23;15.32;1469
 91758.84;15.32;1470
 91759.88;15.32;1471
 91759.88;15.32;1472
 91759.53;15.32;1473
 91759.89;15.31;1474
 91760.23;15.31;1475
 91759.89;15.31;1476
 91762.66;15.31;1477
 91760.92;15.31;1478
 91759.89;15.31;1479
 91760.92;15.32;1480
 91761.62;15.32;1481
 91761.94;15.33;1482
 91763.33;15.33;1483
 91762.64;15.33;1484
 91762.30;15.33;1485
 91762.64;15.33;1486
 91763.67;15.34;1487
 91761.61;15.33;1488
 91762.30;15.33;1489
 91761.62;15.32;1490
 91761.27;15.32;1491
 91761.62;15.32;1492
 91760.56;15.33;1493
 91759.52;15.33;1494
 91761.26;15.33;1495
 91761.61;15.33;1496
 91761.61;15.33;1497
 91762.30;15.33;1498
 91760.91;15.33;1499
 91760.56;15.33;1500
 91763.00;15.32;1501
 91761.62;15.32;1502
 91760.56;15.33;1503
 91761.26;15.33;1504
 91760.22;15.33;1505
 91760.90;15.34;1506
 91760.90;15.34;1507
 91761.61;15.33;1508
 91761.61;15.33;1509
 91759.88;15.33;1510
 91759.88;15.33;1511
 91758.84;15.33;1512
 91758.48;15.33;1513
 91760.55;15.34;1514
 91758.84;15.33;1515
 91759.88;15.33;1516
 91760.91;15.33;1517
 91764.02;15.33;1518
 91762.99;15.33;1519
 91764.70;15.33;1520
 91763.67;15.33;1521
 91764.70;15.34;1522
 91764.38;15.33;1523
 91761.94;15.33;1524
 91761.94;15.33;1525
 91763.00;15.32;1526
 91762.65;15.32;1527
 91763.33;15.32;1528
 91763.33;15.32;1529
 91764.03;15.32;1530
 91764.03;15.32;1531
 91763.00;15.32;1532
 91763.33;15.33;1533
 91761.94;15.33;1534
 91763.33;15.33;1535
 91763.69;15.32;1536
 91763.33;15.32;1537
 91765.06;15.32;1538
 91766.45;15.32;1539
 91764.38;15.32;1540
 91763.00;15.32;1541
 91763.67;15.33;1542
 91764.38;15.32;1543
 91764.38;15.32;1544
 91765.41;15.32;1545
 91765.77;15.32;1546
 91763.69;15.32;1547
 91762.30;15.32;1548
 91760.92;15.32;1549
 91761.27;15.32;1550
 91760.23;15.32;1551
 91761.26;15.33;1552
 91762.64;15.33;1553
 91761.94;15.33;1554
 91760.91;15.33;1555
 91762.30;15.33;1556
 91761.94;15.33;1557
 91761.94;15.33;1558
 91761.62;15.32;1559
 91761.27;15.32;1560
 91761.62;15.32;1561
 91763.33;15.33;1562
 91761.61;15.33;1563
 91762.64;15.33;1564
 91762.30;15.33;1565
 91765.06;15.33;1566
 91763.00;15.32;1567
 91761.62;15.32;1568
 91763.00;15.32;1569
 91764.38;15.32;1570
 91765.06;15.33;1571
 91764.02;15.33;1572
 91763.67;15.33;1573
 91763.00;15.32;1574
 91763.69;15.32;1575
 91764.03;15.32;1576
 91764.38;15.32;1577
 91764.38;15.32;1578
 91764.70;15.33;1579
 91766.45;15.33;1580
 91765.77;15.33;1581
 91764.70;15.34;1582
 91765.41;15.34;1583
 91764.02;15.34;1584
 91764.37;15.34;1585
 91764.02;15.34;1586
 91765.41;15.34;1587
 91765.41;15.34;1588
 91765.05;15.34;1589
 91765.41;15.33;1590
 91764.38;15.33;1591
 91764.38;15.33;1592
 91767.14;15.33;1593
 91767.14;15.33;1594
 91766.45;15.33;1595
 91764.70;15.33;1596
 91766.09;15.33;1597
 91765.06;15.33;1598
 91765.06;15.33;1599
 91765.41;15.33;1600
 91765.06;15.33;1601
 91765.06;15.33;1602
 91765.77;15.32;1603
 91764.03;15.32;1604
 91764.03;15.32;1605
 91763.69;15.32;1606
 91763.01;15.31;1607
 91764.04;15.31;1608
 91765.41;15.32;1609
 91764.38;15.32;1610
 91765.41;15.32;1611
 91765.06;15.32;1612
 91764.03;15.32;1613
 91765.06;15.32;1614
 91764.38;15.32;1615
 91766.09;15.33;1616
 91766.80;15.33;1617
 91766.09;15.34;1618
 91766.09;15.34;1619
 91766.09;15.34;1620
 91766.09;15.34;1621
 91765.77;15.33;1622
 91765.41;15.33;1623
 91765.77;15.33;1624
 91767.14;15.33;1625
 91765.77;15.33;1626
 91765.41;15.33;1627
 91764.70;15.34;1628
 91764.38;15.33;1629
 91764.38;15.33;1630
 91764.02;15.34;1631
 91764.70;15.35;1632
 91763.31;15.35;1633
 91764.37;15.34;1634
 91762.28;15.34;1635
 91762.64;15.33;1636
 91762.30;15.33;1637
 91763.67;15.33;1638
 91764.38;15.32;1639
 91764.03;15.32;1640
 91763.69;15.32;1641
 91763.69;15.32;1642
 91765.41;15.32;1643
 91762.65;15.32;1644
 91763.33;15.33;1645
 91763.33;15.33;1646
 91763.33;15.32;1647
 91763.33;15.32;1648
 91763.33;15.32;1649
 91762.30;15.32;1650
 91765.06;15.32;1651
 91763.33;15.32;1652
 91763.01;15.31;1653
 91762.66;15.31;1654
 91763.69;15.31;1655
 91764.72;15.31;1656
 91765.08;15.31;1657
 91765.78;15.30;1658
 91765.78;15.30;1659
 91766.11;15.31;1660
 91766.81;15.30;1661
 91763.70;15.30;1662
 91761.98;15.30;1663
 91761.98;15.30;1664
 91762.31;15.30;1665
 91764.06;15.29;1666
 91762.67;15.29;1667
 91764.06;15.29;1668
 91765.09;15.29;1669
 91765.09;15.29;1670
 91766.47;15.29;1671
 91765.09;15.29;1672
 91764.06;15.29;1673
 91765.08;15.30;1674
 91764.40;15.30;1675
 91764.72;15.31;1676
 91765.08;15.31;1677
 91765.42;15.31;1678
 91763.33;15.32;1679
 91764.38;15.32;1680
 91763.67;15.33;1681
 91763.67;15.33;1682
 91763.67;15.33;1683
 91763.67;15.33;1684
 91765.06;15.33;1685
 91763.00;15.32;1686
 91763.00;15.32;1687
 91763.33;15.33;1688
 91765.41;15.33;1689
 91764.38;15.33;1690
 91765.05;15.34;1691
 91763.31;15.34;1692
 91763.31;15.34;1693
 91764.38;15.33;1694
 91764.38;15.33;1695
 91765.77;15.33;1696
 91765.75;15.34;1697
 91764.70;15.35;1698
 91766.43;15.35;1699
 91763.66;15.35;1700
 91763.66;15.35;1701
 91764.02;15.35;1702
 91765.05;15.35;1703
 91764.70;15.35;1704
 91764.70;15.35;1705
 91764.37;15.34;1706
 91763.31;15.35;1707
 91763.67;15.34;1708
 91762.28;15.34;1709
 91762.99;15.33;1710
 91762.64;15.33;1711
 91763.31;15.34;1712
 91764.70;15.34;1713
 91764.38;15.33;1714
 91762.99;15.33;1715
 91765.41;15.33;1716
 91764.38;15.33;1717
 91762.99;15.33;1718
 91760.91;15.33;1719
 91763.33;15.33;1720
 91760.56;15.33;1721
 91760.91;15.33;1722
 91761.26;15.33;1723
 91763.31;15.34;1724
 91764.38;15.33;1725
 91762.99;15.33;1726
 91761.26;15.33;1727
 91761.94;15.33;1728
 91763.00;15.32;1729
 91761.94;15.33;1730
 91761.94;15.33;1731
 91763.33;15.33;1732
 91763.67;15.33;1733
 91764.02;15.33;1734
 91764.38;15.33;1735
 91764.70;15.34;1736
 91765.05;15.34;1737
 91762.98;15.34;1738
 91763.31;15.35;1739
 91764.37;15.34;1740
 91761.92;15.35;1741
 91761.92;15.35;1742
 91761.25;15.34;1743
 91764.02;15.34;1744
 91762.98;15.34;1745
 91763.31;15.35;1746
 91763.66;15.35;1747
 91764.02;15.35;1748
 91762.27;15.35;1749
 91763.66;15.35;1750
 91763.66;15.35;1751
 91762.98;15.34;1752
 91762.63;15.34;1753
 91764.02;15.34;1754
 91765.41;15.34;1755
 91765.41;15.34;1756
 91765.41;15.34;1757
 91764.37;15.34;1758
 91762.63;15.34;1759
 91762.98;15.34;1760
 91762.63;15.34;1761
 91761.92;15.35;1762
 91763.31;15.35;1763
 91762.27;15.35;1764
 91760.89;15.35;1765
 91761.92;15.35;1766
 91761.60;15.34;1767
 91761.92;15.35;1768
 91762.27;15.35;1769
 91761.92;15.35;1770
 91762.98;15.34;1771
 91762.63;15.34;1772
 91761.60;15.34;1773
 91762.63;15.34;1774
 91764.37;15.34;1775
 91765.05;15.35;1776
 91763.30;15.36;1777
 91765.03;15.36;1778
 91765.03;15.36;1779
 91764.00;15.36;1780
 91764.00;15.36;1781
 91764.36;15.36;1782
 91765.39;15.36;1783
 91763.66;15.36;1784
 91762.97;15.36;1785
 91763.30;15.37;1786
 91763.30;15.37;1787
 91763.30;15.37;1788
 91762.26;15.37;1789
 91765.38;15.37;1790
 91766.05;15.38;1791
 91764.67;15.38;1792
 91763.64;15.38;1793
 91763.28;15.38;1794
 91764.00;15.37;1795
 91765.03;15.37;1796
 91766.06;15.37;1797
 91766.06;15.37;1798
 91764.00;15.36;1799
 91762.97;15.36;1800
 91762.62;15.36;1801
 91762.62;15.36;1802
 91761.23;15.36;1803
 91764.68;15.37;1804
 91763.64;15.37;1805
 91765.73;15.36;1806
 91764.36;15.36;1807
 91763.30;15.36;1808
 91763.30;15.36;1809
 91763.66;15.36;1810
 91763.66;15.36;1811
 91764.36;15.35;1812
 91762.62;15.35;1813
 91761.92;15.36;1814
 91763.66;15.36;1815
 91762.27;15.36;1816
 91761.92;15.36;1817
 91761.92;15.36;1818
 91764.36;15.35;1819
 91762.98;15.35;1820
 91764.69;15.36;1821
 91764.69;15.36;1822
 91766.07;15.35;1823
 91763.30;15.36;1824
 91765.03;15.36;1825
 91763.66;15.36;1826
 91764.36;15.35;1827
 91764.69;15.36;1828
 91763.30;15.36;1829
 91763.30;15.36;1830
 91764.69;15.36;1831
 91765.75;15.35;1832
 91766.07;15.36;1833
 91765.75;15.35;1834
 91766.78;15.35;1835
 91765.39;15.35;1836
 91763.66;15.35;1837
 91763.66;15.35;1838
 91765.05;15.35;1839
 91765.39;15.35;1840
 91764.02;15.35;1841
 91764.02;15.35;1842
 91762.27;15.35;1843
 91764.02;15.35;1844
 91764.02;15.35;1845
 91765.05;15.35;1846
 91766.43;15.35;1847
 91766.43;15.35;1848
 91767.12;15.35;1849
 91766.43;15.35;1850
 91766.08;15.35;1851
 91767.14;15.34;1852
 91765.75;15.34;1853
 91765.75;15.34;1854
 91765.75;15.34;1855
 91767.46;15.35;1856
 91768.16;15.35;1857
 91766.08;15.35;1858
 91764.37;15.34;1859
 91764.37;15.34;1860
 91765.41;15.34;1861
 91766.44;15.34;1862
 91764.70;15.34;1863
 91764.38;15.33;1864
 91765.41;15.33;1865
 91762.99;15.33;1866
 91762.99;15.33;1867
 91764.02;15.33;1868
 91766.45;15.33;1869
 91766.09;15.33;1870
 91765.77;15.32;1871
 91765.41;15.32;1872
 91767.84;15.32;1873
 91766.10;15.32;1874
 91765.77;15.31;1875
 91766.81;15.31;1876
 91763.69;15.31;1877
 91764.04;15.31;1878
 91764.04;15.31;1879
 91766.45;15.31;1880
 91765.78;15.30;1881
 91765.78;15.30;1882
 91765.78;15.30;1883
 91765.08;15.30;1884
 91764.76;15.30;1885
 91766.47;15.29;1886
 91766.47;15.29;1887
 91766.15;15.29;1888
 91766.47;15.29;1889
 91766.15;15.29;1890
 91765.80;15.28;1891
 91764.77;15.29;1892
 91767.86;15.29;1893
 91765.09;15.29;1894
 91765.44;15.29;1895
 91765.44;15.29;1896
 91766.14;15.30;1897
 91766.81;15.30;1898
 91768.20;15.30;1899
 91767.16;15.30;1900
 91767.16;15.30;1901
 91766.11;15.31;1902
 91766.45;15.31;1903
 91767.16;15.30;1904
 91766.11;15.31;1905
 91767.16;15.30;1906
 91767.16;15.30;1907
 91769.23;15.31;1908
 91767.49;15.31;1909
 91767.84;15.31;1910
 91767.49;15.31;1911
 91767.84;15.31;1912
 91766.45;15.31;1913
 91767.49;15.31;1914
 91767.49;15.31;1915
 91766.11;15.31;1916
 91765.08;15.31;1917
 91765.42;15.31;1918
 91766.45;15.32;1919
 91765.06;15.32;1920
 91766.80;15.32;1921
 91766.80;15.32;1922
 91764.03;15.32;1923
 91764.70;15.33;1924
 91765.06;15.33;1925
 91766.80;15.33;1926
 91765.77;15.33;1927
 91765.77;15.33;1928
 91765.05;15.34;1929
 91765.41;15.34;1930
 91765.05;15.34;1931
 91765.77;15.33;1932
 91765.77;15.33;1933
 91765.77;15.33;1934
 91765.77;15.33;1935
 91765.06;15.33;1936
 91763.67;15.33;1937
 91764.02;15.33;1938
 91764.70;15.33;1939
 91764.70;15.33;1940
 91764.70;15.33;1941
 91765.77;15.33;1942
 91766.09;15.34;1943
 91765.41;15.34;1944
 91765.41;15.34;1945
 91764.70;15.34;1946
 91765.05;15.34;1947
 91765.05;15.34;1948
 91765.41;15.34;1949
 91764.37;15.34;1950
 91764.37;15.34;1951
 91762.98;15.34;1952
 91764.37;15.34;1953
 91765.41;15.34;1954
 91764.02;15.34;1955
 91763.67;15.34;1956
 91766.09;15.34;1957
 91764.70;15.34;1958
 91765.05;15.34;1959
 91766.44;15.34;1960
 91765.05;15.34;1961
 91765.05;15.34;1962
 91766.09;15.34;1963
 91765.41;15.34;1964
 91764.37;15.34;1965
 91764.37;15.34;1966
 91764.02;15.34;1967
 91764.37;15.34;1968
 91761.60;15.34;1969
 91762.63;15.34;1970
 91762.63;15.34;1971
 91762.98;15.34;1972
 91764.70;15.35;1973
 91764.02;15.34;1974
 91764.37;15.34;1975
 91764.02;15.34;1976
 91764.37;15.34;1977
 91765.75;15.34;1978
 91766.08;15.35;1979
 91765.39;15.35;1980
 91765.39;15.36;1981
 91764.00;15.36;1982
 91764.00;15.36;1983
 91764.36;15.36;1984
 91764.68;15.37;1985
 91763.30;15.37;1986
 91765.38;15.37;1987
 91765.03;15.37;1988
 91764.68;15.37;1989
 91764.36;15.36;1990
 91762.97;15.36;1991
 91764.68;15.37;1992
 91765.03;15.37;1993
 91764.34;15.37;1994
 91764.00;15.37;1995
 91763.64;15.38;1996
 91763.98;15.38;1997
 91765.02;15.39;1998
 91765.02;15.39;1999
 91765.36;15.39;2000
 91765.72;15.39;2001
 91764.66;15.40;2002
 91764.66;15.40;2003
 91763.27;15.40;2004
 91763.62;15.40;2005
 91764.33;15.40;2006
 91763.61;15.41;2007
 91763.97;15.41;2008
 91764.31;15.41;2009
 91764.31;15.41;2010
 91765.34;15.41;2011
 91765.00;15.41;2012
 91763.61;15.41;2013
 91763.61;15.41;2014
 91762.58;15.41;2015
 91762.58;15.41;2016
 91765.70;15.41;2017
 91762.94;15.41;2018
 91763.25;15.42;2019
 91763.97;15.41;2020
 91762.94;15.40;2021
 91764.33;15.40;2022
 91762.94;15.40;2023
 91764.33;15.40;2024
 91763.62;15.40;2025
 91763.27;15.40;2026
 91763.98;15.39;2027
 91765.36;15.39;2028
 91762.59;15.39;2029
 91762.59;15.39;2030
 91763.98;15.39;2031
 91764.33;15.39;2032
 91763.98;15.39;2033
 91764.66;15.39;2034
 91766.05;15.39;2035
 91764.34;15.38;2036
 91765.38;15.38;2037
 91765.38;15.38;2038
 91766.75;15.38;2039
 91766.75;15.38;2040
 91766.05;15.38;2041
 91766.77;15.37;2042
 91766.41;15.37;2043
 91765.03;15.37;2044
 91766.06;15.37;2045
 91764.36;15.36;2046
 91764.00;15.36;2047
 91765.73;15.36;2048
 91765.39;15.36;2049
 91765.73;15.36;2050
 91764.00;15.36;2051
 91766.77;15.36;2052
 91767.12;15.35;2053
 91764.69;15.36;2054
 91763.66;15.36;2055
 91762.62;15.36;2056
 91763.64;15.37;2057
 91764.68;15.37;2058
 91764.68;15.37;2059
 91764.36;15.36;2060
 91764.00;15.36;2061
 91765.39;15.36;2062
 91765.39;15.36;2063
 91765.03;15.36;2064
 91764.36;15.35;2065
 91765.39;15.35;2066
 91763.66;15.35;2067
 91766.08;15.35;2068
 91765.05;15.35;2069
 91766.07;15.36;2070
 91765.73;15.36;2071
 91765.73;15.36;2072
 91764.68;15.37;2073
 91763.64;15.37;2074
 91764.67;15.38;2075
 91765.38;15.38;2076
 91765.38;15.38;2077
 91765.38;15.38;2078
 91765.38;15.38;2079
 91766.05;15.39;2080
 91766.05;15.39;2081
 91763.62;15.39;2082
 91766.03;15.40;2083
 91767.09;15.39;2084
 91767.42;15.40;2085
 91766.39;15.40;2086
 91765.00;15.40;2087
 91765.00;15.40;2088
 91766.03;15.40;2089
 91764.66;15.40;2090
 91766.03;15.40;2091
 91763.98;15.39;2092
 91765.36;15.39;2093
 91766.03;15.40;2094
 91765.00;15.40;2095
 91766.03;15.40;2096
 91766.03;15.40;2097
 91767.42;15.40;2098
 91767.77;15.40;2099
 91765.36;15.40;2100
 91766.73;15.40;2101
 91765.00;15.40;2102
 91763.97;15.40;2103
 91764.33;15.40;2104
 91762.94;15.40;2105
 91762.59;15.40;2106
 91765.36;15.40;2107
 91765.00;15.40;2108
 91764.66;15.40;2109
 91764.66;15.40;2110
 91764.33;15.39;2111
 91763.27;15.40;2112
 91763.27;15.40;2113
 91764.66;15.40;2114
 91764.33;15.39;2115
 91764.33;15.39;2116
 91765.72;15.39;2117
 91765.36;15.39;2118
 91765.36;15.39;2119
 91764.33;15.39;2120
 91764.66;15.40;2121
 91765.00;15.40;2122
 91765.36;15.40;2123
 91764.64;15.41;2124
 91765.00;15.41;2125
 91767.41;15.41;2126
 91766.38;15.41;2127
 91766.73;15.41;2128
 91765.70;15.41;2129
 91768.47;15.41;2130
 91766.73;15.41;2131
 91765.70;15.41;2132
 91766.02;15.42;2133
 91764.98;15.42;2134
 91764.31;15.42;2135
 91767.08;15.42;2136
 91766.73;15.42;2137
 91765.69;15.42;2138
 91764.98;15.43;2139
 91765.33;15.43;2140
 91765.69;15.43;2141
 91764.62;15.43;2142
 91763.25;15.43;2143
 91766.37;15.43;2144
 91766.37;15.43;2145
 91764.98;15.43;2146
 91764.98;15.43;2147
 91763.95;15.43;2148
 91763.95;15.43;2149
 91764.62;15.43;2150
 91765.69;15.42;2151
 91765.69;15.42;2152
 91767.08;15.42;2153
 91766.72;15.43;2154
 91765.33;15.43;2155
 91765.33;15.43;2156
 91764.98;15.43;2157
 91766.02;15.43;2158
 91763.25;15.43;2159
 91765.69;15.42;2160
 91765.34;15.42;2161
 91765.34;15.42;2162
 91767.08;15.42;2163
 91765.69;15.42;2164
 91766.38;15.42;2165
 91764.98;15.42;2166
 91766.02;15.42;2167
 91767.09;15.41;2168
 91766.73;15.41;2169
 91766.03;15.41;2170
 91767.77;15.41;2171
 91765.00;15.41;2172
 91763.97;15.41;2173
 91763.61;15.41;2174
 91764.31;15.41;2175
 91764.64;15.42;2176
 91765.70;15.41;2177
 91767.09;15.41;2178
 91768.12;15.41;2179
 91765.00;15.41;2180
 91765.00;15.41;2181
 91764.64;15.41;2182
 91764.33;15.40;2183
 91765.36;15.40;2184
 91763.97;15.40;2185
 91765.00;15.40;2186
 91766.39;15.40;2187
 91766.73;15.40;2188
 91768.12;15.40;2189
 91766.39;15.40;2190
 91767.09;15.39;2191
 91766.75;15.39;2192
 91765.02;15.39;2193
 91766.39;15.39;2194
 91767.78;15.39;2195
 91766.39;15.39;2196
 91767.78;15.39;2197
 91768.81;15.39;2198
 91767.79;15.38;2199
 91767.11;15.37;2200
 91764.68;15.37;2201
 91766.06;15.37;2202
 91766.06;15.37;2203
 91765.03;15.37;2204
 91765.73;15.36;2205
 91764.36;15.36;2206
 91764.36;15.36;2207
 91764.36;15.36;2208
 91764.68;15.37;2209
 91765.73;15.36;2210
 91766.06;15.37;2211
 91765.39;15.36;2212
 91766.42;15.36;2213
 91765.75;15.35;2214
 91766.43;15.35;2215
 91767.46;15.35;2216
 91768.17;15.34;2217
 91766.78;15.34;2218
 91767.14;15.34;2219
 91767.14;15.34;2220
 91765.75;15.34;2221
 91765.75;15.34;2222
 91767.14;15.34;2223
 91765.41;15.34;2224
 91765.05;15.34;2225
 91765.41;15.34;2226
 91767.46;15.35;2227
 91767.14;15.34;2228
 91767.14;15.34;2229
 91765.41;15.34;2230
 91766.44;15.34;2231
 91766.44;15.34;2232
 91767.14;15.33;2233
 91767.14;15.33;2234
 91767.14;15.33;2235
 91767.14;15.33;2236
 91768.17;15.33;2237
 91766.45;15.33;2238
 91765.77;15.32;2239
 91767.16;15.32;2240
 91768.19;15.32;2241
 91768.86;15.33;2242
 91767.48;15.33;2243
 91768.86;15.33;2244
 91767.48;15.33;2245
 91767.48;15.33;2246
 91766.45;15.33;2247
 91765.77;15.33;2248
 91768.85;15.34;2249
 91767.47;15.34;2250
 91767.47;15.34;2251
 91767.82;15.34;2252
 91768.53;15.33;2253
 91769.56;15.33;2254
 91768.17;15.33;2255
 91766.80;15.33;2256
 91768.53;15.33;2257
 91767.47;15.34;2258
 91769.20;15.34;2259
 91766.78;15.34;2260
 91765.75;15.34;2261
 91763.66;15.35;2262
 91765.75;15.35;2263
 91766.07;15.36;2264
 91766.07;15.36;2265
 91766.77;15.36;2266
 91767.12;15.36;2267
 91769.18;15.37;2268
 91768.83;15.37;2269
 91768.83;15.37;2270
 91767.80;15.37;2271
 91768.50;15.36;2272
 91765.73;15.36;2273
 91766.41;15.37;2274
 91768.15;15.37;2275
 91767.44;15.38;2276
 91766.41;15.38;2277
 91765.38;15.38;2278
 91765.72;15.38;2279
 91766.75;15.38;2280
 91766.41;15.38;2281
 91766.41;15.38;2282
 91767.11;15.38;2283
 91767.11;15.38;2284
 91767.11;15.38;2285
 91767.79;15.38;2286
 91767.44;15.38;2287
 91770.20;15.38;2288
 91770.20;15.38;2289
 91766.41;15.38;2290
 91767.11;15.37;2291
 91767.44;15.38;2292
 91767.11;15.37;2293
 91767.11;15.37;2294
 91767.80;15.37;2295
 91768.83;15.37;2296
 91767.80;15.37;2297
 91767.45;15.37;2298
 91766.41;15.37;2299
 91767.12;15.36;2300
 91765.73;15.36;2301
 91765.39;15.36;2302
 91766.77;15.36;2303
 91768.16;15.36;2304
 91765.73;15.36;2305
 91765.73;15.37;2306
 91765.38;15.37;2307
 91765.38;15.37;2308
 91766.05;15.38;2309
 91767.11;15.37;2310
 91766.41;15.38;2311
 91765.72;15.38;2312
 91766.05;15.39;2313
 91768.49;15.38;2314
 91767.11;15.38;2315
 91767.11;15.38;2316
 91768.14;15.38;2317
 91767.44;15.38;2318
 91768.83;15.38;2319
 91768.50;15.37;2320
 91766.77;15.37;2321
 91768.50;15.37;2322
 91768.50;15.37;2323
 91767.11;15.37;2324
 91766.05;15.38;2325
 91764.67;15.38;2326
 91764.67;15.38;2327
 91765.38;15.38;2328
 91765.72;15.38;2329
 91764.66;15.39;2330
 91766.39;15.39;2331
 91766.05;15.39;2332
 91764.34;15.38;2333
 91766.75;15.38;2334
 91765.02;15.38;2335
 91766.05;15.38;2336
 91767.79;15.38;2337
 91767.44;15.38;2338
 91766.05;15.38;2339
 91766.05;15.38;2340
 91764.67;15.38;2341
 91766.41;15.38;2342
 91766.41;15.38;2343
 91766.05;15.38;2344
 91764.67;15.38;2345
 91766.41;15.38;2346
 91768.83;15.38;2347
 91767.11;15.37;2348
 91767.80;15.37;2349
 91767.80;15.37;2350
 91766.06;15.37;2351
 91764.36;15.36;2352
 91767.12;15.36;2353
 91765.73;15.36;2354
 91767.80;15.37;2355
 91766.77;15.37;2356
 91767.80;15.37;2357
 91768.15;15.37;2358
 91768.50;15.37;2359
 91765.73;15.37;2360
 91766.77;15.37;2361
 91765.73;15.37;2362
 91765.73;15.37;2363
 91768.50;15.37;2364
 91768.83;15.38;2365
 91768.83;15.38;2366
 91769.17;15.38;2367
 91768.49;15.38;2368
 91767.11;15.38;2369
 91766.05;15.39;2370
 91767.43;15.39;2371
 91767.78;15.39;2372
 91767.78;15.39;2373
 91766.75;15.39;2374
 91765.72;15.39;2375
 91764.33;15.39;2376
 91763.27;15.40;2377
 91762.95;15.39;2378
 91765.00;15.40;2379
 91763.97;15.40;2380
 91763.27;15.41;2381
 91763.97;15.41;2382
 91765.70;15.41;2383
 91766.02;15.42;2384
 91765.34;15.42;2385
 91765.69;15.42;2386
 91763.61;15.42;2387
 91763.61;15.42;2388
 91763.95;15.42;2389
 91764.31;15.42;2390
 91765.69;15.42;2391
 91765.69;15.42;2392
 91764.62;15.43;2393
 91763.25;15.43;2394
 91765.34;15.42;2395
 91764.31;15.42;2396
 91763.61;15.42;2397
 91765.34;15.42;2398
 91763.95;15.42;2399
 91763.61;15.42;2400
 91764.98;15.42;2401
 91763.61;15.42;2402
 91764.31;15.42;2403
 91766.02;15.43;2404
 91767.40;15.43;2405
 91765.69;15.42;2406
 91765.69;15.42;2407
 91765.34;15.42;2408
 91764.62;15.43;2409
 91766.37;15.43;2410
 91764.98;15.43;2411
 91764.98;15.43;2412
 91763.25;15.43;2413
 91761.54;15.42;2414
 91761.86;15.43;2415
 91763.95;15.43;2416
 91763.23;15.44;2417
 91763.23;15.44;2418
 91764.62;15.44;2419
 91764.62;15.44;2420
 91763.59;15.44;2421
 91762.91;15.44;2422
 91764.28;15.45;2423
 91765.31;15.45;2424
 91765.31;15.45;2425
 91764.97;15.45;2426
 91764.61;15.45;2427
 91765.67;15.44;2428
 91764.97;15.44;2429
 91764.30;15.43;2430
 91765.69;15.43;2431
 91764.62;15.44;2432
 91762.92;15.43;2433
 91762.92;15.43;2434
 91762.56;15.43;2435
 91764.30;15.43;2436
 91762.92;15.43;2437
 91763.23;15.44;2438
 91763.59;15.44;2439
 91763.23;15.44;2440
 91764.62;15.44;2441
 91764.62;15.44;2442
 91765.33;15.43;2443
 91766.02;15.43;2444
 91765.69;15.42;2445
 91765.34;15.42;2446
 91765.34;15.42;2447
 91763.61;15.42;2448
 91763.61;15.42;2449
 91763.61;15.42;2450
 91761.19;15.42;2451
 91762.58;15.42;2452
 91763.95;15.42;2453
 91766.38;15.42;2454
 91764.98;15.42;2455
 91764.98;15.42;2456
 91764.98;15.42;2457
 91764.64;15.42;2458
 91766.02;15.42;2459
 91765.70;15.41;2460
 91765.34;15.41;2461
 91765.70;15.41;2462
 91766.02;15.42;2463
 91764.64;15.42;2464
 91764.64;15.42;2465
 91764.31;15.41;2466
 91765.70;15.41;2467
 91765.70;15.41;2468
 91763.61;15.41;2469
 91763.61;15.41;2470
 91765.00;15.41;2471
 91765.00;15.41;2472
 91766.03;15.41;2473
 91764.64;15.41;2474
 91765.00;15.41;2475
 91765.00;15.41;2476
 91764.64;15.41;2477
 91765.70;15.40;2478
 91766.03;15.41;2479
 91765.00;15.41;2480
 91765.70;15.40;2481
 91763.97;15.40;2482
 91763.97;15.40;2483
 91765.00;15.40;2484
 91766.39;15.40;2485
 91768.12;15.40;2486
 91766.73;15.40;2487
 91764.33;15.40;2488
 91766.03;15.41;2489
 91766.03;15.41;2490
 91765.00;15.41;2491
 91763.61;15.41;2492
 91764.31;15.41;2493
 91762.94;15.41;2494
 91764.64;15.42;2495
 91765.34;15.42;2496
 91766.02;15.42;2497
 91764.98;15.42;2498
 91763.25;15.42;2499
 91763.61;15.42;2500
 91763.61;15.42;2501
 91764.64;15.42;2502
 91763.95;15.42;2503
 91763.59;15.43;2504
 91764.30;15.43;2505
 91765.69;15.43;2506
 91764.97;15.44;2507
 91763.59;15.44;2508
 91763.94;15.44;2509
 91763.23;15.45;2510
 91763.58;15.45;2511
 91764.61;15.45;2512
 91764.61;15.45;2513
 91764.61;15.45;2514
 91762.91;15.44;2515
 91762.56;15.44;2516
 91766.71;15.44;2517
 91766.00;15.45;2518
 91767.06;15.44;2519
 91764.29;15.44;2520
 91767.06;15.44;2521
 91767.38;15.45;2522
 91768.09;15.45;2523
 91768.08;15.46;2524
 91764.61;15.46;2525
 91764.95;15.46;2526
 91764.61;15.46;2527
 91765.31;15.45;2528
 91764.97;15.45;2529
 91764.61;15.45;2530
 91764.97;15.44;2531
 91764.97;15.44;2532
 91764.97;15.44;2533
 91764.62;15.44;2534
 91763.23;15.44;2535
 91767.07;15.43;2536
 91767.39;15.44;2537
 91767.07;15.43;2538
 91766.72;15.43;2539
 91764.62;15.43;2540
 91765.69;15.42;2541
 91767.08;15.42;2542
 91764.31;15.42;2543
 91766.37;15.43;2544
 91764.98;15.43;2545
 91765.33;15.43;2546
 91765.69;15.43;2547
 91764.62;15.44;2548
 91764.97;15.44;2549
 91764.62;15.44;2550
 91765.33;15.44;2551
 91764.97;15.44;2552
 91766.01;15.44;2553
 91765.69;15.43;2554
 91766.36;15.44;2555
 91766.01;15.44;2556
 91765.69;15.43;2557
 91765.33;15.43;2558
 91764.98;15.43;2559
 91764.98;15.43;2560
 91765.69;15.42;2561
 91765.34;15.42;2562
 91764.31;15.42;2563
 91764.31;15.42;2564
 91764.62;15.43;2565
 91766.02;15.43;2566
 91765.33;15.43;2567
 91764.98;15.43;2568
 91764.98;15.43;2569
 91764.98;15.43;2570
 91764.98;15.43;2571
 91764.62;15.43;2572
 91766.02;15.43;2573
 91765.34;15.42;2574
 91764.98;15.42;2575
 91764.64;15.42;2576
 91764.64;15.42;2577
 91764.98;15.42;2578
 91766.02;15.42;2579
 91766.38;15.42;2580
 91765.69;15.42;2581
 91765.34;15.42;2582
 91765.69;15.42;2583
 91765.34;15.42;2584
 91764.31;15.42;2585
 91766.37;15.43;2586
 91767.40;15.43;2587
 91768.11;15.42;2588
 91766.38;15.42;2589
 91767.41;15.42;2590
 91764.31;15.41;2591
 91762.58;15.41;2592
 91762.58;15.41;2593
 91762.58;15.41;2594
 91763.97;15.41;2595
 91762.23;15.41;2596
 91763.61;15.41;2597
 91762.58;15.41;2598
 91764.31;15.41;2599
 91764.64;15.42;2600
 91764.62;15.43;2601
 91762.92;15.42;2602
 91763.61;15.42;2603
 91762.94;15.41;2604
 91763.61;15.41;2605
 91762.23;15.41;2606
 91762.58;15.41;2607
 91761.88;15.42;2608
 91764.31;15.42;2609
 91764.31;15.42;2610
 91764.62;15.43;2611
 91765.69;15.42;2612
 91764.64;15.42;2613
 91765.70;15.41;2614
 91765.70;15.41;2615
 91763.97;15.41;2616
 91762.58;15.41;2617
 91763.97;15.41;2618
 91763.27;15.41;2619
 91764.33;15.40;2620
 91762.59;15.40;2621
 91762.59;15.40;2622
 91763.97;15.40;2623
 91766.39;15.40;2624
 91764.66;15.40;2625
 91764.66;15.40;2626
 91764.66;15.40;2627
 91763.62;15.40;2628
 91764.33;15.40;2629
 91764.33;15.40;2630
 91764.64;15.41;2631
 91764.64;15.41;2632
 91765.00;15.41;2633
 91764.64;15.41;2634
 91764.64;15.41;2635
 91765.70;15.40;2636
 91764.33;15.40;2637
 91762.94;15.40;2638
 91764.33;15.40;2639
 91762.94;15.40;2640
 91764.33;15.40;2641
 91765.36;15.40;2642
 91763.27;15.40;2643
 91763.27;15.40;2644
 91763.62;15.40;2645
 91763.97;15.40;2646
 91766.03;15.41;2647
 91764.64;15.41;2648
 91765.70;15.40;2649
 91765.36;15.40;2650
 91764.33;15.39;2651
 91765.36;15.39;2652
 91765.36;15.39;2653
 91766.75;15.39;2654
 91766.39;15.39;2655
 91766.05;15.39;2656
 91767.78;15.39;2657
 91767.43;15.39;2658
 91765.38;15.38;2659
 91766.41;15.38;2660
 91766.75;15.38;2661
 91766.75;15.38;2662
 91765.38;15.38;2663
 91765.72;15.38;2664
 91766.05;15.39;2665
 91766.05;15.39;2666
 91766.05;15.39;2667
 91765.72;15.38;2668
 91767.11;15.38;2669
 91765.02;15.38;2670
 91766.41;15.38;2671
 91765.02;15.38;2672
 91765.02;15.38;2673
 91763.64;15.38;2674
 91765.02;15.38;2675
 91763.98;15.38;2676
 91763.98;15.38;2677
 91761.22;15.38;2678
 91763.64;15.38;2679
 91763.64;15.38;2680
 91764.34;15.38;2681
 91763.28;15.39;2682
 91765.02;15.39;2683
 91763.98;15.39;2684
 91763.98;15.39;2685
 91765.72;15.38;2686
 91764.66;15.39;2687
 91766.05;15.39;2688
 91763.62;15.39;2689
 91765.72;15.39;2690
 91764.33;15.39;2691
 91763.98;15.39;2692
 91762.59;15.39;2693
 91765.72;15.39;2694
 91766.75;15.39;2695
 91764.66;15.39;2696
 91764.66;15.39;2697
 91765.02;15.39;2698
 91765.02;15.39;2699
 91765.36;15.39;2700
 91764.33;15.39;2701
 91764.33;15.39;2702
 91764.33;15.39;2703
 91762.59;15.39;2704
 91763.62;15.39;2705
 91765.02;15.39;2706
 91764.66;15.39;2707
 91764.66;15.39;2708
 91765.02;15.39;2709
 91765.02;15.39;2710
 91765.02;15.39;2711
 91766.75;15.39;2712
 91765.36;15.39;2713
 91765.72;15.39;2714
 91764.66;15.40;2715
 91764.66;15.40;2716
 91764.33;15.39;2717
 91766.03;15.40;2718
 91764.66;15.40;2719
 91765.00;15.40;2720
 91765.00;15.40;2721
 91765.00;15.40;2722
 91765.00;15.40;2723
 91763.97;15.40;2724
 91762.59;15.40;2725
 91762.59;15.40;2726
 91762.59;15.40;2727
 91761.88;15.41;2728
 91762.23;15.41;2729
 91761.88;15.41;2730
 91761.88;15.41;2731
 91763.61;15.41;2732
 91761.55;15.41;2733
 91762.94;15.41;2734
 91761.88;15.42;2735
 91763.61;15.41;2736
 91764.64;15.41;2737
 91763.61;15.41;2738
 91764.64;15.41;2739
 91765.70;15.40;2740
 91765.70;15.40;2741
 91764.33;15.40;2742
 91764.33;15.40;2743
 91765.70;15.40;2744
 91766.03;15.41;2745
 91766.38;15.41;2746
 91764.33;15.40;2747
 91765.00;15.40;2748
 91765.72;15.39;2749
 91764.33;15.39;2750
 91764.33;15.39;2751
 91763.62;15.40;2752
 91762.23;15.40;2753
 91763.62;15.40;2754
 91763.62;15.40;2755
 91763.27;15.40;2756
 91764.66;15.40;2757
 91764.33;15.39;2758
 91763.98;15.39;2759
 91763.98;15.39;2760
 91762.95;15.39;2761
 91762.95;15.39;2762
 91764.33;15.39;2763
 91763.98;15.39;2764
 91765.02;15.39;2765
 91764.66;15.39;2766
 91765.72;15.38;2767
 91766.75;15.38;2768
 91765.38;15.38;2769
 91765.38;15.38;2770
 91765.02;15.38;2771
 91766.75;15.38;2772
 91766.75;15.38;2773
 91766.41;15.38;2774
 91766.41;15.38;2775
 91765.02;15.38;2776
 91765.02;15.38;2777
 91765.02;15.38;2778
 91766.05;15.38;2779
 91763.64;15.38;2780
 91763.28;15.38;2781
 91764.34;15.37;2782
 91765.02;15.38;2783
 91766.05;15.38;2784
 91766.05;15.38;2785
 91764.34;15.37;2786
 91766.05;15.38;2787
 91766.05;15.38;2788
 91764.34;15.37;2789
 91765.38;15.37;2790
 91765.03;15.37;2791
 91765.38;15.37;2792
 91766.77;15.37;2793
 91766.77;15.37;2794
 91768.50;15.37;2795
 91767.79;15.38;2796
 91767.11;15.38;2797
 91767.11;15.38;2798
 91766.05;15.39;2799
 91767.43;15.39;2800
 91766.39;15.39;2801
 91767.78;15.39;2802
 91767.78;15.39;2803
 91766.39;15.39;2804
 91766.75;15.39;2805
 91769.52;15.39;2806
 91768.13;15.39;2807
 91769.87;15.39;2808
 91767.09;15.39;2809
 91767.09;15.39;2810
 91767.09;15.39;2811
 91766.75;15.39;2812
 91767.09;15.39;2813
 91765.36;15.39;2814
 91765.36;15.39;2815
 91765.72;15.39;2816
 91767.09;15.39;2817
 91767.09;15.39;2818
 91766.03;15.40;2819
 91766.03;15.40;2820
 91766.03;15.40;2821
 91766.39;15.40;2822
 91766.39;15.40;2823
 91764.66;15.40;2824
 91763.62;15.40;2825
 91764.33;15.40;2826
 91764.33;15.40;2827
 91765.36;15.40;2828
 91766.39;15.40;2829
 91763.27;15.40;2830
 91762.59;15.40;2831
 91763.27;15.41;2832
 91765.00;15.41;2833
 91765.70;15.41;2834
 91764.64;15.42;2835
 91766.38;15.42;2836
 91764.98;15.42;2837
 91766.38;15.42;2838
 91765.34;15.42;2839
 91766.38;15.42;2840
 91764.98;15.42;2841
 91766.38;15.42;2842
 91768.11;15.42;2843
 91768.46;15.42;2844
 91766.73;15.42;2845
 91767.08;15.42;2846
 91768.46;15.42;2847
 91768.46;15.42;2848
 91769.49;15.42;2849
 91768.46;15.42;2850
 91768.46;15.42;2851
 91769.48;15.43;2852
 91767.39;15.44;2853
 91767.39;15.44;2854
 91767.07;15.43;2855
 91767.74;15.44;2856
 91766.71;15.44;2857
 91766.00;15.45;2858
 91766.00;15.45;2859
 91767.73;15.45;2860
 91768.09;15.45;2861
 91767.05;15.45;2862
 91767.05;15.45;2863
 91767.38;15.46;2864
 91766.34;15.46;2865
 91767.38;15.46;2866
 91768.44;15.45;2867
 91768.09;15.45;2868
 91767.73;15.45;2869
 91766.00;15.45;2870
 91766.00;15.45;2871
 91764.61;15.45;2872
 91764.28;15.45;2873
 91763.92;15.46;2874
 91765.66;15.46;2875
 91765.66;15.46;2876
 91765.31;15.46;2877
 91766.70;15.46;2878
 91767.05;15.46;2879
 91768.08;15.46;2880
 91768.42;15.46;2881
 91767.05;15.46;2882
 91765.66;15.46;2883
 91766.70;15.46;2884
 91765.99;15.46;2885
 91765.99;15.46;2886
 91765.99;15.46;2887
 91765.66;15.45;2888
 91767.73;15.46;2889
 91767.73;15.46;2890
 91770.50;15.46;2891
 91769.46;15.46;2892
 91769.46;15.46;2893
 91769.46;15.46;2894
 91768.08;15.46;2895
 91771.20;15.46;2896
 91770.48;15.47;2897
 91767.72;15.47;2898
 91767.72;15.47;2899
 91768.75;15.47;2900
 91768.42;15.46;2901
 91768.42;15.46;2902
 91767.73;15.46;2903
 91768.08;15.46;2904
 91768.08;15.46;2905
 91767.73;15.46;2906
 91767.73;15.46;2907
 91767.73;15.46;2908
 91766.34;15.46;2909
 91767.73;15.46;2910
 91767.73;15.46;2911
 91767.73;15.46;2912
 91766.34;15.46;2913
 91766.70;15.46;2914
 91768.08;15.46;2915
 91769.82;15.45;2916
 91770.86;15.45;2917
 91769.12;15.45;2918
 91769.12;15.45;2919
 91769.47;15.45;2920
 91768.44;15.45;2921
 91768.76;15.46;2922
 91767.38;15.46;2923
 91767.38;15.46;2924
 91766.34;15.46;2925
 91766.34;15.46;2926
 91768.76;15.46;2927
 91768.44;15.45;2928
 91766.70;15.45;2929
 91766.70;15.45;2930
 91767.73;15.45;2931
 91767.73;15.45;2932
 91768.09;15.45;2933
 91767.73;15.45;2934
 91767.38;15.45;2935
 91768.77;15.45;2936
 91767.73;15.45;2937
 91769.12;15.45;2938
 91769.47;15.45;2939
 91769.12;15.45;2940
 91769.82;15.45;2941
 91768.76;15.46;2942
 91770.84;15.46;2943
 91769.81;15.46;2944
 91768.75;15.47;2945
 91768.42;15.46;2946
 91767.73;15.46;2947
 91768.08;15.46;2948
 91769.81;15.46;2949
 91768.42;15.46;2950
 91769.11;15.46;2951
 91768.76;15.46;2952
 91769.11;15.46;2953
 91768.08;15.46;2954
 91771.20;15.46;2955
 91769.81;15.46;2956
 91768.42;15.46;2957
 91767.72;15.47;2958
 91767.37;15.47;2959
 91769.81;15.46;2960
 91769.81;15.46;2961
 91771.52;15.47;2962
 91771.20;15.46;2963
 91772.58;15.46;2964
 91770.84;15.46;2965
 91770.50;15.46;2966
 91768.42;15.46;2967
 91769.81;15.46;2968
 91769.11;15.46;2969
 91770.14;15.46;2970
 91768.76;15.46;2971
 91767.73;15.46;2972
 91769.47;15.45;2973
 91770.16;15.45;2974
 91770.16;15.45;2975
 91769.83;15.44;2976
 91770.52;15.44;2977
 91770.52;15.44;2978
 91769.12;15.44;2979
 91770.52;15.44;2980
 91770.52;15.44;2981
 91770.88;15.43;2982
 91770.52;15.43;2983
 91770.88;15.43;2984
 91770.88;15.42;2985
 91769.49;15.42;2986
 91769.14;15.42;2987
 91769.14;15.42;2988
 91770.17;15.42;2989
 91768.12;15.41;2990
 91769.86;15.40;2991
 91769.51;15.40;2992
 91771.58;15.40;2993
 91771.25;15.39;2994
 91772.28;15.39;2995
 91771.94;15.39;2996
 91771.59;15.39;2997
 91773.31;15.39;2998
 91771.25;15.39;2999
 91770.90;15.39;3000
 91770.55;15.39;3001
 91771.26;15.38;3002
 91770.91;15.38;3003
 91771.94;15.38;3004
 91771.94;15.38;3005
 91771.26;15.38;3006
 91771.59;15.39;3007
 91772.28;15.39;3008
 91771.94;15.39;3009
 91772.97;15.39;3010
 91773.31;15.39;3011
 91772.28;15.39;3012
 91772.28;15.39;3013
 91771.25;15.39;3014
 91772.64;15.39;3015
 91772.64;15.39;3016
 91774.34;15.40;3017
 91774.34;15.40;3018
 91771.25;15.39;3019
 91773.31;15.40;3020
 91771.92;15.41;3021
 91772.94;15.42;3022
 91775.03;15.42;3023
 91775.03;15.42;3024
 91775.03;15.42;3025
 91773.30;15.42;3026
 91772.61;15.42;3027
 91771.91;15.43;3028
 91773.64;15.43;3029
 91773.98;15.43;3030
 91773.64;15.43;3031
 91771.91;15.43;3032
 91771.91;15.43;3033
 91773.28;15.43;3034
 91771.91;15.43;3035
 91771.91;15.43;3036
 91770.88;15.43;3037
 91771.91;15.43;3038
 91772.94;15.43;3039
 91772.61;15.42;3040
 91772.94;15.43;3041
 91774.00;15.42;3042
 91773.64;15.42;3043
 91772.94;15.42;3044
 91774.33;15.42;3045
 91770.18;15.41;3046
 91771.56;15.41;3047
 91770.88;15.41;3048
 91770.88;15.41;3049
 91772.27;15.41;3050
 91772.27;15.41;3051
 91772.62;15.41;3052
 91774.00;15.41;3053
 91774.00;15.41;3054
 91775.39;15.41;3055
 91774.00;15.41;3056
 91775.03;15.41;3057
 91772.27;15.41;3058
 91774.00;15.41;3059
 91774.33;15.42;3060
 91774.33;15.42;3061
 91771.91;15.42;3062
 91772.94;15.42;3063
 91774.00;15.41;3064
 91774.33;15.42;3065
 91774.67;15.42;3066
 91774.33;15.42;3067
 91776.06;15.42;3068
 91776.41;15.42;3069
 91776.41;15.42;3070
 91776.41;15.42;3071
 91775.38;15.42;3072
 91774.32;15.43;3073
 91773.64;15.43;3074
 91773.98;15.43;3075
 91772.61;15.43;3076
 91772.61;15.43;3077
 91772.61;15.43;3078
 91772.92;15.44;3079
 91774.31;15.44;3080
 91773.28;15.43;3081
 91774.67;15.43;3082
 91774.67;15.43;3083
 91774.32;15.43;3084
 91775.70;15.43;3085
 91774.00;15.42;3086
 91774.67;15.43;3087
 91774.67;15.43;3088
 91776.41;15.43;3089
 91774.67;15.43;3090
 91775.38;15.43;3091
 91773.98;15.43;3092
 91773.64;15.43;3093
 91772.25;15.43;3094
 91771.91;15.43;3095
 91771.91;15.43;3096
 91772.94;15.43;3097
 91773.28;15.43;3098
 91774.32;15.43;3099
 91774.67;15.43;3100
 91774.67;15.43;3101
 91771.91;15.43;3102
 91772.25;15.43;3103
 91773.98;15.43;3104
 91772.25;15.43;3105
 91772.25;15.43;3106
 91771.55;15.43;3107
 91769.84;15.42;3108
 91772.61;15.42;3109
 91772.61;15.42;3110
 91772.27;15.42;3111
 91771.91;15.42;3112
 91772.62;15.41;3113
 91771.56;15.42;3114
 91771.23;15.41;3115
 91771.56;15.42;3116
 91772.27;15.42;3117
 91772.94;15.43;3118
 91772.61;15.42;3119
 91770.53;15.42;3120
 91770.53;15.42;3121
 91771.91;15.42;3122
 91772.61;15.42;3123
 91773.28;15.43;3124
 91772.25;15.43;3125
 91774.31;15.44;3126
 91773.28;15.44;3127
 91772.92;15.45;3128
 91773.27;15.45;3129
 91772.92;15.45;3130
 91773.62;15.44;3131
 91773.28;15.44;3132
 91772.61;15.43;3133
 91771.22;15.43;3134
 91774.31;15.44;3135
 91774.31;15.44;3136
 91774.31;15.44;3137
 91776.05;15.44;3138
 91775.02;15.44;3139
 91774.66;15.44;3140
 91773.28;15.44;3141
 91776.05;15.44;3142
 91776.05;15.44;3143
 91776.05;15.44;3144
 91774.66;15.44;3145
 91777.08;15.44;3146
 91775.70;15.44;3147
 91776.76;15.43;3148
 91774.31;15.44;3149
 91773.98;15.43;3150
 91774.31;15.44;3151
 91775.70;15.44;3152
 91775.70;15.44;3153
 91775.70;15.44;3154
 91773.98;15.43;3155
 91775.70;15.44;3156
 91772.61;15.43;3157
 91773.98;15.43;3158
 91772.61;15.43;3159
 91771.91;15.43;3160
 91772.61;15.42;3161
 91774.00;15.42;3162
 91775.38;15.42;3163
 91774.00;15.42;3164
 91774.67;15.42;3165
 91777.80;15.42;3166
 91776.77;15.42;3167
 91775.70;15.43;3168
 91776.77;15.42;3169
 91776.77;15.42;3170
 91775.03;15.42;3171
 91776.77;15.42;3172
 91775.03;15.42;3173
 91776.06;15.42;3174
 91777.45;15.42;3175
 91774.67;15.42;3176
 91775.03;15.42;3177
 91775.03;15.42;3178
 91774.00;15.42;3179
 91775.38;15.42;3180
 91774.00;15.42;3181
 91774.00;15.42;3182
 91771.91;15.42;3183
 91772.27;15.42;3184
 91773.30;15.42;3185
 91775.38;15.42;3186
 91775.70;15.43;3187
 91774.67;15.43;3188
 91775.02;15.43;3189
 91772.61;15.43;3190
 91771.55;15.44;3191
 91772.92;15.44;3192
 91772.92;15.44;3193
 91774.66;15.44;3194
 91774.31;15.44;3195
 91773.28;15.43;3196
 91771.91;15.43;3197
 91773.64;15.43;3198
 91773.28;15.43;3199
 91772.94;15.43;3200
 91771.55;15.43;3201
 91773.28;15.43;3202
 91773.28;15.43;3203
 91773.98;15.43;3204
 91773.98;15.43;3205
 91774.31;15.44;3206
 91775.70;15.44;3207
 91774.66;15.44;3208
 91774.31;15.44;3209
 91775.38;15.43;3210
 91774.31;15.44;3211
 91774.66;15.44;3212
 91772.92;15.44;3213
 91773.28;15.44;3214
 91774.31;15.44;3215
 91774.66;15.44;3216
 91774.66;15.44;3217
 91775.02;15.44;3218
 91775.37;15.44;3219
 91775.02;15.44;3220
 91774.31;15.44;3221
 91774.31;15.44;3222
 91774.31;15.44;3223
 91774.31;15.44;3224
 91774.31;15.44;3225
 91775.38;15.43;3226
 91776.40;15.44;3227
 91775.37;15.44;3228
 91775.69;15.45;3229
 91775.37;15.44;3230
 91773.98;15.44;3231
 91775.02;15.44;3232
 91775.02;15.44;3233
 91775.70;15.44;3234
 91773.98;15.43;3235
 91775.70;15.44;3236
 91775.38;15.43;3237
 91778.47;15.44;3238
 91778.14;15.43;3239
 91775.70;15.44;3240
 91775.38;15.43;3241
 91776.05;15.43;3242
 91775.38;15.42;3243
 91775.03;15.42;3244
 91774.67;15.42;3245
 91774.33;15.42;3246
 91774.33;15.42;3247
 91774.33;15.42;3248
 91775.71;15.42;3249
 91776.06;15.42;3250
 91775.03;15.42;3251
 91774.67;15.42;3252
 91772.94;15.42;3253
 91773.30;15.42;3254
 91774.67;15.42;3255
 91775.03;15.42;3256
 91775.03;15.42;3257
 91773.64;15.42;3258
 91775.03;15.42;3259
 91774.67;15.42;3260
 91771.56;15.42;3261
 91772.94;15.42;3262
 91773.30;15.42;3263
 91773.30;15.42;3264
 91771.91;15.42;3265
 91773.64;15.42;3266
 91774.00;15.42;3267
 91775.38;15.42;3268
 91775.70;15.43;3269
 91774.00;15.42;3270
 91772.94;15.43;3271
 91773.98;15.43;3272
 91775.02;15.44;3273
 91775.37;15.44;3274
 91772.59;15.44;3275
 91772.92;15.45;3276
 91772.92;15.45;3277
 91772.59;15.44;3278
 91772.59;15.44;3279
 91774.30;15.45;3280
 91773.27;15.45;3281
 91772.59;15.44;3282
 91772.92;15.45;3283
 91771.89;15.45;3284
 91773.27;15.45;3285
 91773.62;15.45;3286
 91774.66;15.45;3287
 91773.97;15.45;3288
 91772.91;15.46;3289
 91773.62;15.45;3290
 91772.23;15.45;3291
 91773.27;15.46;3292
 91773.27;15.46;3293
 91772.91;15.46;3294
 91773.27;15.46;3295
 91771.20;15.45;3296
 91771.20;15.45;3297
 91771.88;15.46;3298
 91772.91;15.47;3299
 91771.88;15.47;3300
 91771.88;15.47;3301
 91772.57;15.47;3302
 91774.28;15.48;3303
 91772.57;15.47;3304
 91771.86;15.48;3305
 91770.48;15.48;3306
 91769.77;15.49;3307
 91770.11;15.50;3308
 91772.52;15.50;3309
 91771.48;15.51;3310
 91772.19;15.51;3311
 91770.09;15.52;3312
 91770.80;15.52;3313
 91768.03;15.52;3314
 91765.94;15.53;3315
 91767.32;15.53;3316
 91768.70;15.53;3317
 91767.32;15.53;3318
 91765.94;15.53;3319
 91764.55;15.53;3320
 91766.28;15.53;3321
 91766.64;15.53;3322
 91766.64;15.53;3323
 91768.34;15.53;3324
 91766.96;15.53;3325
 91766.62;15.54;3326
 91768.69;15.55;3327
 91766.95;15.54;3328
 91766.27;15.55;3329
 91766.27;15.55;3330
 91768.33;15.55;3331
 91769.03;15.56;3332
 91771.09;15.56;3333
 91769.70;15.56;3334
 91768.67;15.57;3335
 91766.94;15.56;3336
 91769.02;15.57;3337
 91769.70;15.57;3338
 91771.78;15.58;3339
 91769.02;15.58;3340
 91769.02;15.58;3341
 91768.66;15.58;3342
 91769.70;15.57;3343
 91769.38;15.57;3344
 91768.66;15.58;3345
 91768.66;15.58;3346
 91769.02;15.58;3347
 91770.39;15.58;3348
 91770.75;15.58;3349
 91771.07;15.58;3350
 91770.73;15.59;3351
 91770.03;15.60;3352
 91771.05;15.60;3353
 91771.41;15.61;3354
 91771.41;15.61;3355
 91768.64;15.61;3356
 91770.38;15.61;3357
 91770.38;15.61;3358
 91770.38;15.61;3359
 91770.38;15.61;3360
 91768.64;15.61;3361
 91768.28;15.60;3362
 91771.05;15.60;3363
 91770.73;15.60;3364
 91770.73;15.60;3365
 91770.38;15.60;3366
 91771.77;15.60;3367
 91774.17;15.61;3368
 91773.14;15.61;3369
 91771.76;15.61;3370
 91769.67;15.60;3371
 91769.34;15.60;3372
 91770.03;15.60;3373
 91771.41;15.60;3374
 91771.77;15.60;3375
 91772.44;15.60;3376
 91771.05;15.60;3377
 91771.05;15.60;3378
 91771.05;15.60;3379
 91772.79;15.61;3380
 91770.72;15.61;3381
 91769.66;15.61;3382
 91771.05;15.61;3383
 91771.05;15.61;3384
 91770.72;15.61;3385
 91770.38;15.61;3386
 91770.02;15.61;3387
 91769.67;15.60;3388
 91770.02;15.61;3389
 91770.38;15.61;3390
 91768.64;15.61;3391
 91770.02;15.61;3392
 91768.64;15.61;3393
 91769.67;15.60;3394
 91771.05;15.60;3395
 91769.00;15.60;3396
 91770.03;15.60;3397
 91769.67;15.59;3398
 91768.64;15.60;3399
 91768.64;15.60;3400
 91770.38;15.60;3401
 91770.38;15.60;3402
 91769.34;15.60;3403
 91770.73;15.60;3404
 91770.03;15.60;3405
 91770.03;15.60;3406
 91767.96;15.60;3407
 91767.25;15.61;3408
 91768.98;15.61;3409
 91770.02;15.61;3410
 91772.11;15.61;3411
 91772.11;15.61;3412
 91770.38;15.61;3413
 91770.02;15.61;3414
 91772.44;15.60;3415
 91772.12;15.60;3416
 91773.15;15.60;3417
 91771.06;15.59;3418
 91771.77;15.60;3419
 91772.45;15.59;3420
 91770.73;15.59;3421
 91771.77;15.59;3422
 91771.07;15.58;3423
 91772.13;15.58;3424
 91771.78;15.58;3425
 91772.47;15.57;3426
 91773.52;15.57;3427
 91774.56;15.57;3428
 91772.82;15.57;3429
 91772.47;15.56;3430
 91770.77;15.56;3431
 91771.45;15.56;3432
 91770.41;15.56;3433
 91770.06;15.56;3434
 91771.09;15.55;3435
 91771.45;15.56;3436
 91772.48;15.55;3437
 91773.19;15.55;3438
 91771.80;15.55;3439
 91771.80;15.55;3440
 91771.80;15.55;3441
 91771.80;15.55;3442
 91773.54;15.55;3443
 91772.16;15.55;3444
 91773.19;15.55;3445
 91771.45;15.55;3446
 91772.84;15.55;3447
 91771.45;15.55;3448
 91769.72;15.55;3449
 91770.77;15.55;3450
 91770.42;15.55;3451
 91771.80;15.55;3452
 91771.80;15.55;3453
 91768.69;15.55;3454
 91768.34;15.54;3455
 91766.62;15.54;3456
 91769.39;15.54;3457
 91770.78;15.54;3458
 91770.78;15.54;3459
 91770.78;15.54;3460
 91770.08;15.54;3461
 91769.73;15.53;3462
 91769.41;15.53;3463
 91768.02;15.53;3464
 91768.34;15.53;3465
 91768.34;15.53;3466
 91769.73;15.53;3467
 91770.08;15.54;3468
 91769.72;15.54;3469
 91769.72;15.54;3470
 91771.80;15.55;3471
 91770.42;15.55;3472
 91770.42;15.55;3473
 91769.72;15.54;3474
 91768.34;15.54;3475
 91769.39;15.54;3476
 91769.05;15.54;3477
 91768.34;15.54;3478
 91768.34;15.54;3479
 91769.72;15.54;3480
 91769.72;15.54;3481
 91769.39;15.54;3482
 91769.39;15.54;3483
 91767.31;15.54;3484
 91769.05;15.54;3485
 91770.43;15.54;3486
 91769.05;15.54;3487
 91769.05;15.54;3488
 91768.70;15.54;3489
 91769.39;15.54;3490
 91769.72;15.54;3491
 91770.42;15.55;3492
 91769.39;15.55;3493
 91768.33;15.55;3494
 91768.33;15.55;3495
 91769.03;15.56;3496
 91768.67;15.56;3497
 91767.64;15.56;3498
 91767.64;15.56;3499
 91766.94;15.56;3500
 91766.25;15.57;3501
 91766.25;15.57;3502
 91768.31;15.57;3503
 91765.89;15.58;3504
 91766.24;15.58;3505
 91766.59;15.58;3506
 91768.30;15.58;3507
 91770.03;15.59;3508
 91767.62;15.59;3509
 91767.27;15.59;3510
 91769.36;15.59;3511
 91769.67;15.59;3512
 91769.00;15.59;3513
 91770.73;15.59;3514
 91767.26;15.60;3515
 91767.26;15.60;3516
 91767.61;15.60;3517
 91769.67;15.59;3518
 91768.30;15.59;3519
 91770.03;15.60;3520
 91768.64;15.60;3521
 91767.61;15.60;3522
 91770.02;15.61;3523
 91768.64;15.61;3524
 91769.67;15.60;3525
 91769.34;15.60;3526
 91769.00;15.60;3527
 91770.38;15.60;3528
 91770.73;15.60;3529
 91770.03;15.60;3530
 91771.06;15.59;3531
 91772.12;15.59;3532
 91770.73;15.59;3533
 91771.41;15.60;3534
 91771.41;15.60;3535
 91769.67;15.59;3536
 91770.03;15.60;3537
 91770.38;15.60;3538
 91769.34;15.60;3539
 91771.05;15.60;3540
 91772.79;15.61;3541
 91771.05;15.60;3542
 91771.05;15.60;3543
 91772.44;15.60;3544
 91772.44;15.60;3545
 91771.41;15.61;3546
 91771.41;15.61;3547
 91770.73;15.60;3548
 91771.77;15.60;3549
 91770.73;15.60;3550
 91771.05;15.60;3551
 91771.05;15.60;3552
 91770.38;15.60;3553
 91769.67;15.59;3554
 91770.39;15.59;3555
 91771.42;15.59;3556
 91771.07;15.58;3557
 91771.07;15.58;3558
 91770.75;15.58;3559
 91771.07;15.58;3560
 91772.45;15.58;3561
 91772.12;15.59;3562
 91771.06;15.59;3563
 91769.36;15.59;3564
 91769.00;15.59;3565
 91767.62;15.59;3566
 91769.36;15.59;3567
 91767.62;15.59;3568
 91769.36;15.59;3569
 91769.00;15.59;3570
 91770.03;15.59;3571
 91770.39;15.58;3572
 91770.75;15.58;3573
 91768.30;15.58;3574
 91769.00;15.59;3575
 91769.67;15.59;3576
 91770.03;15.60;3577
 91770.03;15.60;3578
 91769.36;15.59;3579
 91769.36;15.59;3580
 91769.67;15.59;3581
 91769.36;15.59;3582
 91770.73;15.59;3583
 91771.06;15.59;3584
 91772.45;15.59;3585
 91771.41;15.60;3586
 91771.41;15.60;3587
 91770.03;15.60;3588
 91770.38;15.60;3589
 91769.00;15.60;3590
 91769.67;15.60;3591
 91769.67;15.60;3592
 91770.02;15.61;3593
 91770.02;15.61;3594
 91770.38;15.61;3595
 91768.98;15.61;3596
 91769.66;15.61;3597
 91767.95;15.61;3598
 91767.95;15.61;3599
 91766.22;15.61;3600
 91767.25;15.61;3601
 91767.25;15.61;3602
 91765.20;15.60;3603
 91766.58;15.60;3604
 91766.23;15.60;3605
 91766.23;15.60;3606
 91766.91;15.59;3607
 91766.59;15.59;3608
 91768.30;15.59;3609
 91767.26;15.60;3610
 91767.61;15.60;3611
 91767.61;15.60;3612
 91768.64;15.60;3613
 91767.61;15.60;3614
 91769.00;15.60;3615
 91768.64;15.60;3616
 91768.64;15.60;3617
 91768.30;15.59;3618
 91767.26;15.60;3619
 91768.64;15.61;3620
 91768.28;15.60;3621
 91767.96;15.60;3622
 91766.23;15.60;3623
 91767.61;15.60;3624
 91767.61;15.60;3625
 91767.61;15.60;3626
 91767.96;15.60;3627
 91767.61;15.60;3628
 91766.91;15.59;3629
 91766.91;15.59;3630
 91765.20;15.59;3631
 91768.30;15.59;3632
 91767.26;15.60;3633
 91769.67;15.59;3634
 91769.67;15.59;3635
 91769.67;15.59;3636
 91769.36;15.59;3637
 91769.00;15.59;3638
 91769.00;15.59;3639
 91770.03;15.59;3640
 91768.66;15.59;3641
 91769.36;15.59;3642
 91770.03;15.60;3643
 91770.38;15.60;3644
 91769.00;15.60;3645
 91769.00;15.60;3646
 91768.30;15.59;3647
 91769.67;15.59;3648
 91769.67;15.59;3649
 91767.97;15.59;3650
 91769.67;15.59;3651
 91770.03;15.60;3652
 91769.67;15.59;3653
 91769.36;15.59;3654
 91769.36;15.59;3655
 91771.06;15.59;3656
 91770.73;15.59;3657
 91771.06;15.59;3658
 91771.06;15.59;3659
 91770.03;15.59;3660
 91769.69;15.58;3661
 91768.30;15.58;3662
 91769.36;15.59;3663
 91767.97;15.59;3664
 91767.62;15.59;3665
 91768.66;15.59;3666
 91771.07;15.58;3667
 91769.69;15.58;3668
 91769.36;15.58;3669
 91770.39;15.58;3670
 91769.02;15.58;3671
 91767.98;15.58;3672
 91768.30;15.58;3673
 91766.91;15.58;3674
 91767.27;15.59;3675
 91766.91;15.58;3676
 91766.91;15.58;3677
 91766.59;15.58;3678
 91768.66;15.59;3679
 91768.30;15.58;3680
 91766.91;15.58;3681
 91767.28;15.58;3682
 91767.62;15.58;3683
 91770.39;15.58;3684
 91767.28;15.58;3685
 91768.31;15.57;3686
 91767.98;15.57;3687
 91769.02;15.57;3688
 91768.32;15.56;3689
 91768.32;15.56;3690
 91767.28;15.57;3691
 91768.67;15.57;3692
 91768.00;15.56;3693
 91768.67;15.57;3694
 91766.26;15.56;3695
 91766.26;15.56;3696
 91766.95;15.55;3697
 91766.62;15.55;3698
 91766.62;15.55;3699
 91766.62;15.55;3700
 91769.39;15.55;3701
 91767.30;15.55;3702
 91765.91;15.55;3703
 91767.30;15.55;3704
 91768.69;15.55;3705
 91768.02;15.54;3706
 91767.31;15.54;3707
 91768.34;15.53;3708
 91768.70;15.54;3709
 91768.70;15.54;3710
 91769.05;15.54;3711
 91768.70;15.54;3712
 91766.96;15.53;3713
 91767.67;15.53;3714
 91769.05;15.53;3715
 91768.70;15.53;3716
 91767.32;15.53;3717
 91766.97;15.52;3718
 91768.35;15.52;3719
 91768.03;15.52;3720
 91768.03;15.52;3721
 91766.30;15.52;3722
 91768.03;15.52;3723
 91769.41;15.52;3724
 91768.03;15.52;3725
 91768.35;15.52;3726
 91768.70;15.53;3727
 91771.47;15.53;3728
 91767.32;15.53;3729
 91767.32;15.53;3730
 91767.32;15.53;3731
 91768.70;15.53;3732
 91769.73;15.52;3733
 91769.73;15.52;3734
 91769.06;15.52;3735
 91770.45;15.52;3736
 91770.45;15.52;3737
 91770.45;15.52;3738
 91770.45;15.52;3739
 91771.83;15.52;3740
 91771.83;15.52;3741
 91770.45;15.52;3742
 91769.06;15.52;3743
 91769.06;15.52;3744
 91770.45;15.52;3745
 91769.06;15.52;3746
 91768.71;15.52;3747
 91769.75;15.51;3748
 91770.09;15.52;3749
 91770.09;15.52;3750
 91770.09;15.52;3751
 91769.06;15.52;3752
 91768.70;15.53;3753
 91770.79;15.53;3754
 91769.73;15.53;3755
 91769.05;15.54;3756
 91768.34;15.54;3757
 91769.39;15.55;3758
 91770.41;15.56;3759
 91769.38;15.56;3760
 91767.64;15.56;3761
 91765.91;15.56;3762
 91769.72;15.55;3763
 91769.39;15.55;3764
 91769.39;15.55;3765
 91769.39;15.55;3766
 91771.09;15.55;3767
 91771.09;15.55;3768
 91769.72;15.55;3769
 91770.42;15.55;3770
 91771.09;15.55;3771
 91772.83;15.56;3772
 91771.09;15.55;3773
 91770.06;15.56;3774
 91770.41;15.56;3775
 91769.03;15.56;3776
 91769.38;15.56;3777
 91768.67;15.57;3778
 91770.39;15.58;3779
 91769.36;15.58;3780
 91771.07;15.58;3781
 91771.07;15.58;3782
 91769.69;15.58;3783
 91770.03;15.59;3784
 91769.36;15.59;3785
 91769.67;15.59;3786
 91769.67;15.59;3787
 91770.73;15.59;3788
 91771.06;15.59;3789
 91770.39;15.59;3790
 91770.39;15.59;3791
 91769.69;15.58;3792
 91770.39;15.58;3793
 91771.08;15.57;3794
 91771.43;15.58;3795
 91771.43;15.58;3796
 91770.75;15.58;3797
 91770.03;15.59;3798
 91771.07;15.58;3799
 91771.07;15.58;3800
 91769.69;15.58;3801
 91770.75;15.58;3802
 91772.13;15.58;3803
 91772.81;15.58;3804
 91772.14;15.57;3805
 91772.82;15.57;3806
 91771.09;15.56;3807
 91770.05;15.57;3808
 91769.02;15.57;3809
 91769.38;15.57;3810
 91769.70;15.57;3811
 91768.66;15.58;3812
 91769.38;15.57;3813
 91767.64;15.57;3814
 91767.28;15.57;3815
 91768.67;15.57;3816
 91770.41;15.57;3817
 91770.41;15.57;3818
 91770.41;15.57;3819
 91770.41;15.57;3820
 91772.14;15.57;3821
 91771.79;15.57;3822
 91771.79;15.57;3823
 91774.56;15.57;3824
 91772.14;15.57;3825
 91771.79;15.57;3826
 91773.17;15.57;3827
 91771.79;15.57;3828
 91771.09;15.56;3829
 91770.77;15.56;3830
 91772.47;15.56;3831
 91772.82;15.57;3832
 91769.02;15.57;3833
 91770.05;15.57;3834
 91770.05;15.57;3835
 91770.39;15.58;3836
 91771.78;15.58;3837
 91772.13;15.58;3838
 91771.78;15.58;3839
 91772.45;15.58;3840
 91772.45;15.58;3841
 91772.45;15.58;3842
 91772.13;15.58;3843
 91771.43;15.58;3844
 91770.05;15.58;3845
 91772.47;15.57;3846
 91772.47;15.57;3847
 91773.52;15.57;3848
 91770.75;15.57;3849
 91772.14;15.57;3850
 91772.14;15.57;3851
 91772.14;15.57;3852
 91772.47;15.57;3853
 91773.52;15.57;3854
 91774.91;15.57;3855
 91773.52;15.57;3856
 91773.17;15.57;3857
 91774.20;15.57;3858
 91773.53;15.56;3859
 91772.15;15.56;3860
 91771.09;15.56;3861
 91771.09;15.56;3862
 91772.47;15.56;3863
 91772.47;15.56;3864
 91769.38;15.56;3865
 91770.41;15.56;3866
 91770.77;15.55;3867
 91770.42;15.55;3868
 91770.77;15.55;3869
 91771.09;15.55;3870
 91771.09;15.55;3871
 91772.48;15.55;3872
 91772.16;15.55;3873
 91772.16;15.55;3874
 91771.45;15.56;3875
 91771.80;15.56;3876
 91770.06;15.56;3877
 91771.09;15.55;3878
 91769.72;15.55;3879
 91769.72;15.55;3880
 91770.06;15.56;3881
 91769.72;15.55;3882
 91770.77;15.55;3883
 91770.42;15.55;3884
 91770.08;15.55;3885
 91770.08;15.55;3886
 91771.80;15.55;3887
 91771.09;15.55;3888
 91771.45;15.56;3889
 91771.80;15.56;3890
 91771.45;15.56;3891
 91768.33;15.55;3892
 91769.72;15.55;3893
 91769.39;15.55;3894
 91769.39;15.55;3895
 91770.77;15.55;3896
 91772.16;15.55;3897
 91771.09;15.55;3898
 91771.45;15.56;3899
 91773.18;15.56;3900
 91771.45;15.56;3901
 91772.83;15.56;3902
 91772.83;15.56;3903
 91771.80;15.56;3904
 91771.80;15.56;3905
 91771.45;15.56;3906
 91773.18;15.56;3907
 91774.56;15.56;3908
 91772.83;15.56;3909
 91771.45;15.56;3910
 91770.41;15.56;3911
 91771.80;15.56;3912
 91770.77;15.56;3913
 91770.41;15.56;3914
 91770.06;15.56;3915
 91771.45;15.56;3916
 91771.45;15.56;3917
 91772.48;15.55;3918
 91770.77;15.55;3919
 91770.77;15.55;3920
 91770.77;15.55;3921
 91769.39;15.55;3922
 91772.16;15.55;3923
 91771.45;15.55;3924
 91772.84;15.55;3925
 91773.19;15.55;3926
 91772.16;15.55;3927
 91772.84;15.55;3928
 91772.84;15.55;3929
 91773.19;15.55;3930
 91773.54;15.55;3931
 91773.87;15.55;3932
 91773.54;15.55;3933
 91774.92;15.55;3934
 91775.25;15.55;3935
 91774.22;15.56;3936
 91774.22;15.56;3937
 91774.56;15.56;3938
 91775.95;15.56;3939
 91776.30;15.56;3940
 91775.95;15.56;3941
 91774.92;15.56;3942
 91773.86;15.56;3943
 91774.91;15.57;3944
 91775.94;15.58;3945
 91774.91;15.58;3946
 91773.84;15.58;3947
 91775.22;15.59;3948
 91774.18;15.60;3949
 91775.56;15.60;3950
 91775.92;15.60;3951
 91776.59;15.60;3952
 91776.94;15.61;3953
 91775.56;15.61;3954
 91774.52;15.61;3955
 91773.49;15.61;3956
 91774.88;15.61;3957
 91774.88;15.61;3958
 91775.91;15.61;3959
 91775.56;15.61;3960
 91776.59;15.60;3961
 91775.20;15.60;3962
 91776.27;15.60;3963
 91774.88;15.60;3964
 91774.88;15.60;3965
 91774.88;15.60;3966
 91774.53;15.60;3967
 91776.27;15.60;3968
 91775.56;15.60;3969
 91775.92;15.60;3970
 91776.27;15.60;3971
 91774.88;15.60;3972
 91773.82;15.60;3973
 91773.82;15.60;3974
 91773.15;15.60;3975
 91773.15;15.60;3976
 91774.53;15.60;3977
 91775.56;15.60;3978
 91773.15;15.60;3979
 91772.12;15.60;3980
 91773.50;15.60;3981
 91771.77;15.60;3982
 91772.45;15.59;3983
 91773.51;15.59;3984
 91773.16;15.59;3985
 91771.42;15.59;3986
 91773.51;15.59;3987
 91771.06;15.59;3988
 91774.18;15.60;3989
 91773.51;15.59;3990
 91772.80;15.59;3991
 91771.07;15.58;3992
 91771.42;15.59;3993
 91771.42;15.59;3994
 91771.42;15.59;3995
 91771.42;15.59;3996
 91771.42;15.59;3997
 91771.77;15.59;3998
 91772.12;15.59;3999
 91772.45;15.59;4000
 91772.12;15.59;4001
 91772.45;15.59;4002
 91773.51;15.59;4003
 91773.16;15.59;4004
 91772.45;15.58;4005
 91772.45;15.58;4006
 91770.75;15.58;4007
 91770.39;15.58;4008
 91770.39;15.58;4009
 91768.31;15.57;4010
 91769.70;15.57;4011
 91769.38;15.57;4012
 91770.05;15.57;4013
 91771.44;15.57;4014
 91771.09;15.56;4015
 91770.77;15.56;4016
 91771.44;15.57;4017
 91769.38;15.57;4018
 91769.02;15.57;4019
 91768.67;15.57;4020
 91769.02;15.57;4021
 91768.32;15.56;4022
 91769.70;15.56;4023
 91769.70;15.56;4024
 91769.70;15.56;4025
 91770.41;15.56;4026
 91770.06;15.56;4027
 91771.45;15.56;4028
 91769.03;15.56;4029
 91769.38;15.56;4030
 91768.00;15.56;4031
 91769.03;15.56;4032
 91769.03;15.56;4033
 91769.38;15.56;4034
 91769.70;15.56;4035
 91770.05;15.57;4036
 91768.67;15.57;4037
 91768.00;15.56;4038
 91768.00;15.56;4039
 91768.32;15.56;4040
 91767.30;15.56;4041
 91769.03;15.56;4042
 91766.26;15.56;4043
 91767.30;15.56;4044
 91766.62;15.55;4045
 91768.33;15.55;4046
 91768.67;15.56;4047
 91768.67;15.56;4048
 91766.95;15.55;4049
 91767.30;15.56;4050
 91765.91;15.56;4051
 91767.30;15.56;4052
 91766.26;15.56;4053
 91765.23;15.56;4054
 91768.32;15.56;4055
 91767.28;15.57;4056
 91766.25;15.57;4057
 91769.02;15.58;4058
 91769.36;15.58;4059
 91767.98;15.58;4060
 91767.62;15.58;4061
 91767.62;15.58;4062
 91767.28;15.58;4063
 91766.59;15.58;4064
 91767.27;15.59;4065
 91766.23;15.59;4066
 91767.97;15.59;4067
 91765.20;15.59;4068
 91766.23;15.59;4069
 91765.88;15.59;4070
 91765.88;15.59;4071
 91766.23;15.59;4072
 91766.23;15.59;4073
 91765.20;15.59;4074
 91766.23;15.59;4075
 91765.88;15.59;4076
 91765.88;15.59;4077
 91767.27;15.59;4078
 91765.88;15.59;4079
 91764.85;15.59;4080
 91766.59;15.59;4081
 91767.26;15.60;4082
 91766.23;15.60;4083
 91765.88;15.60;4084
 91767.96;15.60;4085
 91767.96;15.60;4086
 91767.61;15.60;4087
 91767.26;15.60;4088
 91765.88;15.60;4089
 91764.49;15.60;4090
 91763.11;15.60;4091
 91764.84;15.60;4092
 91765.20;15.60;4093
 91763.81;15.60;4094
 91766.22;15.61;4095
 91764.12;15.61;4096
 91762.06;15.61;4097
 91762.06;15.61;4098
 91763.09;15.61;4099
 91762.42;15.60;4100
 91762.75;15.60;4101
 91763.09;15.61;4102
 91763.45;15.61;4103
 91764.12;15.61;4104
 91764.47;15.62;4105
 91763.09;15.62;4106
 91762.05;15.62;4107
 91763.08;15.63;4108
 91763.44;15.63;4109
 91764.11;15.63;4110
 91764.81;15.64;4111
 91763.08;15.64;4112
