time;10:00:17 
101520.54;20.97;0
101520.54;20.97;1
101521.25;20.97;2
101520.88;20.97;3
101520.52;20.97;4
101521.23;20.97;5
101520.85;20.97;6
101521.56;20.97;7
101521.19;20.96;8
101521.89;20.96;9
101521.52;20.96;10
101522.22;20.96;11
101521.84;20.96;12
101521.47;20.96;13
101521.47;20.96;14
101521.47;20.95;15
101521.80;20.95;16
101521.80;20.95;17
101521.80;20.95;18
101521.80;20.95;19
101521.42;20.95;20
101521.42;20.95;21
101521.42;20.95;22
101521.42;20.95;23
101521.42;20.95;24
101521.42;20.95;25
101521.08;20.95;26
101521.08;20.95;27
101521.08;20.95;28
101521.08;20.95;29
101521.08;20.95;30
101521.08;20.95;31
101521.08;20.95;32
101521.08;20.95;33
101521.08;20.95;34
101521.08;20.95;35
101521.08;20.95;36
101521.08;20.95;37
101521.08;20.95;38
101521.08;20.95;39
101521.08;20.95;40
101521.08;20.95;41
101521.08;20.95;42
101521.08;20.95;43
101521.42;20.95;44
101521.42;20.95;45
101520.72;20.95;46
101521.42;20.95;47
101520.72;20.95;48
101520.72;20.95;49
101521.09;20.95;50
101521.09;20.95;51
101521.09;20.95;52
101521.09;20.95;53
101521.09;20.95;54
101521.09;20.95;55
101521.09;20.95;56
101521.09;20.95;57
101521.09;20.95;58
101521.09;20.95;59
101521.09;20.95;60
101521.09;20.95;61
101521.09;20.95;62
101521.09;20.95;63
101520.39;20.95;64
101520.39;20.95;65
101521.09;20.95;66
101520.72;20.95;67
101520.02;20.95;68
101520.72;20.95;69
101520.72;20.95;70
101521.09;20.95;71
101521.09;20.95;72
101521.09;20.95;73
101521.09;20.95;74
101521.09;20.95;75
101521.80;20.95;76
101521.80;20.95;77
101521.80;20.95;78
101521.80;20.95;79
101522.51;20.95;80
101521.80;20.95;81
101521.42;20.95;82
101521.42;20.95;83
101521.42;20.95;84
101522.13;20.95;85
101521.42;20.95;86
101521.42;20.95;87
101521.42;20.95;88
101521.42;20.95;89
101521.42;20.95;90
101521.80;20.95;91
101521.80;20.95;92
101521.80;20.95;93
101521.80;20.95;94
101522.17;20.96;95
101521.47;20.96;96
101521.47;20.96;97
101521.47;20.96;98
101522.17;20.96;99
101521.47;20.96;100
101521.47;20.96;101
101521.47;20.96;102
101521.84;20.96;103
101522.55;20.96;104
101522.55;20.96;105
101522.55;20.96;106
101522.55;20.96;107
101522.55;20.96;108
101522.55;20.96;109
101522.55;20.96;110
101522.55;20.96;111
101521.84;20.96;112
101522.55;20.96;113
101522.55;20.96;114
101522.22;20.96;115
101522.22;20.96;116
101522.22;20.96;117
101522.22;20.96;118
101521.52;20.96;119
101521.89;20.96;120
101521.89;20.96;121
101521.89;20.96;122
101521.89;20.96;123
101522.27;20.97;124
101522.27;20.97;125
101522.27;20.97;126
101522.27;20.97;127
101522.27;20.97;128
101521.56;20.97;129
101521.56;20.97;130
101522.27;20.97;131
101522.64;20.97;132
101522.64;20.97;133
101522.64;20.97;134
101522.64;20.97;135
101522.64;20.97;136
101521.94;20.97;137
101522.98;20.97;138
101522.98;20.97;139
101522.98;20.97;140
101522.66;20.97;141
101522.66;20.97;142
101522.66;20.97;143
101523.03;20.98;144
101523.73;20.98;145
101523.03;20.98;146
101523.41;20.98;147
101522.70;20.98;148
101522.70;20.98;149
101522.70;20.98;150
101522.70;20.98;151
101522.00;20.98;152
101522.38;20.98;153
101522.38;20.98;154
101522.38;20.98;155
101522.38;20.98;156
101522.38;20.98;157
101522.38;20.98;158
101522.38;20.98;159
101522.74;20.98;160
101522.04;20.98;161
101522.04;20.98;162
101522.04;20.98;163
101522.42;20.99;164
101521.70;20.99;165
101521.70;20.99;166
101521.70;20.99;167
101521.00;20.99;168
101521.00;20.99;169
101521.00;20.99;170
101521.00;20.99;171
101521.00;20.99;172
101521.00;20.99;173
101521.38;20.99;174
101522.08;20.99;175
101521.38;20.99;176
101521.38;20.99;177
101521.76;20.99;178
101521.76;20.99;179
101521.05;20.99;180
101521.76;20.99;181
101521.39;20.99;182
101521.39;20.99;183
101520.69;20.99;184
101521.06;21.00;185
101520.36;21.00;186
101520.36;21.00;187
101520.73;21.00;188
101520.73;21.00;189
101520.73;21.00;190
101520.73;21.00;191
101520.73;21.00;192
101521.11;21.00;193
101521.11;21.00;194
101521.11;21.00;195
101521.11;21.00;196
101520.78;21.00;197
101520.78;21.00;198
101520.78;21.00;199
101520.78;21.00;200
101521.16;21.01;201
101520.45;21.01;202
101521.16;21.01;203
101521.16;21.01;204
101521.16;21.01;205
101521.16;21.01;206
101521.16;21.01;207
101521.16;21.01;208
101521.53;21.01;209
101521.53;21.01;210
101521.91;21.01;211
101522.61;21.01;212
101521.91;21.01;213
101522.25;21.01;214
101522.25;21.01;215
101522.25;21.01;216
101522.25;21.01;217
101522.25;21.01;218
101522.62;21.02;219
101521.92;21.02;220
101522.30;21.02;221
101522.30;21.02;222
101522.30;21.02;223
101522.67;21.02;224
101521.97;21.02;225
101521.97;21.02;226
101522.38;21.02;227
101522.38;21.02;228
101522.04;21.03;229
101521.33;21.03;230
101521.33;21.03;231
101521.33;21.03;232
101521.33;21.03;233
101521.70;21.03;234
101521.70;21.03;235
101521.70;21.03;236
101521.70;21.03;237
101521.70;21.03;238
101522.08;21.03;239
101521.38;21.03;240
101521.72;21.03;241
101521.02;21.03;242
101521.02;21.03;243
101521.39;21.04;244
101521.39;21.04;245
101521.06;21.04;246
101521.06;21.04;247
101521.44;21.04;248
101521.44;21.04;249
101521.44;21.04;250
101521.44;21.04;251
101521.81;21.04;252
101521.81;21.04;253
101521.11;21.04;254
101521.81;21.04;255
101522.19;21.05;256
101522.19;21.05;257
101522.19;21.05;258
101522.19;21.05;259
101522.56;21.05;260
101523.27;21.05;261
101522.56;21.05;262
101522.94;21.05;263
101522.94;21.05;264
101522.23;21.05;265
101522.23;21.05;266
101522.61;21.05;267
101522.25;21.06;268
101522.25;21.06;269
101522.25;21.06;270
101521.92;21.06;271
101521.92;21.06;272
101521.59;21.06;273
101521.96;21.06;274
101521.26;21.06;275
101521.26;21.06;276
101521.63;21.07;277
101520.92;21.07;278
101520.92;21.07;279
101520.59;21.07;280
101520.59;21.07;281
101520.59;21.07;282
101520.97;21.07;283
101520.27;21.07;284
101520.27;21.07;285
101520.27;21.07;286
101520.64;21.07;287
101520.64;21.07;288
101520.64;21.07;289
101519.94;21.07;290
101519.94;21.07;291
101519.94;21.07;292
101520.28;21.08;293
101519.58;21.08;294
101519.58;21.08;295
101520.66;21.08;296
101519.95;21.08;297
101519.95;21.08;298
101519.95;21.08;299
101519.62;21.08;300
101519.62;21.08;301
101519.62;21.08;302
101520.00;21.08;303
101520.00;21.08;304
101519.66;21.09;305
101519.66;21.09;306
101519.33;21.09;307
101519.33;21.09;308
101519.70;21.09;309
101519.70;21.09;310
101519.00;21.09;311
101519.38;21.09;312
101520.08;21.09;313
101520.08;21.09;314
101520.08;21.09;315
101519.75;21.10;316
101519.75;21.10;317
101520.09;21.10;318
101520.09;21.10;319
101520.47;21.10;320
101519.77;21.10;321
101520.14;21.10;322
101520.14;21.10;323
101520.52;21.11;324
101520.52;21.11;325
101520.19;21.11;326
101520.19;21.11;327
101520.19;21.11;328
101520.19;21.11;329
101520.56;21.11;330
101520.56;21.11;331
101520.56;21.11;332
101520.94;21.12;333
101520.23;21.12;334
101520.23;21.12;335
101520.23;21.12;336
101520.23;21.12;337
101519.91;21.12;338
101519.91;21.12;339
101519.91;21.12;340
101519.20;21.12;341
101519.20;21.12;342
101519.20;21.12;343
101519.55;21.12;344
101520.25;21.12;345
101520.25;21.12;346
101520.25;21.12;347
101520.25;21.12;348
101520.25;21.12;349
101520.62;21.12;350
101520.62;21.12;351
101521.33;21.12;352
101520.62;21.12;353
101521.00;21.13;354
101521.70;21.13;355
101521.70;21.13;356
101522.08;21.13;357
101522.08;21.13;358
101521.38;21.13;359
101521.38;21.13;360
101521.38;21.13;361
101521.38;21.13;362
101521.75;21.13;363
101521.05;21.13;364
101521.05;21.13;365
101521.05;21.13;366
101520.67;21.13;367
101520.67;21.13;368
101521.05;21.13;369
101521.05;21.13;370
101520.67;21.13;371
101520.67;21.13;372
101520.67;21.13;373
101519.96;21.13;374
101520.67;21.13;375
101520.67;21.13;376
101520.67;21.13;377
101520.67;21.13;378
101520.67;21.13;379
101520.67;21.13;380
101520.67;21.13;381
101520.67;21.13;382
101520.67;21.13;383
101520.67;21.13;384
101520.67;21.13;385
101519.96;21.13;386
101519.96;21.13;387
101519.96;21.13;388
101519.96;21.13;389
101519.96;21.13;390
101519.96;21.13;391
101519.96;21.13;392
101520.34;21.13;393
101520.34;21.13;394
101521.05;21.13;395
101520.34;21.13;396
101521.05;21.13;397
101521.05;21.13;398
101521.05;21.13;399
101520.67;21.13;400
101520.67;21.13;401
101520.67;21.13;402
101521.05;21.13;403
101521.38;21.13;404
101521.75;21.13;405
101521.38;21.13;406
101521.38;21.13;407
101521.75;21.13;408
101521.75;21.13;409
101521.75;21.13;410
101521.75;21.13;411
101521.75;21.13;412
101521.75;21.13;413
101521.05;21.13;414
101521.75;21.13;415
101521.05;21.13;416
101521.05;21.13;417
101521.05;21.13;418
101521.05;21.13;419
101520.34;21.13;420
101521.05;21.13;421
101520.34;21.13;422
101521.05;21.13;423
101521.42;21.13;424
101520.34;21.13;425
101520.71;21.13;426
101520.71;21.13;427
101520.71;21.13;428
101521.42;21.13;429
101520.71;21.13;430
101520.71;21.13;431
101520.71;21.13;432
101521.09;21.14;433
101520.38;21.14;434
101520.38;21.14;435
101520.76;21.14;436
101520.76;21.14;437
101521.10;21.14;438
101521.10;21.14;439
101521.10;21.14;440
101521.48;21.14;441
101520.77;21.14;442
101520.44;21.15;443
101520.44;21.15;444
101520.81;21.15;445
101520.81;21.15;446
101521.19;21.15;447
101521.19;21.15;448
101520.48;21.15;449
101520.86;21.15;450
101520.16;21.15;451
101520.53;21.16;452
101520.20;21.16;453
101520.20;21.16;454
101519.88;21.16;455
101520.58;21.16;456
101520.22;21.16;457
101520.22;21.16;458
101520.59;21.17;459
101520.59;21.17;460
101520.97;21.17;461
101520.97;21.17;462
101520.27;21.17;463
101520.64;21.17;464
101520.64;21.17;465
101520.30;21.17;466
101520.30;21.17;467
101519.60;21.17;468
101519.97;21.18;469
101519.97;21.18;470
101519.64;21.18;471
101519.64;21.18;472
101520.02;21.18;473
101520.02;21.18;474
101519.66;21.18;475
101519.66;21.18;476
101520.03;21.19;477
101520.03;21.19;478
101519.70;21.19;479
101520.41;21.19;480
101520.08;21.19;481
101520.08;21.19;482
101520.45;21.19;483
101520.12;21.20;484
101520.12;21.20;485
101520.12;21.20;486
101520.50;21.20;487
101519.79;21.20;488
101519.79;21.20;489
101519.79;21.20;490
101520.16;21.20;491
101520.16;21.20;492
101520.16;21.20;493
101520.16;21.20;494
101520.16;21.20;495
101520.55;21.20;496
101520.55;21.20;497
101520.18;21.21;498
101520.18;21.21;499
101520.18;21.21;500
101520.18;21.21;501
101520.18;21.21;502
101520.18;21.21;503
101519.83;21.20;504
101520.18;21.21;505
101520.18;21.21;506
101519.48;21.21;507
101519.48;21.21;508
101519.48;21.21;509
101519.48;21.21;510
101519.48;21.21;511
101520.18;21.21;512
101519.85;21.21;513
101520.55;21.21;514
101520.55;21.21;515
101520.55;21.21;516
101520.55;21.21;517
101520.55;21.21;518
101520.55;21.21;519
101520.55;21.21;520
101520.55;21.21;521
101521.27;21.21;522
101520.55;21.21;523
101520.93;21.21;524
101521.64;21.21;525
101521.64;21.21;526
101521.64;21.21;527
101520.93;21.21;528
101520.93;21.21;529
101521.30;21.21;530
101520.59;21.21;531
101520.59;21.21;532
101520.59;21.21;533
101520.59;21.21;534
101520.97;21.22;535
101520.97;21.22;536
101520.97;21.22;537
101520.97;21.22;538
101520.97;21.22;539
101520.97;21.22;540
101520.97;21.22;541
101520.97;21.22;542
101520.27;21.22;543
101520.97;21.22;544
101520.27;21.22;545
101520.27;21.22;546
101520.27;21.22;547
101520.97;21.22;548
101520.27;21.22;549
101520.27;21.22;550
101520.27;21.22;551
101520.27;21.22;552
101520.64;21.22;553
101520.64;21.22;554
101520.64;21.22;555
101520.64;21.22;556
101520.64;21.22;557
101521.02;21.22;558
101521.02;21.22;559
101521.02;21.22;560
101521.02;21.22;561
101521.02;21.22;562
101521.39;21.22;563
101521.39;21.22;564
101521.39;21.22;565
101521.39;21.22;566
101521.39;21.22;567
101521.74;21.23;568
101521.03;21.23;569
101521.03;21.23;570
101521.03;21.23;571
101521.41;21.23;572
101521.41;21.23;573
101521.41;21.23;574
101521.41;21.23;575
101521.41;21.23;576
101521.41;21.23;577
101521.78;21.23;578
101521.78;21.23;579
101521.08;21.23;580
101521.08;21.23;581
101521.08;21.23;582
101521.45;21.23;583
101521.45;21.23;584
101521.45;21.23;585
101520.75;21.23;586
101521.12;21.24;587
101521.12;21.24;588
101521.12;21.24;589
101521.12;21.24;590
101520.42;21.24;591
101520.42;21.24;592
101520.80;21.24;593
101520.09;21.24;594
101520.09;21.24;595
101520.09;21.24;596
101520.09;21.24;597
101520.09;21.24;598
101520.09;21.24;599
101520.09;21.24;600
101520.46;21.24;601
101520.46;21.24;602
101520.46;21.24;603
101520.46;21.24;604
101520.46;21.24;605
101520.46;21.24;606
101520.46;21.24;607
101520.46;21.24;608
101520.84;21.24;609
101520.84;21.24;610
101520.84;21.24;611
101520.84;21.24;612
101520.48;21.25;613
101520.48;21.25;614
101520.48;21.25;615
101520.48;21.25;616
101520.85;21.25;617
101520.85;21.25;618
101521.56;21.25;619
101520.85;21.25;620
101521.23;21.25;621
101520.85;21.25;622
101520.85;21.25;623
101521.23;21.25;624
101521.23;21.25;625
101521.23;21.25;626
101521.23;21.25;627
101521.23;21.25;628
101521.60;21.25;629
101521.60;21.25;630
101521.98;21.26;631
101521.27;21.26;632
101521.27;21.26;633
101521.27;21.26;634
101521.65;21.26;635
101520.94;21.26;636
101520.94;21.26;637
101520.94;21.26;638
101520.94;21.26;639
101520.94;21.26;640
101520.94;21.26;641
101520.94;21.26;642
101520.94;21.26;643
101520.94;21.26;644
101521.31;21.26;645
101520.23;21.26;646
101520.23;21.26;647
101520.23;21.26;648
101520.23;21.26;649
101520.23;21.26;650
101520.94;21.26;651
101520.94;21.26;652
101520.23;21.26;653
101519.86;21.26;654
101519.86;21.26;655
101519.86;21.26;656
101519.86;21.26;657
101519.86;21.26;658
101519.86;21.26;659
101519.86;21.26;660
101519.86;21.26;661
101519.86;21.26;662
101519.86;21.26;663
101519.86;21.26;664
101519.86;21.26;665
101519.48;21.25;666
101519.48;21.25;667
101519.48;21.25;668
101520.56;21.26;669
101520.56;21.26;670
101519.86;21.26;671
101519.86;21.26;672
101519.86;21.26;673
101519.86;21.26;674
101520.23;21.26;675
101520.23;21.26;676
101520.23;21.26;677
101520.23;21.26;678
101520.23;21.26;679
101520.61;21.26;680
101520.61;21.26;681
101520.61;21.26;682
101520.61;21.26;683
101520.98;21.26;684
101520.98;21.26;685
101520.98;21.26;686
101521.36;21.27;687
101521.36;21.27;688
101521.36;21.27;689
101521.00;21.27;690
101521.00;21.27;691
101521.38;21.27;692
101521.38;21.27;693
101520.67;21.27;694
101521.05;21.27;695
101521.05;21.27;696
101521.05;21.27;697
101521.05;21.27;698
101521.42;21.28;699
101520.71;21.28;700
101520.71;21.28;701
101520.71;21.28;702
101520.71;21.28;703
101520.71;21.28;704
101520.71;21.28;705
101520.38;21.28;706
101520.38;21.28;707
101520.38;21.28;708
101520.05;21.28;709
101520.05;21.28;710
101520.42;21.28;711
101520.42;21.28;712
101520.09;21.29;713
101520.09;21.29;714
101520.80;21.29;715
101520.80;21.29;716
101520.80;21.29;717
101520.80;21.29;718
101520.80;21.29;719
101521.15;21.29;720
101520.44;21.29;721
101520.81;21.29;722
101520.81;21.29;723
101520.11;21.29;724
101520.48;21.29;725
101520.48;21.29;726
101520.86;21.30;727
101521.23;21.30;728
101521.23;21.30;729
101520.53;21.30;730
101520.91;21.30;731
101520.91;21.30;732
101520.20;21.30;733
101520.91;21.30;734
101520.58;21.30;735
101520.58;21.30;736
101520.58;21.30;737
101520.95;21.31;738
101520.25;21.31;739
101520.25;21.31;740
101520.25;21.31;741
101520.59;21.31;742
101520.59;21.31;743
101520.97;21.31;744
101520.97;21.31;745
101520.97;21.31;746
101521.34;21.31;747
101521.34;21.31;748
101521.02;21.32;749
101521.02;21.32;750
101521.02;21.32;751
101521.39;21.32;752
101521.39;21.32;753
101521.39;21.32;754
101521.77;21.32;755
101521.77;21.32;756
101521.77;21.32;757
101522.14;21.32;758
101522.14;21.32;759
101522.84;21.32;760
101522.84;21.32;761
101522.84;21.32;762
101523.22;21.33;763
101523.22;21.33;764
101523.22;21.33;765
101523.59;21.33;766
101523.59;21.33;767
101523.59;21.33;768
101523.59;21.33;769
101523.59;21.33;770
101523.94;21.33;771
101523.23;21.33;772
101523.23;21.33;773
101523.23;21.33;774
101523.23;21.33;775
101523.23;21.33;776
101522.53;21.33;777
101522.91;21.33;778
101522.91;21.33;779
101522.20;21.33;780
101522.20;21.33;781
101521.86;21.34;782
101521.86;21.34;783
101521.86;21.34;784
101521.86;21.34;785
101522.57;21.34;786
101522.95;21.34;787
101522.95;21.34;788
101522.23;21.34;789
101522.23;21.34;790
101522.23;21.34;791
101522.23;21.34;792
101521.53;21.34;793
101522.61;21.34;794
101522.61;21.34;795
101522.61;21.34;796
101521.91;21.34;797
101521.91;21.34;798
101522.28;21.34;799
101522.28;21.34;800
101522.28;21.34;801
101522.28;21.34;802
101522.28;21.34;803
101521.91;21.34;804
101521.91;21.34;805
101522.28;21.34;806
101521.91;21.34;807
101521.91;21.34;808
101521.58;21.34;809
101521.58;21.34;810
101521.58;21.34;811
101521.58;21.34;812
101521.58;21.34;813
101521.58;21.34;814
101521.58;21.34;815
101520.88;21.34;816
101521.95;21.35;817
101521.25;21.35;818
101521.25;21.35;819
101521.25;21.35;820
101521.25;21.35;821
101521.25;21.35;822
101521.95;21.35;823
101521.95;21.35;824
101521.95;21.35;825
101521.95;21.35;826
101521.95;21.35;827
101521.95;21.35;828
101521.25;21.35;829
101521.62;21.35;830
101521.62;21.35;831
101521.62;21.35;832
101521.62;21.35;833
101521.62;21.35;834
101521.62;21.35;835
101521.62;21.35;836
101522.33;21.35;837
101521.62;21.35;838
101521.62;21.35;839
101521.62;21.35;840
101521.62;21.35;841
101521.97;21.35;842
101521.62;21.35;843
101522.33;21.35;844
101522.33;21.35;845
101521.97;21.35;846
101521.97;21.35;847
101521.97;21.35;848
101521.27;21.35;849
101521.97;21.35;850
101521.97;21.35;851
101522.34;21.35;852
101522.34;21.35;853
101521.64;21.35;854
101522.02;21.36;855
101522.72;21.36;856
101522.02;21.36;857
101522.39;21.36;858
101522.39;21.36;859
101522.39;21.36;860
101522.05;21.36;861
101522.05;21.36;862
101522.05;21.36;863
101522.05;21.36;864
101522.05;21.36;865
101522.77;21.36;866
101522.05;21.36;867
101522.43;21.36;868
101522.43;21.36;869
101522.43;21.36;870
101522.43;21.36;871
101522.80;21.37;872
101522.09;21.37;873
101522.09;21.37;874
101522.09;21.37;875
101522.09;21.37;876
101522.09;21.37;877
101522.09;21.37;878
101522.09;21.37;879
101521.39;21.37;880
101521.39;21.37;881
101522.09;21.37;882
101521.39;21.37;883
101521.39;21.37;884
101522.09;21.37;885
101522.09;21.37;886
101522.09;21.37;887
101521.39;21.37;888
101521.39;21.37;889
101521.39;21.37;890
101522.09;21.37;891
101522.09;21.37;892
101522.09;21.37;893
101522.09;21.37;894
101522.09;21.37;895
101522.09;21.37;896
101522.80;21.37;897
101522.80;21.37;898
101522.80;21.37;899
101522.80;21.37;900
101522.80;21.37;901
101522.80;21.37;902
101522.80;21.37;903
101522.80;21.37;904
101522.80;21.37;905
101522.09;21.37;906
101522.80;21.37;907
101522.80;21.37;908
101522.80;21.37;909
101522.80;21.37;910
101522.80;21.37;911
101522.80;21.37;912
101523.52;21.37;913
101523.52;21.37;914
101523.52;21.37;915
101523.14;21.36;916
101523.52;21.37;917
101523.52;21.37;918
101522.80;21.37;919
101522.80;21.37;920
101522.80;21.37;921
101523.52;21.37;922
101522.43;21.36;923
101522.43;21.36;924
101523.14;21.36;925
101523.14;21.36;926
101523.14;21.36;927
101522.77;21.36;928
101523.47;21.36;929
101523.47;21.36;930
101523.47;21.36;931
101523.47;21.36;932
101523.09;21.36;933
101523.09;21.36;934
101522.39;21.36;935
101522.39;21.36;936
101523.09;21.36;937
101522.02;21.36;938
101522.72;21.36;939
101522.72;21.36;940
101521.64;21.35;941
101522.34;21.35;942
101522.34;21.35;943
101521.97;21.35;944
101521.97;21.35;945
101521.97;21.35;946
101521.62;21.35;947
101522.33;21.35;948
101522.33;21.35;949
101522.66;21.35;950
101522.66;21.35;951
101522.66;21.35;952
101522.28;21.34;953
101522.98;21.34;954
101522.98;21.34;955
101522.98;21.34;956
101522.98;21.34;957
101522.61;21.34;958
101522.61;21.34;959
101522.61;21.34;960
101523.32;21.34;961
101522.23;21.34;962
101522.95;21.34;963
101522.95;21.34;964
101522.57;21.34;965
101522.57;21.34;966
101522.57;21.34;967
101522.57;21.34;968
101522.57;21.34;969
101521.86;21.34;970
101521.86;21.34;971
101522.57;21.34;972
101522.57;21.34;973
101521.86;21.34;974
101521.86;21.34;975
101522.57;21.34;976
101522.57;21.34;977
101522.20;21.33;978
101522.91;21.33;979
101522.20;21.33;980
101522.20;21.33;981
101522.20;21.33;982
101522.20;21.33;983
101522.20;21.33;984
101522.20;21.33;985
101521.48;21.33;986
101522.20;21.33;987
101522.20;21.33;988
101522.20;21.33;989
101522.20;21.33;990
101521.48;21.33;991
101521.48;21.33;992
101521.48;21.33;993
101521.48;21.33;994
101521.48;21.33;995
101521.48;21.33;996
101521.11;21.33;997
101521.48;21.33;998
101521.48;21.33;999
101521.48;21.33;1000
101521.48;21.33;1001
101521.48;21.33;1002
101521.48;21.33;1003
101521.48;21.33;1004
101521.48;21.33;1005
101521.48;21.33;1006
101521.48;21.33;1007
101521.48;21.33;1008
101521.48;21.33;1009
101522.20;21.33;1010
101522.20;21.33;1011
101522.20;21.33;1012
101522.20;21.33;1013
101522.20;21.33;1014
101522.20;21.33;1015
101522.57;21.34;1016
101521.86;21.34;1017
101521.86;21.34;1018
101521.86;21.34;1019
101521.48;21.33;1020
101521.86;21.34;1021
101521.86;21.34;1022
101522.57;21.34;1023
101521.86;21.34;1024
101522.57;21.34;1025
101521.86;21.34;1026
101521.86;21.34;1027
101522.57;21.34;1028
101521.86;21.34;1029
101521.86;21.34;1030
101522.23;21.34;1031
101522.23;21.34;1032
101522.23;21.34;1033
101522.23;21.34;1034
101522.23;21.34;1035
101522.23;21.34;1036
101521.53;21.34;1037
101521.53;21.34;1038
101521.91;21.34;1039
101521.91;21.34;1040
101521.91;21.34;1041
101521.91;21.34;1042
101522.61;21.34;1043
101522.61;21.34;1044
101522.61;21.34;1045
101521.91;21.34;1046
101521.91;21.34;1047
101521.91;21.34;1048
101521.91;21.34;1049
101521.91;21.34;1050
101522.28;21.34;1051
101522.28;21.34;1052
101522.28;21.34;1053
101522.28;21.34;1054
101522.28;21.34;1055
101521.58;21.34;1056
101521.95;21.35;1057
101522.28;21.34;1058
101521.95;21.35;1059
101521.95;21.35;1060
101521.95;21.35;1061
101521.95;21.35;1062
101521.95;21.35;1063
101521.95;21.35;1064
101521.95;21.35;1065
101521.95;21.35;1066
101521.25;21.35;1067
101521.25;21.35;1068
101521.25;21.35;1069
101521.25;21.35;1070
101521.62;21.35;1071
101520.91;21.35;1072
101520.91;21.35;1073
101520.91;21.35;1074
101521.27;21.35;1075
101521.27;21.35;1076
101521.27;21.35;1077
101521.27;21.35;1078
101520.93;21.35;1079
101520.93;21.35;1080
101520.93;21.35;1081
101521.64;21.35;1082
101520.93;21.35;1083
101521.64;21.35;1084
101521.64;21.35;1085
101522.02;21.36;1086
101521.64;21.35;1087
101521.64;21.35;1088
101522.02;21.36;1089
101522.02;21.36;1090
101522.02;21.36;1091
101522.02;21.36;1092
101522.02;21.36;1093
101522.02;21.36;1094
101522.02;21.36;1095
101522.39;21.36;1096
101522.39;21.36;1097
101522.39;21.36;1098
101522.39;21.36;1099
101523.47;21.36;1100
101523.47;21.36;1101
101523.47;21.36;1102
101523.47;21.36;1103
101523.47;21.36;1104
101523.47;21.36;1105
101523.47;21.36;1106
101523.47;21.36;1107
101523.47;21.36;1108
101523.47;21.36;1109
101523.84;21.36;1110
101523.84;21.36;1111
101523.84;21.36;1112
101523.84;21.36;1113
101523.84;21.36;1114
101524.22;21.37;1115
101524.22;21.37;1116
101523.52;21.37;1117
101523.52;21.37;1118
101523.89;21.37;1119
101523.89;21.37;1120
101523.89;21.37;1121
101523.89;21.37;1122
101523.89;21.37;1123
101523.89;21.37;1124
101523.89;21.37;1125
101524.27;21.37;1126
101523.89;21.37;1127
101523.89;21.37;1128
101523.89;21.37;1129
101523.89;21.37;1130
101523.89;21.37;1131
101523.55;21.37;1132
101523.55;21.37;1133
101524.27;21.37;1134
101523.89;21.37;1135
101523.55;21.37;1136
101523.18;21.37;1137
101523.55;21.37;1138
101523.55;21.37;1139
101523.55;21.37;1140
101523.55;21.37;1141
101523.55;21.37;1142
101523.55;21.37;1143
101523.55;21.37;1144
101523.55;21.37;1145
101523.55;21.37;1146
101523.55;21.37;1147
101523.55;21.37;1148
101523.55;21.37;1149
101523.55;21.37;1150
101523.55;21.37;1151
101523.55;21.37;1152
101523.55;21.37;1153
101523.55;21.37;1154
101523.55;21.37;1155
101523.55;21.37;1156
101523.55;21.37;1157
101523.91;21.37;1158
101522.84;21.37;1159
101522.84;21.37;1160
101523.20;21.37;1161
101522.84;21.37;1162
101522.84;21.37;1163
101522.84;21.37;1164
101523.20;21.37;1165
101523.20;21.37;1166
101523.20;21.37;1167
101523.20;21.37;1168
101523.20;21.37;1169
101522.48;21.37;1170
101523.20;21.37;1171
101522.48;21.37;1172
101522.48;21.37;1173
101522.48;21.37;1174
101522.48;21.37;1175
101522.86;21.38;1176
101522.86;21.38;1177
101522.86;21.38;1178
101522.86;21.38;1179
101522.86;21.38;1180
101522.86;21.38;1181
101522.86;21.38;1182
101523.23;21.38;1183
101522.53;21.38;1184
101522.53;21.38;1185
101522.53;21.38;1186
101522.53;21.38;1187
101522.53;21.38;1188
101522.53;21.38;1189
101522.53;21.38;1190
101522.53;21.38;1191
101522.91;21.38;1192
101522.91;21.38;1193
101522.91;21.38;1194
101522.91;21.38;1195
101522.91;21.38;1196
101522.91;21.38;1197
101522.91;21.38;1198
101522.91;21.38;1199
101522.91;21.38;1200
101522.91;21.38;1201
101522.20;21.38;1202
101522.20;21.38;1203
101522.91;21.38;1204
101522.20;21.38;1205
101522.58;21.38;1206
101522.58;21.38;1207
101523.28;21.38;1208
101523.28;21.38;1209
101523.28;21.38;1210
101523.28;21.38;1211
101523.28;21.38;1212
101522.58;21.38;1213
101522.95;21.39;1214
101523.66;21.39;1215
101523.66;21.39;1216
101523.66;21.39;1217
101523.66;21.39;1218
101523.33;21.39;1219
101523.33;21.39;1220
101523.33;21.39;1221
101523.33;21.39;1222
101523.33;21.39;1223
101523.33;21.39;1224
101523.70;21.39;1225
101523.33;21.39;1226
101523.70;21.39;1227
101523.70;21.39;1228
101523.34;21.39;1229
101523.34;21.39;1230
101523.34;21.39;1231
101523.34;21.39;1232
101523.72;21.40;1233
101523.72;21.40;1234
101524.42;21.40;1235
101523.72;21.40;1236
101524.09;21.40;1237
101524.09;21.40;1238
101524.09;21.40;1239
101524.09;21.40;1240
101524.47;21.40;1241
101524.47;21.40;1242
101524.84;21.40;1243
101524.84;21.40;1244
101524.84;21.40;1245
101524.84;21.40;1246
101524.84;21.40;1247
101524.84;21.40;1248
101524.84;21.40;1249
101524.84;21.40;1250
101524.84;21.40;1251
101525.55;21.40;1252
101525.22;21.41;1253
101525.22;21.41;1254
101525.22;21.41;1255
101524.52;21.41;1256
101524.52;21.41;1257
101524.52;21.41;1258
101524.52;21.41;1259
101524.52;21.41;1260
101524.52;21.41;1261
101524.52;21.41;1262
101524.52;21.41;1263
101523.80;21.41;1264
101523.80;21.41;1265
101523.80;21.41;1266
101523.80;21.41;1267
101523.80;21.41;1268
101523.80;21.41;1269
101523.80;21.41;1270
101523.80;21.41;1271
101523.09;21.41;1272
101524.18;21.41;1273
101524.18;21.41;1274
101524.18;21.41;1275
101523.47;21.41;1276
101523.47;21.41;1277
101523.47;21.41;1278
101523.47;21.41;1279
101523.47;21.41;1280
101523.47;21.41;1281
101523.47;21.41;1282
101523.47;21.41;1283
101523.47;21.41;1284
101523.47;21.41;1285
101523.47;21.41;1286
101523.47;21.41;1287
101523.09;21.41;1288
101523.80;21.41;1289
101523.80;21.41;1290
101523.43;21.40;1291
101523.43;21.40;1292
101523.43;21.40;1293
101523.80;21.41;1294
101523.80;21.41;1295
101523.80;21.41;1296
101524.18;21.41;1297
101523.47;21.41;1298
101523.47;21.41;1299
101523.47;21.41;1300
101522.77;21.41;1301
101522.77;21.41;1302
101523.14;21.41;1303
101523.14;21.41;1304
101523.14;21.41;1305
101523.48;21.41;1306
101522.78;21.41;1307
101522.78;21.41;1308
101522.78;21.41;1309
101522.78;21.41;1310
101522.78;21.41;1311
101523.16;21.42;1312
101522.83;21.42;1313
101522.83;21.42;1314
101522.83;21.42;1315
101522.83;21.42;1316
101523.20;21.42;1317
101522.50;21.42;1318
101523.20;21.42;1319
101523.20;21.42;1320
101523.20;21.42;1321
101523.58;21.42;1322
101523.58;21.42;1323
101523.58;21.42;1324
101523.24;21.43;1325
101523.24;21.43;1326
101523.24;21.43;1327
101523.62;21.43;1328
101523.62;21.43;1329
101523.62;21.43;1330
101523.99;21.43;1331
101523.29;21.43;1332
101523.99;21.43;1333
101523.99;21.43;1334
101523.99;21.43;1335
101523.66;21.43;1336
101523.66;21.43;1337
101523.66;21.43;1338
101524.37;21.43;1339
101524.37;21.43;1340
101523.66;21.43;1341
101523.66;21.43;1342
101523.66;21.43;1343
101524.02;21.44;1344
101524.02;21.44;1345
101524.02;21.44;1346
101524.02;21.44;1347
101524.02;21.44;1348
101524.02;21.44;1349
101524.02;21.44;1350
101524.02;21.44;1351
101524.02;21.44;1352
101524.02;21.44;1353
101523.30;21.44;1354
101523.30;21.44;1355
101523.30;21.44;1356
101523.68;21.44;1357
101523.68;21.44;1358
101523.30;21.44;1359
101523.68;21.44;1360
101523.30;21.44;1361
101523.30;21.44;1362
101524.39;21.44;1363
101524.39;21.44;1364
101524.39;21.44;1365
101523.68;21.44;1366
101523.68;21.44;1367
101524.39;21.44;1368
101524.39;21.44;1369
101524.76;21.44;1370
101524.05;21.44;1371
101524.05;21.44;1372
101524.05;21.44;1373
101524.05;21.44;1374
101524.05;21.44;1375
101524.05;21.44;1376
101524.05;21.44;1377
101524.05;21.44;1378
101524.05;21.44;1379
101524.05;21.44;1380
101524.05;21.44;1381
101524.05;21.44;1382
101524.05;21.44;1383
101524.05;21.44;1384
101524.05;21.44;1385
101524.05;21.44;1386
101523.34;21.44;1387
101523.34;21.44;1388
101523.34;21.44;1389
101523.34;21.44;1390
101523.34;21.44;1391
101523.34;21.44;1392
101523.34;21.44;1393
101523.72;21.44;1394
101523.72;21.44;1395
101523.72;21.44;1396
101524.43;21.44;1397
101524.43;21.44;1398
101524.43;21.44;1399
101524.43;21.44;1400
101524.43;21.44;1401
101524.43;21.44;1402
101523.72;21.44;1403
101524.09;21.45;1404
101524.09;21.45;1405
101524.09;21.45;1406
101524.09;21.45;1407
101524.09;21.45;1408
101524.09;21.45;1409
101524.09;21.45;1410
101524.47;21.45;1411
101524.47;21.45;1412
101523.77;21.45;1413
101523.77;21.45;1414
101523.77;21.45;1415
101523.77;21.45;1416
101523.77;21.45;1417
101524.14;21.45;1418
101524.14;21.45;1419
101524.14;21.45;1420
101523.44;21.45;1421
101523.44;21.45;1422
101523.44;21.45;1423
101523.44;21.45;1424
101522.73;21.45;1425
101522.73;21.45;1426
101523.10;21.45;1427
101523.44;21.45;1428
101523.44;21.45;1429
101523.44;21.45;1430
101523.44;21.45;1431
101523.44;21.45;1432
101523.44;21.45;1433
101523.44;21.45;1434
101523.44;21.45;1435
101524.14;21.45;1436
101523.44;21.45;1437
101523.44;21.45;1438
101523.44;21.45;1439
101523.44;21.45;1440
101523.44;21.45;1441
101523.44;21.45;1442
101523.44;21.45;1443
101523.44;21.45;1444
101523.44;21.45;1445
101523.44;21.45;1446
101523.44;21.45;1447
101523.44;21.45;1448
101523.44;21.45;1449
101524.14;21.45;1450
101524.14;21.45;1451
101524.14;21.45;1452
101523.44;21.45;1453
101523.44;21.45;1454
101523.44;21.45;1455
101524.14;21.45;1456
101524.14;21.45;1457
101524.14;21.45;1458
101523.44;21.45;1459
101524.14;21.45;1460
101524.14;21.45;1461
101524.14;21.45;1462
101524.14;21.45;1463
101524.14;21.45;1464
101524.14;21.45;1465
101524.14;21.45;1466
101524.14;21.45;1467
101524.14;21.45;1468
101524.14;21.45;1469
101524.14;21.45;1470
101523.44;21.45;1471
101523.44;21.45;1472
101523.44;21.45;1473
101523.44;21.45;1474
101523.44;21.45;1475
101522.73;21.45;1476
101523.44;21.45;1477
101523.44;21.45;1478
101523.44;21.45;1479
101523.44;21.45;1480
101522.73;21.45;1481
101522.73;21.45;1482
101523.44;21.45;1483
101523.44;21.45;1484
101523.44;21.45;1485
101523.81;21.45;1486
101523.81;21.45;1487
101523.81;21.45;1488
101523.10;21.45;1489
101523.10;21.45;1490
101523.10;21.45;1491
101523.10;21.45;1492
101523.10;21.45;1493
101523.45;21.46;1494
101523.45;21.46;1495
101522.74;21.46;1496
101523.12;21.46;1497
101523.12;21.46;1498
101523.12;21.46;1499
101523.49;21.46;1500
101523.49;21.46;1501
101523.49;21.46;1502
101523.49;21.46;1503
101522.79;21.46;1504
101523.87;21.46;1505
101523.87;21.46;1506
101523.16;21.46;1507
101523.16;21.46;1508
101524.24;21.47;1509
101524.24;21.47;1510
101524.24;21.47;1511
101524.62;21.47;1512
101524.62;21.47;1513
101524.62;21.47;1514
101524.62;21.47;1515
101524.62;21.47;1516
101524.62;21.47;1517
101524.62;21.47;1518
101524.62;21.47;1519
101523.91;21.47;1520
101524.62;21.47;1521
101524.62;21.47;1522
101523.91;21.47;1523
101523.91;21.47;1524
101523.54;21.47;1525
101523.54;21.47;1526
101523.91;21.47;1527
101523.20;21.47;1528
101523.91;21.47;1529
101523.91;21.47;1530
101523.20;21.47;1531
101523.20;21.47;1532
101523.91;21.47;1533
101523.91;21.47;1534
101523.91;21.47;1535
101523.91;21.47;1536
101523.54;21.47;1537
101523.54;21.47;1538
101523.54;21.47;1539
101523.54;21.47;1540
101523.54;21.47;1541
101523.16;21.46;1542
101523.16;21.46;1543
101523.16;21.46;1544
101523.16;21.46;1545
101523.16;21.46;1546
101523.16;21.46;1547
101523.16;21.46;1548
101523.54;21.47;1549
101523.54;21.47;1550
101523.54;21.47;1551
101522.83;21.47;1552
101523.54;21.47;1553
101522.83;21.47;1554
101523.54;21.47;1555
101523.54;21.47;1556
101523.54;21.47;1557
101523.54;21.47;1558
101523.54;21.47;1559
101523.54;21.47;1560
101524.24;21.47;1561
101524.24;21.47;1562
101524.24;21.47;1563
101524.24;21.47;1564
101524.24;21.47;1565
101524.24;21.47;1566
101524.95;21.47;1567
101525.33;21.47;1568
101525.33;21.47;1569
101525.33;21.47;1570
101525.33;21.47;1571
101526.03;21.47;1572
101526.03;21.47;1573
101526.03;21.47;1574
101526.03;21.47;1575
101526.03;21.47;1576
101526.73;21.47;1577
101526.73;21.47;1578
101526.73;21.47;1579
101526.73;21.47;1580
101526.73;21.47;1581
101526.73;21.47;1582
101526.73;21.47;1583
101526.73;21.47;1584
101526.73;21.47;1585
101526.36;21.47;1586
101525.66;21.47;1587
101525.66;21.47;1588
101525.66;21.47;1589
101525.66;21.47;1590
101525.66;21.47;1591
101525.28;21.46;1592
101525.28;21.46;1593
101525.28;21.46;1594
101525.28;21.46;1595
101525.28;21.46;1596
101525.28;21.46;1597
101525.28;21.46;1598
101525.28;21.46;1599
101525.28;21.46;1600
101525.98;21.46;1601
101525.28;21.46;1602
101525.98;21.46;1603
101525.98;21.46;1604
101525.98;21.46;1605
101524.91;21.46;1606
101524.91;21.46;1607
101525.61;21.46;1608
101525.61;21.46;1609
101525.61;21.46;1610
101525.61;21.46;1611
101525.61;21.46;1612
101525.61;21.46;1613
101525.61;21.46;1614
101525.23;21.46;1615
101524.53;21.46;1616
101524.53;21.46;1617
101525.23;21.46;1618
101525.23;21.46;1619
101525.23;21.46;1620
101525.23;21.46;1621
101525.23;21.46;1622
101525.23;21.46;1623
101525.23;21.46;1624
101525.23;21.46;1625
101525.23;21.46;1626
101525.23;21.46;1627
101525.23;21.46;1628
101525.61;21.46;1629
101525.61;21.46;1630
101525.98;21.46;1631
101525.98;21.46;1632
101525.98;21.46;1633
101525.98;21.46;1634
101525.28;21.46;1635
101525.28;21.46;1636
101525.66;21.47;1637
101525.66;21.47;1638
101525.66;21.47;1639
101526.03;21.47;1640
101526.03;21.47;1641
101526.03;21.47;1642
101526.03;21.47;1643
101526.03;21.47;1644
101526.41;21.47;1645
101526.41;21.47;1646
101526.41;21.47;1647
101526.41;21.47;1648
101526.41;21.47;1649
101526.41;21.47;1650
101526.41;21.47;1651
101526.08;21.47;1652
101526.08;21.47;1653
101526.08;21.47;1654
101526.08;21.47;1655
101526.08;21.47;1656
101526.45;21.48;1657
101526.45;21.48;1658
101527.16;21.48;1659
101527.16;21.48;1660
101527.16;21.48;1661
101527.16;21.48;1662
101527.16;21.48;1663
101527.16;21.48;1664
101526.45;21.48;1665
101527.16;21.48;1666
101527.16;21.48;1667
101527.16;21.48;1668
101527.16;21.48;1669
101527.16;21.48;1670
101527.86;21.48;1671
101527.86;21.48;1672
101527.16;21.48;1673
101527.16;21.48;1674
101527.16;21.48;1675
101527.16;21.48;1676
101527.50;21.48;1677
101527.50;21.48;1678
101526.80;21.48;1679
101526.80;21.48;1680
101526.80;21.48;1681
101526.80;21.48;1682
101527.17;21.48;1683
101527.17;21.48;1684
101527.17;21.48;1685
101527.17;21.48;1686
101527.17;21.48;1687
101526.84;21.48;1688
101526.84;21.48;1689
101526.84;21.48;1690
101526.84;21.48;1691
101527.22;21.49;1692
101526.51;21.49;1693
101526.51;21.49;1694
101526.51;21.49;1695
101526.51;21.49;1696
101526.51;21.49;1697
101526.51;21.49;1698
101526.51;21.49;1699
101525.80;21.49;1700
101526.18;21.49;1701
101526.18;21.49;1702
101526.18;21.49;1703
101526.18;21.49;1704
101526.18;21.49;1705
101526.18;21.49;1706
101526.18;21.49;1707
101526.18;21.49;1708
101526.88;21.49;1709
101526.88;21.49;1710
101526.51;21.49;1711
101526.51;21.49;1712
101526.51;21.49;1713
101526.88;21.49;1714
101526.88;21.49;1715
101526.88;21.49;1716
101526.88;21.49;1717
101526.88;21.49;1718
101526.88;21.49;1719
101527.26;21.49;1720
101527.26;21.49;1721
101527.26;21.49;1722
101527.63;21.49;1723
101526.93;21.49;1724
101526.93;21.49;1725
101526.93;21.49;1726
101527.30;21.50;1727
101527.30;21.50;1728
101527.30;21.50;1729
101527.30;21.50;1730
101527.30;21.50;1731
101527.30;21.50;1732
101527.30;21.50;1733
101527.65;21.50;1734
101527.65;21.50;1735
101526.95;21.50;1736
101526.95;21.50;1737
101526.95;21.50;1738
101527.32;21.50;1739
101526.61;21.50;1740
101526.61;21.50;1741
101526.61;21.50;1742
101526.61;21.50;1743
101526.61;21.50;1744
101526.98;21.50;1745
101526.98;21.50;1746
101527.36;21.51;1747
101526.66;21.51;1748
101526.66;21.51;1749
101527.03;21.51;1750
101527.41;21.51;1751
101526.70;21.51;1752
101526.70;21.51;1753
101526.70;21.51;1754
101526.70;21.51;1755
101526.37;21.52;1756
101526.37;21.52;1757
101526.37;21.52;1758
101527.08;21.52;1759
101527.45;21.52;1760
101526.74;21.52;1761
101526.74;21.52;1762
101526.74;21.52;1763
101526.74;21.52;1764
101527.09;21.52;1765
101527.09;21.52;1766
101527.09;21.52;1767
101527.09;21.52;1768
101527.09;21.52;1769
101527.09;21.52;1770
101527.09;21.52;1771
101527.09;21.52;1772
101526.38;21.52;1773
101526.38;21.52;1774
101526.38;21.52;1775
101527.09;21.52;1776
101527.47;21.52;1777
101526.76;21.52;1778
101527.47;21.52;1779
101527.47;21.52;1780
101527.47;21.52;1781
101527.47;21.52;1782
101527.47;21.52;1783
101527.84;21.53;1784
101527.84;21.53;1785
101527.84;21.53;1786
101527.84;21.53;1787
101527.84;21.53;1788
101528.22;21.53;1789
101528.22;21.53;1790
101528.92;21.53;1791
101528.92;21.53;1792
101529.30;21.53;1793
101528.59;21.53;1794
101528.59;21.53;1795
101528.59;21.53;1796
101528.59;21.53;1797
101528.59;21.53;1798
101528.59;21.53;1799
101528.59;21.53;1800
101528.59;21.53;1801
101528.59;21.53;1802
101528.97;21.53;1803
101528.97;21.53;1804
101528.26;21.53;1805
101528.26;21.53;1806
101528.26;21.53;1807
101528.26;21.53;1808
101527.88;21.53;1809
101527.88;21.53;1810
101527.88;21.53;1811
101527.88;21.53;1812
101528.26;21.53;1813
101528.26;21.53;1814
101528.26;21.53;1815
101528.26;21.53;1816
101527.55;21.53;1817
101527.55;21.53;1818
101527.93;21.54;1819
101527.93;21.54;1820
101527.93;21.54;1821
101528.30;21.54;1822
101528.30;21.54;1823
101528.30;21.54;1824
101527.59;21.54;1825
101527.59;21.54;1826
101527.97;21.54;1827
101527.97;21.54;1828
101527.97;21.54;1829
101527.27;21.54;1830
101527.27;21.54;1831
101527.97;21.54;1832
101527.97;21.54;1833
101527.97;21.54;1834
101528.31;21.54;1835
101528.31;21.54;1836
101528.31;21.54;1837
101528.31;21.54;1838
101527.61;21.54;1839
101527.98;21.55;1840
101527.98;21.55;1841
101527.98;21.55;1842
101527.28;21.55;1843
101527.28;21.55;1844
101527.28;21.55;1845
101527.28;21.55;1846
101527.28;21.55;1847
101527.28;21.55;1848
101527.28;21.55;1849
101527.28;21.55;1850
101527.28;21.55;1851
101527.28;21.55;1852
101526.58;21.55;1853
101526.58;21.55;1854
101526.58;21.55;1855
101526.58;21.55;1856
101526.58;21.55;1857
101526.58;21.55;1858
101526.58;21.55;1859
101526.58;21.55;1860
101526.58;21.55;1861
101526.58;21.55;1862
101525.86;21.55;1863
101525.86;21.55;1864
101526.23;21.55;1865
101526.23;21.55;1866
101526.23;21.55;1867
101526.61;21.55;1868
101526.23;21.55;1869
101526.61;21.55;1870
101526.61;21.55;1871
101526.61;21.55;1872
101526.61;21.55;1873
101525.91;21.55;1874
101525.91;21.55;1875
101525.91;21.55;1876
101525.91;21.55;1877
101525.91;21.55;1878
101525.91;21.55;1879
101525.91;21.55;1880
101525.91;21.55;1881
101525.91;21.55;1882
101525.20;21.55;1883
101525.20;21.55;1884
101525.91;21.55;1885
101526.28;21.55;1886
101526.28;21.55;1887
101525.91;21.55;1888
101526.61;21.55;1889
101526.99;21.55;1890
101526.61;21.55;1891
101526.61;21.55;1892
101526.61;21.55;1893
101526.99;21.55;1894
101526.61;21.55;1895
101526.61;21.55;1896
101526.61;21.55;1897
101526.61;21.55;1898
101526.61;21.55;1899
101525.91;21.55;1900
101526.61;21.55;1901
101526.23;21.55;1902
101526.23;21.55;1903
101526.23;21.55;1904
101526.23;21.55;1905
101526.95;21.55;1906
101526.58;21.55;1907
101527.28;21.55;1908
101527.28;21.55;1909
101527.28;21.55;1910
101526.58;21.55;1911
101526.58;21.55;1912
101526.58;21.55;1913
101526.58;21.55;1914
101526.58;21.55;1915
101526.58;21.55;1916
101526.58;21.55;1917
101527.28;21.55;1918
101527.28;21.55;1919
101527.28;21.55;1920
101526.91;21.54;1921
101526.91;21.54;1922
101526.91;21.54;1923
101526.91;21.54;1924
101526.56;21.54;1925
101526.56;21.54;1926
101526.56;21.54;1927
101526.56;21.54;1928
101526.56;21.54;1929
101526.56;21.54;1930
101526.56;21.54;1931
101526.56;21.54;1932
101526.19;21.54;1933
101526.19;21.54;1934
101526.89;21.54;1935
101526.89;21.54;1936
101526.52;21.54;1937
101526.52;21.54;1938
101526.52;21.54;1939
101526.89;21.54;1940
101526.89;21.54;1941
101526.89;21.54;1942
101526.52;21.54;1943
101526.52;21.54;1944
101526.89;21.54;1945
101526.89;21.54;1946
101526.89;21.54;1947
101526.89;21.54;1948
101526.89;21.54;1949
101526.89;21.54;1950
101526.89;21.54;1951
101526.19;21.54;1952
101526.19;21.54;1953
101526.19;21.54;1954
101526.56;21.54;1955
101526.56;21.54;1956
101526.56;21.54;1957
101526.56;21.54;1958
101526.56;21.54;1959
101526.56;21.54;1960
101526.56;21.54;1961
101526.56;21.54;1962
101526.56;21.54;1963
101526.56;21.54;1964
101526.91;21.54;1965
101526.91;21.54;1966
101526.20;21.54;1967
101526.20;21.54;1968
101525.48;21.54;1969
101526.20;21.54;1970
101525.48;21.54;1971
101526.20;21.54;1972
101526.20;21.54;1973
101526.20;21.54;1974
101526.20;21.54;1975
101526.20;21.54;1976
101526.20;21.54;1977
101526.20;21.54;1978
101526.20;21.54;1979
101526.58;21.55;1980
101527.28;21.55;1981
101527.28;21.55;1982
101526.91;21.54;1983
101526.91;21.54;1984
101527.28;21.55;1985
101527.28;21.55;1986
101527.28;21.55;1987
101527.28;21.55;1988
101527.66;21.55;1989
101527.66;21.55;1990
101526.95;21.55;1991
101526.95;21.55;1992
101527.33;21.55;1993
101527.33;21.55;1994
101527.33;21.55;1995
101527.33;21.55;1996
101527.33;21.55;1997
101526.61;21.55;1998
101526.99;21.55;1999
101526.99;21.55;2000
101526.99;21.55;2001
101526.99;21.55;2002
101526.99;21.55;2003
101526.99;21.55;2004
101526.28;21.55;2005
101526.28;21.55;2006
101526.28;21.55;2007
101526.28;21.55;2008
101526.66;21.56;2009
101526.66;21.56;2010
101526.66;21.56;2011
101526.66;21.56;2012
101526.66;21.56;2013
101526.66;21.56;2014
101526.66;21.56;2015
101526.33;21.56;2016
101527.03;21.56;2017
101527.03;21.56;2018
101526.33;21.56;2019
101526.33;21.56;2020
101526.33;21.56;2021
101526.70;21.56;2022
101526.70;21.56;2023
101526.70;21.56;2024
101526.00;21.56;2025
101526.70;21.56;2026
101526.70;21.56;2027
101526.00;21.56;2028
101526.00;21.56;2029
101526.00;21.56;2030
101526.00;21.56;2031
101526.70;21.56;2032
101526.00;21.56;2033
101526.00;21.56;2034
101526.00;21.56;2035
101526.70;21.56;2036
101526.70;21.56;2037
101525.62;21.56;2038
101526.33;21.56;2039
101525.62;21.56;2040
101525.62;21.56;2041
101525.62;21.56;2042
101525.62;21.56;2043
101525.25;21.56;2044
101525.95;21.56;2045
101525.95;21.56;2046
101525.95;21.56;2047
101525.95;21.56;2048
101525.95;21.56;2049
101526.28;21.55;2050
101526.28;21.55;2051
101525.58;21.55;2052
101525.58;21.55;2053
101525.58;21.55;2054
101525.58;21.55;2055
101525.58;21.55;2056
101525.58;21.55;2057
101526.28;21.55;2058
101526.28;21.55;2059
101525.91;21.55;2060
101525.91;21.55;2061
101525.91;21.55;2062
101525.91;21.55;2063
101525.91;21.55;2064
101525.91;21.55;2065
101525.53;21.55;2066
101525.53;21.55;2067
101525.53;21.55;2068
101525.53;21.55;2069
101526.23;21.55;2070
101525.53;21.55;2071
101525.86;21.55;2072
101525.86;21.55;2073
101525.86;21.55;2074
101525.86;21.55;2075
101525.86;21.55;2076
101525.86;21.55;2077
101525.86;21.55;2078
101525.86;21.55;2079
101525.86;21.55;2080
101525.86;21.55;2081
101526.58;21.55;2082
101526.58;21.55;2083
101527.28;21.55;2084
101527.28;21.55;2085
101527.28;21.55;2086
101527.28;21.55;2087
101527.28;21.55;2088
101527.28;21.55;2089
101527.28;21.55;2090
101527.28;21.55;2091
101527.28;21.55;2092
101527.28;21.55;2093
101527.28;21.55;2094
101527.28;21.55;2095
101527.28;21.55;2096
101526.95;21.55;2097
101526.95;21.55;2098
101526.95;21.55;2099
101526.61;21.55;2100
101526.61;21.55;2101
101526.61;21.55;2102
101526.61;21.55;2103
101526.28;21.55;2104
101525.91;21.55;2105
101525.91;21.55;2106
101525.91;21.55;2107
101526.28;21.55;2108
101526.28;21.55;2109
101525.91;21.55;2110
101525.91;21.55;2111
101525.91;21.55;2112
101526.28;21.55;2113
101526.28;21.55;2114
101525.91;21.55;2115
101525.58;21.55;2116
101525.95;21.56;2117
101525.25;21.56;2118
101525.25;21.56;2119
101525.25;21.56;2120
101525.25;21.56;2121
101524.92;21.56;2122
101525.62;21.56;2123
101525.62;21.56;2124
101525.62;21.56;2125
101526.00;21.56;2126
101526.00;21.56;2127
101526.00;21.56;2128
101526.00;21.56;2129
101526.70;21.56;2130
101526.00;21.56;2131
101526.00;21.56;2132
101526.00;21.56;2133
101526.00;21.56;2134
101526.34;21.56;2135
101526.34;21.56;2136
101525.63;21.56;2137
101526.34;21.56;2138
101525.63;21.56;2139
101525.63;21.56;2140
101526.01;21.57;2141
101526.01;21.57;2142
101526.01;21.57;2143
101525.30;21.57;2144
101525.30;21.57;2145
101525.68;21.57;2146
101525.68;21.57;2147
101525.68;21.57;2148
101525.68;21.57;2149
101526.05;21.57;2150
101526.05;21.57;2151
101526.05;21.57;2152
101526.05;21.57;2153
101525.34;21.57;2154
101525.72;21.57;2155
101525.72;21.57;2156
101525.72;21.57;2157
101525.72;21.57;2158
101526.09;21.58;2159
101525.39;21.58;2160
101526.09;21.58;2161
101526.09;21.58;2162
101526.09;21.58;2163
101525.39;21.58;2164
101525.39;21.58;2165
101526.09;21.58;2166
101525.39;21.58;2167
101525.39;21.58;2168
101525.39;21.58;2169
101525.77;21.58;2170
101525.77;21.58;2171
101526.47;21.58;2172
101526.47;21.58;2173
101526.14;21.58;2174
101526.14;21.58;2175
101525.44;21.58;2176
101525.44;21.58;2177
101525.44;21.58;2178
101525.81;21.58;2179
101525.11;21.58;2180
101525.45;21.59;2181
101525.45;21.59;2182
101525.12;21.59;2183
101525.83;21.59;2184
101525.83;21.59;2185
101526.20;21.59;2186
101526.20;21.59;2187
101525.49;21.59;2188
101525.87;21.59;2189
101525.87;21.59;2190
101525.87;21.59;2191
101526.24;21.60;2192
101526.24;21.60;2193
101526.24;21.60;2194
101526.62;21.60;2195
101526.62;21.60;2196
101526.62;21.60;2197
101526.62;21.60;2198
101526.99;21.60;2199
101526.99;21.60;2200
101526.29;21.60;2201
101526.99;21.60;2202
101527.37;21.60;2203
101527.37;21.60;2204
101526.66;21.60;2205
101526.66;21.60;2206
101526.66;21.60;2207
101526.66;21.60;2208
101527.01;21.61;2209
101527.01;21.61;2210
101527.01;21.61;2211
101527.01;21.61;2212
101527.01;21.61;2213
101527.38;21.61;2214
101527.38;21.61;2215
101527.76;21.61;2216
101527.76;21.61;2217
101527.76;21.61;2218
101528.13;21.61;2219
101528.51;21.62;2220
101528.51;21.62;2221
101527.80;21.62;2222
101528.18;21.62;2223
101528.18;21.62;2224
101528.18;21.62;2225
101527.47;21.62;2226
101527.84;21.62;2227
101527.84;21.62;2228
101527.84;21.62;2229
101527.84;21.62;2230
101527.52;21.62;2231
101527.52;21.62;2232
101527.52;21.62;2233
101527.86;21.63;2234
101527.86;21.63;2235
101527.86;21.63;2236
101527.86;21.63;2237
101527.16;21.63;2238
101528.23;21.63;2239
101527.53;21.63;2240
101527.53;21.63;2241
101527.53;21.63;2242
101527.53;21.63;2243
101526.83;21.63;2244
101526.83;21.63;2245
101526.83;21.63;2246
101527.20;21.63;2247
101527.20;21.63;2248
101527.20;21.63;2249
101526.83;21.63;2250
101526.83;21.63;2251
101526.83;21.63;2252
101527.20;21.63;2253
101527.20;21.63;2254
101527.20;21.63;2255
101527.20;21.63;2256
101527.20;21.63;2257
101527.20;21.63;2258
101527.58;21.63;2259
101527.20;21.63;2260
101527.20;21.63;2261
101527.20;21.63;2262
101527.91;21.63;2263
101527.91;21.63;2264
101527.91;21.63;2265
101527.91;21.63;2266
101527.91;21.63;2267
101528.23;21.63;2268
101528.23;21.63;2269
101528.23;21.63;2270
101528.23;21.63;2271
101528.23;21.63;2272
101528.23;21.63;2273
101528.23;21.63;2274
101528.23;21.63;2275
101528.23;21.63;2276
101528.23;21.63;2277
101527.53;21.63;2278
101527.53;21.63;2279
101528.23;21.63;2280
101528.61;21.63;2281
101527.91;21.63;2282
101527.91;21.63;2283
101527.91;21.63;2284
101527.91;21.63;2285
101527.91;21.63;2286
101527.20;21.63;2287
101527.20;21.63;2288
101527.20;21.63;2289
101527.20;21.63;2290
101527.20;21.63;2291
101527.20;21.63;2292
101527.20;21.63;2293
101527.20;21.63;2294
101527.20;21.63;2295
101527.20;21.63;2296
101527.20;21.63;2297
101527.20;21.63;2298
101526.48;21.63;2299
101526.87;21.63;2300
101526.16;21.63;2301
101526.16;21.63;2302
101526.16;21.63;2303
101526.16;21.63;2304
101526.16;21.63;2305
101526.87;21.63;2306
101526.16;21.63;2307
101527.24;21.64;2308
101526.87;21.63;2309
101526.53;21.64;2310
101526.16;21.63;2311
101526.16;21.63;2312
101526.53;21.64;2313
101526.53;21.64;2314
101526.53;21.64;2315
101526.53;21.64;2316
101526.53;21.64;2317
101527.24;21.64;2318
101527.24;21.64;2319
101526.87;21.63;2320
101526.87;21.63;2321
101526.87;21.63;2322
101527.58;21.63;2323
101527.58;21.63;2324
101527.20;21.63;2325
101527.91;21.63;2326
101527.91;21.63;2327
101527.91;21.63;2328
101528.61;21.63;2329
101528.23;21.63;2330
101527.53;21.63;2331
101527.53;21.63;2332
101527.53;21.63;2333
101527.16;21.63;2334
101527.16;21.63;2335
101527.16;21.63;2336
101527.86;21.63;2337
101527.52;21.62;2338
101527.52;21.62;2339
101527.52;21.62;2340
101527.14;21.62;2341
101526.44;21.62;2342
101527.14;21.62;2343
101527.14;21.62;2344
101527.14;21.62;2345
101526.77;21.62;2346
101526.77;21.62;2347
101526.77;21.62;2348
101526.39;21.62;2349
101526.06;21.62;2350
101526.39;21.62;2351
101526.39;21.62;2352
101526.39;21.62;2353
101526.39;21.62;2354
101526.39;21.62;2355
101526.39;21.62;2356
101526.39;21.62;2357
101526.39;21.62;2358
101527.09;21.62;2359
101526.39;21.62;2360
101526.39;21.62;2361
101526.02;21.61;2362
101526.72;21.61;2363
101526.02;21.61;2364
101526.72;21.61;2365
101526.02;21.61;2366
101526.02;21.61;2367
101526.02;21.61;2368
101526.02;21.61;2369
101526.72;21.61;2370
101525.64;21.61;2371
101526.34;21.61;2372
101526.34;21.61;2373
101526.34;21.61;2374
101526.34;21.61;2375
101526.34;21.61;2376
101525.97;21.61;2377
101526.68;21.61;2378
101526.30;21.61;2379
101526.30;21.61;2380
101527.01;21.61;2381
101526.66;21.60;2382
101526.66;21.60;2383
101526.66;21.60;2384
101526.29;21.60;2385
101526.29;21.60;2386
101526.29;21.60;2387
101526.29;21.60;2388
101526.66;21.60;2389
101526.66;21.60;2390
101526.66;21.60;2391
101526.66;21.60;2392
101526.66;21.60;2393
101526.66;21.60;2394
101526.66;21.60;2395
101526.66;21.60;2396
101526.66;21.60;2397
101525.95;21.60;2398
101526.66;21.60;2399
