time;15:49:50
100975.59;23.27;0
100975.22;23.27;1
100974.84;23.27;2
100974.81;23.26;3
100974.78;23.26;4
100974.06;23.25;5
100974.03;23.25;6
100973.66;23.24;7
100973.62;23.24;8
100973.58;23.23;9
100973.58;23.23;10
100973.54;23.22;11
100973.12;23.22;12
100972.39;23.21;13
100972.38;23.21;14
100971.97;23.20;15
100971.94;23.19;16
100972.27;23.19;17
100971.86;23.18;18
100971.82;23.17;19
100971.44;23.17;20
100971.03;23.16;21
100971.70;23.15;22
100970.62;23.15;23
100970.21;23.14;24
100969.80;23.13;25
100970.13;23.12;26
100969.72;23.12;27
100969.31;23.11;28
100968.94;23.10;29
100969.23;23.09;30
100968.83;23.09;31
100968.45;23.08;32
100968.04;23.07;33
100968.34;23.06;34
100967.95;23.06;35
100968.27;23.05;36
100967.17;23.04;37
100966.77;23.03;38
100966.36;23.02;39
100965.61;23.02;40
100965.23;23.01;41
100964.12;23.00;42
100963.73;23.00;43
100963.33;22.99;44
100962.92;22.98;45
100962.54;22.97;46
100962.13;22.97;47
100961.73;22.96;48
100961.72;22.95;49
100961.31;22.95;50
100960.90;22.94;51
100960.48;22.93;52
100960.08;22.92;53
100959.70;22.91;54
100959.29;22.90;55
100959.96;22.90;56
100958.88;22.89;57
100959.55;22.89;58
100959.13;22.88;59
100959.81;22.87;60
100959.42;22.87;61
100960.09;22.86;62
100959.69;22.85;63
100959.69;22.85;64
100959.98;22.84;65
100959.95;22.84;66
100959.91;22.83;67
100959.52;22.82;68
100959.48;22.82;69
100960.16;22.81;70
100959.78;22.81;71
100959.74;22.80;72
100959.70;22.80;73
100958.97;22.79;74
100958.58;22.78;75
100959.25;22.78;76
100958.51;22.77;77
100958.47;22.77;78
100958.47;22.76;79
100958.06;22.76;80
100958.02;22.75;81
100958.69;22.75;82
100957.98;22.74;83
100957.23;22.74;84
100957.20;22.73;85
100956.45;22.73;86
100956.44;22.72;87
100956.03;22.71;88
100955.66;22.71;89
100955.62;22.71;90
100955.61;22.70;91
100954.88;22.70;92
100954.84;22.69;93
100954.80;22.69;94
100954.80;22.68;95
100955.46;22.68;96
100955.42;22.67;97
100956.47;22.67;98
100956.43;22.66;99
100957.12;22.66;100
100957.09;22.65;101
100957.77;22.65;102
100958.09;22.64;103
100958.06;22.64;104
100958.05;22.63;105
100958.02;22.63;106
100958.35;22.63;107
100958.31;22.62;108
100958.31;22.62;109
100958.64;22.61;110
100958.57;22.60;111
100958.91;22.60;112
100959.23;22.60;113
100958.52;22.59;114
100958.48;22.59;115
100958.82;22.59;116
100958.05;22.58;117
100958.38;22.58;118
100957.67;22.57;119
100958.00;22.57;120
100957.97;22.57;121
100957.59;22.56;122
100957.22;22.56;123
100956.48;22.56;124
100956.13;22.55;125
100955.39;22.55;126
100955.02;22.55;127
100954.27;22.54;128
100953.91;22.54;129
100953.53;22.54;130
100953.16;22.53;131
100953.15;22.53;132
100952.78;22.53;133
100952.73;22.52;134
100952.37;22.52;135
100952.00;22.52;136
100950.91;22.51;137
100950.20;22.51;138
100950.53;22.51;139
100950.16;22.50;140
100950.50;22.50;141
100950.12;22.50;142
100950.09;22.49;143
100949.75;22.49;144
100949.38;22.49;145
100949.70;22.49;146
100948.97;22.48;147
100948.59;22.48;148
100948.22;22.48;149
100947.84;22.47;150
100947.47;22.47;151
100946.76;22.47;152
100947.09;22.46;153
100946.72;22.46;154
100947.05;22.46;155
100945.98;22.46;156
100945.60;22.45;157
100944.89;22.45;158
100944.52;22.45;159
100944.14;22.44;160
100943.77;22.44;161
100943.39;22.44;162
100943.02;22.44;163
100942.66;22.43;164
100941.58;22.43;165
100941.91;22.43;166
100941.20;22.42;167
100940.82;22.42;168
100940.45;22.42;169
100939.70;22.41;170
100939.33;22.41;171
100938.96;22.41;172
100938.61;22.41;173
100937.54;22.40;174
100937.50;22.40;175
100936.42;22.40;176
100936.42;22.40;177
100936.05;22.39;178
100935.30;22.39;179
100936.02;22.39;180
100935.67;22.39;181
100935.30;22.38;182
100934.92;22.38;183
100934.55;22.38;184
100934.17;22.38;185
100933.10;22.37;186
100932.73;22.37;187
100932.36;22.37;188
100931.98;22.37;189
100931.64;22.36;190
100931.27;22.36;191
100930.19;22.36;192
100929.81;22.36;193
100929.45;22.35;194
100929.07;22.35;195
100928.70;22.35;196
100927.99;22.35;197
100927.62;22.35;198
100927.27;22.34;199
100926.20;22.34;200
100925.83;22.34;201
100925.45;22.34;202
100925.45;22.34;203
100924.38;22.33;204
100924.00;22.33;205
100923.62;22.33;206
100923.25;22.33;207
100923.25;22.33;208
100922.88;22.32;209
100922.54;22.32;210
100922.54;22.32;211
100922.17;22.32;212
100921.09;22.32;213
100920.02;22.31;214
100920.02;22.31;215
100919.64;22.31;216
100919.27;22.31;217
100919.59;22.31;218
100919.23;22.30;219
100918.52;22.30;220
100918.17;22.30;221
100917.80;22.30;222
100917.80;22.30;223
100916.73;22.30;224
100916.73;22.30;225
100915.64;22.29;226
100915.27;22.29;227
100915.27;22.29;228
100914.19;22.29;229
100913.82;22.28;230
100913.82;22.28;231
100912.40;22.28;232
100913.11;22.28;233
100912.03;22.28;234
100911.66;22.28;235
100911.28;22.27;236
100910.58;22.27;237
100910.20;22.27;238
100910.91;22.27;239
100910.53;22.27;240
100910.16;22.26;241
100910.16;22.26;242
100909.09;22.26;243
100909.09;22.26;244
100908.00;22.26;245
100907.66;22.26;246
100907.66;22.26;247
100906.59;22.25;248
100906.59;22.25;249
100906.21;22.25;250
100905.50;22.25;251
100905.12;22.25;252
100904.77;22.25;253
100904.77;22.25;254
100903.69;22.24;255
100903.69;22.24;256
100903.31;22.24;257
100902.60;22.24;258
100902.23;22.24;259
100901.89;22.24;260
100901.89;22.24;261
100900.81;22.23;262
100900.81;22.23;263
100899.73;22.23;264
100899.73;22.23;265
100899.36;22.23;266
100898.98;22.23;267
100898.98;22.23;268
100898.61;22.22;269
100898.61;22.22;270
100898.24;22.22;271
100898.24;22.22;272
100897.16;22.22;273
100897.16;22.22;274
100896.79;22.22;275
100896.79;22.22;276
100896.44;22.21;277
100895.73;22.21;278
100895.37;22.21;279
100895.37;22.21;280
100894.99;22.21;281
100894.28;22.21;282
100893.91;22.21;283
100893.91;22.21;284
100893.54;22.20;285
100892.84;22.20;286
100893.17;22.20;287
100893.17;22.20;288
100892.09;22.20;289
100892.09;22.20;290
100891.72;22.20;291
100891.02;22.20;292
100889.96;22.19;293
100889.96;22.19;294
100889.59;22.19;295
100889.22;22.19;296
100889.22;22.19;297
100888.51;22.19;298
100888.14;22.19;299
100888.14;22.19;300
100887.06;22.18;301
100887.06;22.18;302
100887.06;22.18;303
100885.98;22.18;304
100885.98;22.18;305
100885.98;22.18;306
100885.98;22.18;307
100885.61;22.18;308
100884.91;22.18;309
100884.53;22.18;310
100884.53;22.18;311
100883.82;22.18;312
100883.48;22.17;313
100882.77;22.17;314
100882.40;22.17;315
100882.40;22.17;316
100881.69;22.17;317
100881.69;22.17;318
100881.31;22.17;319
100880.61;22.17;320
100880.24;22.17;321
100879.53;22.17;322
100879.16;22.16;323
100879.16;22.16;324
100878.08;22.16;325
100877.38;22.16;326
100877.38;22.16;327
100876.30;22.16;328
100876.30;22.16;329
100876.30;22.16;330
100875.22;22.16;331
100875.22;22.16;332
100874.14;22.15;333
100874.14;22.15;334
100874.14;22.15;335
100873.09;22.15;336
100873.09;22.15;337
100873.09;22.15;338
100872.72;22.15;339
100872.72;22.15;340
100872.01;22.15;341
100872.01;22.15;342
100871.63;22.15;343
100871.63;22.15;344
100870.93;22.15;345
100870.56;22.14;346
100869.84;22.14;347
100869.84;22.14;348
100869.84;22.14;349
100868.77;22.14;350
100868.77;22.14;351
100868.41;22.14;352
100867.69;22.14;353
100866.62;22.14;354
100866.62;22.14;355
100865.91;22.14;356
100865.53;22.13;357
100864.83;22.13;358
100864.83;22.13;359
100863.78;22.13;360
100863.07;22.13;361
100862.36;22.13;362
100862.36;22.13;363
100861.99;22.13;364
100861.28;22.13;365
100861.28;22.13;366
100860.20;22.13;367
100859.50;22.13;368
100859.50;22.13;369
100858.42;22.12;370
100857.72;22.12;371
100857.72;22.12;372
100856.63;22.12;373
100855.93;22.12;374
100854.52;22.12;375
100853.81;22.12;376
100852.73;22.12;377
100851.31;22.12;378
100850.61;22.12;379
100849.53;22.12;380
100848.82;22.12;381
100848.82;22.12;382
100847.41;22.12;383
100847.41;22.12;384
100846.33;22.11;385
100846.33;22.11;386
100845.62;22.11;387
100845.62;22.11;388
100844.91;22.11;389
100844.91;22.11;390
100844.54;22.11;391
100844.54;22.11;392
100844.54;22.11;393
100844.20;22.11;394
100844.20;22.11;395
100843.12;22.11;396
100843.83;22.11;397
100843.12;22.11;398
100842.75;22.10;399
100842.04;22.10;400
100842.04;22.10;401
100841.34;22.10;402
100841.67;22.10;403
100840.96;22.10;404
100840.96;22.10;405
100840.96;22.10;406
100839.88;22.10;407
100839.88;22.10;408
100839.88;22.10;409
100839.88;22.10;410
100839.88;22.10;411
100839.88;22.10;412
100839.52;22.10;413
100839.52;22.10;414
100838.80;22.09;415
100838.44;22.09;416
100838.44;22.09;417
100838.44;22.09;418
100838.44;22.09;419
100838.44;22.09;420
100838.44;22.09;421
100838.44;22.09;422
100837.35;22.09;423
100837.35;22.09;424
100836.65;22.09;425
100836.65;22.09;426
100836.30;22.09;427
100835.59;22.09;428
100835.59;22.09;429
100835.59;22.09;430
100834.89;22.09;431
100834.19;22.09;432
100833.47;22.09;433
100833.47;22.09;434
100832.77;22.09;435
100832.40;22.09;436
100832.40;22.09;437
100831.69;22.09;438
100830.61;22.08;439
100830.61;22.08;440
100830.61;22.08;441
100829.91;22.08;442
100829.20;22.08;443
100829.20;22.08;444
100828.49;22.08;445
100828.12;22.08;446
100828.12;22.08;447
100827.41;22.08;448
100827.41;22.08;449
100827.41;22.08;450
100827.41;22.08;451
100826.70;22.08;452
100825.62;22.08;453
100825.62;22.08;454
100825.62;22.08;455
100824.92;22.08;456
100824.92;22.08;457
100824.92;22.08;458
100824.22;22.08;459
100823.84;22.08;460
100823.13;22.08;461
100822.43;22.08;462
100822.43;22.08;463
100821.72;22.08;464
100821.02;22.08;465
100820.64;22.07;466
100820.64;22.07;467
100820.64;22.07;468
100819.94;22.07;469
100819.23;22.07;470
100819.23;22.07;471
100818.52;22.07;472
100817.44;22.07;473
100817.44;22.07;474
100817.09;22.07;475
100817.09;22.07;476
100816.39;22.07;477
100816.39;22.07;478
100815.69;22.07;479
100814.98;22.07;480
100814.61;22.07;481
100813.90;22.07;482
100813.90;22.07;483
100813.90;22.07;484
100813.19;22.07;485
100812.82;22.06;486
100812.11;22.06;487
100811.41;22.06;488
100811.41;22.06;489
100811.41;22.06;490
100810.70;22.06;491
100809.99;22.06;492
100809.99;22.06;493
100809.28;22.06;494
100809.28;22.06;495
100809.28;22.06;496
100809.28;22.06;497
100809.28;22.06;498
100808.58;22.06;499
100808.58;22.06;500
100807.88;22.06;501
100807.88;22.06;502
100807.88;22.06;503
100807.17;22.06;504
100806.80;22.06;505
100806.80;22.06;506
100806.80;22.06;507
100806.09;22.06;508
100806.80;22.06;509
100806.09;22.06;510
100805.38;22.06;511
100805.01;22.06;512
100804.30;22.06;513
100804.30;22.06;514
100803.59;22.06;515
100803.59;22.06;516
100803.59;22.06;517
100803.59;22.06;518
100803.59;22.06;519
100802.52;22.06;520
100802.52;22.06;521
100801.81;22.06;522
100801.81;22.06;523
100801.10;22.06;524
100801.10;22.06;525
100800.40;22.06;526
100800.40;22.06;527
100800.40;22.06;528
100799.31;22.05;529
100798.61;22.05;530
100798.61;22.05;531
100797.91;22.05;532
100797.91;22.05;533
100797.91;22.05;534
100797.20;22.05;535
100796.83;22.05;536
100796.83;22.05;537
100796.12;22.05;538
100796.12;22.05;539
100795.41;22.05;540
100795.41;22.05;541
100794.70;22.05;542
100794.70;22.05;543
100794.70;22.05;544
100794.34;22.05;545
100794.34;22.05;546
100794.70;22.05;547
100794.00;22.05;548
100794.00;22.05;549
100793.29;22.05;550
100793.29;22.05;551
100792.92;22.05;552
100792.22;22.05;553
100792.22;22.05;554
100792.22;22.05;555
100792.22;22.05;556
100791.50;22.05;557
100791.50;22.05;558
100791.50;22.05;559
100790.80;22.05;560
100790.80;22.05;561
100790.80;22.05;562
100789.38;22.05;563
100789.05;22.05;564
100789.05;22.05;565
100788.34;22.05;566
100788.34;22.05;567
100787.62;22.05;568
100787.62;22.05;569
100786.55;22.04;570
100786.92;22.05;571
100786.22;22.05;572
100785.84;22.04;573
100785.52;22.05;574
100784.80;22.05;575
100784.09;22.05;576
100783.39;22.05;577
100782.31;22.04;578
100781.97;22.05;579
100781.97;22.05;580
100781.27;22.05;581
100781.27;22.05;582
100780.56;22.05;583
100780.56;22.05;584
100779.48;22.04;585
100779.48;22.04;586
100779.15;22.05;587
100778.44;22.05;588
100777.73;22.05;589
100777.36;22.04;590
100777.73;22.05;591
100777.36;22.04;592
100777.36;22.04;593
100777.73;22.05;594
100776.66;22.04;595
100776.66;22.04;596
100775.95;22.04;597
100775.95;22.04;598
100775.24;22.04;599
100774.53;22.04;600
100774.53;22.04;601
100773.83;22.04;602
100773.83;22.04;603
100773.12;22.04;604
100772.41;22.04;605
100771.70;22.04;606
100771.70;22.04;607
100771.38;22.05;608
100770.30;22.04;609
100770.30;22.04;610
100769.95;22.05;611
100769.95;22.05;612
100769.25;22.05;613
100768.55;22.05;614
100768.55;22.05;615
100767.84;22.05;616
100767.13;22.05;617
100766.42;22.05;618
100765.72;22.05;619
100765.02;22.05;620
100765.02;22.05;621
100764.30;22.05;622
100763.59;22.05;623
100762.89;22.05;624
100762.19;22.05;625
100761.48;22.05;626
100760.77;22.05;627
100760.06;22.05;628
100758.65;22.05;629
100758.65;22.05;630
100757.95;22.05;631
100757.23;22.05;632
100756.53;22.05;633
100755.83;22.05;634
100755.11;22.05;635
100754.75;22.05;636
100754.75;22.05;637
100754.05;22.05;638
100754.05;22.05;639
100754.05;22.05;640
100753.34;22.05;641
100752.62;22.05;642
100751.92;22.05;643
100751.58;22.05;644
100750.88;22.05;645
100750.88;22.05;646
100750.17;22.05;647
100749.46;22.05;648
100749.46;22.05;649
100748.75;22.05;650
100748.05;22.05;651
100748.05;22.05;652
100747.34;22.05;653
100746.63;22.05;654
100745.92;22.05;655
100745.22;22.05;656
100745.22;22.05;657
100744.52;22.05;658
100743.80;22.05;659
100743.80;22.05;660
100743.10;22.05;661
100742.39;22.05;662
100741.69;22.05;663
100741.33;22.05;664
100740.62;22.05;665
100739.91;22.05;666
100739.91;22.05;667
100738.50;22.05;668
100738.50;22.05;669
100737.45;22.05;670
100737.45;22.05;671
100736.73;22.05;672
100736.73;22.05;673
100736.03;22.05;674
100736.03;22.05;675
100735.33;22.05;676
100734.62;22.05;677
100734.62;22.05;678
100733.91;22.05;679
100733.91;22.05;680
100733.55;22.05;681
100732.84;22.05;682
100732.14;22.05;683
100731.42;22.05;684
100730.72;22.05;685
100730.02;22.05;686
100729.30;22.05;687
100728.60;22.05;688
100728.60;22.05;689
100727.19;22.05;690
100727.19;22.05;691
100725.77;22.05;692
100725.77;22.05;693
100725.44;22.05;694
100725.44;22.05;695
100724.73;22.05;696
100724.73;22.05;697
100724.02;22.05;698
100723.31;22.05;699
100722.61;22.05;700
100722.61;22.05;701
100721.91;22.05;702
100721.20;22.05;703
100720.48;22.05;704
100720.48;22.05;705
100719.78;22.05;706
100719.45;22.05;707
100719.45;22.05;708
100718.37;22.05;709
100718.73;22.05;710
100718.37;22.05;711
100717.66;22.05;712
100717.66;22.05;713
100716.95;22.05;714
100716.62;22.05;715
100715.91;22.05;716
100715.20;22.05;717
100715.20;22.05;718
100714.50;22.05;719
100713.80;22.05;720
100714.16;22.06;721
100713.09;22.05;722
100712.38;22.05;723
100710.97;22.05;724
100710.26;22.05;725
100710.63;22.06;726
100708.84;22.05;727
100709.22;22.06;728
100708.52;22.06;729
100707.80;22.06;730
100707.80;22.06;731
100707.09;22.06;732
100707.09;22.06;733
100706.39;22.06;734
100706.77;22.06;735
100706.05;22.06;736
100705.34;22.06;737
100705.34;22.06;738
100705.34;22.06;739
100704.64;22.06;740
100703.94;22.06;741
100703.94;22.06;742
100704.31;22.06;743
100703.59;22.06;744
100703.59;22.06;745
100702.89;22.06;746
100702.89;22.06;747
100702.89;22.06;748
100702.19;22.06;749
100701.48;22.06;750
100701.84;22.06;751
100701.84;22.06;752
100701.14;22.06;753
100700.44;22.06;754
100700.44;22.06;755
100700.44;22.06;756
100699.73;22.06;757
100699.02;22.06;758
100698.69;22.07;759
100698.69;22.07;760
100697.98;22.07;761
100697.98;22.07;762
100697.64;22.07;763
100697.64;22.07;764
100696.94;22.07;765
100695.16;22.07;766
100695.52;22.07;767
100694.81;22.07;768
100695.52;22.07;769
100695.52;22.07;770
100695.52;22.07;771
100694.81;22.07;772
100694.11;22.07;773
100694.11;22.07;774
100694.11;22.07;775
100693.41;22.07;776
100693.75;22.07;777
100693.75;22.07;778
100693.75;22.07;779
100693.04;22.07;780
100693.04;22.07;781
100692.34;22.07;782
100692.34;22.07;783
100691.62;22.07;784
100691.62;22.07;785
100690.92;22.07;786
100690.22;22.07;787
100690.59;22.07;788
100690.59;22.07;789
100690.59;22.07;790
100690.25;22.08;791
100690.25;22.08;792
100689.54;22.08;793
100689.54;22.08;794
100689.54;22.08;795
100688.84;22.08;796
100688.84;22.08;797
100689.20;22.08;798
100688.50;22.08;799
100688.50;22.08;800
100688.50;22.08;801
100687.79;22.08;802
100687.79;22.08;803
100687.09;22.08;804
100686.38;22.08;805
100686.75;22.08;806
100686.05;22.08;807
100686.05;22.08;808
100685.34;22.08;809
100685.70;22.08;810
100685.70;22.08;811
100685.00;22.08;812
100685.00;22.08;813
100684.30;22.08;814
100684.30;22.08;815
100683.59;22.08;816
100683.95;22.09;817
100683.25;22.09;818
100682.55;22.09;819
100681.84;22.09;820
100681.84;22.09;821
100681.13;22.09;822
100680.42;22.09;823
100680.42;22.09;824
100679.72;22.09;825
100679.02;22.09;826
100678.67;22.09;827
100678.67;22.09;828
100677.97;22.09;829
100677.27;22.09;830
100677.27;22.09;831
100676.55;22.09;832
100675.84;22.09;833
100675.14;22.09;834
100674.44;22.09;835
100674.44;22.09;836
100674.07;22.09;837
100673.36;22.09;838
100672.66;22.09;839
100672.66;22.09;840
100671.95;22.09;841
100671.24;22.09;842
100671.24;22.09;843
100670.53;22.09;844
100669.83;22.09;845
100669.12;22.09;846
100669.12;22.09;847
100667.00;22.09;848
100667.38;22.09;849
100666.67;22.09;850
100665.95;22.09;851
100665.25;22.09;852
100665.25;22.09;853
100664.55;22.09;854
100663.84;22.09;855
100664.21;22.10;856
100664.21;22.10;857
100663.50;22.10;858
100662.80;22.10;859
100662.80;22.10;860
100662.46;22.10;861
100661.75;22.10;862
100661.75;22.10;863
100661.05;22.10;864
100661.05;22.10;865
100660.34;22.10;866
100659.63;22.10;867
100658.92;22.10;868
100658.59;22.10;869
100657.88;22.10;870
100657.88;22.10;871
100657.88;22.10;872
100657.17;22.10;873
100657.55;22.10;874
100656.84;22.10;875
100656.84;22.10;876
100656.13;22.10;877
100656.13;22.10;878
100656.51;22.11;879
100656.51;22.11;880
100655.80;22.11;881
100655.80;22.11;882
100655.09;22.11;883
100654.38;22.11;884
100654.76;22.11;885
100654.05;22.11;886
100654.05;22.11;887
100653.34;22.11;888
100653.34;22.11;889
100652.64;22.11;890
100651.93;22.11;891
100651.93;22.11;892
100651.93;22.11;893
100651.56;22.11;894
100651.56;22.11;895
100651.56;22.11;896
100651.56;22.11;897
100650.86;22.11;898
100650.16;22.11;899
100650.16;22.11;900
100650.52;22.11;901
100649.81;22.11;902
100649.81;22.11;903
100649.81;22.11;904
100649.48;22.12;905
100648.77;22.12;906
100648.06;22.12;907
100648.06;22.12;908
100647.36;22.12;909
100646.66;22.12;910
100646.31;22.12;911
100645.61;22.12;912
100645.61;22.12;913
100644.91;22.12;914
100644.91;22.12;915
100644.20;22.12;916
100644.56;22.12;917
100643.86;22.12;918
100643.86;22.12;919
100643.16;22.12;920
100643.86;22.12;921
100643.16;22.12;922
100642.45;22.12;923
100642.81;22.12;924
100642.11;22.12;925
100641.41;22.12;926
100641.41;22.12;927
100641.41;22.12;928
100640.70;22.12;929
100639.99;22.12;930
100639.66;22.13;931
100639.66;22.13;932
100639.66;22.13;933
100639.66;22.13;934
100638.95;22.13;935
100638.24;22.13;936
100638.61;22.13;937
100638.61;22.13;938
100638.61;22.13;939
100637.91;22.13;940
100637.20;22.13;941
100636.86;22.13;942
100636.86;22.13;943
100636.86;22.13;944
100636.16;22.13;945
100636.16;22.13;946
100635.80;22.13;947
100635.80;22.13;948
100635.09;22.13;949
100635.09;22.13;950
100634.38;22.13;951
100633.67;22.13;952
100634.05;22.14;953
100634.05;22.14;954
100634.05;22.14;955
100633.34;22.14;956
100633.34;22.14;957
100633.34;22.14;958
100633.34;22.14;959
100633.70;22.14;960
100633.00;22.14;961
100632.30;22.14;962
100632.30;22.14;963
100631.59;22.14;964
100631.59;22.14;965
100630.88;22.14;966
100630.88;22.14;967
100630.88;22.14;968
100630.17;22.14;969
100630.55;22.14;970
100629.84;22.14;971
100629.84;22.14;972
100629.13;22.14;973
100629.50;22.14;974
100629.50;22.14;975
100629.50;22.14;976
100628.80;22.14;977
100628.80;22.14;978
100628.09;22.14;979
100628.45;22.15;980
100627.75;22.15;981
100627.75;22.15;982
100628.12;22.15;983
100627.41;22.15;984
100627.41;22.15;985
100627.41;22.15;986
100627.41;22.15;987
100627.08;22.15;988
100627.08;22.15;989
100627.08;22.15;990
100627.08;22.15;991
100626.38;22.15;992
100626.38;22.15;993
100626.38;22.15;994
100626.01;22.15;995
100626.01;22.15;996
100626.01;22.15;997
100625.30;22.15;998
100625.30;22.15;999
100624.59;22.15;1000
100624.97;22.16;1001
100624.26;22.16;1002
100624.26;22.16;1003
100624.62;22.16;1004
100623.92;22.16;1005
100624.62;22.16;1006
100623.92;22.16;1007
100623.92;22.16;1008
100624.30;22.16;1009
100624.30;22.16;1010
100624.30;22.16;1011
100624.30;22.16;1012
100624.30;22.16;1013
100623.96;22.16;1014
100623.25;22.16;1015
100623.25;22.16;1016
100622.55;22.16;1017
100622.55;22.16;1018
100622.55;22.16;1019
100622.91;22.17;1020
100622.91;22.17;1021
100622.21;22.17;1022
100622.21;22.17;1023
100622.21;22.17;1024
100622.21;22.17;1025
100622.21;22.17;1026
100621.50;22.17;1027
100621.88;22.17;1028
100621.88;22.17;1029
100621.88;22.17;1030
100621.88;22.17;1031
100621.88;22.17;1032
100621.53;22.17;1033
100620.83;22.17;1034
100620.83;22.17;1035
100621.53;22.17;1036
100621.20;22.17;1037
100621.20;22.17;1038
100621.20;22.17;1039
100621.20;22.17;1040
100620.49;22.17;1041
100620.84;22.18;1042
100620.84;22.18;1043
100621.55;22.18;1044
100620.84;22.18;1045
100621.55;22.18;1046
100621.20;22.18;1047
100621.91;22.18;1048
100621.91;22.18;1049
100622.28;22.18;1050
100621.58;22.18;1051
100622.28;22.18;1052
100621.58;22.18;1053
100621.58;22.18;1054
100621.58;22.18;1055
100621.95;22.18;1056
100621.95;22.18;1057
100621.95;22.18;1058
100621.95;22.18;1059
100622.32;22.19;1060
100622.32;22.19;1061
100621.61;22.19;1062
100621.61;22.19;1063
100620.91;22.19;1064
100621.98;22.19;1065
100621.28;22.19;1066
100621.28;22.19;1067
100620.57;22.19;1068
100620.57;22.19;1069
100620.23;22.19;1070
100620.23;22.19;1071
100620.23;22.19;1072
100620.23;22.19;1073
100619.53;22.19;1074
100619.53;22.19;1075
100619.90;22.19;1076
100619.90;22.19;1077
100619.90;22.19;1078
100619.19;22.19;1079
100619.53;22.20;1080
100619.53;22.20;1081
100619.53;22.20;1082
100618.83;22.20;1083
100619.20;22.20;1084
100619.20;22.20;1085
100618.49;22.20;1086
100618.49;22.20;1087
100617.78;22.20;1088
100618.16;22.20;1089
100617.45;22.20;1090
100617.45;22.20;1091
100617.45;22.20;1092
100616.74;22.20;1093
100616.03;22.20;1094
100616.41;22.20;1095
100616.41;22.20;1096
100616.41;22.20;1097
100616.07;22.21;1098
100616.07;22.21;1099
100616.07;22.21;1100
100615.36;22.21;1101
100615.36;22.21;1102
100614.66;22.21;1103
100614.66;22.21;1104
100615.03;22.21;1105
100615.03;22.21;1106
100615.03;22.21;1107
100615.03;22.21;1108
100615.03;22.21;1109
100614.69;22.21;1110
100614.69;22.21;1111
100614.69;22.21;1112
100614.69;22.21;1113
100615.06;22.21;1114
100615.06;22.21;1115
100615.06;22.21;1116
100614.35;22.21;1117
100614.35;22.21;1118
100614.70;22.22;1119
100614.70;22.22;1120
100613.98;22.22;1121
100615.06;22.22;1122
100615.06;22.22;1123
100614.36;22.22;1124
100614.73;22.22;1125
100614.73;22.22;1126
100614.73;22.22;1127
100613.31;22.22;1128
100613.31;22.22;1129
100613.69;22.22;1130
100612.98;22.22;1131
100612.98;22.22;1132
100613.35;22.23;1133
100612.65;22.23;1134
100612.65;22.23;1135
100612.65;22.23;1136
100612.65;22.23;1137
100613.02;22.23;1138
100613.02;22.23;1139
100612.31;22.23;1140
100612.31;22.23;1141
100611.97;22.23;1142
100611.97;22.23;1143
100611.97;22.23;1144
100611.27;22.23;1145
100611.64;22.23;1146
100611.64;22.23;1147
100610.93;22.23;1148
100610.93;22.23;1149
100610.59;22.24;1150
100610.59;22.24;1151
100610.59;22.24;1152
100610.94;22.24;1153
100610.59;22.24;1154
100610.59;22.24;1155
100610.23;22.24;1156
100610.23;22.24;1157
100609.52;22.24;1158
100609.89;22.24;1159
100609.89;22.24;1160
100609.89;22.24;1161
100610.59;22.24;1162
100610.27;22.24;1163
100610.27;22.24;1164
100609.56;22.24;1165
100609.93;22.25;1166
100609.23;22.25;1167
100609.23;22.25;1168
100609.23;22.25;1169
100609.93;22.25;1170
100609.59;22.25;1171
100609.59;22.25;1172
100608.89;22.25;1173
100609.59;22.25;1174
100609.26;22.25;1175
100609.96;22.25;1176
100609.96;22.25;1177
100609.96;22.25;1178
100610.33;22.25;1179
100611.05;22.25;1180
100610.33;22.25;1181
100610.33;22.25;1182
100610.70;22.26;1183
100610.70;22.26;1184
100610.70;22.26;1185
100610.00;22.26;1186
100610.00;22.26;1187
100610.00;22.26;1188
100610.70;22.26;1189
100610.70;22.26;1190
100611.05;22.26;1191
100611.05;22.26;1192
100610.34;22.26;1193
100611.05;22.26;1194
100610.34;22.26;1195
100610.71;22.26;1196
100610.71;22.26;1197
100610.71;22.26;1198
100610.71;22.26;1199
100610.71;22.26;1200
100610.71;22.26;1201
100611.08;22.26;1202
100611.08;22.26;1203
100611.45;22.27;1204
100611.45;22.27;1205
100611.83;22.27;1206
100611.83;22.27;1207
100611.83;22.27;1208
100612.20;22.27;1209
100612.20;22.27;1210
100612.20;22.27;1211
100612.20;22.27;1212
100612.20;22.27;1213
100612.91;22.27;1214
100612.91;22.27;1215
100612.56;22.28;1216
100613.28;22.28;1217
100613.28;22.28;1218
100613.65;22.28;1219
100613.65;22.28;1220
100614.35;22.28;1221
100614.72;22.28;1222
100614.02;22.28;1223
100614.72;22.28;1224
100614.72;22.28;1225
100615.06;22.28;1226
100615.06;22.28;1227
100615.06;22.28;1228
100615.44;22.28;1229
100616.14;22.28;1230
100615.44;22.28;1231
100616.14;22.28;1232
100616.52;22.29;1233
100616.52;22.29;1234
100616.52;22.29;1235
100616.52;22.29;1236
100616.52;22.29;1237
100616.18;22.29;1238
100616.18;22.29;1239
100615.47;22.29;1240
100615.47;22.29;1241
100615.13;22.29;1242
100615.13;22.29;1243
100615.84;22.29;1244
100616.55;22.29;1245
100616.92;22.30;1246
100617.62;22.30;1247
100617.62;22.30;1248
100617.62;22.30;1249
100617.62;22.30;1250
100618.00;22.30;1251
100618.00;22.30;1252
100618.70;22.30;1253
100619.41;22.30;1254
100619.41;22.30;1255
100620.12;22.30;1256
100620.12;22.30;1257
100621.20;22.30;1258
100621.91;22.30;1259
100622.61;22.30;1260
100623.66;22.30;1261
100623.66;22.30;1262
100623.66;22.30;1263
100624.38;22.30;1264
100624.03;22.31;1265
100624.74;22.31;1266
100624.74;22.31;1267
100625.81;22.31;1268
100625.81;22.31;1269
100626.52;22.31;1270
100627.23;22.31;1271
100627.94;22.31;1272
100629.02;22.31;1273
100629.02;22.31;1274
100629.02;22.31;1275
100629.72;22.31;1276
100630.43;22.31;1277
100631.14;22.31;1278
100631.14;22.31;1279
100631.84;22.31;1280
100632.22;22.31;1281
100632.92;22.31;1282
100632.92;22.31;1283
100632.92;22.31;1284
100633.30;22.32;1285
100634.70;22.32;1286
100635.08;22.32;1287
100635.78;22.32;1288
100635.78;22.32;1289
100636.49;22.32;1290
100636.86;22.32;1291
100637.58;22.32;1292
100637.58;22.32;1293
100638.28;22.32;1294
100638.98;22.32;1295
100640.03;22.32;1296
100640.74;22.32;1297
100640.74;22.32;1298
100641.45;22.32;1299
100642.53;22.33;1300
100642.53;22.33;1301
100643.23;22.33;1302
100643.23;22.33;1303
100645.02;22.33;1304
100645.02;22.33;1305
100645.73;22.33;1306
100646.80;22.33;1307
100647.52;22.33;1308
100647.52;22.33;1309
100647.52;22.33;1310
100648.22;22.33;1311
100648.59;22.33;1312
100649.30;22.33;1313
100650.00;22.33;1314
100650.71;22.33;1315
100651.08;22.34;1316
100651.08;22.34;1317
100651.08;22.34;1318
100651.80;22.34;1319
100652.87;22.34;1320
100652.87;22.34;1321
100652.87;22.34;1322
100653.58;22.34;1323
100653.58;22.34;1324
100654.66;22.34;1325
100655.36;22.34;1326
100655.36;22.34;1327
100655.36;22.34;1328
100655.73;22.34;1329
100657.14;22.34;1330
100657.14;22.34;1331
100657.14;22.34;1332
100657.86;22.34;1333
100658.20;22.35;1334
100658.91;22.35;1335
100659.61;22.35;1336
100659.61;22.35;1337
100660.69;22.35;1338
100660.69;22.35;1339
100661.39;22.35;1340
100662.10;22.35;1341
100663.18;22.35;1342
100663.18;22.35;1343
100663.89;22.35;1344
100664.27;22.35;1345
100664.97;22.35;1346
100664.97;22.35;1347
100664.97;22.35;1348
100665.67;22.35;1349
100666.05;22.36;1350
100666.75;22.36;1351
100666.75;22.36;1352
100667.12;22.36;1353
100667.83;22.36;1354
100667.83;22.36;1355
100668.91;22.36;1356
100668.91;22.36;1357
100668.91;22.36;1358
100669.61;22.36;1359
100669.61;22.36;1360
100670.33;22.36;1361
100670.33;22.36;1362
100670.70;22.36;1363
100670.70;22.36;1364
100671.40;22.36;1365
100671.74;22.37;1366
100671.74;22.37;1367
100672.45;22.37;1368
100672.45;22.37;1369
100672.45;22.37;1370
100672.45;22.37;1371
100673.53;22.37;1372
100673.53;22.37;1373
100673.53;22.37;1374
100674.61;22.37;1375
100674.61;22.37;1376
100675.31;22.37;1377
100675.31;22.37;1378
100675.69;22.37;1379
100675.69;22.37;1380
100676.39;22.37;1381
100676.39;22.37;1382
100676.77;22.38;1383
100676.77;22.38;1384
100677.84;22.38;1385
100677.84;22.38;1386
100677.84;22.38;1387
100677.84;22.38;1388
100678.92;22.38;1389
100678.92;22.38;1390
100678.92;22.38;1391
100679.62;22.38;1392
100680.00;22.38;1393
100680.00;22.38;1394
100679.30;22.38;1395
100680.00;22.38;1396
100680.00;22.39;1397
100680.38;22.39;1398
100681.42;22.39;1399
100680.71;22.39;1400
100681.42;22.39;1401
100681.80;22.39;1402
100681.80;22.39;1403
100681.80;22.39;1404
100681.80;22.39;1405
100682.16;22.39;1406
100682.16;22.39;1407
100682.87;22.39;1408
100683.23;22.40;1409
100683.23;22.40;1410
100683.23;22.40;1411
100683.23;22.40;1412
100683.23;22.40;1413
100683.61;22.40;1414
100683.61;22.40;1415
100683.61;22.40;1416
100684.69;22.40;1417
100684.69;22.40;1418
100684.69;22.40;1419
100684.69;22.40;1420
100685.39;22.40;1421
100685.77;22.40;1422
100685.77;22.40;1423
100685.77;22.40;1424
100685.77;22.40;1425
100686.84;22.41;1426
100686.84;22.41;1427
100686.84;22.41;1428
100687.55;22.41;1429
100687.89;22.41;1430
100688.61;22.41;1431
100688.61;22.41;1432
100688.61;22.41;1433
100688.98;22.41;1434
100689.68;22.41;1435
100690.05;22.41;1436
100690.05;22.41;1437
100690.77;22.41;1438
100690.77;22.41;1439
100691.47;22.41;1440
100691.84;22.42;1441
100691.84;22.42;1442
100692.55;22.42;1443
100692.55;22.42;1444
100693.25;22.42;1445
100693.25;22.42;1446
100693.62;22.42;1447
100693.62;22.42;1448
100693.62;22.42;1449
100694.33;22.42;1450
100694.00;22.42;1451
100694.70;22.42;1452
100694.70;22.42;1453
100694.70;22.42;1454
100694.70;22.42;1455
100695.08;22.42;1456
100695.08;22.42;1457
100695.08;22.42;1458
100696.16;22.43;1459
100695.45;22.43;1460
100695.45;22.43;1461
100695.45;22.43;1462
100695.45;22.43;1463
100696.50;22.43;1464
100695.79;22.43;1465
100695.79;22.43;1466
100696.16;22.43;1467
100696.87;22.43;1468
100696.87;22.43;1469
100697.95;22.43;1470
100697.95;22.43;1471
100697.95;22.43;1472
100697.95;22.43;1473
100698.31;22.44;1474
100698.31;22.44;1475
100698.31;22.44;1476
100699.39;22.44;1477
100698.69;22.44;1478
100699.39;22.44;1479
100699.39;22.44;1480
100699.77;22.44;1481
100699.77;22.44;1482
100700.47;22.44;1483
100700.47;22.44;1484
100700.84;22.44;1485
100700.84;22.44;1486
100701.55;22.44;1487
100701.55;22.44;1488
100702.26;22.44;1489
100702.62;22.45;1490
100702.62;22.45;1491
100703.34;22.45;1492
100703.70;22.45;1493
100703.70;22.45;1494
100704.42;22.45;1495
100705.47;22.45;1496
100705.47;22.45;1497
100706.17;22.45;1498
100706.17;22.45;1499
100707.25;22.45;1500
100707.25;22.45;1501
100707.96;22.45;1502
100709.03;22.46;1503
100709.75;22.46;1504
100709.75;22.46;1505
100709.75;22.46;1506
100709.75;22.46;1507
100709.75;22.46;1508
100709.75;22.46;1509
100710.45;22.46;1510
100710.82;22.46;1511
100711.53;22.46;1512
100712.23;22.46;1513
100712.23;22.46;1514
100712.95;22.46;1515
100713.66;22.46;1516
100714.73;22.46;1517
100716.15;22.46;1518
100716.85;22.46;1519
100717.93;22.46;1520
100718.64;22.46;1521
100719.34;22.46;1522
100720.05;22.46;1523
100720.76;22.46;1524
100721.12;22.47;1525
100721.84;22.47;1526
100722.55;22.47;1527
100723.62;22.47;1528
100724.33;22.47;1529
100724.67;22.47;1530
100725.38;22.47;1531
100725.38;22.47;1532
100726.46;22.47;1533
100726.46;22.47;1534
100726.46;22.47;1535
100726.46;22.47;1536
100727.54;22.48;1537
100727.54;22.48;1538
100728.25;22.48;1539
100728.95;22.48;1540
100728.95;22.48;1541
100729.33;22.48;1542
100730.03;22.48;1543
100730.03;22.48;1544
100731.11;22.48;1545
100731.11;22.48;1546
100731.81;22.48;1547
100731.81;22.48;1548
100732.53;22.48;1549
100732.90;22.48;1550
100733.60;22.48;1551
100734.31;22.48;1552
100734.31;22.48;1553
100734.69;22.49;1554
100735.39;22.49;1555
100736.09;22.49;1556
100736.09;22.49;1557
100736.80;22.49;1558
100737.17;22.49;1559
100737.88;22.49;1560
100737.88;22.49;1561
100737.88;22.49;1562
100737.88;22.49;1563
100738.25;22.49;1564
100738.96;22.49;1565
100738.96;22.49;1566
100738.96;22.49;1567
100739.30;22.49;1568
100739.30;22.49;1569
100739.30;22.49;1570
100739.30;22.49;1571
100740.38;22.50;1572
100740.38;22.50;1573
100740.38;22.50;1574
100740.38;22.50;1575
100741.09;22.50;1576
100741.47;22.50;1577
100742.17;22.50;1578
100742.17;22.50;1579
100742.17;22.50;1580
100743.25;22.50;1581
100743.25;22.50;1582
100743.25;22.50;1583
100744.33;22.50;1584
100744.33;22.50;1585
100745.03;22.50;1586
100745.74;22.50;1587
100746.11;22.51;1588
100746.11;22.51;1589
100746.11;22.51;1590
100747.19;22.51;1591
100747.19;22.51;1592
100747.19;22.51;1593
100747.19;22.51;1594
100747.90;22.51;1595
100748.27;22.51;1596
100748.27;22.51;1597
100748.98;22.51;1598
100749.32;22.51;1599
100749.32;22.51;1600
100749.32;22.51;1601
100750.03;22.51;1602
100750.40;22.52;1603
100750.40;22.52;1604
100750.40;22.52;1605
100750.40;22.52;1606
100750.40;22.52;1607
100750.77;22.52;1608
100751.48;22.52;1609
100751.48;22.52;1610
100751.84;22.52;1611
100751.84;22.52;1612
100751.84;22.52;1613
100751.84;22.52;1614
100752.22;22.52;1615
100752.22;22.52;1616
100752.22;22.52;1617
100752.22;22.52;1618
100753.30;22.53;1619
100752.59;22.53;1620
100752.59;22.53;1621
100752.59;22.53;1622
100753.67;22.53;1623
100753.67;22.53;1624
100753.67;22.53;1625
100753.67;22.53;1626
100753.67;22.53;1627
100753.67;22.53;1628
100753.67;22.53;1629
100754.05;22.53;1630
100753.34;22.53;1631
100754.05;22.53;1632
100754.05;22.53;1633
100754.05;22.53;1634
100754.05;22.53;1635
100753.34;22.53;1636
100754.38;22.53;1637
100753.68;22.53;1638
100754.38;22.53;1639
100754.05;22.54;1640
100754.05;22.54;1641
100754.05;22.54;1642
100754.05;22.54;1643
100754.05;22.54;1644
100753.71;22.54;1645
100754.42;22.54;1646
100754.42;22.54;1647
100754.42;22.54;1648
100754.42;22.54;1649
100754.42;22.54;1650
100754.42;22.54;1651
100754.80;22.54;1652
100754.80;22.54;1653
100754.80;22.54;1654
100755.16;22.54;1655
100755.88;22.54;1656
100755.88;22.54;1657
100755.88;22.54;1658
100756.24;22.55;1659
100756.24;22.55;1660
100756.24;22.55;1661
100756.61;22.55;1662
100756.61;22.55;1663
100757.32;22.55;1664
100757.32;22.55;1665
100757.70;22.55;1666
100757.70;22.55;1667
100757.70;22.55;1668
100757.70;22.55;1669
100758.06;22.55;1670
100758.06;22.55;1671
100758.06;22.55;1672
100759.11;22.56;1673
100759.11;22.56;1674
100759.11;22.56;1675
100759.48;22.56;1676
100759.48;22.56;1677
100760.19;22.56;1678
100760.19;22.56;1679
100760.56;22.56;1680
100760.56;22.56;1681
100761.27;22.56;1682
100760.56;22.56;1683
100760.94;22.56;1684
100761.64;22.56;1685
100761.64;22.56;1686
100762.02;22.57;1687
100762.72;22.57;1688
100762.02;22.57;1689
100762.39;22.57;1690
100762.39;22.57;1691
100763.09;22.57;1692
100763.46;22.57;1693
100763.46;22.57;1694
100763.46;22.57;1695
100763.46;22.57;1696
100763.84;22.57;1697
100763.84;22.57;1698
100763.84;22.57;1699
100763.84;22.57;1700
100763.84;22.57;1701
100764.89;22.58;1702
100764.89;22.58;1703
100764.89;22.58;1704
100764.89;22.58;1705
100765.59;22.58;1706
100765.26;22.58;1707
100765.97;22.58;1708
100765.26;22.58;1709
100766.34;22.58;1710
100765.62;22.58;1711
100766.34;22.58;1712
100766.34;22.58;1713
100765.62;22.58;1714
100765.62;22.58;1715
100766.03;22.58;1716
100766.03;22.58;1717
100766.03;22.58;1718
100766.03;22.58;1719
100766.41;22.59;1720
100766.41;22.59;1721
100766.77;22.59;1722
100766.77;22.59;1723
100766.77;22.59;1724
100766.77;22.59;1725
100766.77;22.59;1726
100766.77;22.59;1727
100766.44;22.59;1728
100767.14;22.59;1729
100766.44;22.59;1730
100767.14;22.59;1731
100767.52;22.59;1732
100767.52;22.59;1733
100767.52;22.59;1734
100767.52;22.59;1735
100767.52;22.59;1736
100767.52;22.59;1737
100767.86;22.60;1738
100767.86;22.60;1739
100767.86;22.60;1740
100767.86;22.60;1741
100768.23;22.60;1742
100768.23;22.60;1743
100768.23;22.60;1744
100769.31;22.60;1745
100769.31;22.60;1746
100769.31;22.60;1747
100769.31;22.60;1748
100770.02;22.60;1749
100769.68;22.60;1750
100769.68;22.60;1751
100770.05;22.61;1752
100769.68;22.60;1753
100770.05;22.61;1754
100770.76;22.61;1755
100771.12;22.61;1756
100771.12;22.61;1757
100771.12;22.61;1758
100771.84;22.61;1759
100771.12;22.61;1760
100772.20;22.61;1761
100771.50;22.61;1762
100772.20;22.61;1763
100772.20;22.61;1764
100772.92;22.61;1765
100772.20;22.61;1766
100773.28;22.61;1767
100772.58;22.61;1768
100773.28;22.61;1769
100773.28;22.61;1770
100772.95;22.62;1771
100772.95;22.62;1772
100772.95;22.62;1773
100772.95;22.62;1774
100773.30;22.62;1775
100774.00;22.62;1776
100774.00;22.62;1777
100774.00;22.62;1778
100774.00;22.62;1779
100773.30;22.62;1780
100773.30;22.62;1781
100774.38;22.62;1782
100773.66;22.62;1783
100773.66;22.62;1784
100774.03;22.62;1785
100774.03;22.62;1786
100774.03;22.62;1787
100774.41;22.63;1788
100774.41;22.63;1789
100773.70;22.63;1790
100773.70;22.63;1791
100774.41;22.63;1792
100774.78;22.63;1793
100774.78;22.63;1794
100774.78;22.63;1795
100775.86;22.63;1796
100775.86;22.63;1797
100775.86;22.63;1798
100776.23;22.63;1799
100776.23;22.63;1800
100776.94;22.63;1801
100776.94;22.63;1802
100777.31;22.64;1803
100777.31;22.64;1804
100777.31;22.64;1805
100777.31;22.64;1806
100777.66;22.64;1807
100778.36;22.64;1808
100778.36;22.64;1809
100778.73;22.64;1810
100779.44;22.64;1811
100779.44;22.64;1812
100779.44;22.64;1813
100779.81;22.64;1814
100779.81;22.64;1815
100780.52;22.64;1816
100780.52;22.64;1817
100779.81;22.64;1818
100780.18;22.65;1819
100780.18;22.65;1820
100780.18;22.65;1821
100780.18;22.65;1822
100780.55;22.65;1823
100781.27;22.65;1824
100781.27;22.65;1825
100781.27;22.65;1826
100781.27;22.65;1827
100781.63;22.65;1828
100781.63;22.65;1829
100781.63;22.65;1830
100781.63;22.65;1831
100781.63;22.65;1832
100781.63;22.65;1833
100782.00;22.66;1834
100782.00;22.66;1835
100782.00;22.66;1836
100782.00;22.66;1837
100782.38;22.66;1838
100782.38;22.66;1839
100782.38;22.66;1840
100782.38;22.66;1841
100782.75;22.66;1842
100782.75;22.66;1843
100782.75;22.66;1844
100782.75;22.66;1845
100782.75;22.66;1846
100783.09;22.66;1847
100783.09;22.66;1848
100782.38;22.66;1849
100782.38;22.66;1850
100783.46;22.67;1851
100783.46;22.67;1852
100784.17;22.67;1853
100784.17;22.67;1854
100784.17;22.67;1855
100784.54;22.67;1856
100785.25;22.67;1857
100785.25;22.67;1858
100785.25;22.67;1859
100785.95;22.67;1860
100785.95;22.67;1861
100787.03;22.67;1862
100787.03;22.67;1863
100787.03;22.67;1864
100788.11;22.67;1865
100788.11;22.67;1866
100788.11;22.67;1867
100788.82;22.67;1868
100789.19;22.68;1869
100789.90;22.68;1870
100789.90;22.68;1871
100790.61;22.68;1872
100790.98;22.68;1873
100790.98;22.68;1874
100790.98;22.68;1875
100791.69;22.68;1876
100791.69;22.68;1877
100793.47;22.68;1878
100793.47;22.68;1879
100793.47;22.68;1880
100794.18;22.68;1881
100794.52;22.68;1882
100795.23;22.68;1883
100795.60;22.69;1884
100795.60;22.69;1885
100796.31;22.69;1886
100796.31;22.69;1887
100797.39;22.69;1888
100797.39;22.69;1889
100798.80;22.69;1890
100798.80;22.69;1891
100799.52;22.69;1892
100800.22;22.69;1893
100800.59;22.69;1894
100800.59;22.69;1895
100800.96;22.69;1896
100801.67;22.69;1897
100801.67;22.69;1898
100802.75;22.70;1899
100802.75;22.70;1900
100803.83;22.70;1901
100803.83;22.70;1902
100804.53;22.70;1903
100804.53;22.70;1904
100805.61;22.70;1905
100805.61;22.70;1906
100806.67;22.70;1907
100806.67;22.70;1908
100807.38;22.70;1909
100807.74;22.71;1910
100808.45;22.71;1911
100808.83;22.71;1912
100810.23;22.71;1913
100810.95;22.71;1914
100810.95;22.71;1915
100811.66;22.71;1916
100812.02;22.71;1917
100812.73;22.71;1918
100812.73;22.71;1919
100813.44;22.71;1920
100814.52;22.71;1921
100815.23;22.71;1922
100815.23;22.71;1923
100815.94;22.71;1924
100817.02;22.72;1925
100817.02;22.72;1926
100817.02;22.72;1927
100817.72;22.72;1928
100818.09;22.72;1929
100818.80;22.72;1930
100818.80;22.72;1931
100820.22;22.72;1932
100821.30;22.72;1933
100821.30;22.72;1934
100822.00;22.72;1935
100822.71;22.72;1936
100823.42;22.72;1937
100824.50;22.72;1938
100824.50;22.72;1939
100825.20;22.72;1940
100826.25;22.73;1941
100826.96;22.73;1942
100826.96;22.73;1943
100827.67;22.73;1944
100828.04;22.73;1945
100828.75;22.73;1946
100829.45;22.73;1947
100830.53;22.73;1948
100831.24;22.73;1949
100831.24;22.73;1950
100832.66;22.73;1951
100833.37;22.73;1952
100833.73;22.73;1953
100834.45;22.73;1954
100835.16;22.73;1955
100835.86;22.73;1956
100836.23;22.74;1957
100836.94;22.74;1958
100837.65;22.74;1959
100838.73;22.74;1960
100839.44;22.74;1961
100840.14;22.74;1962
100840.14;22.74;1963
100840.84;22.74;1964
100841.93;22.74;1965
100842.63;22.74;1966
100842.63;22.74;1967
100843.34;22.74;1968
100844.05;22.74;1969
100844.05;22.74;1970
100845.12;22.74;1971
100845.12;22.74;1972
100846.55;22.74;1973
100846.55;22.74;1974
100846.55;22.74;1975
100847.59;22.75;1976
100847.59;22.75;1977
100847.97;22.75;1978
100848.67;22.75;1979
100848.67;22.75;1980
100848.67;22.75;1981
100849.05;22.75;1982
100849.75;22.75;1983
100849.75;22.75;1984
100850.83;22.75;1985
100850.83;22.75;1986
100851.55;22.75;1987
100851.55;22.75;1988
100851.55;22.75;1989
100852.62;22.76;1990
100852.62;22.76;1991
100853.33;22.76;1992
100854.04;22.76;1993
100854.41;22.76;1994
100855.11;22.76;1995
100855.11;22.76;1996
100855.11;22.76;1997
100855.83;22.76;1998
100856.20;22.76;1999
100856.20;22.76;2000
100856.90;22.76;2001
100856.90;22.76;2002
100857.98;22.76;2003
100857.98;22.76;2004
100858.69;22.76;2005
100859.39;22.76;2006
100859.39;22.76;2007
100860.48;22.77;2008
100861.19;22.77;2009
100861.89;22.77;2010
100861.89;22.77;2011
100861.89;22.77;2012
100862.94;22.77;2013
100863.65;22.77;2014
100863.65;22.77;2015
100863.65;22.77;2016
100864.36;22.77;2017
100865.44;22.77;2018
100865.44;22.77;2019
100865.44;22.77;2020
100866.52;22.77;2021
100866.52;22.77;2022
100867.22;22.77;2023
100867.22;22.77;2024
100867.93;22.77;2025
100868.30;22.78;2026
100869.72;22.78;2027
100869.72;22.78;2028
100870.80;22.78;2029
100870.80;22.78;2030
100871.50;22.78;2031
100871.50;22.78;2032
100872.59;22.78;2033
100872.59;22.78;2034
100872.59;22.78;2035
100873.67;22.78;2036
100873.67;22.78;2037
100874.38;22.78;2038
100874.38;22.78;2039
100875.45;22.79;2040
100875.45;22.79;2041
100876.16;22.79;2042
100876.16;22.79;2043
100876.87;22.79;2044
100877.21;22.79;2045
100877.21;22.79;2046
100877.92;22.79;2047
100878.62;22.79;2048
100879.34;22.79;2049
100879.34;22.79;2050
100880.41;22.79;2051
100880.41;22.79;2052
100881.12;22.79;2053
100881.49;22.79;2054
100882.20;22.79;2055
100882.20;22.79;2056
100883.62;22.79;2057
100883.98;22.80;2058
100885.41;22.80;2059
100885.41;22.80;2060
100886.11;22.80;2061
100886.48;22.80;2062
100887.19;22.80;2063
100887.19;22.80;2064
100887.90;22.80;2065
100888.61;22.80;2066
100888.98;22.80;2067
100889.69;22.80;2068
100890.39;22.80;2069
100890.39;22.80;2070
100891.47;22.80;2071
100892.18;22.80;2072
100892.18;22.80;2073
100892.18;22.80;2074
100893.26;22.81;2075
100893.26;22.81;2076
100893.26;22.81;2077
100894.31;22.81;2078
100895.02;22.81;2079
100895.73;22.81;2080
100896.09;22.81;2081
100896.09;22.81;2082
100896.80;22.81;2083
100897.17;22.81;2084
100897.88;22.81;2085
100897.88;22.81;2086
100898.59;22.81;2087
100898.96;22.82;2088
100899.67;22.82;2089
100899.67;22.82;2090
100900.38;22.82;2091
100901.09;22.82;2092
100901.09;22.82;2093
100902.17;22.82;2094
100902.17;22.82;2095
100902.88;22.82;2096
100903.24;22.82;2097
100903.24;22.82;2098
100903.95;22.82;2099
100904.33;22.82;2100
100904.33;22.82;2101
100904.33;22.82;2102
100905.03;22.82;2103
100905.73;22.82;2104
100905.73;22.82;2105
100905.73;22.82;2106
100906.45;22.82;2107
100906.45;22.82;2108
100906.11;22.83;2109
100906.11;22.83;2110
100906.11;22.83;2111
100906.82;22.83;2112
100906.11;22.83;2113
100906.11;22.83;2114
100906.48;22.83;2115
100907.19;22.83;2116
100907.19;22.83;2117
100907.54;22.83;2118
100906.83;22.83;2119
100906.83;22.83;2120
100906.83;22.83;2121
100907.20;22.83;2122
100907.20;22.83;2123
100907.20;22.83;2124
100907.20;22.83;2125
100907.58;22.84;2126
100908.28;22.84;2127
100908.28;22.84;2128
100908.28;22.84;2129
100908.65;22.84;2130
100907.95;22.84;2131
100907.95;22.84;2132
100907.95;22.84;2133
100908.31;22.84;2134
100908.31;22.84;2135
100908.31;22.84;2136
100908.31;22.84;2137
100909.39;22.84;2138
100909.39;22.84;2139
100909.39;22.84;2140
100909.39;22.84;2141
100909.39;22.84;2142
100910.10;22.84;2143
100910.48;22.85;2144
100910.48;22.85;2145
100911.19;22.85;2146
100910.48;22.85;2147
100911.55;22.85;2148
100910.84;22.85;2149
100911.55;22.85;2150
100911.55;22.85;2151
100911.55;22.85;2152
100911.55;22.85;2153
100911.90;22.85;2154
100912.61;22.85;2155
100912.61;22.85;2156
100912.61;22.85;2157
100913.69;22.85;2158
100913.69;22.85;2159
100913.69;22.85;2160
100914.05;22.86;2161
100914.05;22.86;2162
100914.77;22.86;2163
100915.14;22.86;2164
100915.14;22.86;2165
100915.84;22.86;2166
100915.84;22.86;2167
100916.22;22.86;2168
100916.92;22.86;2169
100916.92;22.86;2170
100916.92;22.86;2171
100917.30;22.86;2172
100917.30;22.86;2173
100917.30;22.86;2174
100917.30;22.86;2175
100917.30;22.86;2176
100917.30;22.86;2177
100917.67;22.87;2178
100918.38;22.87;2179
100917.67;22.87;2180
100917.67;22.87;2181
100917.67;22.87;2182
100918.04;22.87;2183
100918.04;22.87;2184
100918.04;22.87;2185
100918.41;22.87;2186
100918.41;22.87;2187
100919.12;22.87;2188
100919.46;22.87;2189
100919.46;22.87;2190
100918.76;22.87;2191
100918.76;22.87;2192
100919.12;22.88;2193
100919.12;22.88;2194
100919.83;22.88;2195
100919.83;22.88;2196
100919.83;22.88;2197
100919.83;22.88;2198
100920.20;22.88;2199
100920.20;22.88;2200
100920.58;22.88;2201
100920.58;22.88;2202
100920.58;22.88;2203
100920.58;22.88;2204
100920.95;22.88;2205
100920.95;22.88;2206
100920.95;22.88;2207
100920.95;22.88;2208
100921.32;22.89;2209
100921.32;22.89;2210
100922.03;22.89;2211
100922.03;22.89;2212
100922.41;22.89;2213
100922.41;22.89;2214
100922.41;22.89;2215
100922.41;22.89;2216
100922.78;22.89;2217
100923.48;22.89;2218
100923.83;22.89;2219
100923.83;22.89;2220
100923.83;22.89;2221
100923.83;22.89;2222
100923.83;22.89;2223
100923.83;22.89;2224
100924.20;22.90;2225
100925.27;22.90;2226
100925.27;22.90;2227
100925.27;22.90;2228
100925.27;22.90;2229
100925.65;22.90;2230
100925.65;22.90;2231
100925.65;22.90;2232
100925.65;22.90;2233
100926.02;22.90;2234
100926.02;22.90;2235
100926.02;22.90;2236
100925.69;22.91;2237
100925.69;22.91;2238
100925.69;22.91;2239
100925.69;22.91;2240
100925.69;22.91;2241
100925.69;22.91;2242
100926.06;22.91;2243
100926.06;22.91;2244
100926.06;22.91;2245
100926.06;22.91;2246
100926.06;22.91;2247
100926.06;22.91;2248
100926.43;22.91;2249
100927.14;22.91;2250
100927.14;22.91;2251
100927.14;22.91;2252
100927.14;22.91;2253
100927.48;22.91;2254
100927.48;22.91;2255
100927.48;22.91;2256
100927.85;22.92;2257
100927.14;22.92;2258
100927.14;22.92;2259
100927.14;22.92;2260
100928.22;22.92;2261
100928.22;22.92;2262
100928.22;22.92;2263
100928.22;22.92;2264
100928.59;22.92;2265
100928.59;22.92;2266
100928.59;22.92;2267
100928.59;22.92;2268
100928.97;22.92;2269
100928.97;22.92;2270
100928.97;22.92;2271
100928.97;22.92;2272
100929.34;22.93;2273
100929.34;22.93;2274
100930.05;22.93;2275
100930.05;22.93;2276
100930.42;22.93;2277
100930.42;22.93;2278
100930.42;22.93;2279
100930.42;22.93;2280
100930.79;22.93;2281
100930.79;22.93;2282
100930.79;22.93;2283
100930.79;22.93;2284
100930.09;22.93;2285
100930.79;22.93;2286
100930.45;22.93;2287
100930.45;22.93;2288
100930.45;22.93;2289
100930.45;22.93;2290
100930.80;22.94;2291
100930.09;22.94;2292
100930.09;22.94;2293
100930.47;22.94;2294
100930.47;22.94;2295
100930.47;22.94;2296
100930.84;22.94;2297
100930.84;22.94;2298
100930.84;22.94;2299
100930.84;22.94;2300
100930.12;22.94;2301
100930.50;22.94;2302
100931.20;22.94;2303
100931.20;22.94;2304
100931.20;22.94;2305
100931.20;22.94;2306
100931.58;22.95;2307
100932.28;22.95;2308
100932.28;22.95;2309
100931.58;22.95;2310
100931.58;22.95;2311
100931.95;22.95;2312
100931.95;22.95;2313
100931.95;22.95;2314
100931.95;22.95;2315
100932.32;22.95;2316
100932.32;22.95;2317
100933.03;22.95;2318
100933.03;22.95;2319
100933.41;22.95;2320
100933.41;22.95;2321
100933.41;22.95;2322
100933.41;22.95;2323
100934.45;22.96;2324
100933.75;22.96;2325
100933.75;22.96;2326
100933.75;22.96;2327
100933.75;22.96;2328
100933.41;22.96;2329
100933.41;22.96;2330
100933.41;22.96;2331
100933.41;22.96;2332
100933.41;22.96;2333
100933.78;22.96;2334
100934.49;22.96;2335
100933.78;22.96;2336
100933.78;22.96;2337
100933.78;22.96;2338
100934.49;22.96;2339
100934.86;22.96;2340
100934.16;22.96;2341
100934.16;22.96;2342
100934.53;22.97;2343
100934.53;22.97;2344
100934.53;22.97;2345
100934.53;22.97;2346
100935.23;22.97;2347
100935.60;22.97;2348
100935.60;22.97;2349
100935.60;22.97;2350
100935.98;22.97;2351
100935.98;22.97;2352
100935.98;22.97;2353
100935.98;22.97;2354
100936.34;22.97;2355
100935.64;22.97;2356
100935.64;22.97;2357
100935.64;22.97;2358
100935.64;22.97;2359
100935.64;22.97;2360
100936.02;22.98;2361
100936.02;22.98;2362
100936.02;22.98;2363
100936.02;22.98;2364
100936.02;22.98;2365
100936.36;22.98;2366
100937.06;22.98;2367
100937.06;22.98;2368
100936.36;22.98;2369
100936.73;22.98;2370
100936.73;22.98;2371
100936.73;22.98;2372
100936.73;22.98;2373
100936.73;22.98;2374
100937.09;22.98;2375
100937.09;22.98;2376
100937.09;22.98;2377
100937.09;22.98;2378
100937.47;22.99;2379
100937.47;22.99;2380
100937.47;22.99;2381
100937.47;22.99;2382
100937.84;22.99;2383
100937.84;22.99;2384
100937.84;22.99;2385
100937.84;22.99;2386
100937.84;22.99;2387
100937.84;22.99;2388
100937.84;22.99;2389
100938.22;22.99;2390
100938.92;22.99;2391
100938.22;22.99;2392
100938.22;22.99;2393
100938.59;22.99;2394
100938.59;22.99;2395
100938.59;22.99;2396
100938.59;22.99;2397
100939.30;22.99;2398
100938.96;23.00;2399
100938.96;23.00;2400
100938.25;23.00;2401
100938.25;23.00;2402
100938.25;23.00;2403
100938.25;23.00;2404
100938.59;23.00;2405
100937.89;23.00;2406
100938.59;23.00;2407
100937.89;23.00;2408
100938.59;23.00;2409
100937.89;23.00;2410
100938.27;23.00;2411
100938.27;23.00;2412
100938.27;23.00;2413
100938.27;23.00;2414
100938.27;23.00;2415
100938.62;23.00;2416
100938.62;23.00;2417
100938.62;23.00;2418
100938.62;23.00;2419
100939.00;23.01;2420
100938.30;23.01;2421
100938.30;23.01;2422
100938.67;23.01;2423
100939.38;23.01;2424
100938.67;23.01;2425
100939.38;23.01;2426
100938.67;23.01;2427
100939.04;23.01;2428
100938.33;23.01;2429
100938.33;23.01;2430
100938.33;23.01;2431
100938.70;23.01;2432
100938.70;23.01;2433
100938.70;23.01;2434
100938.70;23.01;2435
100938.37;23.02;2436
100938.37;23.02;2437
100938.37;23.02;2438
100938.37;23.02;2439
100938.37;23.02;2440
100938.00;23.02;2441
100938.00;23.02;2442
100938.00;23.02;2443
100938.00;23.02;2444
100937.67;23.02;2445
100937.67;23.02;2446
100938.04;23.02;2447
100937.33;23.02;2448
100937.33;23.02;2449
100937.33;23.02;2450
100938.41;23.03;2451
100937.70;23.03;2452
100938.41;23.03;2453
100938.41;23.03;2454
100938.41;23.03;2455
100938.41;23.03;2456
100938.78;23.03;2457
100938.78;23.03;2458
100938.78;23.03;2459
100938.78;23.03;2460
100938.45;23.03;2461
100938.45;23.03;2462
100938.45;23.03;2463
100938.45;23.03;2464
100938.82;23.03;2465
100938.82;23.03;2466
100938.82;23.03;2467
100938.82;23.03;2468
100939.19;23.04;2469
100939.19;23.04;2470
100939.19;23.04;2471
100939.56;23.04;2472
100939.56;23.04;2473
100939.56;23.04;2474
100939.56;23.04;2475
100939.91;23.04;2476
100939.91;23.04;2477
100939.91;23.04;2478
100939.91;23.04;2479
100939.91;23.04;2480
100939.91;23.04;2481
100940.28;23.04;2482
100940.28;23.04;2483
100940.28;23.04;2484
100940.28;23.04;2485
100940.66;23.05;2486
100940.66;23.05;2487
100940.66;23.05;2488
100940.66;23.05;2489
100940.66;23.05;2490
100941.02;23.05;2491
100941.02;23.05;2492
100941.02;23.05;2493
100941.02;23.05;2494
100940.31;23.05;2495
100940.69;23.05;2496
100941.39;23.05;2497
100942.10;23.05;2498
100942.10;23.05;2499
100941.39;23.05;2500
100941.77;23.06;2501
100942.47;23.06;2502
100942.47;23.06;2503
100941.77;23.06;2504
100942.84;23.06;2505
100942.84;23.06;2506
100942.84;23.06;2507
100942.84;23.06;2508
100942.84;23.06;2509
100942.84;23.06;2510
100942.84;23.06;2511
100943.22;23.06;2512
100943.22;23.06;2513
100942.51;23.06;2514
100942.51;23.06;2515
100942.51;23.06;2516
100942.85;23.06;2517
100942.85;23.06;2518
100942.85;23.06;2519
100943.23;23.07;2520
100942.52;23.07;2521
100942.52;23.07;2522
100942.52;23.07;2523
100942.89;23.07;2524
100942.89;23.07;2525
100942.89;23.07;2526
100942.89;23.07;2527
100942.89;23.07;2528
100943.26;23.07;2529
100943.26;23.07;2530
100943.26;23.07;2531
100943.26;23.07;2532
100942.92;23.07;2533
100942.92;23.07;2534
100942.92;23.07;2535
100942.92;23.07;2536
100942.92;23.07;2537
100942.92;23.07;2538
100942.92;23.07;2539
100943.30;23.08;2540
100943.30;23.08;2541
100943.30;23.08;2542
100943.30;23.08;2543
100943.30;23.08;2544
100943.30;23.08;2545
100943.67;23.08;2546
100943.67;23.08;2547
100943.67;23.08;2548
100943.67;23.08;2549
100944.04;23.08;2550
100943.33;23.08;2551
100943.33;23.08;2552
100943.33;23.08;2553
100943.33;23.08;2554
100943.33;23.08;2555
100943.70;23.08;2556
100943.70;23.08;2557
100943.70;23.08;2558
100943.70;23.08;2559
100943.70;23.08;2560
100943.70;23.08;2561
100943.34;23.09;2562
100944.05;23.09;2563
100944.05;23.09;2564
100944.05;23.09;2565
100944.42;23.09;2566
100943.71;23.09;2567
100943.71;23.09;2568
100943.71;23.09;2569
100944.42;23.09;2570
100944.42;23.09;2571
100944.09;23.09;2572
100944.79;23.09;2573
100944.79;23.09;2574
100944.09;23.09;2575
100944.09;23.09;2576
100944.45;23.09;2577
100944.45;23.09;2578
100944.45;23.09;2579
100944.45;23.09;2580
100944.45;23.09;2581
100944.83;23.10;2582
100944.12;23.10;2583
100944.12;23.10;2584
100943.41;23.10;2585
100943.78;23.10;2586
100943.08;23.10;2587
100943.08;23.10;2588
100943.08;23.10;2589
100943.78;23.10;2590
100943.78;23.10;2591
100944.16;23.10;2592
100944.16;23.10;2593
100944.16;23.10;2594
100944.16;23.10;2595
100944.53;23.10;2596
100944.53;23.10;2597
100943.82;23.10;2598
100944.53;23.10;2599
100943.82;23.10;2600
100944.88;23.11;2601
100944.88;23.11;2602
100944.88;23.11;2603
100944.88;23.11;2604
100944.88;23.11;2605
100945.24;23.11;2606
100945.95;23.11;2607
100945.95;23.11;2608
100945.95;23.11;2609
100945.95;23.11;2610
100946.33;23.11;2611
100946.33;23.11;2612
100946.33;23.11;2613
100946.33;23.11;2614
100946.70;23.11;2615
100946.70;23.11;2616
100946.70;23.11;2617
100946.70;23.11;2618
100946.70;23.11;2619
100947.41;23.11;2620
100947.77;23.12;2621
100947.06;23.12;2622
100947.77;23.12;2623
100947.77;23.12;2624
100947.44;23.12;2625
100947.44;23.12;2626
100947.44;23.12;2627
100947.44;23.12;2628
100947.44;23.12;2629
100948.14;23.12;2630
100948.52;23.12;2631
100948.52;23.12;2632
100948.52;23.12;2633
100947.81;23.12;2634
100948.18;23.12;2635
100948.18;23.12;2636
100948.89;23.12;2637
100948.89;23.12;2638
100948.89;23.12;2639
100949.23;23.13;2640
100949.23;23.13;2641
100948.52;23.13;2642
100948.52;23.13;2643
100948.52;23.13;2644
100948.90;23.13;2645
100948.90;23.13;2646
100948.19;23.13;2647
100948.19;23.13;2648
100948.19;23.13;2649
100948.19;23.13;2650
100948.56;23.13;2651
100948.56;23.13;2652
100948.56;23.13;2653
100948.56;23.13;2654
100947.86;23.13;2655
100948.23;23.13;2656
100948.23;23.13;2657
100948.94;23.13;2658
100948.94;23.13;2659
100948.94;23.13;2660
100948.59;23.14;2661
100948.59;23.14;2662
100949.30;23.14;2663
100949.67;23.14;2664
100950.39;23.14;2665
100950.39;23.14;2666
100950.39;23.14;2667
100950.39;23.14;2668
100949.67;23.14;2669
100950.39;23.14;2670
100950.39;23.14;2671
100950.39;23.14;2672
100950.76;23.14;2673
100950.76;23.14;2674
100950.76;23.14;2675
100950.76;23.14;2676
100950.76;23.14;2677
100951.84;23.14;2678
100951.12;23.14;2679
100951.12;23.14;2680
100951.12;23.14;2681
100951.12;23.14;2682
100951.12;23.14;2683
100952.20;23.15;2684
100951.50;23.15;2685
100951.50;23.15;2686
100951.50;23.15;2687
100952.55;23.15;2688
100952.55;23.15;2689
100952.55;23.15;2690
100951.84;23.15;2691
100951.84;23.15;2692
100951.51;23.15;2693
100951.51;23.15;2694
100950.80;23.15;2695
100951.51;23.15;2696
100951.51;23.15;2697
100951.51;23.15;2698
100951.88;23.15;2699
100951.51;23.15;2700
100952.22;23.15;2701
100952.59;23.15;2702
100951.88;23.15;2703
100951.88;23.15;2704
100951.88;23.15;2705
100952.25;23.16;2706
100952.25;23.16;2707
100952.25;23.16;2708
100952.25;23.16;2709
100951.55;23.16;2710
100951.55;23.16;2711
100951.55;23.16;2712
100951.91;23.16;2713
100951.91;23.16;2714
100951.20;23.16;2715
100951.20;23.16;2716
100951.20;23.16;2717
100951.20;23.16;2718
100951.20;23.16;2719
100951.20;23.16;2720
100950.88;23.16;2721
100950.88;23.16;2722
100950.88;23.16;2723
100950.88;23.16;2724
100950.88;23.16;2725
100950.88;23.16;2726
100950.88;23.16;2727
100950.16;23.16;2728
100951.25;23.16;2729
100950.53;23.16;2730
100950.53;23.16;2731
100950.53;23.16;2732
100950.53;23.16;2733
100950.91;23.17;2734
100950.20;23.17;2735
100950.20;23.17;2736
100950.20;23.17;2737
100950.20;23.17;2738
100950.55;23.17;2739
100950.55;23.17;2740
100950.55;23.17;2741
100950.55;23.17;2742
100949.83;23.17;2743
100949.83;23.17;2744
100949.83;23.17;2745
100950.20;23.17;2746
100949.50;23.17;2747
100949.50;23.17;2748
100949.50;23.17;2749
100949.50;23.17;2750
100949.16;23.17;2751
100949.16;23.17;2752
100949.16;23.17;2753
100949.16;23.17;2754
100949.16;23.17;2755
100949.16;23.17;2756
100949.53;23.18;2757
100949.53;23.18;2758
100949.53;23.18;2759
100949.53;23.18;2760
100948.83;23.18;2761
100949.53;23.18;2762
100948.83;23.18;2763
100949.53;23.18;2764
100949.20;23.18;2765
100949.20;23.18;2766
100949.20;23.18;2767
100948.49;23.18;2768
100948.86;23.18;2769
100948.86;23.18;2770
100948.86;23.18;2771
100948.86;23.18;2772
100948.86;23.18;2773
100948.86;23.18;2774
100949.23;23.18;2775
100949.23;23.18;2776
100948.52;23.18;2777
100948.52;23.18;2778
100948.52;23.18;2779
100948.52;23.18;2780
100948.90;23.19;2781
100948.90;23.19;2782
100948.90;23.19;2783
100948.19;23.19;2784
100948.56;23.19;2785
100948.56;23.19;2786
100948.56;23.19;2787
100948.56;23.19;2788
100948.56;23.19;2789
100948.56;23.19;2790
100948.56;23.19;2791
100948.91;23.19;2792
100948.91;23.19;2793
100948.91;23.19;2794
100948.91;23.19;2795
100949.98;23.19;2796
100949.28;23.19;2797
100949.28;23.19;2798
100949.28;23.19;2799
100949.28;23.19;2800
100949.28;23.19;2801
100949.28;23.19;2802
100949.65;23.20;2803
100949.65;23.20;2804
100949.65;23.20;2805
100949.65;23.20;2806
100949.65;23.20;2807
100949.65;23.20;2808
100949.31;23.20;2809
100950.02;23.20;2810
100949.31;23.20;2811
100949.31;23.20;2812
100949.31;23.20;2813
100948.61;23.20;2814
100948.61;23.20;2815
100948.61;23.20;2816
100948.98;23.20;2817
100948.98;23.20;2818
100948.98;23.20;2819
100948.98;23.20;2820
100948.98;23.20;2821
100948.98;23.20;2822
100948.64;23.20;2823
100948.64;23.20;2824
100948.64;23.20;2825
100947.93;23.20;2826
100947.93;23.20;2827
100947.93;23.20;2828
100948.30;23.21;2829
100948.30;23.21;2830
100948.30;23.21;2831
100947.59;23.21;2832
100947.59;23.21;2833
100947.97;23.21;2834
100947.26;23.21;2835
100947.26;23.21;2836
100947.26;23.21;2837
100947.26;23.21;2838
100947.26;23.21;2839
100947.60;23.21;2840
100948.31;23.21;2841
100947.60;23.21;2842
100947.60;23.21;2843
100947.60;23.21;2844
100947.60;23.21;2845
100948.31;23.21;2846
100948.68;23.21;2847
100948.68;23.21;2848
100948.68;23.21;2849
100948.68;23.21;2850
100948.68;23.21;2851
100948.68;23.21;2852
100947.98;23.21;2853
100948.68;23.21;2854
100949.05;23.22;2855
100949.05;23.22;2856
100949.05;23.22;2857
100949.05;23.22;2858
100948.34;23.22;2859
100948.34;23.22;2860
100948.72;23.22;2861
100948.72;23.22;2862
100948.72;23.22;2863
100948.72;23.22;2864
100948.72;23.22;2865
100948.01;23.22;2866
100948.38;23.22;2867
100948.38;23.22;2868
100948.38;23.22;2869
100948.38;23.22;2870
100947.67;23.22;2871
100948.38;23.22;2872
100947.67;23.22;2873
100947.67;23.22;2874
100948.05;23.22;2875
100948.75;23.22;2876
100948.05;23.22;2877
100948.05;23.22;2878
100949.12;23.23;2879
100949.12;23.23;2880
100948.42;23.23;2881
100948.42;23.23;2882
100949.12;23.23;2883
100949.12;23.23;2884
100949.50;23.23;2885
100949.50;23.23;2886
100949.50;23.23;2887
100949.50;23.23;2888
100949.84;23.23;2889
100949.84;23.23;2890
100949.84;23.23;2891
100949.84;23.23;2892
100949.84;23.23;2893
100949.84;23.23;2894
100950.21;23.23;2895
100950.21;23.23;2896
100949.50;23.23;2897
100949.50;23.23;2898
100949.50;23.23;2899
100949.50;23.23;2900
100949.88;23.24;2901
100949.88;23.24;2902
100949.88;23.24;2903
100949.88;23.24;2904
100949.88;23.24;2905
100949.88;23.24;2906
100949.54;23.24;2907
100949.54;23.24;2908
100950.25;23.24;2909
100950.25;23.24;2910
100950.25;23.24;2911
100950.25;23.24;2912
100949.91;23.24;2913
100949.91;23.24;2914
100949.91;23.24;2915
100949.91;23.24;2916
100949.20;23.24;2917
100949.20;23.24;2918
100949.58;23.24;2919
100948.87;23.24;2920
100949.58;23.24;2921
100949.58;23.24;2922
100949.58;23.24;2923
100949.95;23.25;2924
100949.95;23.25;2925
100950.66;23.25;2926
100950.66;23.25;2927
100950.66;23.25;2928
100950.66;23.25;2929
100950.66;23.25;2930
100950.31;23.25;2931
100950.31;23.25;2932
100950.31;23.25;2933
100949.61;23.25;2934
100950.31;23.25;2935
100950.69;23.25;2936
100950.69;23.25;2937
100951.40;23.25;2938
100951.40;23.25;2939
100951.40;23.25;2940
100951.74;23.25;2941
100951.74;23.25;2942
100951.74;23.25;2943
100951.74;23.25;2944
100951.74;23.25;2945
100952.12;23.26;2946
100952.12;23.26;2947
100952.12;23.26;2948
100952.12;23.26;2949
100952.12;23.26;2950
100952.12;23.26;2951
100952.48;23.26;2952
100952.48;23.26;2953
100952.48;23.26;2954
100952.48;23.26;2955
100952.48;23.26;2956
100951.78;23.26;2957
100952.16;23.26;2958
100952.86;23.26;2959
100952.86;23.26;2960
100952.86;23.26;2961
100952.86;23.26;2962
100952.86;23.26;2963
100952.86;23.26;2964
100952.86;23.26;2965
100952.52;23.26;2966
100953.23;23.26;2967
100952.52;23.26;2968
100953.23;23.26;2969
100953.60;23.27;2970
100952.52;23.26;2971
100952.89;23.27;2972
100952.89;23.27;2973
100953.60;23.27;2974
100953.60;23.27;2975
100953.60;23.27;2976
100953.60;23.27;2977
100953.27;23.27;2978
100953.27;23.27;2979
100953.27;23.27;2980
100953.27;23.27;2981
100953.27;23.27;2982
100953.27;23.27;2983
100952.56;23.27;2984
100952.56;23.27;2985
100952.56;23.27;2986
100951.84;23.27;2987
100952.56;23.27;2988
100951.84;23.27;2989
100952.22;23.27;2990
100952.22;23.27;2991
100952.22;23.27;2992
100952.22;23.27;2993
100952.93;23.27;2994
100952.93;23.27;2995
100953.27;23.27;2996
100953.27;23.27;2997
100953.27;23.27;2998
100953.27;23.27;2999
100953.27;23.27;3000
100953.27;23.27;3001
100953.64;23.28;3002
100953.64;23.28;3003
100953.64;23.28;3004
100953.64;23.28;3005
100954.02;23.28;3006
100954.72;23.28;3007
100954.72;23.28;3008
100954.72;23.28;3009
100954.72;23.28;3010
100954.72;23.28;3011
100954.39;23.28;3012
100955.09;23.28;3013
100954.39;23.28;3014
100955.09;23.28;3015
100955.09;23.28;3016
100954.77;23.28;3017
100955.47;23.28;3018
100955.47;23.28;3019
100954.77;23.28;3020
100954.77;23.28;3021
100955.84;23.29;3022
100955.84;23.29;3023
100955.13;23.29;3024
100955.13;23.29;3025
100955.13;23.29;3026
100954.42;23.29;3027
100954.42;23.29;3028
100954.42;23.29;3029
100954.80;23.29;3030
100954.80;23.29;3031
100954.80;23.29;3032
100955.17;23.29;3033
100955.17;23.29;3034
100955.17;23.29;3035
100954.45;23.29;3036
100954.45;23.29;3037
100954.45;23.29;3038
100954.45;23.29;3039
100954.45;23.29;3040
100953.75;23.29;3041
100954.09;23.29;3042
100954.09;23.29;3043
100953.39;23.29;3044
100953.39;23.29;3045
100953.39;23.29;3046
100953.76;23.30;3047
100953.05;23.30;3048
100953.05;23.30;3049
100952.34;23.30;3050
100952.34;23.30;3051
100951.63;23.30;3052
100951.63;23.30;3053
100951.63;23.30;3054
100950.92;23.30;3055
100951.30;23.30;3056
100950.59;23.30;3057
100950.59;23.30;3058
100949.88;23.30;3059
100949.88;23.30;3060
100949.17;23.30;3061
100949.17;23.30;3062
100948.84;23.30;3063
100948.84;23.30;3064
100948.84;23.30;3065
100948.12;23.30;3066
100948.12;23.30;3067
100948.50;23.30;3068
100947.79;23.30;3069
100947.79;23.30;3070
100947.79;23.30;3071
100947.79;23.30;3072
100947.09;23.30;3073
100947.09;23.30;3074
100946.75;23.31;3075
100946.75;23.31;3076
100946.75;23.31;3077
100946.03;23.31;3078
100946.03;23.31;3079
100946.41;23.31;3080
100946.41;23.31;3081
100946.41;23.31;3082
100947.12;23.31;3083
100947.83;23.31;3084
100947.83;23.31;3085
100947.83;23.31;3086
100948.53;23.31;3087
100949.24;23.31;3088
100948.53;23.31;3089
100949.62;23.31;3090
100949.62;23.31;3091
100950.32;23.31;3092
100950.32;23.31;3093
100951.03;23.31;3094
100951.03;23.31;3095
100951.03;23.31;3096
100951.03;23.31;3097
100951.03;23.31;3098
100951.03;23.31;3099
100951.41;23.31;3100
100952.11;23.31;3101
100952.11;23.31;3102
100952.45;23.32;3103
100952.45;23.32;3104
100952.45;23.32;3105
100952.83;23.32;3106
100952.83;23.32;3107
100952.83;23.32;3108
100953.53;23.32;3109
100953.16;23.32;3110