time;15:22:56
 81594.80;26.01;0
 91886.68;22.07;1
 91886.04;22.06;2
 91887.18;22.02;3
 91887.80;21.94;4
 91887.23;21.89;5
 91888.08;21.85;6
 91887.12;21.82;7
 91887.15;21.81;8
 91887.15;21.81;9
 91888.20;21.81;10
 91887.15;21.81;11
 91889.51;21.84;12
 91889.48;21.85;13
 91887.38;21.85;14
 91886.01;21.84;15
 91884.64;21.83;16
 91884.51;21.98;17
 91882.27;22.14;18
 91881.38;22.20;19
 91879.66;22.19;20
 91880.42;22.17;21
 91881.56;22.14;22
 91883.41;22.11;23
 91886.62;22.09;24
 91893.30;22.08;25
 91901.75;22.06;26
 91907.76;22.04;27
 91912.34;22.03;28
 91926.70;22.03;29
 91948.77;22.01;30
 91962.09;22.01;31
 91974.33;22.01;32
 91987.97;22.00;33
 92008.95;22.00;34
 92022.27;22.00;35
 92034.86;22.00;36
 92053.75;21.99;37
 92067.06;21.99;38
 92078.25;21.99;39
 92096.77;21.99;40
 92120.55;21.99;41
 92133.14;21.99;42
 92147.48;21.99;43
 92167.42;22.00;44
 92201.34;22.00;45
 92220.58;22.00;46
 92239.44;22.00;47
 92260.08;22.01;48
 92270.92;22.01;49
 92276.52;22.01;50
 92286.31;22.01;51
 92301.72;22.00;52
 92308.74;21.99;53
 92318.19;21.98;54
 92324.51;21.98;55
 92335.34;21.98;56
 92342.34;21.98;57
 92350.02;21.98;58
 92366.78;21.99;59
 92376.58;21.99;60
 92384.27;22.00;61
 92391.95;22.00;62
 92408.03;22.01;63
 92416.78;22.01;64
 92427.25;22.01;65
 92437.75;22.02;66
 92446.47;22.02;67
 92454.86;22.02;68
 92462.56;22.03;69
 92471.63;22.03;70
 92481.10;22.03;71
 92488.09;22.03;72
 92493.70;22.03;73
 92497.52;22.04;74
 92501.34;22.04;75
 92505.53;22.05;76
 92508.67;22.06;77
 92518.81;22.05;78
 92525.48;22.05;79
 92531.78;22.04;80
 92536.34;22.03;81
 92549.97;22.04;82
 92561.83;22.07;83
 92568.77;22.10;84
 92577.41;22.14;85
 92580.91;22.14;86
 92586.16;22.14;87
 92590.70;22.14;88
 92594.53;22.15;89
 92599.44;22.15;90
 92604.66;22.16;91
 92610.24;22.17;92
 92618.27;22.18;93
 92624.57;22.18;94
 92629.44;22.19;95
 92632.95;22.19;96
 92636.07;22.20;97
 92640.97;22.20;98
 92645.85;22.21;99
 92649.70;22.21;100
 92653.53;22.22;101
 92658.41;22.23;102
 92659.81;22.23;103
 92666.13;22.22;104
 92668.94;22.22;105
 92674.86;22.22;106
 92684.31;22.23;107
 92690.23;22.23;108
 92694.11;22.23;109
 92699.70;22.23;110
 92704.60;22.23;111
 92709.16;22.23;112
 92715.45;22.22;113
 92721.05;22.22;114
 92731.57;22.22;115
 92740.32;22.22;116
 92750.45;22.22;117
 92762.00;22.23;118
 92767.95;22.23;119
 92776.34;22.23;120
 92785.09;22.23;121
 92796.30;22.23;122
 92804.34;22.23;123
 92815.54;22.23;124
 92827.79;22.23;125
 92843.54;22.23;126
 92853.34;22.23;127
 92861.02;22.23;128
 92868.37;22.24;129
 92875.72;22.24;130
 92880.27;22.24;131
 92884.80;22.24;132
 92894.59;22.24;133
 92900.20;22.24;134
 92904.75;22.25;135
 92909.30;22.25;136
 92912.45;22.25;137
 92917.34;22.26;138
 92923.29;22.26;139
 92930.97;22.26;140
 92934.48;22.27;141
 92937.27;22.27;142
 92943.23;22.27;143
 92954.75;22.27;144
 92962.11;22.28;145
 92969.46;22.28;146
 92976.81;22.28;147
 92989.05;22.29;148
 92995.00;22.29;149
 93005.12;22.29;150
 93022.26;22.32;151
 93033.08;22.33;152
 93040.06;22.34;153
 93050.59;22.35;154
 93061.80;22.35;155
 93066.68;22.35;156
 93071.59;22.36;157
 93076.47;22.36;158
 93085.23;22.37;159
 93092.94;22.37;160
 93099.22;22.38;161
 93111.11;22.39;162
 93119.84;22.39;163
 93127.20;22.40;164
 93137.36;22.40;165
 93151.00;22.41;166
 93161.15;22.41;167
 93171.28;22.41;168
 93179.69;22.41;169
 93191.59;22.42;170
 93203.16;22.42;171
 93213.28;22.42;172
 93228.35;22.43;173
 93239.88;22.43;174
 93247.59;22.44;175
 93259.48;22.44;176
 93279.08;22.44;177
 93291.00;22.45;178
 93301.48;22.45;179
 93315.48;22.45;180
 93336.85;22.45;181
 93348.77;22.46;182
 93362.42;22.46;183
 93384.83;22.46;184
 93405.12;22.46;185
 93416.33;22.46;186
 93433.14;22.46;187
 93459.42;22.46;188
 93472.03;22.46;189
 93482.88;22.46;190
 93492.69;22.46;191
 93503.89;22.46;192
 93516.85;22.46;193
 93529.45;22.46;194
 93540.66;22.46;195
 93553.95;22.46;196
 93566.56;22.46;197
 93580.92;22.47;198
 93602.30;22.47;199
 93617.70;22.47;200
 93635.20;22.47;201
 93649.56;22.48;202
 93669.17;22.48;203
 93682.13;22.48;204
 93697.19;22.48;205
 93718.20;22.47;206
 93726.25;22.46;207
 93744.81;22.47;208
 93760.91;22.47;209
 93779.84;22.48;210
 93792.80;22.48;211
 93803.30;22.48;212
 93815.90;22.48;213
 93839.36;22.48;214
 93855.12;22.48;215
 93863.53;22.48;216
 93874.05;22.49;217
 93881.39;22.48;218
 93892.95;22.47;219
 93902.08;22.47;220
 93915.73;22.47;221
 93926.58;22.46;222
 93937.78;22.46;223
 93951.80;22.46;224
 93970.72;22.45;225
 93985.77;22.45;226
 94007.14;22.45;227
 94031.29;22.45;228
 94053.70;22.45;229
 94064.91;22.45;230
 94081.39;22.45;231
 94107.30;22.44;232
 94124.81;22.44;233
 94134.62;22.44;234
 94148.64;22.44;235
 94177.70;22.45;236
 94189.27;22.45;237
 94208.17;22.45;238
 94232.70;22.45;239
 94247.75;22.45;240
 94265.97;22.45;241
 94282.42;22.44;242
 94317.45;22.44;243
 94338.47;22.44;244
 94359.12;22.44;245
 94377.69;22.43;246
 94398.70;22.43;247
 94417.64;22.44;248
 94429.17;22.44;249
 94447.39;22.44;250
 94459.67;22.44;251
 94473.32;22.44;252
 94489.77;22.43;253
 94514.64;22.43;254
 94529.01;22.43;255
 94543.02;22.43;256
 94558.08;22.43;257
 94585.05;22.43;258
 94602.23;22.44;259
 94615.20;22.44;260
 94634.47;22.45;261
 94640.44;22.45;262
 94648.12;22.45;263
 94652.70;22.46;264
 94662.16;22.46;265
 94671.28;22.47;266
 94679.69;22.47;267
 94686.34;22.47;268
 94698.59;22.46;269
 94706.65;22.47;270
 94716.45;22.47;271
 94731.88;22.47;272
 94738.20;22.48;273
 94750.11;22.48;274
 94762.72;22.48;275
 94780.94;22.48;276
 94792.50;22.48;277
 94798.11;22.48;278
 94812.84;22.49;279
 94839.47;22.49;280
 94852.09;22.49;281
 94863.28;22.48;282
 94868.16;22.47;283
 94873.77;22.47;284
 94882.91;22.48;285
 94898.31;22.48;286
 94918.98;22.48;287
 94938.23;22.47;288
 94956.45;22.47;289
 94973.64;22.48;290
 95006.23;22.48;291
 95021.28;22.48;292
 95041.95;22.47;293
 95077.34;22.48;294
 95099.77;22.48;295
 95119.39;22.48;296
 95142.18;22.48;297
 95168.10;22.48;298
 95185.28;22.49;299
 95202.47;22.49;300
 95215.78;22.50;301
 95232.98;22.51;302
 95240.35;22.51;303
 95246.66;22.51;304
 95260.70;22.52;305
 95268.77;22.53;306
 95272.97;22.53;307
 95280.70;22.54;308
 95289.13;22.55;309
 95295.44;22.55;310
 95308.41;22.55;311
 95324.20;22.56;312
 95336.11;22.56;313
 95346.29;22.56;314
 95358.54;22.56;315
 95386.27;22.57;316
 95404.49;22.57;317
 95421.31;22.57;318
 95437.77;22.57;319
 95464.05;22.56;320
 95477.70;22.56;321
 95489.98;22.56;322
 95508.52;22.55;323
 95516.23;22.55;324
 95529.88;22.54;325
 95542.50;22.54;326
 95562.49;22.55;327
 95576.51;22.55;328
 95589.47;22.54;329
 95598.91;22.54;330
 95606.58;22.52;331
 95616.36;22.51;332
 95625.81;22.50;333
 95653.09;22.48;334
 95674.11;22.48;335
 95694.11;22.49;336
 95711.30;22.49;337
 95735.46;22.49;338
 95748.44;22.49;339
 95754.41;22.50;340
 95765.99;22.50;341
 95782.48;22.51;342
 95785.65;22.51;343
 95788.12;22.52;344
 95787.78;22.52;345
 95787.11;22.53;346
 95780.44;22.53;347
 95780.44;22.53;348
 95769.59;22.53;349
 95761.17;22.53;350
 95754.53;22.54;351
 95742.27;22.54;352
 95728.95;22.54;353
 95716.70;22.55;354
 95711.46;22.55;355
 95704.09;22.55;356
 95697.75;22.54;357
 95694.66;22.56;358
 95685.22;22.57;359
 95680.67;22.57;360
 95675.06;22.57;361
 95666.29;22.57;362
 95662.05;22.56;363
 95640.27;22.54;364
 95635.00;22.53;365
 95632.90;22.53;366
 95628.66;22.52;367
 95622.33;22.51;368
 95618.85;22.52;369
 95617.78;22.52;370
 95610.44;22.52;371
 95606.55;22.51;372
 95600.60;22.51;373
 95607.25;22.51;374
 95606.21;22.51;375
 95602.00;22.51;376
 95600.94;22.51;377
 95594.30;22.51;378
 95596.42;22.52;379
 95596.75;22.52;380
 95597.12;22.52;381
 95593.64;22.53;382
 95588.03;22.53;383
 95582.06;22.53;384
 95576.09;22.52;385
 95566.98;22.52;386
 95561.02;22.52;387
 95557.17;22.52;388
 95554.36;22.52;389
 95555.06;22.52;390
 95553.33;22.53;391
 95553.69;22.53;392
 95552.66;22.54;393
 95554.42;22.54;394
 95554.42;22.54;395
 95555.82;22.54;396
 95560.02;22.54;397
 95560.02;22.54;398
 95561.77;22.54;399
 95573.01;22.55;400
 95583.55;22.56;401
 95595.44;22.55;402
 95609.42;22.54;403
 95624.52;22.54;404
 95645.55;22.54;405
 95666.88;22.53;406
 95670.05;22.53;407
 95677.05;22.53;408
 95680.56;22.53;409
 95695.62;22.53;410
 95705.44;22.53;411
 95706.47;22.52;412
 95709.27;22.52;413
 95716.28;22.52;414
 95721.89;22.52;415
 95729.97;22.53;416
 95734.54;22.53;417
 95732.09;22.54;418
 95727.53;22.53;419
 95725.45;22.54;420
 95724.08;22.55;421
 95730.72;22.55;422
 95733.89;22.55;423
 95742.64;22.55;424
 95748.25;22.55;425
 95760.53;22.55;426
 95772.08;22.55;427
 95785.06;22.55;428
 95797.02;22.56;429
 95818.05;22.56;430
 95833.10;22.56;431
 95847.83;22.56;432
 95855.20;22.56;433
 95860.81;22.56;434
 95870.62;22.56;435
 95882.20;22.57;436
 95903.60;22.57;437
 95916.92;22.57;438
 95932.38;22.58;439
 95946.06;22.59;440
 95970.60;22.59;441
 95990.91;22.58;442
 96002.12;22.58;443
 96025.96;22.58;444
 96037.17;22.58;445
 96044.55;22.58;446
 96054.73;22.59;447
 96070.86;22.59;448
 96065.98;22.60;449
 96060.38;22.60;450
 96064.22;22.59;451
 96077.55;22.60;452
 96080.71;22.60;453
 96090.53;22.60;454
 96111.56;22.60;455
 96123.15;22.60;456
 96134.73;22.61;457
 96146.66;22.61;458
 96157.91;22.62;459
 96165.66;22.63;460
 96167.77;22.63;461
 96182.16;22.63;462
 96205.62;22.63;463
 96219.65;22.63;464
 96242.45;22.63;465
 96281.72;22.63;466
 96310.48;22.64;467
 96330.84;22.64;468
 96350.85;22.65;469
 96379.94;22.64;470
 96407.98;22.64;471
 96434.63;22.64;472
 96457.44;22.65;473
 96478.48;22.65;474
 96495.31;22.65;475
 96505.47;22.65;476
 96516.73;22.66;477
 96535.70;22.66;478
 96550.77;22.66;479
 96559.18;22.66;480
 96580.59;22.66;481
 96594.61;22.66;482
 96601.62;22.66;483
 96601.62;22.66;484
 96620.89;22.66;485
 96635.66;22.67;486
 96652.16;22.67;487
 96674.65;22.68;488
 96689.39;22.69;489
 96702.75;22.69;490
 96715.00;22.69;491
 96744.46;22.69;492
 96764.80;22.69;493
 96785.84;22.69;494
 96806.19;22.69;495
 96829.38;22.70;496
 96849.02;22.70;497
 96861.98;22.70;498
 96886.56;22.70;499
 96900.97;22.71;500
 96915.70;22.71;501
 96930.11;22.71;502
 96946.25;22.72;503
 96950.45;22.72;504
 96948.72;22.72;505
 96967.61;22.71;506
 96980.56;22.70;507
 96992.81;22.70;508
 97009.28;22.70;509
 97024.38;22.70;510
 97032.80;22.70;511
 97054.59;22.71;512
 97061.77;22.74;513
 97074.22;22.78;514
 97090.02;22.78;515
 97109.66;22.78;516
 97143.71;22.78;517
 97171.03;22.78;518
 97183.66;22.78;519
 97202.64;22.78;520
 97234.60;22.79;521
 97253.22;22.79;522
 97282.68;22.79;523
 97312.49;22.79;524
 97342.70;22.80;525
 97367.28;22.80;526
 97384.49;22.81;527
 97415.73;22.81;528
 97438.24;22.82;529
 97454.77;22.83;530
 97477.59;22.83;531
 97507.84;22.84;532
 97523.10;22.87;533
 97532.98;22.88;534
 97538.59;22.88;535
 97560.69;22.88;536
 97576.12;22.88;537
 97586.32;22.88;538
 97602.48;22.89;539
 97613.39;22.89;540
 97627.14;22.90;541
 97634.16;22.90;542
 97654.53;22.91;543
 97667.91;22.91;544
 97681.95;22.91;545
 97701.95;22.91;546
 97736.00;22.92;547
 97753.22;22.92;548
 97773.97;22.93;549
 97800.04;22.94;550
 97822.19;22.95;551
 97840.07;22.95;552
 97859.00;22.94;553
 97890.98;22.95;554
 97914.17;22.95;555
 97934.20;22.96;556
 97959.84;22.96;557
 97985.45;22.96;558
 97998.47;22.96;559
 98018.12;22.96;560
 98046.95;22.97;561
 98068.73;22.97;562
 98089.48;22.98;563
 98113.73;22.98;564
 98142.19;22.99;565
 98169.96;22.99;566
 98198.11;23.00;567
 98223.45;23.01;568
 98256.84;23.02;569
 98278.28;23.02;570
 98300.09;23.03;571
 98324.70;23.03;572
 98342.64;23.04;573
 98360.62;23.05;574
 98378.20;23.05;575
 98402.45;23.06;576
 98416.48;23.06;577
 98428.45;23.06;578
 98439.34;23.06;579
 98459.27;23.05;580
 98468.39;23.05;581
 98476.74;23.04;582
 98495.23;23.02;583
 98511.33;23.01;584
 98522.88;23.01;585
 98537.57;23.00;586
 98558.56;22.99;587
 98572.91;22.98;588
 98587.98;22.98;589
 98615.72;22.98;590
 98630.80;22.98;591
 98649.70;22.97;592
 98665.53;22.97;593
 98683.86;22.98;594
 98694.79;22.99;595
 98707.50;23.00;596
 98728.07;23.03;597
 98751.56;23.07;598
 98766.55;23.10;599
 98780.97;23.10;600
 98795.73;23.10;601
 98802.77;23.10;602
 98809.41;23.10;603
 98816.44;23.10;604
 98833.02;23.11;605
 98843.20;23.11;606
 98855.84;23.11;607
 98865.67;23.11;608
 98884.69;23.12;609
 98898.06;23.12;610
 98909.03;23.13;611
 98922.40;23.13;612
 98929.80;23.14;613
 98938.23;23.14;614
 98949.55;23.15;615
 98962.27;23.16;616
 98974.61;23.16;617
 98984.45;23.16;618
 98996.06;23.17;619
 99009.06;23.17;620
 99016.84;23.17;621
 99026.00;23.18;622
 99038.38;23.19;623
 99051.75;23.19;624
 99065.14;23.20;625
 99074.98;23.20;626
 99084.89;23.21;627
 99091.62;23.21;628
 99096.56;23.22;629
 99102.19;23.22;630
 99111.75;23.23;631
 99120.91;23.23;632
 99130.45;23.24;633
 99141.42;23.25;634
 99150.95;23.25;635
 99158.36;23.26;636
 99165.74;23.26;637
 99175.95;23.26;638
 99188.98;23.26;639
 99203.77;23.27;640
 99223.17;23.28;641
 99251.62;23.28;642
 99268.48;23.28;643
 99283.68;23.29;644
 99304.84;23.30;645
 99319.25;23.30;646
 99332.66;23.30;647
 99342.88;23.31;648
 99355.95;23.32;649
 99363.36;23.32;650
 99372.91;23.33;651
 99388.53;23.35;652
 99397.52;23.37;653
 99407.22;23.40;654
 99416.20;23.42;655
 99432.78;23.43;656
 99443.38;23.43;657
 99453.57;23.43;658
 99468.30;23.43;659
 99490.41;23.43;660
 99506.91;23.42;661
 99519.55;23.42;662
 99538.30;23.44;663
 99549.25;23.44;664
 99559.85;23.45;665
 99569.40;23.46;666
 99580.09;23.47;667
 99586.82;23.48;668
 99593.94;23.49;669
 99596.45;23.50;670
 99603.95;23.51;671
 99609.28;23.52;672
 99613.59;23.53;673
 99617.89;23.54;674
 99624.25;23.54;675
 99628.84;23.54;676
 99634.85;23.55;677
 99647.22;23.55;678
 99656.77;23.56;679
 99663.16;23.57;680
 99673.38;23.57;681
 99686.03;23.57;682
 99696.22;23.57;683
 99702.61;23.58;684
 99723.79;23.59;685
 99734.02;23.59;686
 99747.41;23.59;687
 99760.83;23.60;688
 99779.84;23.60;689
 99790.45;23.61;690
 99800.29;23.61;691
 99816.88;23.62;692
 99828.50;23.62;693
 99842.92;23.62;694
 99855.58;23.62;695
 99877.44;23.63;696
 99891.89;23.63;697
 99904.54;23.63;698
 99921.03;23.63;699
 99941.38;23.62;700
 99953.38;23.63;701
 99964.64;23.63;702
 99976.91;23.62;703
 99984.71;23.63;704
 99993.15;23.63;705
 100000.18;23.63;706
 100014.60;23.63;707
 100020.22;23.63;708
 100024.45;23.63;709
 100027.64;23.63;710
 100036.08;23.63;711
 100039.28;23.64;712
 100046.30;23.64;713
 100054.08;23.64;714
 100061.48;23.64;715
 100068.52;23.64;716
 100071.33;23.64;717
 100071.33;23.64;718
 100074.53;23.65;719
 100077.73;23.65;720
 100078.46;23.65;721
 100079.87;23.65;722
 100081.27;23.65;723
 100081.66;23.66;724
 100088.31;23.65;725
 100091.12;23.65;726
 100099.56;23.65;727
 100106.97;23.66;728
 100116.15;23.66;729
 100122.55;23.67;730
 100129.95;23.67;731
 100139.52;23.68;732
 100141.66;23.68;733
 100144.47;23.68;734
 100147.28;23.68;735
 100145.88;23.68;736
 100145.50;23.68;737
 100150.09;23.68;738
 100156.49;23.69;739
 100154.80;23.69;740
 100155.81;23.69;741
 100159.66;23.69;742
 100164.26;23.69;743
 100166.69;23.69;744
 100168.48;23.69;745
 100164.64;23.69;746
 100165.38;23.70;747
 100162.95;23.70;748
 100157.70;23.70;749
 100152.08;23.70;750
 100147.57;23.71;751
 100149.73;23.72;752
 100149.07;23.72;753
 100152.27;23.72;754
 100160.03;23.73;755
 100165.02;23.73;756
 100166.81;23.74;757
 100166.43;23.73;758
 100159.39;23.73;759
 100153.77;23.73;760
 100152.74;23.74;761
 100150.28;23.74;762
 100142.52;23.73;763
 100140.72;23.73;764
 100131.55;23.73;765
 100131.16;23.72;766
 100133.59;23.72;767
 100131.81;23.72;768
 100123.37;23.72;769
 100120.20;23.72;770
 100116.62;23.71;771
 100114.83;23.71;772
 100113.72;23.70;773
 100110.91;23.70;774
 100110.52;23.70;775
 100115.50;23.70;776
 100119.34;23.70;777
 100124.97;23.70;778
 100129.95;23.71;779
 100132.77;23.71;780
 100137.34;23.71;781
 100139.12;23.71;782
 100145.14;23.71;783
 100152.55;23.72;784
 100156.77;23.72;785
 100163.81;23.72;786
 100173.66;23.72;787
 100179.64;23.72;788
 100187.44;23.72;789
 100196.61;23.73;790
 100202.62;23.73;791
 100206.20;23.74;792
 100209.38;23.74;793
 100217.17;23.74;794
 100219.98;23.74;795
 100221.77;23.75;796
 100223.53;23.75;797
 100224.84;23.74;798
 100229.45;23.74;799
 100227.40;23.75;800
 100226.34;23.75;801
 100222.12;23.75;802
 100216.50;23.75;803
 100216.50;23.75;804
 100213.69;23.75;805
 100211.64;23.75;806
 100211.64;23.75;807
 100209.20;23.76;808
 100210.97;23.76;809
 100212.76;23.76;810
 100215.57;23.76;811
 100220.81;23.76;812
 100223.62;23.76;813
 100230.02;23.76;814
 100231.43;23.76;815
 100232.84;23.76;816
 100235.36;23.77;817
 100235.36;23.77;818
 100233.57;23.77;819
 100233.22;23.77;820
 100233.31;23.78;821
 100229.83;23.78;822
 100223.17;23.78;823
 100223.56;23.79;824
 100225.35;23.79;825
 100228.55;23.79;826
 100228.93;23.79;827
 100230.98;23.79;828
 100232.38;23.79;829
 100239.03;23.79;830
 100246.45;23.79;831
 100252.47;23.79;832
 100258.48;23.79;833
 100266.25;23.80;834
 100269.45;23.80;835
 100275.08;23.80;836
 100279.67;23.80;837
 100286.33;23.80;838
 100290.55;23.80;839
 100291.31;23.81;840
 100295.89;23.81;841
 100298.06;23.81;842
 100298.80;23.82;843
 100299.56;23.82;844
 100305.20;23.82;845
 100309.80;23.83;846
 100314.38;23.83;847
 100320.38;23.83;848
 100326.02;23.83;849
 100325.38;23.84;850
 100328.19;23.84;851
 100330.33;23.84;852
 100332.51;23.85;853
 100333.62;23.85;854
 100334.02;23.86;855
 100331.55;23.86;856
 100330.53;23.86;857
 100331.94;23.86;858
 100333.72;23.86;859
 100338.30;23.87;860
 100344.70;23.87;861
 100349.55;23.87;862
 100357.64;23.86;863
 100367.50;23.86;864
 100374.88;23.87;865
 100383.33;23.87;866
 100391.77;23.87;867
 100396.00;23.87;868
 100398.17;23.87;869
 100401.72;23.88;870
 100401.08;23.88;871
 100404.63;23.89;872
 100399.39;23.89;873
 100402.20;23.89;874
 100396.95;23.89;875
 100401.81;23.89;876
 100404.28;23.88;877
 100397.24;23.88;878
 100396.19;23.89;879
 100393.38;23.89;880
 100387.39;23.88;881
 100383.17;23.88;882
 100376.48;23.89;883
 100369.09;23.88;884
 100363.73;23.88;885
 100359.89;23.88;886
 100354.27;23.88;887
 100348.63;23.88;888
 100343.77;23.88;889
 100339.90;23.89;890
 100332.12;23.88;891
 100329.02;23.89;892
 100325.57;23.89;893
 100324.16;23.89;894
 100324.52;23.90;895
 100326.69;23.90;896
 100329.89;23.90;897
 100324.61;23.91;898
 100328.48;23.90;899
 100326.31;23.90;900
 100332.61;23.89;901
 100337.19;23.90;902
 100325.57;23.89;903
 100324.80;23.89;904
 100302.67;23.89;905
 100300.23;23.89;906
 100266.72;23.89;907
 100283.61;23.89;908
 100300.78;23.88;909
 100296.38;23.86;910
 100269.92;23.85;911
 100242.71;23.84;912
 100269.34;23.83;913
 100272.36;23.81;914
 100278.27;23.80;915
 100283.13;23.80;916
 100291.48;23.79;917
 100313.86;23.78;918
 100317.73;23.78;919
 100334.61;23.78;920
 100349.32;23.77;921
 100361.60;23.77;922
 100376.73;23.77;923
 100387.98;23.77;924
 100416.02;23.76;925
 100434.56;23.75;926
 100455.95;23.74;927
 100493.84;23.73;928
 100510.34;23.73;929
 100522.27;23.72;930
 100528.53;23.72;931
 100533.14;23.72;932
 100535.86;23.71;933
 100539.69;23.71;934
 100545.31;23.71;935
 100553.50;23.72;936
 100560.89;23.72;937
 100565.50;23.72;938
 100572.15;23.72;939
 100578.45;23.71;940
 100585.86;23.72;941
 100594.31;23.72;942
 100605.92;23.72;943
 100612.95;23.72;944
 100624.88;23.71;945
 100636.52;23.72;946
 100654.42;23.71;947
 100662.48;23.71;948
 100672.33;23.71;949
 100685.38;23.71;950
 100691.00;23.71;951
 100694.20;23.72;952
 100701.59;23.72;953
 100715.03;23.72;954
 100718.23;23.73;955
 100724.21;23.73;956
 100731.14;23.72;957
 100732.19;23.72;958
 100739.86;23.71;959
 100740.89;23.71;960
 100745.49;23.71;961
 100746.52;23.71;962
 100746.90;23.71;963
 100750.09;23.71;964
 100751.89;23.72;965
 100752.62;23.72;966
 100752.62;23.72;967
 100753.30;23.72;968
 100749.44;23.72;969
 100749.08;23.72;970
 100751.89;23.72;971
 100749.08;23.72;972
 100747.18;23.70;973
 100744.65;23.70;974
 100745.67;23.69;975
 100747.71;23.69;976
 100748.09;23.69;977
 100745.56;23.68;978
 100744.16;23.68;979
 100744.16;23.68;980
 100746.97;23.68;981
 100746.97;23.68;982
 100750.53;23.69;983
 100750.53;23.69;984
 100751.58;23.69;985
 100754.75;23.69;986
 100754.39;23.69;987
 100755.03;23.68;988
 100756.44;23.68;989
 100757.10;23.68;990
 100756.05;23.68;991
 100757.10;23.68;992
 100755.70;23.68;993
 100754.29;23.68;994
 100755.31;23.67;995
 100755.98;23.67;996
 100756.23;23.66;997
 100756.89;23.66;998
 100756.51;23.65;999
 100756.89;23.66;1000
 100755.48;23.66;1001
 100756.12;23.65;1002
 100754.36;23.65;1003
 100754.36;23.65;1004
 100754.36;23.65;1005
 100752.57;23.65;1006
 100752.57;23.65;1007
 100750.78;23.64;1008
 100747.58;23.64;1009
 100748.34;23.65;1010
 100749.09;23.65;1011
 100747.69;23.65;1012
 100747.69;23.65;1013
 100745.25;23.65;1014
 100746.28;23.65;1015
 100743.84;23.65;1016
 100741.42;23.66;1017
 100743.56;23.66;1018
 100742.92;23.67;1019
 100742.16;23.66;1020
 100744.62;23.66;1021
 100751.66;23.66;1022
 100762.14;23.65;1023
 100767.77;23.65;1024
 100776.98;23.66;1025
 100780.92;23.67;1026
 100779.52;23.67;1027
 100779.52;23.67;1028
 100778.48;23.67;1029
 100777.08;23.67;1030
 100777.44;23.67;1031
 100777.44;23.67;1032
 100772.20;23.67;1033
 100763.09;23.68;1034
 100758.87;23.68;1035
 100758.51;23.68;1036
 100746.97;23.68;1037
 100742.75;23.68;1038
 100738.81;23.68;1039
 100735.23;23.67;1040
 100727.45;23.67;1041
 100727.06;23.66;1042
 100726.68;23.66;1043
 100727.84;23.67;1044
 100728.50;23.70;1045
 100729.48;23.73;1046
 100731.09;23.75;1047
 100733.06;23.77;1048
 100734.22;23.78;1049
 100734.96;23.78;1050
 100735.24;23.77;1051
 100739.47;23.77;1052
 100742.00;23.78;1053
 100741.61;23.78;1054
 100738.45;23.78;1055
 100737.39;23.78;1056
 100733.17;23.78;1057
 100728.95;23.78;1058
 100724.38;23.78;1059
 100719.09;23.78;1060
 100713.85;23.78;1061
 100707.59;23.79;1062
 100701.70;23.79;1063
 100698.22;23.80;1064
 100693.37;23.80;1065
 100679.40;23.81;1066
 100670.95;23.81;1067
 100656.50;23.81;1068
 100648.72;23.81;1069
 100633.59;23.81;1070
 100618.50;23.81;1071
 100604.81;23.81;1072
 100591.12;23.82;1073
 100571.78;23.82;1074
 100558.48;23.82;1075
 100546.20;23.83;1076
 100523.30;23.82;1077
 100511.02;23.83;1078
 100498.07;23.83;1079
 100485.79;23.84;1080
 100469.64;23.84;1081
 100463.38;23.85;1082
 100457.08;23.85;1083
 100444.12;23.86;1084
 100430.15;23.87;1085
 100413.65;23.87;1086
 100397.50;23.88;1087
 100373.67;23.89;1088
 100360.75;23.89;1089
 100347.41;23.90;1090
 100333.73;23.90;1091
 100313.64;23.90;1092
 100302.77;23.90;1093
 100293.94;23.90;1094
 100282.30;23.90;1095
 100275.65;23.90;1096
 100269.63;23.90;1097
 100262.59;23.90;1098
 100264.67;23.93;1099
 100267.20;23.94;1100
 100272.83;23.94;1101
 100277.73;23.93;1102
 100284.28;23.92;1103
 100292.62;23.91;1104
 100299.57;23.90;1105
 100314.31;23.89;1106
 100325.19;23.89;1107
 100332.87;23.89;1108
 100342.36;23.88;1109
 100352.85;23.88;1110
 100358.09;23.88;1111
 100360.17;23.87;1112
 100370.03;23.87;1113
 100375.66;23.87;1114
 100379.49;23.87;1115
 100379.88;23.87;1116
 100381.38;23.88;1117
 100384.58;23.88;1118
 100386.34;23.89;1119
 100385.70;23.89;1120
 100390.66;23.90;1121
 100391.05;23.90;1122
 100392.06;23.90;1123
 100392.73;23.89;1124
 100395.55;23.89;1125
 100398.36;23.89;1126
 100404.63;23.89;1127
 100409.23;23.89;1128
 100409.62;23.89;1129
 100410.00;23.89;1130
 100413.55;23.90;1131
 100419.57;23.90;1132
 100421.36;23.90;1133
 100426.61;23.90;1134
 100438.60;23.91;1135
 100448.45;23.91;1136
 100459.08;23.91;1137
 100463.30;23.91;1138
 100472.48;23.92;1139
 100475.67;23.92;1140
 100478.11;23.92;1141
 100483.09;23.92;1142
 100486.30;23.92;1143
 100488.44;23.93;1144
 100491.64;23.93;1145
 100495.86;23.93;1146
 100496.25;23.93;1147
 100499.41;23.94;1148
 100499.06;23.93;1149
 100497.27;23.93;1150
 100494.45;23.93;1151
 100496.25;23.93;1152
 100500.19;23.94;1153
 100502.62;23.94;1154
 100503.64;23.94;1155
 100505.43;23.94;1156
 100511.06;23.94;1157
 100512.85;23.94;1158
 100514.64;23.94;1159
 100517.81;23.95;1160
 100520.62;23.95;1161
 100522.03;23.95;1162
 100523.44;23.95;1163
 100526.64;23.95;1164
 100527.03;23.95;1165
 100529.17;23.96;1166
 100531.34;23.96;1167
 100530.68;23.97;1168
 100531.45;23.97;1169
 100530.77;23.98;1170
 100532.95;23.98;1171
 100533.34;23.98;1172
 100527.70;23.98;1173
 100523.74;23.98;1174
 100514.84;23.96;1175
 100509.56;23.97;1176
 100500.48;23.97;1177
 100490.62;23.97;1178
 100480.11;23.98;1179
 100473.84;23.98;1180
 100464.72;23.99;1181
 100445.40;23.99;1182
 100437.34;23.99;1183
 100432.84;24.00;1184
 100430.40;24.00;1185
 100426.92;24.01;1186
 100421.28;24.01;1187
 100420.27;24.01;1188
 100422.44;24.01;1189
 100434.05;24.02;1190
 100440.45;24.02;1191
 100445.41;24.03;1192
 100457.44;24.03;1193
 100462.78;24.04;1194
 100468.41;24.04;1195
 100471.23;24.04;1196
 100476.19;24.04;1197
 100476.95;24.05;1198
 100481.92;24.05;1199
 100489.72;24.06;1200
 100491.87;24.06;1201
 100497.25;24.07;1202
 100497.60;24.07;1203
 100497.14;24.06;1204
 100496.38;24.05;1205
 100519.00;24.06;1206
 100507.66;24.09;1207
 100489.34;24.09;1208
 100479.14;24.09;1209
 100472.01;24.08;1210
 100459.14;24.06;1211
 100454.53;24.06;1212
 100453.12;24.06;1213
 100449.19;24.05;1214
 100445.16;24.03;1215
 100445.06;24.02;1216
 100445.70;24.02;1217
 100447.10;24.02;1218
 100448.52;24.02;1219
 100448.89;24.02;1220
 100450.30;24.02;1221
 100452.00;24.01;1222
 100453.02;24.01;1223
 100452.64;24.01;1224
 100453.30;24.00;1225
 100452.73;23.98;1226
 100452.81;23.95;1227
 100454.66;23.93;1228
 100456.45;23.89;1229
 100455.96;23.88;1230
 100456.89;23.87;1231
 100457.45;23.85;1232
