time;19:45:00
 101011.90;21.10;1
 101011.16;21.09;2
 101009.36;21.09;3
 101009.75;21.09;4
 101009.36;21.09;5
 101008.62;21.08;6
 101007.45;21.08;7
 101010.53;21.07;8
 101010.80;21.06;9
 101011.81;21.06;10
 101012.83;21.06;11
 101012.70;21.05;12
 101012.98;21.04;13
 101011.58;21.04;14
 101010.17;21.04;15
 101010.17;21.04;16
 101009.16;21.04;17
 101009.55;21.04;18
 101008.89;21.05;19
 101009.28;21.05;20
 101009.67;21.05;21
 101010.02;21.06;22
 101009.67;21.05;23
 101011.06;21.05;24
 101011.70;21.05;25
 101012.98;21.04;26
 101013.25;21.03;27
 101014.53;21.02;28
 101016.20;21.01;29
 101017.09;21.00;30
 101019.12;21.00;31
 101017.60;20.99;32
 101019.27;20.98;33
 101020.94;20.97;34
 101021.20;20.96;35
 101021.83;20.96;36
 101023.23;20.96;37
 101026.03;20.96;38
 101027.44;20.96;39
 101029.49;20.95;40
 101030.12;20.95;41
 101027.97;20.94;42
 101024.40;20.94;43
 101023.66;20.93;44
 101021.86;20.93;45
 101021.47;20.93;46
 101021.47;20.93;47
 101020.84;20.93;48
 101023.38;20.94;49
 101024.91;20.95;50
 101025.02;20.96;51
 101026.93;20.97;52
 101028.19;20.99;53
 101029.70;21.00;54
 101028.03;21.01;55
 101026.75;21.02;56
 101023.32;21.02;57
 101021.92;21.02;58
 101017.72;21.02;59
 101017.72;21.02;60
 101019.47;21.03;61
 101015.66;21.03;62
 101008.77;21.04;63
 101005.34;21.04;64
 100995.89;21.05;65
 100992.08;21.05;66
 100985.84;21.05;67
 100985.19;21.06;68
 100983.79;21.06;69
 100979.70;21.07;70
 100982.62;21.08;71
 100987.33;21.09;72
 100993.33;21.09;73
 100997.26;21.10;74
 100998.39;21.11;75
 100998.39;21.11;76
 101000.18;21.11;77
 100995.47;21.10;78
 100994.34;21.09;79
 100992.05;21.08;80
 100989.52;21.07;81
 100988.38;21.06;82
 100989.39;21.06;83
 100986.47;21.05;84
 100981.14;21.04;85
 100981.14;21.04;86
 100978.96;21.04;87
 100981.02;21.03;88
 100981.28;21.02;89
 100980.90;21.02;90
 100974.28;21.02;91
 100974.02;21.03;92
 100975.53;21.04;93
 100975.92;21.04;94
 100977.68;21.05;95
 100978.06;21.05;96
 100977.44;21.05;97
 100978.57;21.06;98
 100975.50;21.07;99
 100971.80;21.08;100
 100968.73;21.09;101
 100967.05;21.10;102
 100966.43;21.10;103
 100962.34;21.11;104
 100960.67;21.12;105
 100959.00;21.13;106
 100955.93;21.13;107
 100953.25;21.14;108
 100957.84;21.15;109
 100958.22;21.15;110
 100955.92;21.16;111
 100953.86;21.17;112
 100951.45;21.17;113
 100951.56;21.18;114
 100949.27;21.19;115
 100950.41;21.20;116
 100948.73;21.21;117
 100944.91;21.21;118
 100945.03;21.22;119
 100949.35;21.23;120
 100947.67;21.24;121
 100947.41;21.24;122
 100946.78;21.25;123
 100945.77;21.25;124
 100946.90;21.26;125
 100949.05;21.26;126
 100945.23;21.27;127
 100947.76;21.27;128
 100950.95;21.28;129
 100950.32;21.28;130
 100953.48;21.28;131
 100954.53;21.28;132
 100956.95;21.28;133
 100959.09;21.28;134
 100958.46;21.29;135
 100956.41;21.29;136
 100954.38;21.30;137
 100954.10;21.31;138
 100953.83;21.31;139
 100953.09;21.31;140
 100950.05;21.29;141
 100945.73;21.28;142
 100940.75;21.27;143
 100936.19;21.27;144
 100933.39;21.27;145
 100930.31;21.28;146
 100926.11;21.28;147
 100921.12;21.27;148
 100920.39;21.27;149
 100916.45;21.26;150
 100914.27;21.26;151
 100904.19;21.26;152
 100897.57;21.27;153
 100897.57;21.27;154
 100897.96;21.27;155
 100897.19;21.26;156
 100893.64;21.26;157
 100891.84;21.26;158
 100891.84;21.26;159
 100891.46;21.25;160
 100890.33;21.25;161
 100890.33;21.25;162
 100888.55;21.24;163
 100889.59;21.24;164
 100885.27;21.23;165
 100886.91;21.22;166
 100882.59;21.21;167
 100882.98;21.22;168
 100883.63;21.21;169
 100886.05;21.21;170
 100887.06;21.21;171
 100888.08;21.20;172
 100886.95;21.20;173
 100884.41;21.19;174
 100883.02;21.19;175
 100880.84;21.18;176
 100879.33;21.17;177
 100879.59;21.17;178
 100879.98;21.17;179
 100882.39;21.17;180
 100883.68;21.16;181
 100883.30;21.15;182
 100882.94;21.15;183
 100882.94;21.15;184
 100879.48;21.16;185
 100876.28;21.15;186
 100873.64;21.14;187
 100871.27;21.11;188
 100867.72;21.08;189
 100863.67;21.06;190
 100864.19;21.05;191
 100864.06;21.04;192
 100864.34;21.03;193
 100863.21;21.02;194
 100859.27;21.01;195
 100854.30;21.01;196
 100851.11;21.01;197
 100846.91;21.01;198
 100845.15;21.00;199
 100836.98;21.00;200
 100831.38;21.00;201
 100830.75;21.00;202
 100822.73;21.00;203
 100818.77;21.00;204
 100813.44;20.99;205
 100808.22;20.99;206
 100800.09;20.98;207
 100800.72;20.98;208
 100794.84;20.99;209
 100786.20;20.99;210
 100781.22;20.99;211
 100783.39;20.99;212
 100784.80;20.99;213
 100782.34;21.00;214
 100778.53;21.00;215
 100775.73;21.00;216
 100774.72;21.00;217
 100770.89;21.00;218
 100768.45;21.01;219
 100765.02;21.01;220
 100763.62;21.01;221
 100762.61;21.01;222
 100760.81;21.01;223
 100757.36;21.02;224
 100753.93;21.02;225
 100748.33;21.02;226
 100746.27;21.03;227
 100742.45;21.03;228
 100739.38;21.04;229
 100738.36;21.04;230
 100737.98;21.04;231
 100737.62;21.03;232
 100737.98;21.04;233
 100738.36;21.04;234
 100733.77;21.04;235
 100728.05;21.03;236
 100721.98;21.01;237
 100717.39;21.01;238
 100715.60;21.01;239
 100707.86;21.00;240
 100702.88;21.00;241
 100697.94;20.99;242
 100693.73;20.99;243
 100684.55;20.99;244
 100678.95;20.99;245
 100673.34;20.99;246
 100670.94;20.99;247
 100666.84;21.00;248
 100660.58;21.01;249
 100655.75;21.01;250
 100647.73;21.01;251
 100642.12;21.01;252
 100636.88;21.02;253
 100632.05;21.02;254
 100626.55;21.03;255
 100621.70;21.04;256
 100616.47;21.04;257
 100610.88;21.04;258
 100603.23;21.04;259
 100597.98;21.05;260
 100591.38;21.05;261
 100586.53;21.05;262
 100579.15;21.05;263
 100573.55;21.05;264
 100566.53;21.05;265
 100558.25;21.06;266
 100554.42;21.06;267
 100547.77;21.07;268
 100544.34;21.07;269
 100532.36;21.07;270
 100522.56;21.07;271
 100515.20;21.06;272
 100505.01;21.06;273
 100496.22;21.06;274
 100485.39;21.06;275
 100477.73;21.07;276
 100474.68;21.07;277
 100469.08;21.07;278
 100464.22;21.08;279
 100458.33;21.09;280
 100446.49;21.09;281
 100440.89;21.09;282
 100433.89;21.09;283
 100430.42;21.10;284
 100418.69;21.11;285
 100411.02;21.12;286
 100403.39;21.12;287
 100387.98;21.12;288
 100380.70;21.13;289
 100376.88;21.13;290
 100368.83;21.13;291
 100355.59;21.14;292
 100344.38;21.14;293
 100334.95;21.14;294
 100331.11;21.14;295
 100325.89;21.15;296
 100318.49;21.14;297
 100309.73;21.14;298
 100298.14;21.14;299
 100293.55;21.14;300
 100289.35;21.14;301
 100284.13;21.14;302
 100275.06;21.14;303
 100264.24;21.15;304
 100258.64;21.15;305
 100251.62;21.15;306
 100246.41;21.15;307
 100241.82;21.15;308
 100234.44;21.14;309
 100231.63;21.14;310
 100233.42;21.15;311
 100234.19;21.15;312
 100234.55;21.15;313
 100236.33;21.16;314
 100233.80;21.15;315
 100231.91;21.14;316
 100229.39;21.13;317
 100225.47;21.12;318
 100220.14;21.11;319
 100216.95;21.11;320
 100213.38;21.11;321
 100206.66;21.10;322
 100201.96;21.09;323
 100202.91;21.07;324
 100204.83;21.06;325
 100203.33;21.05;326
 100205.00;21.04;327
 100205.28;21.03;328
 100205.53;21.03;329
 100205.91;21.03;330
 100207.59;21.02;331
 100209.62;21.02;332
 100214.48;21.01;333
 100216.91;21.01;334
 100217.57;21.00;335
 100220.73;21.01;336
 100218.59;21.00;337
 100216.06;20.99;338
 100213.16;20.98;339
 100207.80;20.98;340
 100203.88;20.97;341
 100201.73;20.96;342
 100194.34;20.96;343
 100185.56;20.96;344
 100178.56;20.96;345
 100171.55;20.96;346
 100161.75;20.96;347
 100154.75;20.96;348
 100146.34;20.96;349
 100143.93;20.96;350
 100139.24;20.95;351
 100136.05;20.95;352
 100136.05;20.95;353
 100131.22;20.95;354
 100124.95;20.96;355
 100124.32;20.96;356
 100121.91;20.96;357
 100120.75;20.96;358
 100121.03;20.95;359
 100121.31;20.94;360
 100121.59;20.93;361
 100117.67;20.93;362
 100120.82;20.93;363
 100124.01;20.93;364
 100128.59;20.93;365
 100134.83;20.93;366
 100137.62;20.93;367
 100140.81;20.93;368
 100142.70;20.94;369
 100145.12;20.94;370
 100144.73;20.94;371
 100148.20;20.93;372
 100152.30;20.92;373
 100152.92;20.92;374
 100158.17;20.92;375
 100161.33;20.92;376
 100162.73;20.92;377
 100163.78;20.92;378
 100162.38;20.92;379
 100158.53;20.92;380
 100153.21;20.91;381
 100152.47;20.91;382
 100154.50;20.90;383
 100154.02;20.89;384
 100153.91;20.88;385
 100154.19;20.87;386
 100156.61;20.87;387
 100155.87;20.87;388
 100157.27;20.87;389
 100157.65;20.87;390
 100156.25;20.87;391
 100154.56;20.88;392
 100152.51;20.88;393
 100150.48;20.88;394
 100149.18;20.89;395
 100147.88;20.90;396
 100146.97;20.92;397
 100144.62;20.93;398
 100141.94;20.94;399
 100140.53;20.94;400
 100136.34;20.94;401
 100134.93;20.94;402
 100131.78;20.94;403
 100128.21;20.93;404
 100125.03;20.93;405
 100115.88;20.92;406
 100109.52;20.92;407
 100103.17;20.91;408
 100095.79;20.91;409
 100083.56;20.91;410
 100079.37;20.91;411
 100077.59;20.91;412
 100074.41;20.91;413
 100074.68;20.90;414
 100075.34;20.90;415
 100074.30;20.90;416
 100070.58;20.91;417
 100064.34;20.92;418
 100060.88;20.92;419
 100058.84;20.93;420
 100049.05;20.93;421
 100044.46;20.92;422
 100036.69;20.92;423
 100028.95;20.91;424
 100020.45;20.90;425
 100016.88;20.90;426
 100011.94;20.89;427
 100007.36;20.89;428
 99995.42;20.89;429
 99989.44;20.88;430
 99979.63;20.88;431
 99970.46;20.88;432
 99957.51;20.88;433
 99941.34;20.87;434
 99928.73;20.87;435
 99904.55;20.87;436
 99887.75;20.87;437
 99871.98;20.87;438
 99855.19;20.87;439
 99835.20;20.87;440
 99820.18;20.87;441
 99807.58;20.87;442
 99790.02;20.86;443
 99779.09;20.86;444
 99764.70;20.85;445
 99753.12;20.85;446
 99731.39;20.85;447
 99719.81;20.84;448
 99708.89;20.84;449
 99699.72;20.83;450
 99685.62;20.82;451
 99677.52;20.81;452
 99670.38;20.80;453
 99658.70;20.79;454
 99653.48;20.79;455
 99643.41;20.80;456
 99637.19;20.81;457
 99628.89;20.82;458
 99625.81;20.82;459
 99622.72;20.83;460
 99620.30;20.83;461
 99613.69;20.84;462
 99608.72;20.83;463
 99604.17;20.83;464
 99598.19;20.83;465
 99595.39;20.83;466
 99590.81;20.82;467
 99586.61;20.82;468
 99582.02;20.82;469
 99580.27;20.82;470
 99576.71;20.81;471
 99573.53;20.81;472
 99571.78;20.81;473
 99569.58;20.80;474
 99566.05;20.80;475
 99561.47;20.80;476
 99553.36;20.79;477
 99547.38;20.79;478
 99541.02;20.78;479
 99530.48;20.78;480
 99521.32;20.77;481
 99512.56;20.77;482
 99500.61;20.76;483
 99486.26;20.76;484
 99475.70;20.76;485
 99464.12;20.75;486
 99453.59;20.75;487
 99437.80;20.75;488
 99426.23;20.74;489
 99413.28;20.74;490
 99396.48;20.74;491
 99385.28;20.74;492
 99374.09;20.74;493
 99363.53;20.74;494
 99345.34;20.74;495
 99337.70;20.74;496
 99328.62;20.75;497
 99320.61;20.75;498
 99308.66;20.74;499
 99297.11;20.74;500
 99285.91;20.74;501
 99267.33;20.74;502
 99255.76;20.74;503
 99242.78;20.73;504
 99225.64;20.73;505
 99199.04;20.73;506
 99185.39;20.73;507
 99172.16;20.74;508
 99162.36;20.74;509
 99144.17;20.74;510
 99133.34;20.74;511
 99125.30;20.74;512
 99110.67;20.75;513
 99103.00;20.75;514
 99093.20;20.75;515
 99084.80;20.75;516
 99075.77;20.76;517
 99070.17;20.76;518
 99064.57;20.76;519
 99058.97;20.76;520
 99053.38;20.76;521
 99050.19;20.76;522
 99043.48;20.75;523
 99037.52;20.75;524
 99023.42;20.74;525
 99015.03;20.74;526
 99003.83;20.74;527
 98989.55;20.74;528
 98979.84;20.75;529
 98970.80;20.76;530
 98961.73;20.76;531
 98948.11;20.77;532
 98942.14;20.76;533
 98932.63;20.76;534
 98922.83;20.76;535
 98907.44;20.76;536
 98894.55;20.76;537
 98882.72;20.77;538
 98865.25;20.77;539
 98851.63;20.78;540
 98839.68;20.77;541
 98830.55;20.77;542
 98814.78;20.76;543
 98803.97;20.77;544
 98794.25;20.78;545
 98782.47;20.79;546
 98765.52;20.81;547
 98754.03;20.82;548
 98740.77;20.82;549
 98721.92;20.83;550
 98706.53;20.83;551
 98692.53;20.83;552
 98678.53;20.83;553
 98662.77;20.82;554
 98650.17;20.82;555
 98637.57;20.82;556
 98625.35;20.83;557
 98606.41;20.82;558
 98592.06;20.82;559
 98578.41;20.82;560
 98565.17;20.83;561
 98542.11;20.83;562
 98526.06;20.84;563
 98511.41;20.84;564
 98490.41;20.84;565
 98476.06;20.84;566
 98461.70;20.84;567
 98450.50;20.84;568
 98435.48;20.84;569
 98423.23;20.84;570
 98414.19;20.85;571
 98401.22;20.84;572
 98386.20;20.85;573
 98371.83;20.84;574
 98359.23;20.84;575
 98337.52;20.84;576
 98324.92;20.84;577
 98308.12;20.84;578
 98290.97;20.84;579
 98263.34;20.84;580
 98241.69;20.84;581
 98219.67;20.85;582
 98199.05;20.85;583
 98165.81;20.85;584
 98143.08;20.85;585
 98121.71;20.85;586
 98090.93;20.85;587
 98069.94;20.85;588
 98052.77;20.84;589
 98034.95;20.85;590
 98008.37;20.85;591
 97989.43;20.84;592
 97972.95;20.83;593
 97953.66;20.83;594
 97922.88;20.83;595
 97904.69;20.83;596
 97880.16;20.82;597
 97851.83;20.82;598
 97836.44;20.82;599
 97822.07;20.82;600
 97806.30;20.81;601
 97782.83;20.81;602
 97763.23;20.81;603
 97743.25;20.80;604
 97721.17;20.80;605
 97696.30;20.79;606
 97680.84;20.78;607
 97666.11;20.77;608
 97652.80;20.77;609
 97636.31;20.76;610
 97623.73;20.76;611
 97613.56;20.76;612
 97594.69;20.76;613
 97579.68;20.77;614
 97566.06;20.77;615
 97552.08;20.77;616
 97533.14;20.76;617
 97520.20;20.76;618
 97504.08;20.76;619
 97488.69;20.76;620
 97466.30;20.76;621
 97448.12;20.76;622
 97429.56;20.75;623
 97403.30;20.75;624
 97386.45;20.74;625
 97371.38;20.73;626
 97352.45;20.72;627
 97323.77;20.72;628
 97307.29;20.71;629
 97291.91;20.71;630
 97277.17;20.71;631
 97253.70;20.70;632
 97239.35;20.70;633
 97223.97;20.70;634
 97196.00;20.70;635
 97179.22;20.70;636
 97162.06;20.69;637
 97143.16;20.69;638
 97115.85;20.68;639
 97099.44;20.69;640
 97085.08;20.68;641
 97070.08;20.69;642
 97049.47;20.69;643
 97034.45;20.69;644
 97023.27;20.69;645
 97006.48;20.69;646
 96996.70;20.69;647
 96983.00;20.68;648
 96972.50;20.68;649
 96960.22;20.67;650
 96951.47;20.67;651
 96941.30;20.67;652
 96932.91;20.67;653
 96919.30;20.67;654
 96906.72;20.67;655
 96897.95;20.67;656
 96885.69;20.66;657
 96863.62;20.65;658
 96847.19;20.65;659
 96829.02;20.65;660
 96797.59;20.66;661
 96778.68;20.65;662
 96761.55;20.65;663
 96745.80;20.65;664
 96722.03;20.65;665
 96706.66;20.65;666
 96694.08;20.65;667
 96680.45;20.65;668
 96659.48;20.65;669
 96646.91;20.65;670
 96635.72;20.65;671
 96622.03;20.64;672
 96610.79;20.63;673
 96600.30;20.63;674
 96591.53;20.63;675
 96579.33;20.63;676
 96569.53;20.63;677
 96557.61;20.62;678
 96547.17;20.63;679
 96527.27;20.64;680
 96515.43;20.64;681
 96504.95;20.65;682
 96492.42;20.66;683
 96487.91;20.66;684
 96483.05;20.67;685
 96474.66;20.67;686
 96463.84;20.67;687
 96450.89;20.67;688
 96438.31;20.67;689
 96427.12;20.67;690
 96410.72;20.67;691
 96397.77;20.67;692
 96385.55;20.67;693
 96368.77;20.67;694
 96343.23;20.67;695
 96322.27;20.67;696
 96305.48;20.67;697
 96275.77;20.67;698
 96254.42;20.66;699
 96239.05;20.66;700
 96219.47;20.66;701
 96195.70;20.66;702
 96183.12;20.66;703
 96174.03;20.66;704
 96167.37;20.65;705
 96158.25;20.65;706
 96150.89;20.64;707
 96145.30;20.64;708
 96130.98;20.64;709
 96118.40;20.64;710
 96106.84;20.64;711
 96093.23;20.64;712
 96071.90;20.64;713
 96060.39;20.65;714
 96049.94;20.65;715
 96043.66;20.66;716
 96040.53;20.66;717
 96041.64;20.67;718
 96043.38;20.67;719
 96043.41;20.68;720
 96039.95;20.69;721
 96036.79;20.69;722
 96030.83;20.68;723
 96015.45;20.68;724
 95999.73;20.68;725
 95984.70;20.68;726
 95970.72;20.68;727
 95947.32;20.69;728
 95930.18;20.68;729
 95916.57;20.69;730
 95903.32;20.69;731
 95886.22;20.70;732
 95876.80;20.70;733
 95868.75;20.70;734
 95857.93;20.71;735
 95852.70;20.71;736
 95848.52;20.71;737
 95841.52;20.71;738
 95825.11;20.71;739
 95814.59;20.71;740
 95804.11;20.70;741
 95792.92;20.70;742
 95767.77;20.70;743
 95753.42;20.70;744
 95743.27;20.70;745
 95735.91;20.69;746
 95733.48;20.70;747
 95732.09;20.70;748
 95731.05;20.70;749
 95733.16;20.70;750
 95731.75;20.70;751
 95730.02;20.70;752
 95726.86;20.70;753
 95722.27;20.69;754
 95726.09;20.68;755
 95724.36;20.68;756
 95720.20;20.69;757
 95712.15;20.69;758
 95704.12;20.70;759
 95693.98;20.69;760
 95683.86;20.69;761
 95675.77;20.68;762
 95672.98;20.68;763
 95661.45;20.68;764
 95650.98;20.69;765
 95639.46;20.69;766
 95631.48;20.71;767
 95622.76;20.72;768
 95606.35;20.72;769
 95592.73;20.72;770
 95580.83;20.71;771
 95564.75;20.71;772
 95553.90;20.70;773
 95546.91;20.70;774
 95541.98;20.70;775
 95536.03;20.69;776
 95533.59;20.70;777
 95530.80;20.70;778
 95527.30;20.69;779
 95525.18;20.69;780
 95525.52;20.68;781
 95523.39;20.67;782
 95520.92;20.67;783
 95521.62;20.66;784
 95524.05;20.66;785
 95525.45;20.66;786
 95530.00;20.66;787
 95534.20;20.66;788
 95538.39;20.66;789
 95539.78;20.66;790
 95545.72;20.66;791
 95548.88;20.67;792
 95553.07;20.67;793
 95560.06;20.67;794
 95567.74;20.66;795
 95574.36;20.66;796
 95579.23;20.65;797
 95585.52;20.65;798
 95588.31;20.65;799
 95591.77;20.64;800
 95597.03;20.64;801
 95606.08;20.64;802
 95610.97;20.63;803
 95615.16;20.63;804
 95621.78;20.63;805
 95627.01;20.63;806
 95630.84;20.62;807
 95635.39;20.63;808
 95636.80;20.63;809
 95636.42;20.62;810
 95637.12;20.62;811
 95639.92;20.62;812
 95642.72;20.62;813
 95648.67;20.62;814
 95654.27;20.62;815
 95658.79;20.62;816
 95668.23;20.62;817
 95674.50;20.62;818
 95680.08;20.62;819
 95690.23;20.62;820
 95696.53;20.62;821
 95702.85;20.63;822
 95708.80;20.63;823
 95718.22;20.63;824
 95726.61;20.63;825
 95733.96;20.63;826
 95741.66;20.64;827
 95750.73;20.63;828
 95753.16;20.63;829
 95750.38;20.63;830
 95745.14;20.63;831
 95738.49;20.63;832
 95730.47;20.64;833
 95717.89;20.64;834
 95699.69;20.63;835
 95692.00;20.62;836
 95682.21;20.62;837
 95671.70;20.62;838
 95654.23;20.61;839
 95639.16;20.60;840
 95628.70;20.61;841
 95613.03;20.63;842
 95602.58;20.63;843
 95591.07;20.64;844
 95579.56;20.65;845
 95565.62;20.66;846
 95557.23;20.66;847
 95546.05;20.66;848
 95534.86;20.66;849
 95519.12;20.65;850
 95506.55;20.65;851
 95493.97;20.65;852
 95478.95;20.66;853
 95466.75;20.66;854
 95456.96;20.66;855
 95445.41;20.66;856
 95428.64;20.66;857
 95416.06;20.66;858
 95403.86;20.66;859
 95391.28;20.66;860
 95373.11;20.66;861
 95361.56;20.66;862
 95350.74;20.66;863
 95336.77;20.66;864
 95320.33;20.65;865
 95310.86;20.64;866
 95299.34;20.64;867
 95280.08;20.63;868
 95271.70;20.63;869
 95259.45;20.63;870
 95245.81;20.62;871
 95230.42;20.61;872
 95222.67;20.59;873
 95212.86;20.58;874
 95205.18;20.58;875
 95188.05;20.58;876
 95175.84;20.58;877
 95164.66;20.58;878
 95144.06;20.58;879
 95128.36;20.59;880
 95116.48;20.59;881
 95100.80;20.60;882
 95081.56;20.60;883
 95067.27;20.60;884
 95051.17;20.60;885
 95035.80;20.60;886
 95010.26;20.58;887
 94998.74;20.58;888
 94981.98;20.58;889
 94962.05;20.58;890
 94950.88;20.58;891
 94939.70;20.58;892
 94924.69;20.58;893
 94906.19;20.59;894
 94895.38;20.59;895
 94880.34;20.59;896
 94867.77;20.59;897
 94848.91;20.59;898
 94837.73;20.59;899
 94827.23;20.58;900
 94818.14;20.58;901
 94797.55;20.58;902
 94786.38;20.58;903
 94773.80;20.58;904
 94757.03;20.58;905
 94745.52;20.59;906
 94735.40;20.60;907
 94723.88;20.60;908
 94707.83;20.61;909
 94692.83;20.61;910
 94682.34;20.62;911
 94672.92;20.62;912
 94660.35;20.62;913
 94652.33;20.62;914
 94645.67;20.62;915
 94635.22;20.63;916
 94630.33;20.63;917
 94624.42;20.64;918
 94617.77;20.64;919
 94603.81;20.65;920
 94595.81;20.67;921
 94586.05;20.68;922
 94578.38;20.68;923
 94564.41;20.68;924
 94551.11;20.68;925
 94540.98;20.67;926
 94516.53;20.67;927
 94500.12;20.67;928
 94486.84;20.68;929
 94471.84;20.68;930
 94447.72;20.68;931
 94431.99;20.67;932
 94417.33;20.67;933
 94400.20;20.67;934
 94377.48;20.66;935
 94359.00;20.66;936
 94342.56;20.66;937
 94318.12;20.66;938
 94301.36;20.66;939
 94283.20;20.66;940
 94267.11;20.65;941
 94239.88;20.65;942
 94225.55;20.65;943
 94210.88;20.64;944
 94193.41;20.64;945
 94168.25;20.63;946
 94149.40;20.62;947
 94131.91;20.61;948
 94116.89;20.60;949
 94092.41;20.58;950
 94077.76;20.58;951
 94063.79;20.58;952
 94040.39;20.57;953
 94025.02;20.56;954
 94012.09;20.55;955
 93997.42;20.54;956
 93971.92;20.53;957
 93956.56;20.53;958
 93942.23;20.53;959
 93929.31;20.53;960
 93906.96;20.53;961
 93893.72;20.53;962
 93880.44;20.54;963
 93867.87;20.54;964
 93857.41;20.53;965
 93849.70;20.53;966
 93837.48;20.52;967
 93824.56;20.52;968
 93813.73;20.51;969
 93799.09;20.50;970
 93781.97;20.50;971
 93760.31;20.50;972
 93742.16;20.50;973
 93730.98;20.50;974
 93709.71;20.49;975
 93693.99;20.49;976
 93678.98;20.48;977
 93663.62;20.47;978
 93640.56;20.47;979
 93625.92;20.46;980
 93611.59;20.46;981
 93593.80;20.45;982
 93569.70;20.46;983
 93555.75;20.46;984
 93543.18;20.46;985
 93527.82;20.45;986
 93508.95;20.44;987
 93496.06;20.43;988
 93485.22;20.43;989
 93468.46;20.41;990
 93455.92;20.40;991
 93443.01;20.39;992
 93428.33;20.39;993
 93406.35;20.38;994
 93391.35;20.38;995
 93376.68;20.39;996
 93361.32;20.40;997
 93337.59;20.41;998
 93324.34;20.41;999
 93310.38;20.42;1000
 93294.66;20.43;1001
 93282.45;20.43;1002
 93270.58;20.43;1003
 93262.55;20.43;1004
 93250.34;20.42;1005
 93244.77;20.41;1006
 93234.64;20.40;1007
 93226.27;20.39;1008
 93212.31;20.38;1009
 93201.50;20.37;1010
 93191.73;20.36;1011
 93180.58;20.34;1012
 93173.95;20.34;1013
 93167.66;20.33;1014
 93160.00;20.33;1015
 93150.92;20.32;1016
 93144.98;20.32;1017
 93138.72;20.31;1018
 93134.17;20.31;1019
 93127.55;20.31;1020
 93125.11;20.32;1021
 93122.65;20.32;1022
 93122.32;20.32;1023
 93122.32;20.32;1024
 93119.86;20.32;1025
 93117.42;20.32;1026
 93117.42;20.32;1027
 93118.46;20.32;1028
 93118.81;20.32;1029
 93116.38;20.32;1030
 93116.02;20.32;1031
 93116.02;20.32;1032
 93115.67;20.32;1033
 93117.06;20.32;1034
 93117.06;20.32;1035
 93116.02;20.32;1036
 93113.23;20.32;1037
 93110.44;20.32;1038
 93104.50;20.32;1039
 93100.67;20.32;1040
 93096.48;20.32;1041
 93088.47;20.32;1042
 93081.12;20.32;1043
 93076.59;20.32;1044
 93071.01;20.32;1045
 93057.76;20.32;1046
 93051.81;20.33;1047
 93044.14;20.35;1048
 93035.05;20.36;1049
 93019.33;20.38;1050
 93010.95;20.39;1051
 93000.13;20.39;1052
 92981.63;20.39;1053
 92970.47;20.39;1054
 92961.05;20.39;1055
 92954.08;20.39;1056
 92941.52;20.39;1057
 92934.17;20.39;1058
 92926.88;20.39;1059
 92920.58;20.38;1060
 92911.84;20.38;1061
 92906.98;20.37;1062
 92901.05;20.37;1063
 92896.18;20.37;1064
 92890.59;20.37;1065
 92882.22;20.37;1066
 92873.50;20.36;1067
 92858.14;20.36;1068
 92850.12;20.37;1069
 92838.95;20.37;1070
 92830.58;20.37;1071
 92813.83;20.37;1072
 92805.10;20.36;1073
 92792.89;20.37;1074
 92776.15;20.37;1075
 92766.38;20.37;1076
 92759.40;20.37;1077
 92751.35;20.37;1078
 92740.19;20.37;1079
 92731.48;20.37;1080
 92723.11;20.37;1081
 92712.99;20.36;1082
 92699.72;20.36;1083
 92693.11;20.35;1084
 92685.79;20.34;1085
 92679.18;20.33;1086
 92670.14;20.32;1087
 92667.36;20.31;1088
 92662.47;20.30;1089
 92656.20;20.30;1090
 92649.23;20.30;1091
 92644.33;20.30;1092
 92638.75;20.30;1093
 92626.89;20.31;1094
 92622.34;20.31;1095
 92615.00;20.32;1096
 92604.19;20.32;1097
 92596.48;20.33;1098
 92592.30;20.33;1099
 92586.05;20.32;1100
 92580.11;20.32;1101
 92576.27;20.32;1102
 92569.65;20.33;1103
 92563.70;20.33;1104
 92554.94;20.36;1105
 92550.05;20.38;1106
 92541.30;20.38;1107
 92533.61;20.39;1108
 92521.39;20.40;1109
 92515.44;20.41;1110
 92506.37;20.41;1111
 92500.06;20.42;1112
 92490.28;20.43;1113
 92481.91;20.43;1114
 92473.89;20.43;1115
 92463.40;20.44;1116
 92458.17;20.44;1117
 92452.23;20.44;1118
 92444.93;20.43;1119
 92434.46;20.43;1120
 92426.07;20.44;1121
 92415.93;20.45;1122
 92404.05;20.46;1123
 92382.38;20.48;1124
 92368.41;20.49;1125
 92353.76;20.49;1126
 92332.80;20.50;1127
 92324.41;20.51;1128
 92313.59;20.51;1129
 92302.76;20.52;1130
 92289.87;20.51;1131
 92281.14;20.51;1132
 92273.44;20.52;1133
 92262.98;20.52;1134
 92250.79;20.51;1135
 92240.69;20.50;1136
 92231.61;20.50;1137
 92211.05;20.49;1138
 92196.73;20.49;1139
 92177.92;20.48;1140
 92156.28;20.48;1141
 92125.95;20.47;1142
 92112.02;20.46;1143
 92098.06;20.46;1144
 92079.92;20.46;1145
 92061.41;20.47;1146
 92043.96;20.47;1147
 92030.36;20.47;1148
 92012.54;20.48;1149
 91986.38;20.48;1150
 91968.93;20.48;1151
 91951.45;20.49;1152
 91922.86;20.49;1153
 91907.83;20.50;1154
 91893.88;20.50;1155
 91882.01;20.50;1156
 91870.87;20.49;1157
 91864.59;20.49;1158
 91861.12;20.48;1159
 91855.91;20.47;1160
 91856.61;20.47;1161
 91856.27;20.47;1162
 91854.55;20.46;1163
 91852.43;20.47;1164
 91851.73;20.47;1165
 91850.66;20.48;1166
 91850.66;20.48;1167
 91847.20;20.47;1168
 91842.66;20.47;1169
 91840.59;20.46;1170
 91833.97;20.46;1171
 91827.36;20.45;1172
 91824.22;20.45;1173
 91816.22;20.44;1174
 91809.62;20.43;1175
 91807.88;20.43;1176
 91805.44;20.43;1177
 91804.04;20.43;1178
 91805.09;20.43;1179
 91807.20;20.42;1180
 91810.00;20.42;1181
 91806.13;20.43;1182
 91799.12;20.44;1183
 91793.89;20.44;1184
 91787.62;20.44;1185
 91780.30;20.44;1186
 91775.76;20.44;1187
 91774.71;20.44;1188
 91771.57;20.44;1189
 91771.57;20.44;1190
 91772.97;20.44;1191
 91771.57;20.44;1192
 91771.22;20.44;1193
 91775.41;20.44;1194
 91777.53;20.43;1195
 91782.09;20.42;1196
 91786.97;20.42;1197
 91790.81;20.42;1198
 91788.02;20.42;1199
 91790.11;20.42;1200
 91794.65;20.42;1201
 91800.55;20.43;1202
 91803.69;20.43;1203
 91805.09;20.43;1204
 91802.62;20.44;1205
 91804.36;20.44;1206
 91804.36;20.44;1207
 91804.36;20.44;1208
 91806.80;20.44;1209
 91806.80;20.44;1210
 91805.41;20.44;1211
 91801.57;20.44;1212
 91798.09;20.44;1213
 91794.27;20.43;1214
 91788.72;20.42;1215
 91780.02;20.41;1216
 91778.28;20.41;1217
 91777.23;20.41;1218
 91776.88;20.41;1219
 91775.84;20.41;1220
 91773.05;20.41;1221
 91769.21;20.41;1222
 91768.16;20.41;1223
 91759.80;20.41;1224
 91756.30;20.41;1225
 91748.66;20.40;1226
 91738.91;20.39;1227
 91733.71;20.39;1228
 91727.78;20.38;1229
 91719.41;20.38;1230
 91703.36;20.38;1231
 91696.06;20.38;1232
 91689.09;20.38;1233
 91685.92;20.38;1234
 91682.41;20.39;1235
 91683.11;20.39;1236
 91682.38;20.40;1237
 91683.08;20.40;1238
 91680.96;20.41;1239
 91683.05;20.41;1240
 91679.19;20.42;1241
 91672.94;20.41;1242
 91668.05;20.41;1243
 91661.80;20.40;1244
 91656.60;20.39;1245
 91641.66;20.38;1246
 91628.43;20.36;1247
 91619.74;20.35;1248
 91613.14;20.34;1249
 91599.22;20.33;1250
 91589.45;20.33;1251
 91577.25;20.33;1252
 91563.64;20.34;1253
 91554.93;20.33;1254
 91550.74;20.33;1255
 91550.39;20.33;1256
 91555.62;20.33;1257
 91554.58;20.33;1258
 91556.67;20.34;1259
 91559.09;20.34;1260
 91569.52;20.35;1261
 91575.80;20.35;1262
 91584.17;20.35;1263
 91591.84;20.35;1264
 91596.75;20.34;1265
 91600.59;20.34;1266
 91606.17;20.34;1267
 91611.08;20.34;1268
 91618.75;20.33;1269
 91628.89;20.32;1270
 91633.78;20.32;1271
 91639.38;20.31;1272
