time;09:26:52
 81594.80;26.01;0
 91749.53;13.94;1
 91749.89;13.93;2
 91747.45;13.92;3
 91745.40;13.92;4
 91747.45;13.92;5
 91746.78;13.93;6
 91745.40;13.93;7
 91744.69;13.92;8
 91745.40;13.92;9
 91744.70;13.91;10
 91745.75;13.91;11
 91745.40;13.92;12
 91745.05;13.93;13
 91743.31;13.92;14
 91744.69;13.92;15
 91744.38;13.92;16
 91744.38;13.92;17
 91744.38;13.92;18
 91744.69;13.92;19
 91745.40;13.93;20
 91745.75;13.93;21
 91745.75;13.93;22
 91746.07;13.93;23
 91746.77;13.94;24
 91743.66;13.93;25
 91743.66;13.93;26
 91745.05;13.93;27
 91745.39;13.94;28
 91744.02;13.94;29
 91745.39;13.94;30
 91745.39;13.94;31
 91745.39;13.94;32
 91745.75;13.94;33
 91745.39;13.94;34
 91745.75;13.94;35
 91746.07;13.94;36
 91743.66;13.94;37
 91744.36;13.95;38
 91743.30;13.95;39
 91746.42;13.95;40
 91746.06;13.95;41
 91744.69;13.95;42
 91744.69;13.95;43
 91743.30;13.95;44
 91743.66;13.95;45
 91743.30;13.95;46
 91745.04;13.95;47
 91744.01;13.96;48
 91743.66;13.95;49
 91742.62;13.96;50
 91742.98;13.96;51
 91742.98;13.96;52
 91742.98;13.96;53
 91744.36;13.96;54
 91744.36;13.96;55
 91742.98;13.96;56
 91741.92;13.96;57
 91741.92;13.96;58
 91740.54;13.96;59
 91741.92;13.96;60
 91741.92;13.96;61
 91742.62;13.96;62
 91742.28;13.95;63
 91744.01;13.96;64
 91744.36;13.96;65
 91743.30;13.96;66
 91743.30;13.96;67
 91743.30;13.96;68
 91742.27;13.96;69
 91741.92;13.96;70
 91741.92;13.96;71
 91743.30;13.96;72
 91743.30;13.96;73
 91741.59;13.96;74
 91741.25;13.96;75
 91741.25;13.96;76
 91741.25;13.96;77
 91741.25;13.96;78
 91744.01;13.96;79
 91744.36;13.96;80
 91741.92;13.96;81
 91741.24;13.97;82
 91741.24;13.97;83
 91742.98;13.97;84
 91743.30;13.97;85
 91744.00;13.98;86
 91744.36;13.98;87
 91742.97;13.98;88
 91740.89;13.98;89
 91740.89;13.98;90
 91740.89;13.98;91
 91741.23;13.99;92
 91741.59;13.99;93
 91740.21;13.99;94
 91738.48;13.99;95
 91740.21;13.99;96
 91741.59;13.99;97
 91743.30;13.99;98
 91743.30;13.99;99
 91740.88;13.99;100
 91741.59;14.00;101
 91740.20;14.00;102
 91739.15;14.00;103
 91738.83;14.00;104
 91739.86;14.00;105
 91740.88;13.99;106
 91741.23;13.99;107
 91740.21;13.98;108
 91742.62;13.97;109
 91744.36;13.96;110
 91742.28;13.95;111
 91742.28;13.94;112
 91742.28;13.93;113
 91744.02;13.93;114
 91742.28;13.93;115
 91741.93;13.92;116
 91744.38;13.92;117
 91744.02;13.92;118
 91743.67;13.92;119
 91744.70;13.91;120
 91744.38;13.91;121
 91742.29;13.91;122
 91743.31;13.90;123
 91743.32;13.89;124
 91741.94;13.88;125
 91740.91;13.88;126
 91740.56;13.87;127
 91740.91;13.88;128
 91740.56;13.87;129
 91741.62;13.88;130
 91742.30;13.89;131
 91741.27;13.89;132
 91741.94;13.89;133
 91742.30;13.90;134
 91744.02;13.90;135
 91743.00;13.90;136
 91745.05;13.91;137
 91742.99;13.91;138
 91743.31;13.91;139
 91743.67;13.92;140
 91742.64;13.92;141
 91744.02;13.92;142
 91743.31;13.91;143
 91743.31;13.91;144
 91744.02;13.92;145
 91744.02;13.92;146
 91744.02;13.92;147
 91743.67;13.92;148
 91743.31;13.91;149
 91742.99;13.91;150
 91742.64;13.91;151
 91741.61;13.91;152
 91742.64;13.91;153
 91744.38;13.91;154
 91742.64;13.91;155
 91742.64;13.91;156
 91742.29;13.91;157
 91742.29;13.91;158
 91743.31;13.90;159
 91741.94;13.90;160
 91741.94;13.90;161
 91741.94;13.90;162
 91743.00;13.90;163
 91741.94;13.90;164
 91740.91;13.91;165
 91740.91;13.91;166
 91740.91;13.91;167
 91742.64;13.91;168
 91744.02;13.91;169
 91744.38;13.91;170
 91742.99;13.91;171
 91742.99;13.91;172
 91741.94;13.90;173
 91743.31;13.90;174
 91743.00;13.89;175
 91744.38;13.89;176
 91746.08;13.89;177
 91744.70;13.89;178
 91743.67;13.89;179
 91745.05;13.89;180
 91743.00;13.88;181
 91743.67;13.88;182
 91743.67;13.88;183
 91744.70;13.87;184
 91744.70;13.87;185
 91745.77;13.88;186
 91744.38;13.88;187
 91744.70;13.88;188
 91743.33;13.88;189
 91745.41;13.89;190
 91744.38;13.89;191
 91744.38;13.89;192
 91743.32;13.89;193
 91742.64;13.90;194
 91742.64;13.90;195
 91743.31;13.90;196
 91743.67;13.91;197
 91744.02;13.91;198
 91745.41;13.91;199
 91744.38;13.91;200
 91744.70;13.91;201
 91744.02;13.92;202
 91744.38;13.92;203
 91746.08;13.92;204
 91746.42;13.93;205
 91745.40;13.93;206
 91746.07;13.93;207
 91746.07;13.93;208
 91746.77;13.94;209
 91744.37;13.94;210
 91745.39;13.94;211
 91745.39;13.94;212
 91746.77;13.94;213
 91746.77;13.94;214
 91745.75;13.94;215
 91745.39;13.94;216
 91744.02;13.94;217
 91745.39;13.94;218
 91746.42;13.93;219
 91744.02;13.94;220
 91744.02;13.94;221
 91744.37;13.94;222
 91746.42;13.94;223
 91746.77;13.95;224
 91746.06;13.95;225
 91744.69;13.95;226
 91745.04;13.95;227
 91746.42;13.95;228
 91746.77;13.96;229
 91745.39;13.96;230
 91744.01;13.96;231
 91742.98;13.96;232
 91743.30;13.96;233
 91743.30;13.96;234
 91743.66;13.96;235
 91744.69;13.96;236
 91745.74;13.96;237
 91745.04;13.95;238
 91742.98;13.95;239
 91744.02;13.95;240
 91745.74;13.95;241
 91744.36;13.95;242
 91745.74;13.95;243
 91745.39;13.95;244
 91746.07;13.94;245
 91745.75;13.94;246
 91745.75;13.94;247
 91744.69;13.94;248
 91746.07;13.94;249
 91744.69;13.94;250
 91745.04;13.94;251
 91746.42;13.94;252
 91745.39;13.95;253
 91748.50;13.95;254
 91747.80;13.95;255
 91746.77;13.96;256
 91744.01;13.96;257
 91744.01;13.96;258
 91745.04;13.95;259
 91743.66;13.95;260
 91744.69;13.95;261
 91748.16;13.95;262
 91746.42;13.94;263
 91747.80;13.94;264
 91747.80;13.94;265
 91748.16;13.95;266
 91748.16;13.95;267
 91747.80;13.94;268
 91744.69;13.94;269
 91745.04;13.94;270
 91746.77;13.95;271
 91745.74;13.95;272
 91746.06;13.95;273
 91747.12;13.95;274
 91747.12;13.95;275
 91747.80;13.95;276
 91748.16;13.96;277
 91748.50;13.96;278
 91748.50;13.96;279
 91747.12;13.96;280
 91745.74;13.96;281
 91747.45;13.96;282
 91748.83;13.96;283
 91748.83;13.96;284
 91748.50;13.97;285
 91747.12;13.97;286
 91745.03;13.97;287
 91746.41;13.97;288
 91746.06;13.97;289
 91745.03;13.96;290
 91746.42;13.95;291
 91747.45;13.95;292
 91747.80;13.95;293
 91747.45;13.95;294
 91747.45;13.95;295
 91748.50;13.95;296
 91746.42;13.94;297
 91746.42;13.93;298
 91747.12;13.93;299
 91746.42;13.93;300
 91746.78;13.92;301
 91747.45;13.91;302
 91748.16;13.91;303
 91746.78;13.91;304
 91746.43;13.91;305
 91748.84;13.90;306
 91748.84;13.90;307
 91748.84;13.90;308
 91748.84;13.90;309
 91747.46;13.90;310
 91747.46;13.90;311
 91747.46;13.90;312
 91747.14;13.90;313
 91748.84;13.90;314
 91747.81;13.91;315
 91748.52;13.91;316
 91747.81;13.92;317
 91746.08;13.91;318
 91748.16;13.92;319
 91748.52;13.92;320
 91747.12;13.93;321
 91748.52;13.93;322
 91748.16;13.93;323
 91746.78;13.93;324
 91746.78;13.93;325
 91749.89;13.93;326
 91748.83;13.93;327
 91748.83;13.93;328
 91749.19;13.93;329
 91747.80;13.93;330
 91746.42;13.93;331
 91746.77;13.94;332
 91746.77;13.94;333
 91745.05;13.93;334
 91746.77;13.94;335
 91746.77;13.94;336
 91746.07;13.94;337
 91746.07;13.94;338
 91747.45;13.94;339
 91747.45;13.94;340
 91748.83;13.94;341
 91747.80;13.94;342
 91747.80;13.94;343
 91747.45;13.94;344
 91747.45;13.94;345
 91746.42;13.94;346
 91744.69;13.94;347
 91744.69;13.94;348
 91742.98;13.94;349
 91745.75;13.94;350
 91744.69;13.94;351
 91745.04;13.94;352
 91743.66;13.94;353
 91743.66;13.94;354
 91742.28;13.94;355
 91744.02;13.95;356
 91742.62;13.95;357
 91743.66;13.94;358
 91742.98;13.94;359
 91742.98;13.94;360
 91742.63;13.94;361
 91744.02;13.94;362
 91743.66;13.93;363
 91743.66;13.93;364
 91743.66;13.93;365
 91744.37;13.94;366
 91746.42;13.94;367
 91745.39;13.95;368
 91744.69;13.95;369
 91744.36;13.95;370
 91745.39;13.96;371
 91743.30;13.96;372
 91744.00;13.97;373
 91742.98;13.97;374
 91742.27;13.97;375
 91744.36;13.98;376
 91744.67;13.98;377
 91744.00;13.98;378
 91743.66;13.97;379
 91744.00;13.97;380
 91742.62;13.96;381
 91743.30;13.95;382
 91744.02;13.95;383
 91743.66;13.94;384
 91743.66;13.94;385
 91743.31;13.94;386
 91741.92;13.94;387
 91742.62;13.95;388
 91744.36;13.95;389
 91744.69;13.95;390
 91744.02;13.95;391
 91744.36;13.95;392
 91744.69;13.95;393
 91744.36;13.95;394
 91745.04;13.94;395
 91744.37;13.94;396
 91743.66;13.93;397
 91742.98;13.93;398
 91744.69;13.92;399
 91743.31;13.92;400
 91746.08;13.92;401
 91744.38;13.92;402
 91745.40;13.93;403
 91744.37;13.93;404
 91744.69;13.93;405
 91746.07;13.93;406
 91744.69;13.93;407
 91745.05;13.93;408
 91745.39;13.94;409
 91745.04;13.94;410
 91746.42;13.94;411
 91744.36;13.95;412
 91745.74;13.95;413
 91747.12;13.95;414
 91747.80;13.94;415
 91745.75;13.94;416
 91746.42;13.93;417
 91747.12;13.93;418
 91746.78;13.93;419
 91746.43;13.92;420
 91746.78;13.91;421
 91745.76;13.90;422
 91747.14;13.90;423
 91746.78;13.90;424
 91748.52;13.90;425
 91747.14;13.90;426
 91746.08;13.90;427
 91746.08;13.90;428
 91745.41;13.91;429
 91746.78;13.91;430
 91745.05;13.91;431
 91745.05;13.91;432
 91746.78;13.91;433
 91744.02;13.91;434
 91744.02;13.91;435
 91745.41;13.91;436
 91745.05;13.91;437
 91746.08;13.90;438
 91745.41;13.91;439
 91745.41;13.91;440
 91744.70;13.91;441
 91743.67;13.92;442
 91745.05;13.92;443
 91744.70;13.91;444
 91744.38;13.91;445
 91746.43;13.91;446
 91746.08;13.90;447
 91746.44;13.90;448
 91746.08;13.89;449
 91745.76;13.89;450
 91746.08;13.89;451
 91744.70;13.89;452
 91744.70;13.89;453
 91745.76;13.89;454
 91745.76;13.89;455
 91743.00;13.89;456
 91743.32;13.89;457
 91745.05;13.90;458
 91744.02;13.90;459
 91744.02;13.90;460
 91745.76;13.90;461
 91744.38;13.90;462
 91741.94;13.90;463
 91743.31;13.90;464
 91744.02;13.91;465
 91744.38;13.91;466
 91743.31;13.91;467
 91746.43;13.92;468
 91744.38;13.92;469
 91745.05;13.93;470
 91744.02;13.93;471
 91744.69;13.93;472
 91746.77;13.94;473
 91745.39;13.94;474
 91745.39;13.94;475
 91745.05;13.93;476
 91743.66;13.93;477
 91743.31;13.93;478
 91742.28;13.93;479
 91740.55;13.93;480
 91742.28;13.93;481
 91743.66;13.93;482
 91743.66;13.93;483
 91744.69;13.93;484
 91742.98;13.93;485
 91743.31;13.93;486
 91741.93;13.93;487
 91739.88;13.93;488
 91741.61;13.92;489
 91741.94;13.91;490
 91742.29;13.91;491
 91742.64;13.90;492
 91743.67;13.90;493
 91744.70;13.89;494
 91744.38;13.89;495
 91742.64;13.89;496
 91742.64;13.89;497
 91744.38;13.89;498
 91744.38;13.89;499
 91743.00;13.89;500
 91743.00;13.89;501
 91741.94;13.89;502
 91743.33;13.88;503
 91742.65;13.88;504
 91744.70;13.87;505
 91745.41;13.87;506
 91743.68;13.87;507
 91742.30;13.87;508
 91743.00;13.86;509
 91742.66;13.86;510
 91740.92;13.86;511
 91742.30;13.86;512
 91742.30;13.86;513
 91742.30;13.86;514
 91742.66;13.86;515
 91742.66;13.86;516
 91744.03;13.86;517
 91744.72;13.85;518
 91746.80;13.85;519
 91744.39;13.85;520
 91744.39;13.85;521
 91744.03;13.85;522
 91744.39;13.85;523
 91744.72;13.85;524
 91744.72;13.85;525
 91743.33;13.85;526
 91743.33;13.85;527
 91743.01;13.85;528
 91743.33;13.85;529
 91740.92;13.86;530
 91742.30;13.86;531
 91741.27;13.86;532
 91741.62;13.86;533
 91743.00;13.87;534
 91743.00;13.87;535
 91741.95;13.87;536
 91741.95;13.87;537
 91741.62;13.87;538
 91743.00;13.87;539
 91742.30;13.88;540
 91742.30;13.88;541
 91745.05;13.89;542
 91742.64;13.89;543
 91741.62;13.89;544
 91743.32;13.89;545
 91743.32;13.89;546
 91742.30;13.90;547
 91742.30;13.90;548
 91742.30;13.90;549
 91743.00;13.90;550
 91741.61;13.90;551
 91742.64;13.90;552
 91743.00;13.90;553
 91744.70;13.90;554
 91744.70;13.90;555
 91746.08;13.90;556
 91746.43;13.91;557
 91744.02;13.91;558
 91744.70;13.91;559
 91745.05;13.92;560
 91746.08;13.92;561
 91743.66;13.93;562
 91744.38;13.92;563
 91743.67;13.92;564
 91742.99;13.91;565
 91743.67;13.91;566
 91745.41;13.91;567
 91743.31;13.90;568
 91743.31;13.90;569
 91743.31;13.90;570
 91743.00;13.90;571
 91741.27;13.90;572
 91743.67;13.90;573
 91743.32;13.89;574
 91743.67;13.89;575
 91743.33;13.88;576
 91743.67;13.88;577
 91743.33;13.87;578
 91741.62;13.87;579
 91740.24;13.87;580
 91743.33;13.87;581
 91744.70;13.87;582
 91744.38;13.87;583
 91744.03;13.87;584
 91744.03;13.87;585
 91743.00;13.87;586
 91741.62;13.87;587
 91741.95;13.87;588
 91741.94;13.88;589
 91741.62;13.88;590
 91742.30;13.88;591
 91742.30;13.88;592
 91744.70;13.87;593
 91741.62;13.87;594
 91744.70;13.87;595
 91743.33;13.88;596
 91743.67;13.89;597
 91743.00;13.88;598
 91743.00;13.88;599
 91743.33;13.88;600
 91743.33;13.88;601
 91743.33;13.88;602
 91744.03;13.89;603
 91743.32;13.89;604
 91743.00;13.89;605
 91743.67;13.90;606
 91743.31;13.90;607
 91742.29;13.91;608
 91745.05;13.91;609
 91743.67;13.91;610
 91744.38;13.91;611
 91746.08;13.92;612
 91746.78;13.93;613
 91745.75;13.93;614
 91744.69;13.93;615
 91745.39;13.94;616
 91745.75;13.93;617
 91746.42;13.93;618
 91746.08;13.92;619
 91744.02;13.92;620
 91745.05;13.92;621
 91745.75;13.91;622
 91744.70;13.91;623
 91746.43;13.92;624
 91746.78;13.92;625
 91747.13;13.92;626
 91746.08;13.92;627
 91747.81;13.93;628
 91747.12;13.93;629
 91749.19;13.93;630
 91745.75;13.94;631
 91745.39;13.94;632
 91746.07;13.93;633
 91746.78;13.93;634
 91747.81;13.93;635
 91745.05;13.93;636
 91745.40;13.93;637
 91745.40;13.93;638
 91745.39;13.94;639
 91746.07;13.94;640
 91745.39;13.95;641
 91745.39;13.95;642
 91743.66;13.94;643
 91745.04;13.94;644
 91745.39;13.95;645
 91744.36;13.95;646
 91741.92;13.95;647
 91743.66;13.95;648
 91744.01;13.96;649
 91744.36;13.96;650
 91743.66;13.96;651
 91744.00;13.97;652
 91744.00;13.97;653
 91745.03;13.97;654
 91744.67;13.98;655
 91744.36;13.98;656
 91746.41;13.98;657
 91747.11;13.99;658
 91747.79;13.99;659
 91746.76;14.00;660
 91744.67;14.00;661
 91745.02;14.00;662
 91746.41;14.00;663
 91745.38;14.01;664
 91744.67;14.01;665
 91745.38;14.02;666
 91746.41;14.01;667
 91746.75;14.02;668
 91745.38;14.02;669
 91745.02;14.02;670
 91745.38;14.03;671
 91745.69;14.03;672
 91745.02;14.02;673
 91745.38;14.02;674
 91743.99;14.02;675
 91745.38;14.02;676
 91745.72;14.02;677
 91747.42;14.02;678
 91746.75;14.02;679
 91747.11;14.02;680
 91746.40;14.02;681
 91746.75;14.03;682
 91745.38;14.03;683
 91746.05;14.03;684
 91745.02;14.03;685
 91747.07;14.04;686
 91748.45;14.04;687
 91747.78;14.03;688
 91747.78;14.03;689
 91747.78;14.03;690
 91748.12;14.04;691
 91747.07;14.04;692
 91749.83;14.04;693
 91747.07;14.04;694
 91748.45;14.04;695
 91749.83;14.04;696
 91749.83;14.04;697
 91749.83;14.04;698
 91751.21;14.04;699
 91749.83;14.04;700
 91751.56;14.04;701
 91753.65;14.05;702
 91750.89;14.05;703
 91751.56;14.05;704
 91751.21;14.05;705
 91751.21;14.05;706
 91750.18;14.05;707
 91749.83;14.05;708
 91748.45;14.04;709
 91747.42;14.03;710
 91747.07;14.03;711
 91747.07;14.03;712
 91748.13;14.03;713
 91747.78;14.02;714
 91749.52;14.02;715
 91748.81;14.01;716
 91749.88;14.00;717
 91751.26;13.99;718
 91750.20;13.98;719
 91748.82;13.97;720
 91749.53;13.97;721
 91748.83;13.96;722
 91751.27;13.96;723
 91748.50;13.96;724
 91748.50;13.96;725
 91749.88;13.96;726
 91749.88;13.96;727
 91748.83;13.96;728
 91749.88;13.97;729
 91751.27;13.97;730
 91749.88;13.97;731
 91749.53;13.97;732
 91748.50;13.97;733
 91748.82;13.97;734
 91749.17;13.97;735
 91749.53;13.98;736
 91749.17;13.98;737
 91747.79;13.98;738
 91748.82;13.98;739
 91748.82;13.98;740
 91748.82;13.98;741
 91747.79;13.98;742
 91748.50;13.99;743
 91749.17;13.99;744
 91750.91;14.00;745
 91751.25;14.00;746
 91749.52;14.01;747
 91749.52;14.01;748
 91749.88;14.01;749
 91748.81;14.01;750
 91748.48;14.02;751
 91748.81;14.02;752
 91748.81;14.02;753
 91747.42;14.02;754
 91749.52;14.03;755
 91749.52;14.03;756
 91748.80;14.03;757
 91749.83;14.04;758
 91750.18;14.05;759
 91748.12;14.06;760
 91749.15;14.06;761
 91750.53;14.06;762
 91751.20;14.06;763
 91752.27;14.06;764
 91751.20;14.06;765
 91750.17;14.06;766
 91751.55;14.07;767
 91751.91;14.07;768
 91752.59;14.07;769
 91750.17;14.06;770
 91751.20;14.06;771
 91749.50;14.06;772
 91751.21;14.05;773
 91750.89;14.05;774
 91749.51;14.05;775
 91750.53;14.04;776
 91750.53;14.04;777
 91751.21;14.05;778
 91751.21;14.05;779
 91748.45;14.05;780
 91751.91;14.05;781
 91752.94;14.05;782
 91752.94;14.05;783
 91751.56;14.05;784
 91749.83;14.05;785
 91748.45;14.05;786
 91748.80;14.05;787
 91747.42;14.05;788
 91750.18;14.05;789
 91749.83;14.05;790
 91750.89;14.05;791
 91750.89;14.05;792
 91750.18;14.05;793
 91750.53;14.05;794
 91749.83;14.06;795
 91749.50;14.07;796
 91750.53;14.07;797
 91752.26;14.08;798
 91751.55;14.08;799
 91751.20;14.08;800
 91751.55;14.08;801
 91751.55;14.08;802
 91750.17;14.08;803
 91751.91;14.08;804
 91751.91;14.08;805
 91751.91;14.08;806
 91751.91;14.08;807
 91752.26;14.09;808
 91750.88;14.09;809
 91750.88;14.09;810
 91751.20;14.09;811
 91750.17;14.09;812
 91749.14;14.09;813
 91750.17;14.09;814
 91750.52;14.09;815
 91750.52;14.09;816
 91749.49;14.10;817
 91749.49;14.10;818
 91749.14;14.09;819
 91749.14;14.09;820
 91749.49;14.10;821
 91749.81;14.10;822
 91749.81;14.10;823
 91748.78;14.10;824
 91750.16;14.10;825
 91749.14;14.10;826
 91749.14;14.10;827
 91748.11;14.11;828
 91749.81;14.11;829
 91750.16;14.11;830
 91748.78;14.11;831
 91748.78;14.11;832
 91750.16;14.11;833
 91748.78;14.11;834
 91751.55;14.11;835
 91748.78;14.11;836
 91748.78;14.11;837
 91748.43;14.11;838
 91748.78;14.11;839
 91747.40;14.11;840
 91745.67;14.11;841
 91746.38;14.11;842
 91748.11;14.12;843
 91748.11;14.12;844
 91748.78;14.12;845
 91750.52;14.12;846
 91748.78;14.12;847
 91749.12;14.12;848
 91749.48;14.13;849
 91748.77;14.13;850
 91748.77;14.13;851
 91749.12;14.13;852
 91749.12;14.13;853
 91748.77;14.13;854
 91749.12;14.13;855
 91749.12;14.13;856
 91748.45;14.14;857
 91748.12;14.14;858
 91747.06;14.14;859
 91747.77;14.14;860
 91748.12;14.15;861
 91747.41;14.15;862
 91748.12;14.16;863
 91748.44;14.16;864
 91747.77;14.16;865
 91746.73;14.17;866
 91747.05;14.17;867
 91747.05;14.17;868
 91748.44;14.17;869
 91750.17;14.17;870
 91748.11;14.17;871
 91748.11;14.17;872
 91747.05;14.17;873
 91746.73;14.17;874
 91747.77;14.16;875
 91748.11;14.17;876
 91749.50;14.17;877
 91749.50;14.17;878
 91748.11;14.17;879
 91748.44;14.17;880
 91748.44;14.17;881
 91748.44;14.17;882
 91749.14;14.17;883
 91748.11;14.18;884
 91748.43;14.18;885
 91747.05;14.18;886
 91747.41;14.18;887
 91747.75;14.18;888
 91747.41;14.18;889
 91749.14;14.18;890
 91749.81;14.19;891
 91748.78;14.19;892
 91749.48;14.20;893
 91749.80;14.20;894
 91750.16;14.20;895
 91750.83;14.21;896
 91749.80;14.21;897
 91749.12;14.21;898
 91749.45;14.22;899
 91749.45;14.22;900
 91749.12;14.21;901
 91747.39;14.21;902
 91747.39;14.21;903
 91747.04;14.21;904
 91748.07;14.21;905
 91749.45;14.21;906
 91749.45;14.21;907
 91749.80;14.21;908
 91748.42;14.21;909
 91748.42;14.21;910
 91748.07;14.21;911
 91748.42;14.21;912
 91748.42;14.21;913
 91748.42;14.21;914
 91749.80;14.21;915
 91749.45;14.21;916
 91750.16;14.20;917
 91748.42;14.20;918
 91749.80;14.20;919
 91748.42;14.20;920
 91748.10;14.20;921
 91746.72;14.20;922
 91748.42;14.20;923
 91749.80;14.20;924
 91750.16;14.20;925
 91750.16;14.20;926
 91750.16;14.20;927
 91750.52;14.20;928
 91750.16;14.20;929
 91748.42;14.20;930
 91749.48;14.20;931
 91750.52;14.19;932
 91751.89;14.19;933
 91750.16;14.19;934
 91750.16;14.19;935
 91751.55;14.19;936
 91751.55;14.19;937
 91750.16;14.19;938
 91750.16;14.19;939
 91750.16;14.19;940
 91750.52;14.19;941
 91749.48;14.20;942
 91749.80;14.20;943
 91750.52;14.20;944
 91748.78;14.20;945
 91748.78;14.20;946
 91750.16;14.20;947
 91751.89;14.20;948
 91750.16;14.20;949
 91748.42;14.20;950
 91750.16;14.20;951
 91748.78;14.20;952
 91749.12;14.20;953
 91750.52;14.20;954
 91750.83;14.21;955
 91751.19;14.21;956
 91750.51;14.21;957
 91750.51;14.21;958
 91749.45;14.22;959
 91749.44;14.23;960
 91750.50;14.22;961
 91748.77;14.22;962
 91749.45;14.22;963
 91749.12;14.21;964
 91749.80;14.21;965
 91751.19;14.21;966
 91749.80;14.21;967
 91749.80;14.21;968
 91750.16;14.21;969
 91750.16;14.21;970
 91750.16;14.21;971
 91751.53;14.21;972
 91750.16;14.21;973
 91752.21;14.22;974
 91750.83;14.23;975
 91751.88;14.23;976
 91751.52;14.24;977
 91750.14;14.24;978
 91750.50;14.24;979
 91750.81;14.25;980
 91751.88;14.25;981
 91751.52;14.26;982
 91751.16;14.28;983
 91753.92;14.29;984
 91753.56;14.30;985
 91752.88;14.30;986
 91752.53;14.30;987
 91750.80;14.30;988
 91753.23;14.30;989
 91753.23;14.31;990
 91752.88;14.32;991
 91753.22;14.32;992
 91751.84;14.32;993
 91751.14;14.32;994
 91751.50;14.31;995
 91752.17;14.31;996
 91752.53;14.30;997
 91751.16;14.29;998
 91750.12;14.28;999
 91750.48;14.27;1000
 91750.80;14.28;1001
 91749.42;14.29;1002
 91750.12;14.31;1003
 91748.71;14.36;1004
 91749.70;14.47;1005
 91751.02;14.59;1006
 91752.70;14.63;1007
 91753.75;14.66;1008
 91754.41;14.68;1009
 91753.38;14.68;1010
 91752.35;14.68;1011
 91751.30;14.67;1012
 91751.31;14.66;1013
 91752.70;14.64;1014
 91751.00;14.64;1015
 91753.05;14.63;1016
 91753.77;14.63;1017
 91752.72;14.61;1018
 91752.40;14.60;1019
 91751.02;14.59;1020
 91752.73;14.58;1021
 91753.80;14.57;1022
 91752.06;14.56;1023
 91751.04;14.55;1024
 91751.05;14.54;1025
 91748.64;14.52;1026
 91749.67;14.51;1027
 91751.06;14.50;1028
 91751.42;14.48;1029
 91751.08;14.47;1030
 91752.46;14.46;1031
 91752.12;14.45;1032
 91752.12;14.44;1033
 91751.45;14.43;1034
 91751.09;14.43;1035
 91752.83;14.43;1036
 91753.16;14.43;1037
 91752.48;14.43;1038
 91751.45;14.42;1039
 91751.45;14.41;1040
 91750.75;14.41;1041
 91752.14;14.40;1042
 91751.79;14.39;1043
 91749.02;14.39;1044
 91748.34;14.39;1045
 91749.73;14.39;1046
 91751.11;14.39;1047
 91750.41;14.39;1048
 91751.79;14.39;1049
 91751.79;14.39;1050
 91753.88;14.40;1051
 91754.55;14.40;1052
 91752.14;14.41;1053
 91752.48;14.41;1054
 91751.10;14.41;1055
 91750.75;14.41;1056
 91752.14;14.41;1057
 91750.75;14.41;1058
 91750.75;14.41;1059
 91752.48;14.40;1060
 91753.17;14.39;1061
 91752.84;14.39;1062
 91750.08;14.39;1063
 91749.73;14.39;1064
 91750.77;14.39;1065
 91750.44;14.38;1066
 91751.82;14.38;1067
 91751.11;14.39;1068
 91751.11;14.39;1069
 91750.08;14.39;1070
 91751.46;14.39;1071
 91750.77;14.39;1072
 91752.14;14.39;1073
 91750.77;14.39;1074
 91751.82;14.38;1075
 91749.39;14.38;1076
 91749.06;14.37;1077
 91750.77;14.38;1078
 91752.15;14.38;1079
 91751.12;14.38;1080
 91751.12;14.38;1081
 91752.84;14.38;1082
 91753.20;14.38;1083
 91751.82;14.38;1084
 91751.82;14.38;1085
 91751.12;14.38;1086
 91750.77;14.38;1087
 91751.83;14.37;1088
 91752.85;14.37;1089
 91752.16;14.37;1090
 91752.51;14.36;1091
 91750.77;14.36;1092
 91751.13;14.35;1093
 91751.13;14.35;1094
 91751.84;14.34;1095
 91752.86;14.34;1096
 91752.52;14.34;1097
 91752.52;14.34;1098
 91752.86;14.34;1099
 91752.52;14.34;1100
 91750.78;14.34;1101
 91750.78;14.34;1102
 91750.11;14.33;1103
 91750.11;14.33;1104
 91750.11;14.33;1105
 91750.11;14.32;1106
 91750.79;14.32;1107
 91750.12;14.31;1108
 91749.41;14.31;1109
 91750.47;14.30;1110
 91749.42;14.30;1111
 91750.47;14.29;1112
 91750.80;14.30;1113
 91750.47;14.29;1114
 91752.18;14.30;1115
 91751.16;14.30;1116
 91750.47;14.30;1117
 91752.53;14.31;1118
 91752.53;14.31;1119
 91752.88;14.31;1120
 91751.84;14.31;1121
 91753.55;14.32;1122
 91753.55;14.32;1123
 91752.17;14.32;1124
 91750.79;14.32;1125
 91749.77;14.32;1126
 91750.79;14.32;1127
 91750.79;14.32;1128
 91749.41;14.32;1129
 91750.47;14.31;1130
 91751.50;14.31;1131
 91751.15;14.31;1132
 91751.15;14.31;1133
 91750.80;14.31;1134
 91753.23;14.30;1135
 91754.61;14.30;1136
 91752.88;14.30;1137
 91752.18;14.30;1138
 91754.62;14.29;1139
 91754.27;14.29;1140
 91754.27;14.29;1141
 91753.56;14.29;1142
 91753.23;14.28;1143
 91753.23;14.28;1144
 91751.52;14.28;1145
 91749.78;14.28;1146
 91752.19;14.28;1147
 91751.86;14.27;1148
 91752.55;14.27;1149
 91753.58;14.27;1150
 91754.28;14.26;1151
 91752.20;14.26;1152
 91751.88;14.25;1153
 91753.94;14.25;1154
 91754.64;14.24;1155
 91754.29;14.24;1156
 91751.17;14.24;1157
 91751.17;14.24;1158
 91750.50;14.23;1159
 91751.53;14.23;1160
 91750.15;14.23;1161
 91749.80;14.23;1162
 91750.50;14.22;1163
 91753.59;14.23;1164
 91752.56;14.22;1165
 91752.21;14.22;1166
 91750.51;14.21;1167
 91753.27;14.21;1168
 91753.27;14.21;1169
 91753.59;14.21;1170
 91754.66;14.20;1171
 91754.66;14.20;1172
 91754.30;14.20;1173
 91752.92;14.20;1174
 91752.57;14.20;1175
 91750.87;14.20;1176
 91750.16;14.19;1177
 91750.16;14.19;1178
 91750.16;14.19;1179
 91750.52;14.19;1180
 91750.52;14.19;1181
 91750.87;14.20;1182
 91750.87;14.20;1183
 91751.19;14.20;1184
 91750.16;14.20;1185
 91748.78;14.20;1186
 91749.80;14.20;1187
 91750.52;14.19;1188
 91751.89;14.19;1189
 91751.55;14.19;1190
 91751.19;14.19;1191
 91752.92;14.18;1192
 91753.95;14.18;1193
 91753.64;14.18;1194
 91750.52;14.17;1195
 91751.20;14.18;1196
 91750.87;14.19;1197
 91750.16;14.18;1198
 91751.55;14.17;1199
 91751.20;14.16;1200
 91751.20;14.15;1201
 91751.56;14.14;1202
 91752.59;14.14;1203
 91752.27;14.14;1204
 91752.94;14.14;1205
 91752.94;14.14;1206
 91751.20;14.14;1207
 91752.27;14.14;1208
 91752.59;14.14;1209
 91753.97;14.14;1210
 91750.89;14.14;1211
 91751.89;14.13;1212
 91752.27;14.14;1213
 91752.27;14.14;1214
 91751.89;14.13;1215
 91751.89;14.13;1216
 91750.89;14.14;1217
 91751.20;14.14;1218
 91751.56;14.14;1219
 91750.53;14.14;1220
 91751.91;14.14;1221
 91751.91;14.14;1222
 91751.91;14.14;1223
 91753.97;14.15;1224
 91753.97;14.15;1225
 91753.30;14.14;1226
 91755.03;14.14;1227
 91753.27;14.13;1228
 91752.92;14.13;1229
 91751.19;14.13;1230
 91752.56;14.13;1231
 91750.86;14.13;1232
 91749.48;14.13;1233
 91750.87;14.12;1234
 91751.19;14.11;1235
 91752.25;14.11;1236
 91752.25;14.11;1237
 91751.90;14.10;1238
 91751.55;14.10;1239
 91752.58;14.10;1240
 91753.95;14.10;1241
 91753.95;14.10;1242
 91751.55;14.10;1243
 91752.25;14.11;1244
 91752.25;14.11;1245
 91754.30;14.11;1246
 91754.66;14.11;1247
 91752.25;14.12;1248
 91752.25;14.12;1249
 91752.25;14.12;1250
 91752.57;14.12;1251
 91751.19;14.12;1252
 91751.19;14.12;1253
 91751.19;14.12;1254
 91752.92;14.12;1255
 91752.57;14.12;1256
 91752.57;14.12;1257
 91751.89;14.11;1258
 91751.55;14.11;1259
 91749.48;14.11;1260
 91753.28;14.10;1261
 91754.31;14.10;1262
 91754.31;14.10;1263
 91752.25;14.10;1264
 91753.63;14.10;1265
 91753.95;14.10;1266
 91755.69;14.10;1267
 91754.66;14.10;1268
 91753.28;14.10;1269
 91753.28;14.10;1270
 91754.66;14.10;1271
 91753.63;14.11;1272
 91753.63;14.11;1273
 91752.25;14.11;1274
 91753.28;14.10;1275
 91753.63;14.11;1276
 91753.28;14.10;1277
 91753.63;14.11;1278
 91753.63;14.11;1279
 91752.25;14.11;1280
 91753.63;14.11;1281
 91752.58;14.11;1282
 91753.95;14.11;1283
 91752.58;14.11;1284
 91752.58;14.11;1285
 91752.25;14.11;1286
 91753.63;14.11;1287
 91753.63;14.10;1288
 91753.63;14.10;1289
 91755.34;14.09;1290
 91754.67;14.08;1291
 91751.91;14.07;1292
 91752.94;14.07;1293
 91753.64;14.08;1294
 91753.28;14.08;1295
 91752.26;14.09;1296
 91752.58;14.09;1297
 91752.93;14.09;1298
 91751.91;14.09;1299
 91752.25;14.10;1300
 91753.63;14.10;1301
 91753.28;14.09;1302
 91752.58;14.09;1303
 91754.31;14.08;1304
 91752.94;14.07;1305
 91752.94;14.07;1306
 91753.30;14.06;1307
 91753.65;14.06;1308
 91752.94;14.05;1309
 91752.94;14.05;1310
 91752.27;14.05;1311
 91751.92;14.04;1312
 91751.92;14.04;1313
 91751.21;14.04;1314
 91752.27;14.04;1315
 91751.56;14.03;1316
 91753.30;14.03;1317
 91751.92;14.03;1318
 91751.22;14.03;1319
 91752.27;14.03;1320
 91751.57;14.02;1321
 91752.95;14.02;1322
 91754.33;14.02;1323
 91754.69;14.02;1324
 91754.69;14.02;1325
 91755.72;14.02;1326
 91754.69;14.01;1327
 91755.72;14.01;1328
 91754.69;14.00;1329
 91752.64;14.00;1330
 91755.05;14.00;1331
 91753.66;14.00;1332
 91754.34;13.99;1333
 91754.02;13.99;1334
 91754.02;13.99;1335
 91754.02;13.99;1336
 91755.40;13.99;1337
 91754.70;13.98;1338
 91754.34;13.98;1339
 91753.67;13.98;1340
 91754.34;13.97;1341
 91752.97;13.97;1342
 91755.05;13.97;1343
 91754.70;13.96;1344
 91753.32;13.96;1345
 91753.32;13.96;1346
 91754.70;13.96;1347
 91753.67;13.97;1348
 91754.02;13.97;1349
 91752.97;13.97;1350
 91751.59;13.97;1351
 91753.67;13.98;1352
 91755.05;13.98;1353
 91756.08;13.97;1354
 91755.41;13.98;1355
 91754.70;13.97;1356
 91755.41;13.98;1357
 91752.96;13.98;1358
 91755.72;13.98;1359
 91754.34;13.98;1360
 91752.96;13.98;1361
 91754.34;13.98;1362
 91753.31;13.98;1363
 91753.67;13.99;1364
 91751.94;13.98;1365
 91753.31;13.98;1366
 91752.96;13.98;1367
 91752.29;13.98;1368
 91752.29;13.98;1369
 91754.34;13.98;1370
 91754.70;13.98;1371
 91754.70;13.98;1372
 91755.40;13.99;1373
 91753.66;14.00;1374
 91754.69;13.99;1375
 91752.96;13.99;1376
 91752.28;13.99;1377
 91753.67;13.99;1378
 91752.64;13.99;1379
 91752.64;13.99;1380
 91754.02;13.99;1381
 91753.67;13.99;1382
 91752.64;13.99;1383
 91753.31;13.98;1384
 91751.94;13.98;1385
 91750.91;13.99;1386
 91749.52;13.99;1387
 91750.55;13.98;1388
 91753.31;13.98;1389
 91751.94;13.98;1390
 91751.94;13.98;1391
 91752.28;13.99;1392
 91755.05;13.99;1393
 91753.67;13.99;1394
 91754.02;13.99;1395
 91753.31;13.98;1396
 91752.29;13.98;1397
 91751.94;13.97;1398
 91753.31;13.97;1399
 91754.70;13.97;1400
 91754.34;13.97;1401
 91751.59;13.97;1402
 91753.31;13.97;1403
 91753.31;13.97;1404
 91752.29;13.98;1405
 91751.94;13.98;1406
 91752.64;13.99;1407
 91752.96;13.99;1408
 91752.28;14.00;1409
 91751.93;13.99;1410
 91753.31;13.99;1411
 91755.05;14.00;1412
 91754.34;13.99;1413
 91754.34;13.99;1414
 91754.34;13.99;1415
 91752.96;13.99;1416
 91752.96;13.99;1417
 91752.28;14.00;1418
 91753.66;14.00;1419
 91753.31;14.00;1420
 91752.28;14.01;1421
 91753.66;14.01;1422
 91752.63;14.01;1423
 91751.58;14.01;1424
 91754.34;14.01;1425
 91752.95;14.01;1426
 91752.95;14.01;1427
 91754.02;14.01;1428
 91752.63;14.01;1429
 91751.25;14.01;1430
 91751.58;14.01;1431
 91751.25;14.01;1432
 91752.28;14.01;1433
 91751.58;14.00;1434
 91752.64;14.00;1435
 91749.52;14.00;1436
 91750.20;13.99;1437
 91750.55;13.99;1438
 91750.20;13.99;1439
 91749.52;14.00;1440
 91751.93;13.99;1441
 91752.96;13.99;1442
 91753.67;13.99;1443
 91752.28;13.99;1444
 91751.26;13.98;1445
 91752.64;13.98;1446
 91754.02;13.98;1447
 91754.02;13.98;1448
 91756.08;13.98;1449
 91755.72;13.98;1450
 91754.34;13.98;1451
 91755.05;13.98;1452
 91755.41;13.98;1453
 91754.02;13.98;1454
 91756.78;13.98;1455
 91755.41;13.98;1456
 91754.02;13.98;1457
 91755.41;13.98;1458
 91753.31;13.97;1459
 91753.31;13.97;1460
 91751.94;13.97;1461
 91752.29;13.98;1462
 91752.64;13.98;1463
 91753.31;13.97;1464
 91753.67;13.98;1465
 91753.31;13.97;1466
 91752.64;13.97;1467
 91752.97;13.97;1468
 91752.64;13.97;1469
 91753.67;13.97;1470
 91754.02;13.97;1471
 91752.97;13.97;1472
 91753.31;13.97;1473
 91753.31;13.97;1474
 91752.97;13.97;1475
 91752.30;13.97;1476
 91751.94;13.96;1477
 91752.30;13.96;1478
 91752.65;13.95;1479
 91754.03;13.94;1480
 91752.98;13.93;1481
 91752.66;13.93;1482
 91751.27;13.93;1483
 91751.95;13.93;1484
 91751.95;13.93;1485
 91754.03;13.92;1486
 91753.33;13.92;1487
 91752.98;13.91;1488
 91754.36;13.91;1489
 91754.04;13.91;1490
 91754.36;13.91;1491
 91754.36;13.91;1492
 91753.33;13.92;1493
 91753.69;13.92;1494
 91754.03;13.92;1495
 91753.69;13.92;1496
 91754.03;13.92;1497
 91752.66;13.92;1498
 91752.98;13.92;1499
 91752.98;13.92;1500
 91754.03;13.92;1501
 91753.33;13.92;1502
 91752.30;13.92;1503
 91754.36;13.91;1504
 91754.04;13.91;1505
 91753.69;13.91;1506
 91752.98;13.90;1507
 91752.66;13.90;1508
 91753.69;13.90;1509
 91752.31;13.90;1510
 91752.66;13.90;1511
 91754.36;13.90;1512
 91754.72;13.91;1513
 91753.69;13.91;1514
 91752.98;13.91;1515
 91753.33;13.92;1516
 91755.06;13.92;1517
 91754.36;13.91;1518
 91753.34;13.91;1519
 91753.34;13.90;1520
 91750.58;13.88;1521
 91752.31;13.87;1522
 91751.97;13.87;1523
 91751.61;13.86;1524
 91752.67;13.86;1525
 91752.67;13.86;1526
 91751.61;13.86;1527
 91751.97;13.87;1528
 91751.28;13.87;1529
 91752.31;13.88;1530
 91752.66;13.88;1531
 91752.98;13.88;1532
 91751.95;13.89;1533
 91754.05;13.89;1534
 91752.98;13.89;1535
 91753.69;13.90;1536
 91753.69;13.90;1537
 91754.72;13.90;1538
 91753.34;13.90;1539
 91752.66;13.89;1540
 91752.66;13.89;1541
 91752.66;13.89;1542
 91752.66;13.89;1543
 91754.05;13.89;1544
 91754.72;13.89;1545
 91753.70;13.88;1546
 91752.98;13.87;1547
 91755.43;13.87;1548
 91755.43;13.87;1549
 91755.43;13.87;1550
 91755.08;13.87;1551
 91752.99;13.86;1552
 91751.97;13.87;1553
 91753.34;13.87;1554
 91754.73;13.87;1555
 91755.08;13.87;1556
 91753.34;13.87;1557
 91753.70;13.87;1558
 91752.98;13.87;1559
 91752.98;13.88;1560
 91754.72;13.89;1561
 91754.05;13.88;1562
 91753.34;13.88;1563
 91754.38;13.87;1564
 91753.70;13.87;1565
 91754.38;13.86;1566
 91755.08;13.86;1567
 91756.11;13.86;1568
 91754.38;13.85;1569
 91753.34;13.86;1570
 91754.73;13.86;1571
 91754.38;13.85;1572
 91752.67;13.85;1573
 91752.67;13.85;1574
 91754.05;13.85;1575
 91753.70;13.85;1576
 91752.32;13.85;1577
 91753.70;13.85;1578
 91755.08;13.85;1579
 91755.44;13.85;1580
 91752.67;13.85;1581
 91753.34;13.86;1582
 91752.31;13.86;1583
 91753.70;13.86;1584
 91753.70;13.86;1585
 91753.34;13.86;1586
 91755.08;13.86;1587
 91754.38;13.85;1588
 91755.44;13.85;1589
 91755.08;13.85;1590
 91754.73;13.85;1591
 91755.08;13.85;1592
 91755.08;13.85;1593
 91754.05;13.85;1594
 91753.70;13.85;1595
 91756.11;13.85;1596
 91756.11;13.85;1597
 91753.34;13.85;1598
 91754.73;13.85;1599
 91754.73;13.85;1600
 91755.08;13.85;1601
 91756.81;13.85;1602
 91756.81;13.85;1603
 91756.11;13.86;1604
 91755.76;13.85;1605
 91756.46;13.85;1606
 91755.77;13.84;1607
 91755.77;13.84;1608
 91757.49;13.85;1609
 91755.44;13.85;1610
 91756.11;13.86;1611
 91755.08;13.86;1612
 91755.75;13.86;1613
 91754.73;13.87;1614
 91754.38;13.87;1615
 91755.42;13.88;1616
 91756.10;13.89;1617
 91757.83;13.89;1618
 91756.45;13.89;1619
 91755.42;13.89;1620
 91755.75;13.89;1621
 91756.45;13.90;1622
 91754.37;13.89;1623
 91756.45;13.89;1624
 91755.08;13.89;1625
 91756.80;13.89;1626
 91757.48;13.90;1627
 91755.75;13.89;1628
 91754.72;13.90;1629
 91755.07;13.90;1630
 91755.07;13.90;1631
 91756.45;13.90;1632
 91756.45;13.90;1633
 91755.42;13.90;1634
 91755.07;13.90;1635
 91754.72;13.90;1636
 91755.75;13.89;1637
 91755.75;13.89;1638
 91755.07;13.90;1639
 91756.45;13.90;1640
 91757.48;13.90;1641
 91756.80;13.89;1642
 91756.10;13.89;1643
 91756.45;13.88;1644
 91757.12;13.88;1645
 91758.52;13.88;1646
 91758.52;13.88;1647
 91758.52;13.88;1648
 91757.48;13.89;1649
 91759.22;13.89;1650
 91760.59;13.89;1651
 91761.98;13.89;1652
 91758.86;13.89;1653
 91759.56;13.89;1654
 91758.51;13.89;1655
 91760.24;13.90;1656
 91760.24;13.90;1657
 91759.89;13.89;1658
 91760.24;13.90;1659
 91761.27;13.89;1660
 91760.95;13.89;1661
 91759.56;13.89;1662
 91760.95;13.89;1663
 91761.27;13.88;1664
 91760.25;13.88;1665
 91760.60;13.87;1666
 91760.25;13.87;1667
 91759.58;13.86;1668
 91759.22;13.86;1669
 91759.58;13.86;1670
 91758.19;13.86;1671
 91758.52;13.86;1672
 91756.46;13.86;1673
 91756.46;13.86;1674
 91758.52;13.86;1675
 91759.57;13.87;1676
 91760.25;13.88;1677
 91760.59;13.88;1678
 91758.52;13.88;1679
 91757.83;13.89;1680
 91758.19;13.89;1681
 91758.51;13.89;1682
 91757.12;13.89;1683
 91759.22;13.89;1684
 91757.48;13.89;1685
 91758.19;13.88;1686
 91757.13;13.87;1687
 91756.45;13.87;1688
 91755.43;13.86;1689
 91755.08;13.86;1690
 91755.76;13.85;1691
 91755.76;13.85;1692
 91755.08;13.85;1693
 91756.46;13.85;1694
 91756.46;13.85;1695
 91756.11;13.85;1696
 91756.81;13.84;1697
 91756.11;13.84;1698
 91757.17;13.83;1699
 91756.82;13.83;1700
 91756.82;13.83;1701
 91758.20;13.83;1702
 91758.55;13.83;1703
 91758.88;13.84;1704
 91759.23;13.84;1705
 91757.84;13.84;1706
 91757.49;13.84;1707
 91756.47;13.84;1708
 91757.84;13.84;1709
 91757.84;13.84;1710
 91756.47;13.84;1711
 91757.84;13.84;1712
 91757.84;13.84;1713
 91757.84;13.84;1714
 91756.81;13.84;1715
 91757.14;13.84;1716
 91757.49;13.85;1717
 91756.46;13.85;1718
 91758.52;13.85;1719
 91758.52;13.85;1720
 91757.48;13.86;1721
 91757.48;13.86;1722
 91757.48;13.86;1723
 91756.46;13.86;1724
 91758.19;13.86;1725
 91756.45;13.87;1726
 91756.81;13.87;1727
 91755.08;13.87;1728
 91757.13;13.86;1729
 91757.84;13.87;1730
 91758.19;13.87;1731
 91757.13;13.87;1732
 91757.48;13.88;1733
 91757.84;13.88;1734
 91758.19;13.88;1735
 91758.19;13.88;1736
 91758.86;13.89;1737
 91757.83;13.89;1738
 91758.86;13.90;1739
 91757.48;13.91;1740
 91759.21;13.91;1741
 91757.48;13.91;1742
 91759.21;13.91;1743
 91759.88;13.91;1744
 91760.23;13.92;1745
 91760.23;13.92;1746
 91759.88;13.91;1747
 91760.94;13.91;1748
 91760.23;13.91;1749
 91759.89;13.90;1750
 91759.56;13.90;1751
 91760.59;13.90;1752
 91761.62;13.90;1753
 91759.22;13.89;1754
 91759.89;13.88;1755
 91759.22;13.88;1756
 91758.19;13.87;1757
 91757.13;13.86;1758
 91757.84;13.86;1759
 91758.87;13.86;1760
 91758.87;13.86;1761
 91757.48;13.86;1762
 91759.22;13.86;1763
 91759.58;13.86;1764
 91760.60;13.86;1765
 91760.25;13.86;1766
 91759.22;13.85;1767
 91757.84;13.84;1768
 91759.58;13.84;1769
 91760.25;13.85;1770
 91761.98;13.85;1771
 91762.66;13.85;1772
 91761.28;13.85;1773
 91761.28;13.85;1774
 91760.25;13.86;1775
 91760.60;13.86;1776
 91758.87;13.86;1777
 91758.87;13.86;1778
 91759.22;13.86;1779
 91759.91;13.85;1780
 91759.58;13.85;1781
 91760.95;13.85;1782
 91760.95;13.85;1783
 91760.25;13.86;1784
 91759.91;13.85;1785
 91760.60;13.86;1786
 91760.95;13.86;1787
 91761.98;13.87;1788
 91760.95;13.87;1789
 91761.27;13.87;1790
 91760.60;13.87;1791
 91759.22;13.86;1792
 91758.52;13.85;1793
 91758.20;13.85;1794
 91758.88;13.85;1795
 91758.20;13.84;1796
 91758.20;13.84;1797
 91760.61;13.84;1798
 91758.55;13.83;1799
 91757.17;13.83;1800
 91759.94;13.83;1801
 91759.94;13.83;1802
 91758.55;13.83;1803
 91758.55;13.83;1804
 91758.55;13.83;1805
 91758.88;13.84;1806
 91758.88;13.84;1807
 91759.23;13.84;1808
 91761.28;13.84;1809
 91760.25;13.85;1810
 91759.91;13.85;1811
 91758.87;13.86;1812
 91758.19;13.86;1813
 91756.81;13.86;1814
 91756.11;13.87;1815
 91755.43;13.87;1816
 91756.10;13.88;1817
 91757.12;13.88;1818
 91759.56;13.89;1819
 91758.19;13.89;1820
 91757.48;13.90;1821
 91759.56;13.90;1822
 91759.21;13.91;1823
 91760.94;13.91;1824
 91761.27;13.91;1825
 91762.64;13.91;1826
 91761.27;13.91;1827
 91759.56;13.91;1828
 91761.27;13.90;1829
 91761.27;13.89;1830
 91759.56;13.89;1831
 91760.95;13.89;1832
 91760.24;13.89;1833
 91759.89;13.88;1834
 91759.57;13.88;1835
 91759.57;13.88;1836
 91758.19;13.88;1837
 91759.22;13.89;1838
 91759.56;13.89;1839
 91759.22;13.89;1840
 91758.51;13.89;1841
 91760.95;13.89;1842
 91761.27;13.88;1843
 91760.25;13.88;1844
 91759.57;13.87;1845
 91758.19;13.87;1846
 91758.19;13.87;1847
 91759.89;13.86;1848
 91760.25;13.86;1849
 91761.28;13.85;1850
 91759.91;13.85;1851
 91760.25;13.86;1852
 91761.28;13.85;1853
 91760.25;13.86;1854
 91758.87;13.86;1855
 91758.52;13.85;1856
 91759.22;13.86;1857
 91760.95;13.86;1858
 91759.89;13.86;1859
 91759.89;13.86;1860
 91759.89;13.86;1861
 91760.25;13.87;1862
 91760.25;13.87;1863
 91759.89;13.87;1864
 91760.25;13.88;1865
 91760.59;13.88;1866
 91760.25;13.88;1867
 91760.59;13.88;1868
 91760.25;13.88;1869
 91759.57;13.87;1870
 91759.89;13.87;1871
 91758.19;13.87;1872
 91758.19;13.87;1873
 91757.84;13.87;1874
 91758.87;13.87;1875
 91757.48;13.87;1876
 91758.52;13.86;1877
 91757.48;13.87;1878
 91756.45;13.87;1879
 91756.81;13.87;1880
 91757.13;13.87;1881
 91757.84;13.88;1882
 91759.89;13.88;1883
 91758.86;13.89;1884
 91759.56;13.89;1885
 91758.86;13.90;1886
 91759.21;13.90;1887
 91759.56;13.90;1888
 91759.89;13.90;1889
 91759.89;13.90;1890
 91760.23;13.91;1891
 91761.62;13.91;1892
 91761.97;13.91;1893
 91759.88;13.91;1894
 91758.50;13.91;1895
 91758.86;13.92;1896
 91759.20;13.92;1897
 91759.20;13.92;1898
 91758.50;13.92;1899
 91757.83;13.93;1900
 91758.17;13.93;1901
 91758.85;13.93;1902
 91759.20;13.94;1903
 91759.55;13.94;1904
 91758.17;13.94;1905
 91758.50;13.94;1906
 91760.58;13.95;1907
 91761.96;13.95;1908
 91759.88;13.95;1909
 91758.84;13.95;1910
 91758.49;13.95;1911
 91759.20;13.96;1912
 91759.88;13.96;1913
 91757.11;13.96;1914
 91758.49;13.96;1915
 91758.49;13.96;1916
 91759.88;13.96;1917
 91759.88;13.96;1918
 91760.93;13.97;1919
 91760.58;13.98;1920
 91760.92;13.98;1921
 91759.55;13.98;1922
 91759.55;13.98;1923
 91761.25;13.97;1924
 91760.93;13.97;1925
 91760.58;13.97;1926
 91760.58;13.97;1927
 91760.22;13.96;1928
 91759.88;13.96;1929
 91759.88;13.96;1930
 91760.58;13.97;1931
 91760.22;13.97;1932
 91763.69;13.98;1933
 91761.60;13.98;1934
 91760.92;13.99;1935
 91761.59;13.99;1936
 91760.57;14.00;1937
 91759.19;14.00;1938
 91761.25;13.99;1939
 91761.25;13.99;1940
 91760.92;13.99;1941
 91763.33;13.99;1942
 91761.25;13.98;1943
 91761.60;13.97;1944
 91762.63;13.97;1945
 91761.25;13.97;1946
 91764.02;13.97;1947
 91763.69;13.98;1948
 91763.34;13.98;1949
 91762.98;13.97;1950
 91762.63;13.96;1951
 91761.96;13.96;1952
 91762.98;13.95;1953
 91760.94;13.95;1954
 91761.96;13.95;1955
 91762.64;13.94;1956
 91761.61;13.93;1957
 91761.61;13.93;1958
 91762.64;13.93;1959
 91762.99;13.93;1960
 91763.34;13.94;1961
 91763.70;13.94;1962
 91760.58;13.94;1963
 91762.31;13.94;1964
 91762.99;13.93;1965
 91762.64;13.93;1966
 91762.99;13.93;1967
 91761.27;13.93;1968
 91762.32;13.93;1969
 91763.34;13.93;1970
 91763.00;13.93;1971
 91763.00;13.93;1972
 91761.61;13.93;1973
 91761.62;13.92;1974
 91760.59;13.92;1975
 91760.59;13.92;1976
 91761.97;13.92;1977
 91761.27;13.91;1978
 91761.27;13.91;1979
 91760.94;13.91;1980
 91762.64;13.91;1981
 91761.62;13.92;1982
 91761.97;13.92;1983
 91762.32;13.92;1984
 91761.61;13.93;1985
 91760.94;13.93;1986
 91761.27;13.93;1987
 91762.99;13.93;1988
 91761.97;13.94;1989
 91760.58;13.95;1990
 91761.25;13.95;1991
 91761.25;13.96;1992
 91760.93;13.97;1993
 91761.95;13.98;1994
 91761.25;13.97;1995
 91761.25;13.97;1996
 91762.98;13.98;1997
 91762.98;13.99;1998
 91761.59;14.00;1999
 91762.30;14.01;2000
 91761.24;14.00;2001
 91761.25;13.99;2002
 91763.33;13.99;2003
 91762.31;13.98;2004
 91764.02;13.97;2005
 91761.61;13.96;2006
 91761.25;13.96;2007
 91761.25;13.96;2008
 91761.61;13.96;2009
 91761.61;13.96;2010
 91760.22;13.96;2011
 91762.63;13.96;2012
 91760.58;13.96;2013
 91761.96;13.96;2014
 91761.96;13.96;2015
 91760.93;13.96;2016
 91759.88;13.96;2017
 91759.88;13.96;2018
 91761.95;13.97;2019
 91761.61;13.96;2020
 91764.72;13.97;2021
 91762.98;13.96;2022
 91762.31;13.96;2023
 91761.61;13.95;2024
 91763.70;13.95;2025
 91764.72;13.95;2026
 91764.02;13.94;2027
 91764.73;13.94;2028
 91764.73;13.94;2029
 91764.73;13.94;2030
 91764.38;13.93;2031
 91765.08;13.93;2032
 91766.11;13.93;2033
 91766.46;13.93;2034
 91764.38;13.93;2035
 91763.34;13.94;2036
 91762.99;13.93;2037
 91763.70;13.94;2038
 91763.34;13.94;2039
 91764.73;13.94;2040
 91765.08;13.94;2041
 91763.70;13.94;2042
 91763.70;13.94;2043
 91763.70;13.94;2044
 91762.31;13.94;2045
 91764.02;13.94;2046
 91764.02;13.94;2047
 91764.02;13.94;2048
 91762.64;13.94;2049
 91761.26;13.94;2050
 91762.64;13.94;2051
 91764.02;13.94;2052
 91763.34;13.94;2053
 91764.38;13.93;2054
 91765.08;13.93;2055
 91766.78;13.92;2056
 91764.38;13.92;2057
 91767.14;13.91;2058
 91766.47;13.90;2059
 91767.50;13.90;2060
 91768.53;13.90;2061
 91768.53;13.90;2062
 91767.15;13.89;2063
 91765.09;13.88;2064
 91765.77;13.88;2065
 91764.39;13.88;2066
 91764.73;13.88;2067
 91765.77;13.88;2068
 91765.77;13.88;2069
 91766.80;13.87;2070
 91765.77;13.88;2071
 91766.47;13.88;2072
 91767.50;13.89;2073
 91768.17;13.89;2074
 91768.17;13.89;2075
 91767.50;13.90;2076
 91766.47;13.90;2077
 91766.79;13.90;2078
 91765.77;13.91;2079
 91766.11;13.91;2080
 91767.50;13.91;2081
 91765.41;13.91;2082
 91766.11;13.92;2083
 91766.47;13.92;2084
 91765.41;13.92;2085
 91764.38;13.93;2086
 91764.38;13.93;2087
 91764.73;13.93;2088
 91765.75;13.93;2089
 91765.41;13.93;2090
 91766.78;13.93;2091
 91767.48;13.94;2092
 91765.41;13.94;2093
 91766.11;13.95;2094
 91767.13;13.95;2095
 91767.12;13.96;2096
 91768.16;13.97;2097
 91767.12;13.97;2098
 91765.75;13.97;2099
 91768.16;13.98;2100
 91767.48;13.99;2101
 91768.50;13.99;2102
 91768.50;14.00;2103
 91767.47;14.01;2104
 91769.20;14.01;2105
 91767.83;14.01;2106
 91767.12;14.01;2107
 91767.12;14.01;2108
 91767.12;14.01;2109
 91765.73;14.01;2110
 91767.12;14.01;2111
 91767.12;14.01;2112
 91765.73;14.01;2113
 91767.12;14.01;2114
 91766.77;14.01;2115
 91768.14;14.01;2116
 91769.88;14.01;2117
 91769.53;14.01;2118
 91767.83;14.01;2119
 91767.83;14.01;2120
 91766.09;14.01;2121
 91766.77;14.01;2122
 91766.44;14.01;2123
 91767.47;14.01;2124
 91767.12;14.00;2125
 91767.12;14.00;2126
 91765.73;14.00;2127
 91766.77;14.00;2128
 91766.09;14.00;2129
 91767.47;14.00;2130
 91766.77;13.99;2131
 91767.48;13.99;2132
 91767.12;13.98;2133
 91765.39;13.98;2134
 91767.12;13.98;2135
 91767.48;13.99;2136
 91768.15;13.99;2137
 91768.50;13.99;2138
 91767.12;13.99;2139
 91768.86;14.00;2140
 91767.47;14.00;2141
 91767.83;14.00;2142
 91767.47;14.00;2143
 91768.15;13.99;2144
 91768.50;13.98;2145
 91765.74;13.98;2146
 91767.12;13.98;2147
 91767.83;13.98;2148
 91769.53;13.97;2149
 91768.86;13.97;2150
 91768.51;13.96;2151
 91770.24;13.97;2152
 91770.24;13.97;2153
 91770.24;13.97;2154
 91770.24;13.97;2155
 91767.48;13.97;2156
 91766.45;13.97;2157
 91768.51;13.97;2158
 91767.83;13.98;2159
 91768.50;13.98;2160
 91768.50;13.98;2161
 91768.86;13.99;2162
 91765.74;13.99;2163
 91766.77;14.00;2164
 91765.73;14.00;2165
 91767.12;14.00;2166
 91766.09;14.01;2167
 91765.38;14.01;2168
 91766.09;14.02;2169
 91766.44;14.02;2170
 91767.82;14.02;2171
 91765.06;14.02;2172
 91764.35;14.02;2173
 91766.09;14.03;2174
 91768.14;14.03;2175
 91767.47;14.04;2176
 91767.11;14.03;2177
 91767.78;14.04;2178
 91767.78;14.04;2179
 91766.08;14.04;2180
 91768.84;14.04;2181
 91767.78;14.04;2182
 91767.78;14.04;2183
 91767.78;14.04;2184
 91765.38;14.04;2185
 91765.38;14.04;2186
 91764.34;14.04;2187
 91763.31;14.05;2188
 91763.64;14.05;2189
 91765.02;14.05;2190
 91765.38;14.05;2191
 91765.38;14.05;2192
 91765.38;14.05;2193
 91765.02;14.05;2194
 91764.70;14.05;2195
 91765.02;14.05;2196
 91764.70;14.06;2197
 91765.72;14.05;2198
 91764.70;14.05;2199
 91765.73;14.04;2200
 91764.34;14.04;2201
 91765.02;14.04;2202
 91767.11;14.03;2203
 91767.11;14.03;2204
 91767.11;14.02;2205
 91767.12;14.01;2206
 91768.50;14.00;2207
 91769.88;14.00;2208
 91769.88;14.00;2209
 91769.88;14.00;2210
 91769.53;14.00;2211
 91769.20;14.00;2212
 91768.50;13.99;2213
 91769.21;13.99;2214
 91767.12;13.98;2215
 91768.50;13.98;2216
 91769.53;13.98;2217
 91769.89;13.98;2218
 91768.50;13.98;2219
 91769.53;13.98;2220
 91769.21;13.98;2221
 91769.89;13.98;2222
 91770.59;13.99;2223
 91769.88;13.99;2224
 91771.62;14.00;2225
 91770.59;14.00;2226
 91770.59;14.00;2227
 91770.23;14.00;2228
 91769.88;13.99;2229
 91770.23;13.99;2230
 91771.62;13.99;2231
 91771.97;13.99;2232
 91771.62;13.99;2233
 91772.30;13.98;2234
 91773.00;13.99;2235
 91772.30;13.98;2236
 91771.27;13.98;2237
 91772.30;13.98;2238
 91772.30;13.98;2239
 91772.65;13.98;2240
 91771.62;13.99;2241
 91772.30;13.99;2242
 91773.00;14.00;2243
 91773.34;14.00;2244
 91771.97;14.00;2245
 91771.62;14.00;2246
 91770.23;14.00;2247
 91771.27;13.99;2248
 91773.00;14.00;2249
 91773.34;14.00;2250
 91773.00;14.00;2251
 91772.64;13.99;2252
 91772.30;13.99;2253
 91771.62;13.99;2254
 91771.27;13.97;2255
 91771.62;13.97;2256
 91771.62;13.96;2257
 91771.27;13.95;2258
 91772.30;13.95;2259
 91772.66;13.94;2260
 91774.04;13.93;2261
 91773.37;13.93;2262
 91772.31;13.92;2263
 91773.37;13.92;2264
 91774.05;13.92;2265
 91774.05;13.92;2266
 91774.40;13.91;2267
 91773.02;13.91;2268
 91773.38;13.91;2269
 91773.02;13.91;2270
 91773.70;13.90;2271
 91774.05;13.91;2272
 91776.80;13.92;2273
 91773.37;13.92;2274
 91773.02;13.93;2275
 91775.42;13.93;2276
 91775.06;13.94;2277
 91774.04;13.94;2278
 91773.01;13.95;2279
 91773.01;13.95;2280
 91774.04;13.94;2281
 91774.04;13.94;2282
 91772.30;13.94;2283
 91772.66;13.94;2284
 91775.06;13.95;2285
 91774.03;13.95;2286
 91774.03;13.95;2287
 91774.03;13.95;2288
 91773.69;13.95;2289
 91774.39;13.95;2290
 91774.39;13.95;2291
 91773.01;13.95;2292
 91773.36;13.95;2293
 91774.74;13.95;2294
 91774.39;13.95;2295
 91774.39;13.95;2296
 91775.42;13.94;2297
 91773.69;13.94;2298
 91775.06;13.94;2299
 91775.06;13.94;2300
 91772.66;13.94;2301
 91773.36;13.95;2302
 91771.62;13.95;2303
 91773.36;13.95;2304
 91772.66;13.94;2305
 91772.30;13.94;2306
 91771.98;13.94;2307
 91773.36;13.94;2308
 91773.69;13.94;2309
 91775.77;13.95;2310
 91776.12;13.95;2311
 91776.12;13.95;2312
 91775.06;13.95;2313
 91774.74;13.95;2314
 91774.03;13.95;2315
 91774.03;13.95;2316
 91772.66;13.95;2317
 91774.03;13.95;2318
 91774.39;13.95;2319
 91775.77;13.95;2320
 91775.77;13.95;2321
 91774.04;13.94;2322
 91774.75;13.94;2323
 91775.06;13.94;2324
 91774.75;13.94;2325
 91773.36;13.94;2326
 91773.69;13.94;2327
 91774.04;13.94;2328
 91775.77;13.95;2329
 91774.74;13.95;2330
 91775.06;13.95;2331
 91774.03;13.95;2332
 91774.03;13.95;2333
 91775.42;13.95;2334
 91776.45;13.95;2335
 91776.45;13.95;2336
 91776.45;13.95;2337
 91775.77;13.96;2338
 91774.73;13.96;2339
 91777.83;13.96;2340
 91777.83;13.96;2341
 91776.12;13.97;2342
 91777.82;13.97;2343
 91776.44;13.97;2344
 91775.41;13.96;2345
 91775.77;13.96;2346
 91776.12;13.96;2347
 91776.12;13.96;2348
 91775.06;13.96;2349
 91776.44;13.96;2350
 91778.17;13.96;2351
 91776.12;13.97;2352
 91775.41;13.96;2353
 91775.42;13.95;2354
 91776.12;13.95;2355
 91775.77;13.95;2356
 91776.12;13.95;2357
 91777.50;13.95;2358
 91777.50;13.95;2359
 91776.12;13.95;2360
 91776.45;13.95;2361
 91775.42;13.95;2362
 91775.06;13.95;2363
 91776.45;13.95;2364
 91776.80;13.95;2365
 91776.45;13.95;2366
 91776.80;13.95;2367
 91777.50;13.96;2368
 91777.83;13.96;2369
 91777.83;13.96;2370
 91777.15;13.97;2371
 91776.12;13.97;2372
 91776.12;13.98;2373
 91777.50;13.98;2374
 91778.88;13.98;2375
 91778.88;13.98;2376
 91780.58;13.98;2377
 91780.58;13.98;2378
 91779.55;13.98;2379
 91779.55;13.98;2380
 91778.88;13.98;2381
 91778.53;13.98;2382
 91778.53;13.98;2383
 91778.17;13.97;2384
 91778.88;13.97;2385
 91778.53;13.97;2386
 91779.20;13.96;2387
 91781.30;13.96;2388
 91779.20;13.95;2389
 91778.53;13.95;2390
 91780.59;13.94;2391
 91780.27;13.94;2392
 91778.89;13.94;2393
 91780.27;13.94;2394
 91779.56;13.94;2395
 91780.94;13.94;2396
 91780.27;13.94;2397
 91779.91;13.94;2398
 91779.91;13.94;2399
 91777.51;13.94;2400
 91779.91;13.95;2401
 91780.94;13.94;2402
 91780.59;13.94;2403
 91779.56;13.94;2404
 91778.89;13.95;2405
 91780.27;13.95;2406
 91781.30;13.95;2407
 91781.65;13.95;2408
 91781.30;13.95;2409
 91780.27;13.95;2410
 91779.20;13.95;2411
 91778.88;13.96;2412
 91780.27;13.96;2413
 91780.59;13.96;2414
 91780.59;13.96;2415
 91780.59;13.96;2416
 91780.94;13.96;2417
 91781.29;13.97;2418
 91781.64;13.97;2419
 91780.94;13.97;2420
 91781.97;13.97;2421
 91779.91;13.97;2422
 91778.17;13.96;2423
 91779.56;13.96;2424
 91779.91;13.97;2425
 91778.17;13.96;2426
 91778.17;13.96;2427
 91779.20;13.97;2428
 91780.94;13.97;2429
 91780.27;13.97;2430
 91780.59;13.96;2431
 91780.59;13.95;2432
 91782.67;13.95;2433
 91781.30;13.95;2434
 91780.27;13.95;2435
 91781.97;13.95;2436
 91782.67;13.96;2437
 91783.02;13.96;2438
 91781.30;13.96;2439
 91779.56;13.95;2440
 91779.91;13.96;2441
 91779.91;13.96;2442
 91780.94;13.95;2443
 91781.65;13.95;2444
 91781.65;13.95;2445
 91780.94;13.94;2446
 91781.30;13.94;2447
 91780.95;13.93;2448
 91781.65;13.94;2449
 91781.97;13.94;2450
 91781.30;13.95;2451
 91780.27;13.95;2452
 91780.94;13.95;2453
 91780.94;13.95;2454
 91779.91;13.96;2455
 91779.56;13.95;2456
 91780.59;13.95;2457
 91778.89;13.95;2458
 91780.94;13.95;2459
 91781.30;13.96;2460
 91779.20;13.96;2461
 91779.56;13.96;2462
 91779.91;13.97;2463
 91781.97;13.97;2464
 91783.02;13.98;2465
 91783.70;13.98;2466
 91784.05;13.99;2467
 91783.70;13.98;2468
 91782.67;13.99;2469
 91783.69;13.99;2470
 91782.66;14.00;2471
 91783.02;14.00;2472
 91781.64;14.00;2473
 91782.66;14.01;2474
 91781.95;14.01;2475
 91782.66;14.02;2476
 91783.33;14.02;2477
 91783.33;14.02;2478
 91783.69;14.02;2479
 91783.69;14.02;2480
 91784.72;14.02;2481
 91784.04;14.03;2482
 91784.04;14.03;2483
 91784.04;14.03;2484
 91784.36;14.03;2485
 91784.36;14.04;2486
 91784.03;14.05;2487
 91784.03;14.05;2488
 91784.03;14.05;2489
 91785.06;14.04;2490
 91785.41;14.05;2491
 91784.70;14.05;2492
 91783.33;14.05;2493
 91784.70;14.05;2494
 91783.68;14.05;2495
 91784.70;14.06;2496
 91784.35;14.07;2497
 91784.35;14.07;2498
 91782.97;14.07;2499
 91783.32;14.07;2500
 91782.64;14.08;2501
 91783.32;14.08;2502
 91783.67;14.08;2503
 91782.97;14.09;2504
 91781.94;14.09;2505
 91781.94;14.09;2506
 91782.29;14.09;2507
 91782.64;14.10;2508
 91782.64;14.10;2509
 91784.34;14.10;2510
 91782.64;14.10;2511
 91782.64;14.10;2512
 91781.58;14.10;2513
 91780.55;14.10;2514
 91782.28;14.10;2515
 91782.96;14.11;2516
 91784.69;14.11;2517
 91784.02;14.12;2518
 91784.02;14.12;2519
 91784.02;14.12;2520
 91783.66;14.11;2521
 91784.69;14.11;2522
 91784.02;14.12;2523
 91784.02;14.12;2524
 91782.95;14.12;2525
 91784.69;14.12;2526
 91784.69;14.12;2527
 91785.05;14.12;2528
 91783.66;14.12;2529
 91784.69;14.12;2530
 91786.42;14.11;2531
 91785.72;14.11;2532
 91787.10;14.11;2533
 91788.48;14.11;2534
 91788.16;14.11;2535
 91788.48;14.10;2536
 91788.48;14.10;2537
 91787.81;14.09;2538
 91788.16;14.10;2539
 91786.78;14.10;2540
 91787.11;14.10;2541
 91786.78;14.10;2542
 91787.81;14.09;2543
 91787.81;14.09;2544
 91787.81;14.09;2545
 91789.55;14.10;2546
 91786.78;14.10;2547
 91788.16;14.10;2548
 91788.16;14.10;2549
 91788.84;14.10;2550
 91787.81;14.10;2551
 91787.81;14.10;2552
 91787.81;14.10;2553
 91786.78;14.11;2554
 91788.16;14.11;2555
 91786.08;14.10;2556
 91787.81;14.10;2557
 91787.45;14.10;2558
 91784.70;14.10;2559
 91784.70;14.10;2560
 91786.08;14.10;2561
 91786.08;14.10;2562
 91786.43;14.10;2563
 91786.43;14.10;2564
 91786.78;14.11;2565
 91785.40;14.11;2566
 91787.10;14.11;2567
 91785.72;14.11;2568
 91787.10;14.11;2569
 91785.72;14.11;2570
 91788.48;14.11;2571
 91787.45;14.11;2572
 91787.81;14.11;2573
 91786.42;14.11;2574
 91785.05;14.11;2575
 91786.78;14.12;2576
 91787.10;14.12;2577
 91787.45;14.12;2578
 91785.72;14.12;2579
 91784.02;14.12;2580
 91784.34;14.12;2581
 91784.69;14.12;2582
 91784.69;14.12;2583
 91786.07;14.12;2584
 91787.10;14.12;2585
 91785.72;14.12;2586
 91786.07;14.12;2587
 91786.42;14.11;2588
 91786.78;14.12;2589
 91785.05;14.11;2590
 91787.10;14.11;2591
 91787.10;14.11;2592
 91785.72;14.11;2593
 91784.02;14.11;2594
 91783.67;14.10;2595
 91784.02;14.11;2596
 91784.02;14.11;2597
 91782.96;14.11;2598
 91784.69;14.11;2599
 91785.05;14.11;2600
 91785.72;14.12;2601
 91786.42;14.12;2602
 91785.39;14.13;2603
 91784.34;14.13;2604
 91784.34;14.13;2605
 91784.69;14.13;2606
 91784.69;14.13;2607
 91787.09;14.13;2608
 91786.77;14.13;2609
 91786.07;14.12;2610
 91786.07;14.12;2611
 91785.72;14.12;2612
 91785.05;14.11;2613
 91784.69;14.11;2614
 91784.34;14.11;2615
 91784.69;14.11;2616
 91784.02;14.12;2617
 91785.72;14.12;2618
 91786.77;14.13;2619
 91783.66;14.13;2620
 91782.98;14.14;2621
 91784.36;14.14;2622
 91784.71;14.14;2623
 91784.71;14.14;2624
 91785.41;14.15;2625
 91784.03;14.15;2626
 91784.03;14.15;2627
 91782.97;14.15;2628
 91784.03;14.15;2629
 91784.03;14.15;2630
 91785.06;14.14;2631
 91786.09;14.14;2632
 91785.06;14.14;2633
 91784.36;14.15;2634
 91783.68;14.15;2635
 91786.80;14.16;2636
 91785.73;14.16;2637
 91786.44;14.15;2638
 91785.06;14.15;2639
 91786.80;14.16;2640
 91783.67;14.16;2641
 91783.32;14.17;2642
 91784.02;14.18;2643
 91785.05;14.18;2644
 91785.05;14.18;2645
 91786.78;14.19;2646
 91785.41;14.19;2647
 91787.46;14.19;2648
 91786.08;14.19;2649
 91786.43;14.19;2650
 91786.08;14.19;2651
 91785.05;14.18;2652
 91784.70;14.18;2653
 91785.73;14.18;2654
 91786.44;14.17;2655
 91785.06;14.16;2656
 91785.41;14.16;2657
 91783.33;14.15;2658
 91781.59;14.15;2659
 91782.66;14.15;2660
 91784.03;14.15;2661
 91783.68;14.14;2662
 91784.71;14.14;2663
 91786.09;14.14;2664
 91784.71;14.14;2665
 91784.71;14.14;2666
 91783.33;14.14;2667
 91784.36;14.15;2668
 91784.35;14.16;2669
 91785.06;14.16;2670
 91785.06;14.15;2671
 91783.30;14.13;2672
 91781.58;14.12;2673
 91783.66;14.11;2674
 91784.34;14.11;2675
 91782.64;14.11;2676
 91785.05;14.10;2677
 91784.34;14.10;2678
 91784.02;14.10;2679
 91783.67;14.09;2680
 91784.34;14.09;2681
 91785.05;14.08;2682
 91783.67;14.07;2683
 91784.03;14.07;2684
 91782.97;14.06;2685
 91783.68;14.05;2686
 91785.06;14.05;2687
 91784.36;14.05;2688
 91784.70;14.05;2689
 91785.73;14.05;2690
 91784.70;14.05;2691
 91783.33;14.05;2692
 91785.41;14.06;2693
 91785.73;14.06;2694
 91785.73;14.06;2695
 91785.06;14.06;2696
 91785.41;14.07;2697
 91784.70;14.07;2698
 91784.03;14.08;2699
 91784.34;14.08;2700
 91783.67;14.08;2701
 91783.67;14.08;2702
 91784.34;14.09;2703
 91783.67;14.09;2704
 91784.02;14.10;2705
 91784.70;14.10;2706
 91784.34;14.10;2707
 91784.02;14.10;2708
 91783.31;14.09;2709
 91784.34;14.09;2710
 91784.70;14.09;2711
 91783.31;14.09;2712
 91784.02;14.09;2713
 91782.64;14.09;2714
 91784.34;14.09;2715
 91783.31;14.09;2716
 91783.67;14.09;2717
 91783.67;14.09;2718
 91784.02;14.10;2719
 91784.02;14.10;2720
 91782.96;14.10;2721
 91784.02;14.10;2722
 91784.02;14.10;2723
 91784.02;14.10;2724
 91783.31;14.10;2725
 91784.02;14.10;2726
 91785.05;14.09;2727
 91784.34;14.09;2728
 91785.73;14.09;2729
 91785.73;14.09;2730
 91785.41;14.09;2731
 91784.70;14.09;2732
 91785.05;14.09;2733
 91785.72;14.10;2734
 91783.31;14.10;2735
 91785.05;14.10;2736
 91783.67;14.10;2737
 91785.05;14.10;2738
 91784.34;14.10;2739
 91784.02;14.10;2740
 91782.97;14.09;2741
 91782.97;14.09;2742
 91784.34;14.09;2743
 91785.05;14.09;2744
 91784.34;14.10;2745
 91784.70;14.10;2746
 91786.08;14.10;2747
 91784.70;14.10;2748
 91783.67;14.10;2749
 91783.67;14.10;2750
 91783.31;14.10;2751
 91783.67;14.09;2752
 91784.70;14.08;2753
 91785.05;14.07;2754
 91784.35;14.07;2755
 91782.65;14.07;2756
 91785.06;14.06;2757
 91783.33;14.06;2758
 91784.70;14.06;2759
 91784.35;14.06;2760
 91782.97;14.06;2761
 91784.35;14.06;2762
 91785.41;14.06;2763
 91785.41;14.06;2764
 91783.68;14.04;2765
 91784.36;14.04;2766
 91785.73;14.04;2767
 91785.06;14.03;2768
 91786.80;14.04;2769
 91785.42;14.04;2770
 91785.73;14.04;2771
 91786.09;14.04;2772
 91784.36;14.04;2773
 91784.71;14.04;2774
 91785.06;14.04;2775
 91785.06;14.05;2776
 91785.41;14.06;2777
 91785.41;14.06;2778
 91784.70;14.06;2779
 91783.67;14.06;2780
 91784.03;14.07;2781
 91783.67;14.06;2782
 91784.70;14.06;2783
 91784.36;14.05;2784
 91783.68;14.04;2785
 91783.68;14.04;2786
 91784.71;14.04;2787
 91781.59;14.04;2788
 91782.98;14.04;2789
 91784.71;14.04;2790
 91785.41;14.05;2791
 91784.70;14.05;2792
 91785.41;14.06;2793
 91785.06;14.06;2794
 91786.44;14.07;2795
 91786.44;14.08;2796
 91785.41;14.10;2797
 91787.10;14.11;2798
 91785.05;14.11;2799
 91784.34;14.12;2800
 91785.72;14.12;2801
 91786.77;14.13;2802
 91785.04;14.13;2803
 91784.36;14.14;2804
 91784.03;14.15;2805
 91785.41;14.15;2806
 91784.03;14.15;2807
 91784.36;14.15;2808
 91782.30;14.15;2809
 91784.03;14.16;2810
 91784.35;14.16;2811
 91782.65;14.16;2812
 91782.30;14.15;2813
 91781.59;14.15;2814
 91782.30;14.14;2815
 91785.06;14.14;2816
 91784.71;14.14;2817
 91785.06;14.14;2818
 91784.03;14.15;2819
 91784.03;14.15;2820
 91781.95;14.14;2821
 91781.95;14.14;2822
 91782.30;14.14;2823
 91783.68;14.14;2824
 91783.68;14.14;2825
 91783.68;14.14;2826
 91784.03;14.15;2827
 91786.45;14.14;2828
 91784.03;14.15;2829
 91784.36;14.15;2830
 91783.68;14.14;2831
 91784.03;14.14;2832
 91786.07;14.13;2833
 91786.42;14.12;2834
 91785.72;14.12;2835
 91788.48;14.12;2836
 91788.16;14.12;2837
 91784.69;14.11;2838
 91784.34;14.11;2839
 91785.05;14.10;2840
 91784.70;14.10;2841
 91787.11;14.10;2842
 91785.41;14.10;2843
 91785.41;14.10;2844
 91785.41;14.10;2845
 91785.72;14.10;2846
 91786.08;14.10;2847
 91786.43;14.10;2848
 91786.43;14.10;2849
 91784.02;14.11;2850
 91784.02;14.11;2851
 91785.05;14.10;2852
 91784.70;14.10;2853
 91785.05;14.10;2854
 91784.70;14.10;2855
 91785.72;14.10;2856
 91785.41;14.10;2857
 91783.67;14.09;2858
 91784.70;14.09;2859
 91784.70;14.09;2860
 91786.78;14.10;2861
 91786.78;14.10;2862
 91785.72;14.10;2863
 91784.34;14.10;2864
 91786.08;14.10;2865
 91785.05;14.10;2866
 91786.43;14.10;2867
 91784.02;14.11;2868
 91784.02;14.11;2869
 91784.34;14.11;2870
 91786.08;14.11;2871
 91784.69;14.11;2872
 91785.40;14.11;2873
 91786.78;14.11;2874
 91785.40;14.11;2875
 91786.78;14.11;2876
 91785.40;14.11;2877
 91785.40;14.11;2878
 91785.05;14.10;2879
 91784.34;14.10;2880
 91785.05;14.09;2881
 91785.41;14.10;2882
 91784.02;14.10;2883
 91784.34;14.10;2884
 91783.31;14.10;2885
 91784.34;14.10;2886
 91784.02;14.10;2887
 91785.41;14.09;2888
 91784.34;14.08;2889
 91784.03;14.08;2890
 91785.05;14.07;2891
 91784.70;14.07;2892
 91784.70;14.06;2893
 91784.03;14.06;2894
 91783.33;14.05;2895
 91785.06;14.04;2896
 91784.71;14.04;2897
 91783.33;14.04;2898
 91782.97;14.05;2899
 91783.68;14.05;2900
 91784.03;14.06;2901
 91785.06;14.05;2902
 91785.06;14.05;2903
 91785.06;14.04;2904
 91785.42;14.04;2905
 91785.06;14.03;2906
 91786.45;14.03;2907
 91784.04;14.03;2908
 91784.72;14.02;2909
 91784.72;14.02;2910
 91785.77;14.02;2911
 91786.09;14.01;2912
 91786.80;14.01;2913
 91787.16;14.00;2914
 91786.45;13.99;2915
 91786.10;13.99;2916
 91787.16;13.99;2917
 91787.48;13.98;2918
 91787.16;13.98;2919
 91785.78;13.98;2920
 91785.43;13.99;2921
 91785.43;13.99;2922
 91786.45;13.99;2923
 91785.08;13.99;2924
 91786.10;13.99;2925
 91787.16;13.99;2926
 91786.81;13.99;2927
 91787.84;13.98;2928
 91787.84;13.98;2929
 91789.22;13.98;2930
 91786.46;13.97;2931
 91787.48;13.97;2932
 91788.55;13.97;2933
 91788.20;13.97;2934
 91787.17;13.97;2935
 91787.48;13.97;2936
 91787.17;13.97;2937
 91785.79;13.96;2938
 91786.81;13.96;2939
 91787.17;13.96;2940
 91786.47;13.95;2941
 91787.49;13.95;2942
 91788.20;13.95;2943
 91787.84;13.94;2944
 91787.50;13.94;2945
 91787.84;13.94;2946
 91787.84;13.94;2947
 91788.55;13.94;2948
 91788.55;13.94;2949
 91787.84;13.93;2950
 91789.23;13.93;2951
 91788.20;13.94;2952
 91788.55;13.94;2953
 91789.23;13.94;2954
 91788.55;13.95;2955
 91787.49;13.95;2956
 91788.20;13.96;2957
 91787.17;13.96;2958
 91787.84;13.96;2959
 91786.46;13.96;2960
 91788.20;13.97;2961
 91788.55;13.97;2962
 91787.48;13.97;2963
 91787.17;13.97;2964
 91787.48;13.97;2965
 91789.22;13.97;2966
 91788.55;13.98;2967
 91791.62;13.98;2968
 91790.95;13.99;2969
 91789.92;13.99;2970
 91791.62;13.99;2971
 91790.25;13.99;2972
 91789.57;14.00;2973
 91789.92;14.00;2974
 91788.19;14.00;2975
 91789.92;14.00;2976
 91790.95;14.00;2977
 91790.59;13.99;2978
 91789.22;13.99;2979
 91790.59;13.99;2980
 91790.59;13.99;2981
 91788.86;13.99;2982
 91789.92;13.99;2983
 91789.92;13.99;2984
 91790.59;13.99;2985
 91791.98;13.99;2986
 91791.62;13.99;2987
 91791.30;13.99;2988
 91789.57;13.99;2989
 91789.57;13.99;2990
 91789.92;13.99;2991
 91789.57;13.99;2992
 91788.87;13.98;2993
 91789.92;13.98;2994
 91790.25;13.98;2995
 91789.58;13.98;2996
 91789.93;13.97;2997
 91790.95;13.97;2998
 91790.61;13.96;2999
 91789.93;13.96;3000
 91791.31;13.96;3001
 91790.25;13.96;3002
 91789.93;13.96;3003
 91788.20;13.96;3004
 91789.58;13.95;3005
 91790.26;13.94;3006
 91789.94;13.94;3007
 91788.88;13.94;3008
 91789.23;13.94;3009
 91789.23;13.94;3010
 91788.55;13.95;3011
 91788.88;13.95;3012
 91789.93;13.96;3013
 91788.88;13.96;3014
 91788.88;13.96;3015
 91787.17;13.96;3016
 91788.20;13.96;3017
 91787.49;13.95;3018
 91788.55;13.95;3019
 91787.50;13.94;3020
 91788.88;13.94;3021
 91788.20;13.95;3022
 91787.50;13.94;3023
 91791.31;13.93;3024
 91789.59;13.92;3025
 91789.94;13.91;3026
 91789.23;13.91;3027
 91788.56;13.90;3028
 91789.23;13.90;3029
 91790.27;13.89;3030
 91789.23;13.89;3031
 91789.59;13.89;3032
 91790.62;13.89;3033
 91788.56;13.88;3034
 91787.86;13.88;3035
 91788.22;13.87;3036
 91788.56;13.87;3037
 91787.86;13.88;3038
 91788.21;13.88;3039
 91787.51;13.87;3040
 91790.27;13.87;3041
 91790.27;13.87;3042
 91789.95;13.87;3043
 91788.56;13.87;3044
 91789.24;13.88;3045
 91789.24;13.88;3046
 91789.59;13.88;3047
 91789.59;13.88;3048
 91789.24;13.88;3049
 91789.59;13.88;3050
 91790.97;13.88;3051
 91790.27;13.88;3052
 91790.27;13.88;3053
 91789.59;13.89;3054
 91792.35;13.90;3055
 91792.70;13.90;3056
 91793.02;13.90;3057
 91793.38;13.91;3058
 91793.73;13.91;3059
 91792.70;13.91;3060
 91790.27;13.91;3061
 91791.64;13.91;3062
 91791.32;13.91;3063
 91790.97;13.91;3064
 91790.97;13.91;3065
 91790.62;13.91;3066
 91790.27;13.90;3067
 91788.56;13.90;3068
 91789.59;13.90;3069
 91787.50;13.89;3070
 91788.56;13.89;3071
 91790.27;13.89;3072
 91788.88;13.89;3073
 91790.27;13.89;3074
 91789.23;13.90;3075
 91790.27;13.89;3076
 91792.00;13.90;3077
 91790.62;13.90;3078
 91792.00;13.90;3079
 91792.00;13.90;3080
 91793.38;13.90;3081
 91793.38;13.89;3082
 91791.33;13.88;3083
 91791.33;13.88;3084
 91792.36;13.88;3085
 91792.70;13.88;3086
 91792.70;13.88;3087
 91792.70;13.88;3088
 91792.70;13.88;3089
 91791.65;13.88;3090
 91790.97;13.89;3091
 91792.70;13.89;3092
 91792.70;13.89;3093
 91792.00;13.90;3094
 91792.35;13.90;3095
 91793.02;13.90;3096
 91792.34;13.91;3097
 91792.70;13.92;3098
 91794.41;13.92;3099
 91793.73;13.93;3100
 91793.73;13.93;3101
 91792.70;13.93;3102
 91793.02;13.93;3103
 91792.70;13.93;3104
 91793.73;13.93;3105
 91794.08;13.92;3106
 91794.41;13.92;3107
 91794.41;13.92;3108
 91794.41;13.93;3109
 91791.99;13.93;3110
 91793.72;13.94;3111
 91794.75;13.93;3112
 91792.70;13.93;3113
 91794.08;13.93;3114
 91794.08;13.93;3115
 91794.75;13.93;3116
 91794.41;13.92;3117
 91793.02;13.92;3118
 91791.64;13.92;3119
 91793.73;13.93;3120
 91793.38;13.93;3121
 91793.38;13.93;3122
 91793.38;13.93;3123
 91794.08;13.93;3124
 91791.64;13.93;3125
 91792.34;13.94;3126
 91791.64;13.94;3127
 91792.70;13.95;3128
 91793.02;13.96;3129
 91791.98;13.96;3130
 91792.34;13.97;3131
 91792.69;13.97;3132
 91792.69;13.97;3133
 91791.62;13.97;3134
 91792.69;13.97;3135
 91792.34;13.97;3136
 91791.31;13.97;3137
 91791.31;13.97;3138
 91793.72;13.97;3139
 91793.37;13.95;3140
 91793.72;13.94;3141
 91793.02;13.93;3142
 91794.41;13.93;3143
 91793.38;13.93;3144
 91793.02;13.93;3145
 91792.34;13.93;3146
 91792.34;13.93;3147
 91793.02;13.93;3148
 91793.02;13.93;3149
 91793.02;13.93;3150
 91793.02;13.93;3151
 91792.70;13.94;3152
 91792.70;13.94;3153
 91793.02;13.94;3154
 91795.10;13.95;3155
 91794.40;13.95;3156
 91793.72;13.96;3157
 91793.72;13.97;3158
 91792.34;13.97;3159
 91793.02;13.97;3160
 91794.39;13.97;3161
 91792.69;13.97;3162
 91792.34;13.97;3163
 91790.95;13.97;3164
 91792.69;13.97;3165
 91791.62;13.97;3166
 91791.62;13.97;3167
 91792.69;13.97;3168
 91794.07;13.97;3169
 91793.72;13.97;3170
 91794.39;13.97;3171
 91794.07;13.97;3172
 91795.45;13.97;3173
 91795.09;13.97;3174
 91795.78;13.96;3175
 91795.09;13.97;3176
 91793.72;13.97;3177
 91790.95;13.97;3178
 91791.98;13.97;3179
 91793.36;13.97;3180
 91793.02;13.97;3181
 91794.07;13.97;3182
 91794.75;13.96;3183
 91793.72;13.97;3184
 91793.37;13.96;3185
 91793.02;13.96;3186
 91793.02;13.96;3187
 91794.08;13.96;3188
 91795.10;13.96;3189
 91794.75;13.95;3190
 91791.98;13.95;3191
 91793.37;13.95;3192
 91791.98;13.95;3193
 91793.02;13.95;3194
 91796.12;13.95;3195
 91796.12;13.95;3196
 91793.37;13.95;3197
 91794.75;13.95;3198
 91795.10;13.96;3199
 91794.08;13.96;3200
 91795.45;13.96;3201
 91795.45;13.96;3202
 91794.08;13.96;3203
 91794.39;13.96;3204
 91794.08;13.96;3205
 91795.78;13.96;3206
 91795.09;13.97;3207
 91794.07;13.97;3208
 91794.75;13.97;3209
 91792.34;13.98;3210
 91792.69;13.98;3211
 91794.07;13.98;3212
 91794.39;13.98;3213
 91794.06;13.99;3214
 91794.39;13.99;3215
 91794.06;13.99;3216
 91795.45;13.99;3217
 91795.09;13.99;3218
 91795.45;13.99;3219
 91794.06;13.99;3220
 91795.77;13.99;3221
 91795.77;13.99;3222
 91795.77;13.99;3223
 91794.39;13.99;3224
 91794.74;13.99;3225
 91794.06;14.00;3226
 91794.73;14.00;3227
 91794.73;14.00;3228
 91793.00;14.00;3229
 91794.73;14.00;3230
 91793.36;14.00;3231
 91793.71;14.01;3232
 91795.09;14.01;3233
 91794.06;14.01;3234
 91794.06;14.01;3235
 91794.73;14.00;3236
 91793.36;13.99;3237
 91792.69;13.99;3238
 91792.69;13.99;3239
 91794.74;13.99;3240
 91794.74;13.99;3241
 91794.39;13.99;3242
 91794.39;13.99;3243
 91794.06;13.99;3244
 91793.72;13.99;3245
 91795.77;13.99;3246
 91794.74;13.99;3247
 91796.12;13.99;3248
 91795.45;13.99;3249
 91795.45;13.99;3250
 91794.06;13.99;3251
 91793.71;14.00;3252
 91793.71;14.00;3253
 91791.62;14.00;3254
 91790.95;14.01;3255
 91791.62;14.01;3256
 91793.00;14.01;3257
 91793.00;14.01;3258
 91792.68;14.01;3259
 91792.33;14.01;3260
 91791.98;14.00;3261
 91793.71;14.01;3262
 91792.68;14.01;3263
 91792.68;14.01;3264
 91794.38;14.01;3265
 91793.36;14.01;3266
 91793.70;14.02;3267
 91793.00;14.01;3268
 91792.68;14.01;3269
 91795.09;14.01;3270
 91794.06;14.01;3271
 91792.33;14.02;3272
 91794.38;14.02;3273
 91793.35;14.02;3274
 91792.33;14.03;3275
 91793.35;14.03;3276
 91793.70;14.04;3277
 91795.09;14.04;3278
 91795.09;14.04;3279
 91795.41;14.04;3280
 91794.03;14.04;3281
 91795.41;14.04;3282
 91794.03;14.04;3283
 91795.76;14.04;3284
 91796.11;14.04;3285
 91796.47;14.05;3286
 91795.41;14.05;3287
 91795.08;14.05;3288
 91795.41;14.05;3289
 91795.76;14.05;3290
 91794.38;14.05;3291
 91795.76;14.05;3292
 91796.11;14.05;3293
 91795.41;14.06;3294
 91794.02;14.06;3295
 91795.75;14.06;3296
 91794.38;14.06;3297
 91792.99;14.06;3298
 91795.40;14.07;3299
 91792.98;14.07;3300
 91796.45;14.08;3301
 91796.78;14.08;3302
 91797.48;14.08;3303
 91796.45;14.09;3304
 91796.78;14.09;3305
 91795.75;14.09;3306
 91794.72;14.08;3307
 91795.08;14.08;3308
 91794.72;14.07;3309
 91796.45;14.08;3310
 91794.72;14.07;3311
 91793.70;14.07;3312
 91794.73;14.06;3313
 91795.75;14.06;3314
 91795.75;14.06;3315
 91796.11;14.06;3316
 91795.75;14.06;3317
 91796.78;14.06;3318
 91795.75;14.06;3319
 91794.73;14.06;3320
 91793.70;14.07;3321
 91794.02;14.07;3322
 91794.38;14.07;3323
 91793.70;14.08;3324
 91795.08;14.08;3325
 91794.72;14.07;3326
 91795.75;14.07;3327
 91794.02;14.07;3328
 91795.40;14.07;3329
 91796.78;14.07;3330
 91797.13;14.07;3331
 91797.13;14.07;3332
 91797.48;14.07;3333
 91796.45;14.08;3334
 91794.38;14.07;3335
 91795.40;14.07;3336
 91796.78;14.07;3337
 91796.11;14.06;3338
 91795.41;14.06;3339
 91795.41;14.05;3340
 91795.76;14.04;3341
 91797.49;14.04;3342
 91796.47;14.05;3343
 91795.08;14.05;3344
 91795.08;14.05;3345
 91795.76;14.05;3346
 91795.41;14.06;3347
 91796.46;14.06;3348
 91796.46;14.06;3349
 91795.08;14.06;3350
 91795.41;14.06;3351
 91797.14;14.06;3352
 91797.84;14.07;3353
 91797.13;14.07;3354
 91796.11;14.07;3355
 91794.72;14.07;3356
 91794.72;14.07;3357
 91794.72;14.07;3358
 91795.08;14.08;3359
 91795.75;14.07;3360
 91795.08;14.07;3361
 91794.73;14.06;3362
 91796.45;14.07;3363
 91795.40;14.07;3364
 91794.73;14.06;3365
 91794.73;14.06;3366
 91796.78;14.06;3367
 91796.46;14.06;3368
 91797.14;14.06;3369
 91797.48;14.06;3370
 91796.45;14.07;3371
 91796.11;14.06;3372
 91795.41;14.06;3373
 91795.41;14.06;3374
 91795.41;14.06;3375
 91795.08;14.06;3376
 91796.11;14.05;3377
 91795.76;14.05;3378
 91795.76;14.05;3379
 91795.41;14.05;3380
 91795.76;14.05;3381
 91794.38;14.06;3382
 91795.40;14.07;3383
 91797.84;14.08;3384
 91796.45;14.09;3385
 91795.75;14.09;3386
 91795.75;14.09;3387
 91795.75;14.09;3388
 91795.75;14.09;3389
 91797.48;14.09;3390
 91797.12;14.09;3391
 91798.51;14.09;3392
 91798.86;14.08;3393
 91798.16;14.08;3394
 91798.87;14.07;3395
 91796.78;14.07;3396
 91795.40;14.07;3397
 91795.08;14.07;3398
 91796.78;14.07;3399
 91796.78;14.07;3400
 91795.40;14.07;3401
 91796.78;14.07;3402
 91798.52;14.07;3403
 91797.13;14.07;3404
 91796.78;14.07;3405
 91796.78;14.07;3406
 91795.40;14.07;3407
 91794.38;14.07;3408
 91794.72;14.07;3409
 91794.72;14.07;3410
 91794.38;14.07;3411
 91795.40;14.07;3412
 91795.08;14.07;3413
 91796.45;14.07;3414
 91797.13;14.07;3415
 91795.75;14.07;3416
 91795.75;14.07;3417
 91795.75;14.07;3418
 91796.11;14.07;3419
 91796.78;14.08;3420
 91797.48;14.08;3421
 91797.84;14.09;3422
 91797.12;14.09;3423
 91797.48;14.09;3424
 91799.22;14.10;3425
 91798.16;14.10;3426
 91797.12;14.10;3427
 91797.48;14.10;3428
 91796.45;14.11;3429
 91795.39;14.11;3430
 91796.09;14.11;3431
 91795.06;14.12;3432
 91794.36;14.12;3433
 91794.71;14.12;3434
 91793.33;14.12;3435
 91793.69;14.13;3436
 91795.06;14.13;3437
 91794.71;14.12;3438
 91797.47;14.12;3439
 91796.09;14.12;3440
 91797.83;14.13;3441
 91794.71;14.12;3442
 91794.36;14.12;3443
 91794.36;14.12;3444
 91794.01;14.12;3445
 91794.71;14.12;3446
 91795.73;14.13;3447
 91796.47;14.14;3448
 91794.03;14.14;3449
 91794.03;14.14;3450
 91794.73;14.14;3451
 91793.00;14.14;3452
 91791.97;14.14;3453
 91793.70;14.15;3454
 91793.70;14.15;3455
 91794.02;14.15;3456
 91796.11;14.15;3457
 91796.46;14.16;3458
 91795.08;14.16;3459
 91793.70;14.16;3460
 91794.73;14.15;3461
 91794.38;14.16;3462
 91795.41;14.17;3463
 91795.40;14.18;3464
 91794.02;14.19;3465
 91793.69;14.19;3466
 91793.34;14.18;3467
 91793.34;14.18;3468
 91793.34;14.18;3469
 91795.08;14.18;3470
 91795.08;14.18;3471
 91795.08;14.18;3472
 91795.08;14.18;3473
 91795.08;14.18;3474
 91795.08;14.18;3475
 91792.98;14.17;3476
 91795.75;14.17;3477
 91796.11;14.17;3478
 91796.11;14.17;3479
 91795.41;14.17;3480
 91794.73;14.16;3481
 91795.08;14.16;3482
 91793.00;14.15;3483
 91792.64;14.15;3484
 91793.70;14.15;3485
 91793.70;14.14;3486
 91791.95;14.13;3487
 91792.98;14.13;3488
 91794.71;14.12;3489
 91794.01;14.12;3490
 91794.01;14.12;3491
 91793.69;14.12;3492
 91795.06;14.11;3493
 91794.02;14.10;3494
 91795.07;14.10;3495
 91793.69;14.10;3496
 91793.69;14.10;3497
 91795.07;14.10;3498
 91796.09;14.09;3499
 91794.72;14.09;3500
 91794.02;14.09;3501
 91795.08;14.09;3502
 91796.10;14.08;3503
 91795.08;14.09;3504
 91795.39;14.09;3505
 91793.69;14.09;3506
 91796.10;14.08;3507
 91796.10;14.08;3508
 91796.10;14.08;3509
 91795.08;14.09;3510
 91795.39;14.09;3511
 91795.39;14.09;3512
 91793.34;14.08;3513
 91792.64;14.08;3514
 91795.40;14.08;3515
 91795.08;14.08;3516
 91793.70;14.08;3517
 91793.34;14.07;3518
 91793.70;14.08;3519
 91794.37;14.08;3520
 91795.40;14.08;3521
 91795.40;14.08;3522
 91795.75;14.08;3523
 91795.75;14.08;3524
 91795.08;14.08;3525
 91795.08;14.08;3526
 91794.02;14.08;3527
 91794.02;14.08;3528
 91792.98;14.08;3529
 91793.34;14.08;3530
 91793.69;14.09;3531
 91791.61;14.09;3532
 91793.69;14.10;3533
 91792.98;14.10;3534
 91791.25;14.11;3535
 91792.62;14.11;3536
 91793.69;14.11;3537
 91793.69;14.11;3538
 91793.34;14.10;3539
 91794.37;14.09;3540
 91793.69;14.09;3541
 91793.34;14.08;3542
 91793.34;14.08;3543
 91794.02;14.08;3544
 91794.02;14.08;3545
 91795.40;14.08;3546
 91796.78;14.08;3547
 91795.75;14.08;3548
 91796.10;14.08;3549
 91796.10;14.08;3550
 91797.48;14.08;3551
 91797.48;14.08;3552
 91797.48;14.08;3553
 91797.48;14.08;3554
 91794.72;14.08;3555
 91795.39;14.09;3556
 91794.02;14.09;3557
 91794.02;14.09;3558
 91793.69;14.09;3559
 91794.02;14.09;3560
 91795.39;14.09;3561
 91795.08;14.09;3562
 91795.40;14.08;3563
 91792.98;14.07;3564
 91791.97;14.06;3565
 91791.26;14.06;3566
 91793.00;14.05;3567
 91793.00;14.05;3568
 91793.34;14.04;3569
 91793.70;14.04;3570
 91793.70;14.03;3571
 91792.65;14.03;3572
 91792.65;14.03;3573
 91793.35;14.03;3574
 91791.97;14.03;3575
 91792.65;14.03;3576
 91792.33;14.03;3577
 91793.00;14.02;3578
 91793.00;14.02;3579
 91793.35;14.02;3580
 91793.70;14.03;3581
 91793.35;14.02;3582
 91793.35;14.02;3583
 91793.70;14.03;3584
 91792.65;14.03;3585
 91794.06;14.02;3586
 91794.06;14.01;3587
 91794.06;14.00;3588
 91793.01;13.99;3589
 91793.36;13.98;3590
 91793.01;13.98;3591
 91794.39;13.98;3592
 91795.77;13.98;3593
 91794.07;13.98;3594
 91795.45;13.98;3595
 91795.09;13.98;3596
 91794.39;13.98;3597
 91794.74;13.98;3598
 91796.48;13.99;3599
 91796.83;13.99;3600
 91795.09;13.99;3601
 91795.09;13.99;3602
 91793.36;13.98;3603
 91793.72;13.99;3604
 91793.72;13.99;3605
 91793.72;13.99;3606
 91793.01;13.99;3607
 91791.98;13.99;3608
 91791.30;14.00;3609
 91793.00;14.00;3610
 91791.98;14.00;3611
 91790.95;14.01;3612
 91790.95;14.01;3613
 91792.68;14.01;3614
 91793.36;14.01;3615
 91791.97;14.01;3616
 91792.33;14.02;3617
 91792.68;14.02;3618
 91793.00;14.02;3619
 91792.33;14.02;3620
 91792.33;14.01;3621
 91793.00;14.00;3622
 91792.33;14.01;3623
 91792.68;14.01;3624
 91793.71;14.01;3625
 91793.36;14.00;3626
 91794.39;14.00;3627
 91795.45;14.00;3628
 91794.06;13.99;3629
 91795.45;13.98;3630
 91793.02;13.97;3631
 91792.69;13.97;3632
 91792.34;13.97;3633
 91791.98;13.96;3634
 91793.37;13.96;3635
 91794.08;13.96;3636
 91792.34;13.96;3637
 91794.08;13.95;3638
 91791.98;13.94;3639
 91793.02;13.94;3640
 91793.02;13.94;3641
 91793.38;13.94;3642
 91792.70;13.95;3643
 91792.69;13.96;3644
 91793.02;13.96;3645
 91793.02;13.96;3646
 91793.02;13.96;3647
 91793.37;13.96;3648
 91794.07;13.97;3649
 91791.98;13.96;3650
 91794.39;13.96;3651
 91795.10;13.96;3652
 91793.72;13.96;3653
 91795.10;13.96;3654
 91795.45;13.96;3655
 91795.78;13.96;3656
 91794.08;13.96;3657
 91795.45;13.96;3658
 91795.45;13.96;3659
 91795.10;13.96;3660
 91795.10;13.96;3661
 91796.48;13.96;3662
 91796.12;13.95;3663
 91794.08;13.95;3664
 91793.72;13.95;3665
 91795.45;13.95;3666
 91793.02;13.95;3667
 91792.34;13.96;3668
 91793.37;13.96;3669
 91793.37;13.96;3670
 91795.78;13.96;3671
 91794.39;13.96;3672
 91792.34;13.96;3673
 91794.08;13.96;3674
 91793.72;13.97;3675
 91793.72;13.97;3676
 91793.72;13.97;3677
 91793.72;13.97;3678
 91791.63;13.96;3679
 91794.39;13.96;3680
 91794.39;13.96;3681
 91794.39;13.96;3682
 91794.39;13.96;3683
 91791.63;13.96;3684
 91791.63;13.96;3685
 91791.98;13.96;3686
 91793.37;13.96;3687
 91791.98;13.96;3688
 91793.72;13.97;3689
 91793.37;13.96;3690
 91793.02;13.96;3691
 91792.69;13.96;3692
 91790.95;13.96;3693
 91791.31;13.96;3694
 91790.95;13.96;3695
 91792.34;13.96;3696
 91793.72;13.96;3697
 91794.08;13.96;3698
 91794.75;13.96;3699
 91794.39;13.96;3700
 91795.78;13.96;3701
 91794.39;13.96;3702
 91793.02;13.96;3703
 91793.37;13.96;3704
 91794.39;13.96;3705
 91795.78;13.96;3706
 91794.75;13.96;3707
 91794.07;13.97;3708
 91794.75;13.97;3709
 91796.83;13.98;3710
 91794.07;13.98;3711
 91795.45;13.98;3712
 91794.74;13.98;3713
 91794.06;13.99;3714
 91795.09;13.99;3715
 91794.74;13.98;3716
 91795.45;13.99;3717
 91795.45;14.00;3718
 91796.12;14.00;3719
