time;12:47:33
85787.19;25.28;0
100821.09;19.11;1
100821.47;19.11;2
100820.77;19.11;3
100820.77;19.11;4
100820.06;19.11;5
100820.06;19.11;6
100820.06;19.11;7
100819.69;19.11;8
100819.69;19.11;9
100818.98;19.11;10
100818.98;19.11;11
100818.98;19.11;12
100818.61;19.10;13
100818.61;19.10;14
100818.61;19.10;15
100818.61;19.10;16
100818.61;19.10;17
100818.61;19.10;18
100818.61;19.10;19
100818.61;19.10;20
100817.53;19.10;21
100817.53;19.10;22
100817.53;19.10;23
100817.16;19.10;24
100817.53;19.10;25
100817.16;19.10;26
100817.16;19.10;27
100817.16;19.10;28
100817.16;19.10;29
100817.16;19.10;30
100816.45;19.10;31
100817.16;19.10;32
100817.53;19.10;33
100817.53;19.10;34
100817.53;19.10;35
100817.53;19.10;36
100817.53;19.10;37
100817.53;19.10;38
100817.91;19.10;39
100817.91;19.10;40
100817.20;19.10;41
100817.20;19.10;42
100817.58;19.11;43
100816.88;19.11;44
100817.25;19.11;45
100816.54;19.11;46
100816.91;19.11;47
100816.91;19.11;48
100816.21;19.11;49
100816.21;19.11;50
100815.51;19.11;51
100815.84;19.11;52
100815.84;19.11;53
100816.22;19.12;54
100815.52;19.12;55
100815.89;19.12;56
100815.19;19.12;57
100815.19;19.12;58
100814.48;19.12;59
100814.48;19.12;60
100814.86;19.12;61
100814.86;19.12;62
100814.16;19.12;63
100814.16;19.12;64
100814.16;19.12;65
100814.16;19.12;66
100813.45;19.12;67
100813.45;19.12;68
100813.45;19.12;69
100813.12;19.12;70
100813.12;19.12;71
100812.80;19.13;72
100812.47;19.13;73
100812.84;19.13;74
100812.48;19.13;75
100812.14;19.14;76
100812.14;19.14;77
100811.81;19.14;78
100811.86;19.14;79
100812.23;19.15;80
100812.61;19.15;81
100812.27;19.15;82
100811.91;19.15;83
100812.29;19.16;84
100811.96;19.16;85
100811.62;19.16;86
100811.30;19.16;87
100811.67;19.17;88
100811.34;19.17;89
100811.72;19.17;90
100812.43;19.18;91
100812.10;19.18;92
100811.77;19.18;93
100812.14;19.18;94
100811.81;19.19;95
100811.48;19.19;96
100811.86;19.19;97
100811.52;19.19;98
100811.88;19.20;99
100811.91;19.20;100
100811.59;19.20;101
100811.25;19.21;102
100812.00;19.21;103
100811.67;19.22;104
100812.39;19.22;105
100812.05;19.22;106
100812.42;19.23;107
100812.80;19.23;108
100812.47;19.23;109
100812.84;19.23;110
100813.22;19.24;111
100814.30;19.24;112
100815.02;19.24;113
100815.39;19.25;114
100815.76;19.25;115
100816.13;19.25;116
100816.51;19.25;117
100817.25;19.26;118
100817.59;19.26;119
100818.67;19.26;120
100819.05;19.27;121
100820.12;19.27;122
100820.87;19.27;123
100821.95;19.28;124
100823.02;19.28;125
100823.39;19.28;126
100824.45;19.28;127
100825.52;19.29;128
100826.59;19.29;129
100826.97;19.29;130
100828.05;19.29;131
100828.42;19.30;132
100829.50;19.30;133
100830.58;19.30;134
100830.92;19.30;135
100832.00;19.31;136
100832.70;19.31;137
100833.08;19.31;138
100834.16;19.31;139
100835.23;19.31;140
100837.02;19.32;141
100838.09;19.32;142
100838.46;19.32;143
100839.87;19.32;144
100840.58;19.32;145
100840.58;19.32;146
100841.27;19.32;147
100841.98;19.32;148
100842.69;19.32;149
100843.76;19.32;150
100843.39;19.32;151
100844.47;19.32;152
100845.17;19.32;153
100846.22;19.33;154
100846.22;19.33;155
100846.22;19.33;156
100847.30;19.33;157
100847.30;19.33;158
100848.38;19.33;159
100848.38;19.33;160
100848.75;19.33;161
100848.75;19.33;162
100849.12;19.34;163
100849.12;19.34;164
100849.52;19.34;165
100849.89;19.34;166
100849.89;19.34;167
100850.27;19.34;168
100850.61;19.35;169
100850.98;19.35;170
100851.36;19.35;171
100851.03;19.35;172
100851.41;19.36;173
100851.07;19.36;174
100851.44;19.36;175
100851.11;19.36;176
100851.45;19.37;177
100851.83;19.37;178
100851.50;19.37;179
100851.88;19.37;180
100851.55;19.38;181
100851.91;19.38;182
100851.58;19.38;183
100851.25;19.38;184
100851.25;19.38;185
100850.92;19.39;186
100850.56;19.39;187
100850.56;19.39;188
100849.86;19.39;189
100850.23;19.39;190
100849.53;19.39;191
100849.91;19.39;192
100849.91;19.39;193
100849.57;19.40;194
100849.57;19.40;195
100849.95;19.40;196
100849.24;19.40;197
100848.91;19.40;198
100848.91;19.40;199
100848.58;19.40;200
100848.58;19.40;201
100848.95;19.41;202
100848.95;19.41;203
100849.30;19.41;204
100848.59;19.41;205
100848.97;19.41;206
100848.97;19.41;207
100849.34;19.41;208
100849.02;19.42;209
100849.02;19.42;210
100848.68;19.42;211
100848.68;19.42;212
100849.05;19.42;213
100849.05;19.42;214
100848.35;19.42;215
100848.35;19.42;216
100848.35;19.42;217
100848.35;19.42;218
100848.35;19.42;219
100848.35;19.42;220
100848.35;19.42;221
100848.72;19.42;222
100848.72;19.42;223
100848.72;19.42;224
100848.35;19.42;225
100849.05;19.42;226
100848.68;19.42;227
100849.67;19.41;228
100850.00;19.41;229
100850.36;19.41;230
100849.98;19.40;231
100849.95;19.40;232
100849.91;19.39;233
100849.86;19.39;234
100850.17;19.38;235
100850.84;19.38;236
100850.42;19.37;237
100851.11;19.36;238
100851.07;19.36;239
100851.36;19.35;240
100851.31;19.35;241
100851.63;19.34;242
100851.19;19.33;243
100851.50;19.32;244
100852.16;19.32;245
100851.38;19.31;246
100852.73;19.30;247
100852.34;19.30;248
100852.64;19.29;249
100852.95;19.28;250
100852.87;19.27;251
100853.86;19.26;252
100853.09;19.25;253
100853.02;19.24;254
100853.33;19.24;255
100853.61;19.23;256
100853.91;19.22;257
100853.89;19.22;258
100854.18;19.21;259
100853.77;19.20;260
100854.08;19.19;261
100853.66;19.18;262
100853.95;19.18;263
100854.27;19.17;264
100855.25;19.16;265
100854.49;19.15;266
100854.41;19.14;267
100855.40;19.13;268
100855.34;19.12;269
100855.61;19.11;270
100856.23;19.10;271
100856.50;19.09;272
100856.74;19.08;273
100857.39;19.07;274
100857.26;19.05;275
100857.16;19.04;276
100857.76;19.02;277
100857.66;19.01;278
100857.90;18.99;279
100857.80;18.98;280
100858.05;18.97;281
100857.94;18.95;282
100858.21;18.94;283
100858.08;18.92;284
100857.98;18.91;285
100858.58;18.89;286
100858.82;18.88;287
100858.72;18.87;288
100859.32;18.85;289
100859.22;18.84;290
100859.09;18.82;291
100858.98;18.80;292
100859.25;18.79;293
100859.12;18.78;294
100859.39;18.76;295
100859.66;18.75;296
100859.91;18.74;297
100860.17;18.73;298
100860.04;18.71;299
100860.31;18.70;300
100860.20;18.68;301
100860.08;18.67;302
100859.64;18.66;303
100860.15;18.63;304
100860.09;18.62;305
100860.70;18.61;306
100860.64;18.60;307
100860.55;18.59;308
100860.88;18.58;309
100860.08;18.57;310
100860.36;18.57;311
100860.34;18.56;312
100860.63;18.55;313
100860.59;18.55;314
100860.90;18.54;315
100860.86;18.54;316
100860.44;18.53;317
100860.75;18.52;318
100859.96;18.51;319
100860.25;18.50;320
100860.56;18.50;321
100860.14;18.49;322
100860.80;18.48;323
100860.03;18.47;324
100860.32;18.47;325
100860.26;18.46;326
100860.17;18.45;327
100860.45;18.44;328
100860.03;18.43;329
100860.70;18.42;330
100860.27;18.42;331
100860.59;18.41;332
100860.55;18.40;333
100860.83;18.40;334
100861.14;18.39;335
100860.72;18.38;336
100860.30;18.37;337
100860.62;18.37;338
100860.20;18.36;339
100860.48;18.35;340
100860.42;18.34;341
100860.33;18.33;342
100860.23;18.32;343
100860.12;18.30;344
100860.36;18.29;345
100860.25;18.27;346
100860.52;18.26;347
100860.74;18.24;348
100861.30;18.22;349
100861.47;18.20;350
100861.64;18.18;351
100862.16;18.15;352
100861.95;18.13;353
100861.75;18.10;354
100861.93;18.08;355
100861.78;18.06;356
100862.00;18.04;357
100862.22;18.02;358
100862.77;18.00;359
100862.94;17.98;360
100863.12;17.96;361
100863.30;17.94;362
100862.77;17.91;363
100863.31;17.89;364
100863.16;17.87;365
100862.67;17.86;366
100862.89;17.84;367
100862.78;17.82;368
100863.35;17.81;369
100863.24;17.79;370
100863.50;17.78;371
100863.74;17.77;372
100862.92;17.75;373
100862.47;17.74;374
100863.10;17.73;375
100863.37;17.72;376
100863.27;17.71;377
100863.18;17.70;378
100863.81;17.69;379
100863.38;17.68;380
100863.29;17.67;381
100863.55;17.65;382
100863.46;17.64;383
100863.40;17.63;384
100862.60;17.62;385
100862.88;17.61;386
100862.77;17.60;387
100862.36;17.59;388
100862.66;17.58;389
100863.31;17.58;390
100862.90;17.57;391
100862.50;17.56;392
100862.78;17.56;393
100862.37;17.55;394
100862.67;17.54;395
100862.25;17.53;396
100862.91;17.53;397
100862.89;17.52;398
100863.22;17.52;399
100863.17;17.52;400
100862.42;17.51;401
100862.03;17.50;402
100861.98;17.50;403
100862.23;17.49;404
100862.89;17.49;405
100862.50;17.48;406
100862.45;17.47;407
100862.41;17.47;408
100862.73;17.47;409
100862.02;17.46;410
100862.34;17.46;411
100861.97;17.46;412
100862.30;17.45;413
100862.62;17.45;414
100862.25;17.45;415
100862.25;17.45;416
100862.58;17.45;417
100862.20;17.44;418
100862.20;17.44;419
100861.86;17.44;420
100861.86;17.44;421
100861.48;17.44;422
100862.19;17.44;423
100862.19;17.44;424
100862.19;17.44;425
100861.48;17.44;426
100861.48;17.44;427
100862.19;17.44;428
100861.81;17.44;429
100861.81;17.44;430
100862.14;17.43;431
100862.14;17.43;432
100862.47;17.43;433
100862.47;17.43;434
100862.09;17.43;435
100862.09;17.43;436
100861.72;17.43;437
100862.05;17.42;438
100862.05;17.42;439
100861.70;17.42;440
100861.70;17.42;441
100861.70;17.42;442
100861.33;17.42;443
100862.03;17.42;444
100861.66;17.42;445
100861.98;17.41;446
100862.31;17.41;447
100861.94;17.41;448
100862.27;17.41;449
100861.89;17.40;450
100862.25;17.40;451
100861.88;17.40;452
100862.57;17.40;453
100862.20;17.40;454
100862.20;17.40;455
100862.20;17.40;456
100862.90;17.40;457
100862.52;17.39;458
100862.52;17.39;459
100863.23;17.39;460
100862.86;17.39;461
100862.86;17.39;462
100862.86;17.39;463
100862.48;17.39;464
100861.78;17.39;465
100862.48;17.39;466
100862.48;17.39;467
100862.86;17.39;468
100862.86;17.39;469
100862.48;17.39;470
100862.48;17.39;471
100861.78;17.39;472
100862.48;17.39;473
100861.78;17.39;474
100861.78;17.39;475
100861.78;17.39;476
100861.78;17.39;477
100861.03;17.38;478
100861.36;17.38;479
100860.64;17.38;480
100860.59;17.37;481
100860.17;17.36;482
100860.15;17.36;483
100860.10;17.35;484
100860.38;17.35;485
100860.34;17.34;486
100860.32;17.34;487
100860.64;17.33;488
100860.97;17.33;489
100860.59;17.33;490
100859.85;17.32;491
100860.17;17.32;492
100859.45;17.32;493
100859.78;17.31;494
100860.11;17.31;495
100859.73;17.31;496
100859.36;17.31;497
100860.06;17.31;498
100859.69;17.30;499
100860.06;17.31;500
100860.06;17.31;501
100860.06;17.31;502
100859.73;17.31;503
100859.03;17.31;504
100859.41;17.31;505
100858.01;17.31;506
100858.38;17.31;507
100858.05;17.32;508
100857.70;17.32;509
100858.08;17.32;510
100857.75;17.32;511
100857.80;17.33;512
100857.47;17.33;513
100857.14;17.33;514
100857.19;17.34;515
100856.83;17.34;516
100856.88;17.35;517
100856.55;17.35;518
100856.59;17.35;519
100857.34;17.36;520
100857.36;17.36;521
100857.41;17.37;522
100857.45;17.37;523
100857.84;17.38;524
100857.89;17.39;525
100857.94;17.39;526
100857.98;17.40;527
100858.03;17.40;528
100857.35;17.41;529
100857.77;17.41;530
100857.82;17.42;531
100858.53;17.42;532
100858.59;17.43;533
100858.30;17.44;534
100858.35;17.44;535
100858.37;17.45;536
100858.09;17.45;537
100858.13;17.46;538
100858.52;17.47;539
100857.88;17.47;540
100857.92;17.48;541
100858.34;17.48;542
100858.73;17.49;543
100858.11;17.50;544
100858.52;17.50;545
100858.54;17.51;546
100858.97;17.52;547
100858.31;17.52;548
100858.70;17.53;549
100858.05;17.53;550
100858.47;17.54;551
100858.16;17.55;552
100858.20;17.55;553
100857.92;17.56;554
100857.97;17.57;555
100857.66;17.57;556
100857.70;17.58;557
100858.12;17.59;558
100858.14;17.59;559
100858.56;17.60;560
100859.03;17.61;561
100858.34;17.62;562
100858.77;17.62;563
100859.52;17.63;564
100859.20;17.64;565
100859.25;17.64;566
100859.30;17.65;567
100859.34;17.65;568
100859.73;17.66;569
100859.78;17.67;570
100859.12;17.67;571
100859.17;17.68;572
100859.19;17.68;573
100859.61;17.69;574
100859.66;17.69;575
100860.05;17.70;576
100859.39;17.71;577
100859.44;17.71;578
100859.86;17.72;579
100859.88;17.72;580
100860.30;17.73;581
100860.34;17.74;582
100860.36;17.74;583
100860.41;17.75;584
100860.83;17.75;585
100860.16;17.76;586
100860.19;17.76;587
100860.61;17.77;588
100860.65;17.78;589
100860.70;17.78;590
100860.72;17.79;591
100860.76;17.79;592
100860.80;17.80;593
100860.15;17.80;594
100860.54;17.81;595
100860.59;17.81;596
100860.63;17.82;597
100860.67;17.82;598
100859.99;17.83;599
100860.04;17.83;600
100860.09;17.84;601
100860.12;17.84;602
100860.52;17.85;603
100860.57;17.86;604
100860.61;17.86;605
100860.62;17.87;606
100860.67;17.87;607
100860.72;17.88;608
100860.77;17.88;609
100860.44;17.88;610
100860.83;17.89;611
100860.88;17.90;612
100860.55;17.90;613
100859.89;17.90;614
100859.91;17.91;615
100859.95;17.91;616
100860.00;17.92;617
100860.05;17.92;618
100860.09;17.93;619
100859.73;17.93;620
100860.48;17.94;621
100860.53;17.94;622
100860.20;17.94;623
100859.55;17.95;624
100859.56;17.95;625
100859.61;17.96;626
100859.66;17.96;627
100859.33;17.97;628
100859.34;17.97;629
100859.39;17.98;630
100859.44;17.98;631
100859.11;17.98;632
100859.15;17.99;633
100859.16;17.99;634
100859.21;18.00;635
100858.88;18.00;636
100858.23;18.01;637
100858.27;18.01;638
100858.28;18.02;639
100857.96;18.02;640
100858.00;18.02;641
100857.68;18.03;642
100857.72;18.04;643
100857.78;18.04;644
100857.45;18.04;645
100857.50;18.05;646
100857.55;18.06;647
100857.19;18.06;648
100857.23;18.06;649
100856.91;18.07;650
100856.95;18.07;651
100857.70;18.08;652
100857.34;18.08;653
100857.39;18.08;654
100857.06;18.09;655
100857.11;18.09;656
100857.15;18.10;657
100857.17;18.10;658
100857.21;18.11;659
100857.26;18.11;660
100856.93;18.11;661
100856.97;18.12;662
100856.98;18.12;663
100857.04;18.13;664
100856.70;18.13;665
100856.75;18.14;666
100857.47;18.14;667
100856.81;18.15;668
100857.19;18.15;669
100857.23;18.15;670
100856.91;18.16;671
100856.95;18.16;672
100856.59;18.16;673
100856.64;18.17;674
100856.31;18.17;675
100856.36;18.18;676
100856.40;18.18;677
100856.05;18.18;678
100856.09;18.19;679
100856.46;18.19;680
100856.50;18.20;681
100856.18;18.20;682
100856.55;18.20;683
100856.57;18.21;684
100856.94;18.21;685
100856.61;18.21;686
100856.66;18.22;687
100856.33;18.22;688
100857.08;18.22;689
100856.72;18.23;690
100856.77;18.23;691
100857.14;18.23;692
100857.19;18.24;693
100857.56;18.24;694
100857.58;18.25;695
100857.24;18.25;696
100857.62;18.25;697
100857.66;18.26;698
100857.34;18.26;699
100857.71;18.26;700
100857.75;18.27;701
100857.39;18.27;702
100857.77;18.27;703
100857.81;18.28;704
100857.48;18.28;705
100857.86;18.28;706
100857.91;18.29;707
100857.55;18.29;708
100857.59;18.29;709
100857.27;18.30;710
100857.64;18.30;711
100857.69;18.30;712
100857.35;18.31;713
100857.02;18.31;714
100856.67;18.31;715
100857.42;18.32;716
100857.09;18.32;717
100856.75;18.32;718
100857.50;18.33;719
100857.17;18.33;720
100856.81;18.33;721
100856.48;18.33;722
100856.53;18.34;723
100856.25;18.35;724
100856.27;18.35;725
100855.94;18.35;726
100856.31;18.36;727
100856.36;18.36;728
100856.40;18.37;729
100856.07;18.37;730
100855.74;18.37;731
100855.76;18.38;732
100856.50;18.38;733
100856.17;18.38;734
100856.22;18.39;735
100855.89;18.39;736
100855.91;18.40;737
100855.58;18.40;738
100856.33;18.40;739
100856.00;18.41;740
100856.05;18.41;741
100855.72;18.41;742
100856.44;18.42;743
100856.10;18.42;744
100856.14;18.43;745
100856.19;18.43;746
100855.86;18.43;747
100855.53;18.44;748
100856.28;18.44;749
100855.25;18.45;750
100855.62;18.45;751
100855.67;18.45;752
100855.34;18.46;753
100854.98;18.46;754
100855.73;18.46;755
100855.77;18.47;756
100855.81;18.47;757
100855.48;18.48;758
100855.50;18.48;759
100855.55;18.49;760
100855.59;18.49;761
100855.64;18.50;762
100855.66;18.50;763
100854.99;18.51;764
100855.04;18.51;765
100855.08;18.52;766
100855.12;18.52;767
100855.52;18.53;768
100855.56;18.53;769
100855.61;18.54;770
100855.62;18.54;771
100854.97;18.55;772
100855.01;18.55;773
100855.42;18.56;774
100855.44;18.57;775
100855.48;18.57;776
100855.91;18.58;777
100855.25;18.58;778
100855.26;18.59;779
100855.31;18.59;780
100855.02;18.60;781
100855.04;18.61;782
100854.38;18.61;783
100854.80;18.62;784
100854.84;18.62;785
100855.56;18.63;786
100855.27;18.64;787
100856.02;18.64;788
100856.06;18.65;789
100856.08;18.65;790
100855.80;18.66;791
100855.84;18.66;792
100855.53;18.67;793
100855.57;18.68;794
100855.61;18.68;795
100854.95;18.69;796
100855.67;18.69;797
100855.72;18.70;798
100855.06;18.70;799
100855.80;18.71;800
100855.82;18.71;801
100856.20;18.71;802
100855.91;18.72;803
100855.95;18.73;804
100855.62;18.73;805
100855.64;18.73;806
100856.02;18.74;807
100855.69;18.74;808
100856.43;18.74;809
100856.10;18.75;810
100855.77;18.75;811
100855.44;18.75;812
100855.79;18.75;813
100856.16;18.76;814
100856.20;18.76;815
100856.58;18.76;816
100856.25;18.77;817
100856.99;18.77;818
100856.64;18.77;819
100856.31;18.78;820
100856.69;18.78;821
100856.35;18.78;822
100857.09;18.79;823
100856.77;18.79;824
100856.81;18.79;825
100856.45;18.80;826
100856.12;18.80;827
100856.50;18.80;828
100856.55;18.81;829
100856.21;18.81;830
100855.88;18.81;831
100856.25;18.82;832
100856.27;18.82;833
100856.64;18.82;834
100856.31;18.83;835
100856.69;18.83;836
100856.73;18.83;837
100856.41;18.84;838
100856.75;18.84;839
100856.42;18.84;840
100856.80;18.84;841
100856.46;18.85;842
100856.84;18.85;843
100857.21;18.85;844
100856.88;18.85;845
100857.25;18.86;846
100856.92;18.86;847
100857.27;18.86;848
100856.94;18.86;849
100856.61;18.87;850
100856.98;18.87;851
100856.65;18.87;852
100857.40;18.88;853
100857.07;18.88;854
100856.71;18.88;855
100857.09;18.88;856
100856.75;18.89;857
100857.12;18.89;858
100856.80;18.89;859
100857.17;18.89;860
100856.84;18.90;861
100856.88;18.90;862
100857.23;18.90;863
100856.90;18.91;864
100857.27;18.91;865
100856.95;18.91;866
100856.61;18.91;867
100856.98;18.92;868
100857.36;18.92;869
100857.38;18.92;870
100856.67;18.92;871
100857.42;18.93;872
100857.09;18.93;873
100857.09;18.93;874
100856.76;18.93;875
100857.13;18.94;876
100857.51;18.94;877
100857.18;18.94;878
100856.82;18.94;879
100857.20;18.95;880
100857.23;18.95;881
100856.91;18.95;882
100857.28;18.96;883
100856.95;18.96;884
100856.62;18.96;885
100856.99;18.96;886
100856.63;18.97;887
100856.30;18.97;888
100855.97;18.97;889
100855.64;18.97;890
100856.02;18.98;891
100855.31;18.98;892
100854.98;18.98;893
100855.36;18.98;894
100855.03;18.98;895
100854.67;18.99;896
100855.05;18.99;897
100854.72;18.99;898
100855.09;18.99;899
100854.75;19.00;900
100855.12;19.00;901
100854.43;19.00;902
100854.09;19.00;903
100853.77;19.00;904
100854.14;19.01;905
100853.78;19.01;906
100853.45;19.01;907
100853.83;19.01;908
100853.49;19.02;909
100853.16;19.02;910
100852.84;19.02;911
100853.20;19.02;912
100852.88;19.03;913
100852.52;19.03;914
100852.19;19.03;915
100852.56;19.03;916
100852.94;19.04;917
100853.31;19.04;918
100852.98;19.04;919
100853.35;19.04;920
100853.02;19.05;921
100853.37;19.05;922
100853.04;19.05;923
100853.41;19.05;924
100853.08;19.06;925
100853.45;19.06;926
100853.12;19.06;927
100853.50;19.06;928
100853.17;19.07;929
100853.55;19.07;930
100853.89;19.07;931
100853.19;19.07;932
100852.85;19.07;933
100853.23;19.08;934
100853.59;19.08;935
100853.27;19.08;936
100853.64;19.08;937
100853.31;19.09;938
100853.69;19.09;939
100854.03;19.09;940
100853.70;19.09;941
100853.37;19.10;942
100853.74;19.10;943
100853.41;19.10;944
100853.79;19.10;945
100853.45;19.11;946
100853.12;19.11;947
100853.84;19.11;948
100853.52;19.12;949
100853.89;19.12;950
100853.56;19.12;951
100853.23;19.12;952
100853.60;19.13;953
100853.27;19.13;954
100852.94;19.13;955
100852.95;19.14;956
100853.00;19.14;957
100853.38;19.14;958
100853.05;19.15;959
100853.42;19.15;960
100853.09;19.15;961
100852.73;19.15;962
100853.09;19.16;963
100852.77;19.16;964
100853.14;19.16;965
100852.81;19.16;966
100853.56;19.17;967
100853.23;19.17;968
100852.90;19.17;969
100853.24;19.18;970
100852.91;19.18;971
100853.29;19.18;972
100852.95;19.18;973
100852.62;19.19;974
100853.00;19.19;975
100852.67;19.19;976
100853.39;19.20;977
100853.06;19.20;978
100852.73;19.20;979
100852.40;19.20;980
100852.77;19.21;981
100852.81;19.21;982
100853.19;19.22;983
100852.86;19.22;984
100853.20;19.22;985
100853.24;19.23;986
100853.61;19.23;987
100853.29;19.23;988
100852.95;19.23;989
100853.33;19.24;990
100853.00;19.24;991
100853.34;19.24;992
100853.02;19.24;993
100852.69;19.25;994
100852.69;19.25;995
100853.06;19.25;996
100852.72;19.25;997
100853.09;19.25;998
100853.09;19.25;999
100852.77;19.26;1000
100852.44;19.26;1001
100852.78;19.26;1002
100853.16;19.26;1003
100852.83;19.27;1004
100853.20;19.27;1005
100852.87;19.27;1006
100853.24;19.27;1007
100852.91;19.28;1008
100852.58;19.28;1009
100852.58;19.28;1010
100852.95;19.28;1011
100852.97;19.29;1012
100852.97;19.29;1013
100852.64;19.29;1014
100853.02;19.29;1015
100853.39;19.29;1016
100853.05;19.30;1017
100853.43;19.30;1018
100853.09;19.30;1019
100852.73;19.30;1020
100853.11;19.31;1021
100853.48;19.31;1022
100852.78;19.31;1023
100853.16;19.31;1024
100853.20;19.32;1025
100853.57;19.32;1026
100852.86;19.32;1027
100852.54;19.32;1028
100852.91;19.32;1029
100852.22;19.33;1030
100852.27;19.33;1031
100852.64;19.34;1032
100852.33;19.34;1033
100852.01;19.34;1034
100852.38;19.34;1035
100852.02;19.35;1036
100851.69;19.35;1037
100852.06;19.35;1038
100851.73;19.35;1039
100852.10;19.36;1040
100851.77;19.36;1041
100851.44;19.36;1042
100851.81;19.36;1043
100852.16;19.37;1044
100851.83;19.37;1045
100852.58;19.37;1046
100852.24;19.38;1047
100851.91;19.38;1048
100851.58;19.38;1049
100851.95;19.38;1050
100851.62;19.39;1051
100851.27;19.39;1052
100851.64;19.39;1053
100851.31;19.39;1054
100850.98;19.40;1055
100851.35;19.40;1056
100851.40;19.40;1057
100851.77;19.41;1058
100851.41;19.41;1059
100851.08;19.41;1060
100851.45;19.41;1061
100851.12;19.42;1062
100850.80;19.42;1063
100850.46;19.42;1064
100850.13;19.42;1065
100849.80;19.43;1066
100850.14;19.43;1067
100849.44;19.43;1068
100849.11;19.43;1069
100849.48;19.43;1070
100849.16;19.44;1071
100849.53;19.44;1072
100849.19;19.44;1073
100848.49;19.44;1074
100849.23;19.45;1075
100848.91;19.45;1076
100848.55;19.45;1077
100848.92;19.45;1078
100848.59;19.46;1079
100847.55;19.46;1080
100847.92;19.46;1081
100848.30;19.46;1082
100847.97;19.47;1083
100848.34;19.47;1084
100847.98;19.47;1085
100848.36;19.47;1086
100848.03;19.48;1087
100848.40;19.48;1088
100848.06;19.48;1089
100848.44;19.48;1090
100848.11;19.49;1091
100848.48;19.49;1092
100848.16;19.49;1093
100848.50;19.49;1094
100848.17;19.50;1095
100848.54;19.50;1096
100848.20;19.50;1097
100848.58;19.50;1098
100848.25;19.51;1099
100848.62;19.51;1100
100848.30;19.51;1101
100847.59;19.51;1102
100847.94;19.51;1103
100847.98;19.52;1104
100847.65;19.52;1105
100847.31;19.52;1106
100846.61;19.52;1107
100846.28;19.53;1108
100845.95;19.53;1109
100846.32;19.53;1110
100845.62;19.53;1111
100845.27;19.53;1112
100844.92;19.54;1113
100844.59;19.54;1114
100843.89;19.54;1115
100843.56;19.54;1116
100843.23;19.54;1117
100842.90;19.55;1118
100842.20;19.55;1119
100841.87;19.55;1120
100841.53;19.55;1121
100840.83;19.55;1122
100840.50;19.55;1123
100840.14;19.56;1124
100839.44;19.56;1125
100839.11;19.56;1126
100838.41;19.56;1127
100838.07;19.56;1128
100837.37;19.56;1129
100836.33;19.56;1130
100835.62;19.56;1131
100835.30;19.57;1132
100833.89;19.57;1133
100833.56;19.57;1134
100832.85;19.57;1135
100831.81;19.57;1136
100831.48;19.58;1137
100830.08;19.58;1138
100829.72;19.58;1139
100828.31;19.58;1140
100827.98;19.58;1141
100827.28;19.58;1142
100826.24;19.58;1143
100825.91;19.58;1144
100825.20;19.58;1145
100824.17;19.59;1146
100823.47;19.59;1147
100822.44;19.59;1148
100822.10;19.59;1149
100820.69;19.59;1150
100819.98;19.59;1151
100819.66;19.60;1152
100818.95;19.60;1153
100818.62;19.60;1154
100817.92;19.60;1155
100817.56;19.60;1156
100817.23;19.60;1157
100816.52;19.60;1158
100816.19;19.61;1159
100815.86;19.61;1160
100815.86;19.61;1161
100815.53;19.61;1162
100814.83;19.61;1163
100814.50;19.61;1164
100814.16;19.62;1165
100814.16;19.62;1166
100813.83;19.62;1167
100814.17;19.62;1168
100813.84;19.62;1169
100814.22;19.63;1170
100813.52;19.63;1171
100813.89;19.63;1172
100813.55;19.63;1173
100812.86;19.63;1174
100813.23;19.63;1175
100812.89;19.64;1176
100812.91;19.64;1177
100812.20;19.64;1178
100812.58;19.64;1179
100812.25;19.65;1180
100812.62;19.65;1181
100812.62;19.65;1182
100812.28;19.65;1183
100811.59;19.65;1184
100811.95;19.65;1185
100811.95;19.65;1186
100812.33;19.66;1187
100811.62;19.66;1188
100812.00;19.66;1189
100812.00;19.66;1190
100811.66;19.66;1191
100811.66;19.66;1192
100812.02;19.66;1193
100811.30;19.66;1194
100811.30;19.66;1195
100811.68;19.67;1196
100811.68;19.67;1197
100811.68;19.67;1198
100812.05;19.67;1199
100812.76;19.67;1200
100812.76;19.67;1201
100812.76;19.67;1202
100812.76;19.67;1203
100813.12;19.67;1204
100813.12;19.67;1205
100813.12;19.67;1206
100812.80;19.67;1207
100813.17;19.68;1208
100813.17;19.68;1209
100813.55;19.68;1210
100813.55;19.68;1211
100813.22;19.68;1212
100813.55;19.68;1213
100813.55;19.68;1214
100814.27;19.68;1215
100814.64;19.69;1216
100814.64;19.69;1217
100814.64;19.69;1218
100814.64;19.69;1219
100815.34;19.69;1220
100815.71;19.69;1221
100815.01;19.69;1222
100815.38;19.69;1223
100815.75;19.69;1224
100815.75;19.69;1225
100816.12;19.70;1226
100815.80;19.70;1227
100815.80;19.70;1228
100815.46;19.70;1229
100815.46;19.70;1230
100815.46;19.70;1231
100815.84;19.70;1232
100815.84;19.70;1233
100816.18;19.71;1234
100816.18;19.71;1235
100815.48;19.71;1236
100815.84;19.71;1237
100815.84;19.71;1238
100815.52;19.71;1239
100815.89;19.71;1240
100815.89;19.71;1241
100815.56;19.72;1242
100815.94;19.72;1243
100816.30;19.72;1244
100815.61;19.72;1245
100815.27;19.72;1246
100815.27;19.72;1247
100814.91;19.73;1248
100814.58;19.73;1249
100814.58;19.73;1250
100814.95;19.73;1251
100814.62;19.73;1252
100814.62;19.73;1253
100814.29;19.74;1254
100814.66;19.74;1255
100814.66;19.74;1256
100815.03;19.74;1257
100815.03;19.74;1258
100814.70;19.74;1259
100815.05;19.75;1260
100814.34;19.75;1261
100814.72;19.75;1262
100815.09;19.75;1263
100814.39;19.75;1264
100814.77;19.75;1265
100814.05;19.75;1266
100814.42;19.76;1267
100814.42;19.76;1268
100814.80;19.76;1269
100815.17;19.76;1270
100814.47;19.76;1271
100814.84;19.76;1272
100814.14;19.76;1273
100814.52;19.77;1274
100814.86;19.77;1275
100814.86;19.77;1276
100814.52;19.77;1277
100814.52;19.77;1278
100814.90;19.77;1279
100814.19;19.77;1280
100814.56;19.78;1281
100814.56;19.78;1282
100814.94;19.78;1283
100814.61;19.78;1284
100814.61;19.78;1285
100814.98;19.78;1286
100814.65;19.79;1287
100814.65;19.79;1288
100815.00;19.79;1289
100814.66;19.79;1290
100813.95;19.79;1291
100814.33;19.79;1292
100814.70;19.80;1293
100814.00;19.80;1294
100814.38;19.80;1295
100814.04;19.80;1296
100814.41;19.80;1297
100813.70;19.80;1298
